INFO	__main__	Sat, 05 Aug 2023 21:12:30	Writing config to nested_res/ARBERTv2_UL_lr2e-5/args.json
INFO	arabiner.utils.data	Sat, 05 Aug 2023 21:12:30	1052 batches found
INFO	arabiner.utils.data	Sat, 05 Aug 2023 21:12:31	196 batches found
INFO	arabiner.utils.data	Sat, 05 Aug 2023 21:12:31	375 batches found
INFO	torch.distributed.nn.jit.instantiator	Sat, 05 Aug 2023 21:12:31	Created a temporary directory at /tmp/tmpeyos15s0
INFO	torch.distributed.nn.jit.instantiator	Sat, 05 Aug 2023 21:12:31	Writing /tmp/tmpeyos15s0/_remote_module_non_scriptable.py
INFO	arabiner.trainers.BertNestedTrainer	Sat, 05 Aug 2023 21:15:55	Epoch 0 | Batch 1052/1052 | Timestep 1052 | LR 0.0000186667 | Loss 3.699771
INFO	arabiner.trainers.BertNestedTrainer	Sat, 05 Aug 2023 21:15:55	** Evaluating on validation dataset **
INFO	root	Sat, 05 Aug 2023 21:16:27	
              precision    recall  f1-score   support

    CARDINAL     0.7387    0.8033    0.7696       183
        CURR     0.2727    0.5714    0.3692        21
        DATE     0.9116    0.9336    0.9224      1656
       EVENT     0.6304    0.7154    0.6702       267
         FAC     0.6449    0.8018    0.7149       111
         GPE     0.9444    0.9518    0.9481      2159
    LANGUAGE     0.0000    0.0000    0.0000        15
         LAW     0.4872    0.8636    0.6230        44
         LOC     0.5319    0.6579    0.5882        76
       MONEY     0.6154    0.8000    0.6957        20
        NORP     0.6088    0.7423    0.6690       520
         OCC     0.7966    0.8446    0.8199       547
     ORDINAL     0.9347    0.9365    0.9356       504
         ORG     0.8664    0.9099    0.8876      1831
     PERCENT     0.3529    0.9231    0.5106        13
        PERS     0.9300    0.8740    0.9011       730
     PRODUCT     0.0000    0.0000    0.0000         5
    QUANTITY     0.0000    0.0000    0.0000         3
        TIME     0.1304    0.0545    0.0769        55
        UNIT     0.0000    0.0000    0.0000         3
     WEBSITE     0.2202    0.5333    0.3117        45

   micro avg     0.8442    0.8864    0.8648      8808
   macro avg     0.5056    0.6151    0.5435      8808
weighted avg     0.8531    0.8864    0.8678      8808

INFO	arabiner.trainers.BertNestedTrainer	Sat, 05 Aug 2023 21:16:39	Epoch 0 | Timestep 1052 | Train Loss 3.672711 | Val Loss 3.195163 | F1 0.864754
INFO	arabiner.trainers.BertNestedTrainer	Sat, 05 Aug 2023 21:16:39	** Validation improved, evaluating test data **
INFO	root	Sat, 05 Aug 2023 21:17:17	Predictions written to nested_res/ARBERTv2_UL_lr2e-5/predictions.txt
INFO	root	Sat, 05 Aug 2023 21:17:42	
              precision    recall  f1-score   support

    CARDINAL     0.0000    0.0000    0.0000         0
        CURR     0.0000    0.0000    0.0000         0
        DATE     0.0000    0.0000    0.0000         0
       EVENT     0.0000    0.0000    0.0000         0
         FAC     0.0000    0.0000    0.0000         0
         GPE     0.0000    0.0000    0.0000         0
         LAW     0.0000    0.0000    0.0000         0
         LOC     0.0000    0.0000    0.0000         0
       MONEY     0.0000    0.0000    0.0000         0
        NORP     0.0000    0.0000    0.0000         0
         OCC     0.0000    0.0000    0.0000         0
     ORDINAL     0.0000    0.0000    0.0000         0
         ORG     0.0000    0.0000    0.0000         0
     PERCENT     0.0000    0.0000    0.0000         0
        PERS     0.0000    0.0000    0.0000         0
        TIME     0.0000    0.0000    0.0000         0
     WEBSITE     0.0000    0.0000    0.0000         0
        pad>     0.0000    0.0000    0.0000         0

   micro avg     0.0000    0.0000    0.0000         0
   macro avg     0.0000    0.0000    0.0000         0
weighted avg     0.0000    0.0000    0.0000         0

INFO	arabiner.trainers.BertNestedTrainer	Sat, 05 Aug 2023 21:18:05	Epoch 0 | Timestep 1052 | Test Loss 7.237056 | F1 0.000000
INFO	arabiner.trainers.BaseTrainer	Sat, 05 Aug 2023 21:18:05	Saving checkpoint to nested_res/ARBERTv2_UL_lr2e-5/checkpoints/checkpoint_0.pt
INFO	arabiner.trainers.BertNestedTrainer	Sat, 05 Aug 2023 21:21:53	Epoch 1 | Batch 1052/1052 | Timestep 2104 | LR 0.0000173333 | Loss 3.494086
INFO	arabiner.trainers.BertNestedTrainer	Sat, 05 Aug 2023 21:21:53	** Evaluating on validation dataset **
INFO	root	Sat, 05 Aug 2023 21:22:25	
              precision    recall  f1-score   support

    CARDINAL     0.8404    0.8634    0.8518       183
        CURR     1.0000    0.9524    0.9756        21
        DATE     0.9148    0.9463    0.9302      1656
       EVENT     0.6865    0.7790    0.7298       267
         FAC     0.5605    0.7928    0.6567       111
         GPE     0.9498    0.9551    0.9524      2159
    LANGUAGE     0.6471    0.7333    0.6875        15
         LAW     0.6379    0.8409    0.7255        44
         LOC     0.6105    0.7632    0.6784        76
       MONEY     0.7826    0.9000    0.8372        20
        NORP     0.6833    0.7385    0.7098       520
         OCC     0.8345    0.8483    0.8413       547
     ORDINAL     0.9141    0.9504    0.9319       504
         ORG     0.9059    0.9148    0.9103      1831
     PERCENT     0.8667    1.0000    0.9286        13
        PERS     0.9411    0.9192    0.9300       730
     PRODUCT     0.0000    0.0000    0.0000         5
    QUANTITY     0.2500    0.6667    0.3636         3
        TIME     0.6182    0.6182    0.6182        55
        UNIT     1.0000    0.6667    0.8000         3
     WEBSITE     0.5000    0.6222    0.5545        45

   micro avg     0.8783    0.9059    0.8919      8808
   macro avg     0.7211    0.7843    0.7435      8808
weighted avg     0.8828    0.9059    0.8936      8808

INFO	arabiner.trainers.BertNestedTrainer	Sat, 05 Aug 2023 21:22:37	Epoch 1 | Timestep 2104 | Train Loss 2.650864 | Val Loss 3.119787 | F1 0.891857
INFO	arabiner.trainers.BertNestedTrainer	Sat, 05 Aug 2023 21:22:37	** Validation improved, evaluating test data **
INFO	root	Sat, 05 Aug 2023 21:23:15	Predictions written to nested_res/ARBERTv2_UL_lr2e-5/predictions.txt
INFO	root	Sat, 05 Aug 2023 21:23:40	
              precision    recall  f1-score   support

    CARDINAL     0.0000    0.0000    0.0000         0
        CURR     0.0000    0.0000    0.0000         0
        DATE     0.0000    0.0000    0.0000         0
       EVENT     0.0000    0.0000    0.0000         0
         FAC     0.0000    0.0000    0.0000         0
         GPE     0.0000    0.0000    0.0000         0
    LANGUAGE     0.0000    0.0000    0.0000         0
         LAW     0.0000    0.0000    0.0000         0
         LOC     0.0000    0.0000    0.0000         0
       MONEY     0.0000    0.0000    0.0000         0
        NORP     0.0000    0.0000    0.0000         0
         OCC     0.0000    0.0000    0.0000         0
     ORDINAL     0.0000    0.0000    0.0000         0
         ORG     0.0000    0.0000    0.0000         0
     PERCENT     0.0000    0.0000    0.0000         0
        PERS     0.0000    0.0000    0.0000         0
    QUANTITY     0.0000    0.0000    0.0000         0
        TIME     0.0000    0.0000    0.0000         0
        UNIT     0.0000    0.0000    0.0000         0
     WEBSITE     0.0000    0.0000    0.0000         0
        pad>     0.0000    0.0000    0.0000         0

   micro avg     0.0000    0.0000    0.0000         0
   macro avg     0.0000    0.0000    0.0000         0
weighted avg     0.0000    0.0000    0.0000         0

INFO	arabiner.trainers.BertNestedTrainer	Sat, 05 Aug 2023 21:24:02	Epoch 1 | Timestep 2104 | Test Loss 7.511193 | F1 0.000000
INFO	arabiner.trainers.BaseTrainer	Sat, 05 Aug 2023 21:24:02	Saving checkpoint to nested_res/ARBERTv2_UL_lr2e-5/checkpoints/checkpoint_1.pt
INFO	arabiner.trainers.BertNestedTrainer	Sat, 05 Aug 2023 21:27:53	Epoch 2 | Batch 1052/1052 | Timestep 3156 | LR 0.0000160000 | Loss 3.181065
INFO	arabiner.trainers.BertNestedTrainer	Sat, 05 Aug 2023 21:27:53	** Evaluating on validation dataset **
INFO	root	Sat, 05 Aug 2023 21:28:24	
              precision    recall  f1-score   support

    CARDINAL     0.9040    0.8743    0.8889       183
        CURR     1.0000    1.0000    1.0000        21
        DATE     0.9548    0.9559    0.9553      1656
       EVENT     0.8103    0.7678    0.7885       267
         FAC     0.7759    0.8108    0.7930       111
         GPE     0.9554    0.9532    0.9543      2159
    LANGUAGE     0.9231    0.8000    0.8571        15
         LAW     0.7959    0.8864    0.8387        44
         LOC     0.6875    0.7237    0.7051        76
       MONEY     0.8636    0.9500    0.9048        20
        NORP     0.7088    0.7865    0.7457       520
         OCC     0.8506    0.8537    0.8522       547
     ORDINAL     0.9103    0.9663    0.9374       504
         ORG     0.8886    0.9366    0.9120      1831
     PERCENT     1.0000    1.0000    1.0000        13
        PERS     0.9332    0.9575    0.9452       730
     PRODUCT     0.0000    0.0000    0.0000         5
    QUANTITY     0.5000    0.6667    0.5714         3
        TIME     0.6731    0.6364    0.6542        55
        UNIT     1.0000    0.6667    0.8000         3
     WEBSITE     0.4444    0.4444    0.4444        45

   micro avg     0.8991    0.9186    0.9087      8808
   macro avg     0.7895    0.7922    0.7880      8808
weighted avg     0.8999    0.9186    0.9089      8808

INFO	arabiner.trainers.BertNestedTrainer	Sat, 05 Aug 2023 21:28:35	Epoch 2 | Timestep 3156 | Train Loss 2.543737 | Val Loss 3.106198 | F1 0.908744
INFO	arabiner.trainers.BertNestedTrainer	Sat, 05 Aug 2023 21:28:35	** Validation improved, evaluating test data **
INFO	root	Sat, 05 Aug 2023 21:29:14	Predictions written to nested_res/ARBERTv2_UL_lr2e-5/predictions.txt
INFO	root	Sat, 05 Aug 2023 21:29:38	
              precision    recall  f1-score   support

    CARDINAL     0.0000    0.0000    0.0000         0
        CURR     0.0000    0.0000    0.0000         0
        DATE     0.0000    0.0000    0.0000         0
       EVENT     0.0000    0.0000    0.0000         0
         FAC     0.0000    0.0000    0.0000         0
         GPE     0.0000    0.0000    0.0000         0
    LANGUAGE     0.0000    0.0000    0.0000         0
         LAW     0.0000    0.0000    0.0000         0
         LOC     0.0000    0.0000    0.0000         0
       MONEY     0.0000    0.0000    0.0000         0
        NORP     0.0000    0.0000    0.0000         0
         OCC     0.0000    0.0000    0.0000         0
     ORDINAL     0.0000    0.0000    0.0000         0
         ORG     0.0000    0.0000    0.0000         0
     PERCENT     0.0000    0.0000    0.0000         0
        PERS     0.0000    0.0000    0.0000         0
    QUANTITY     0.0000    0.0000    0.0000         0
        TIME     0.0000    0.0000    0.0000         0
        UNIT     0.0000    0.0000    0.0000         0
     WEBSITE     0.0000    0.0000    0.0000         0
        pad>     0.0000    0.0000    0.0000         0

   micro avg     0.0000    0.0000    0.0000         0
   macro avg     0.0000    0.0000    0.0000         0
weighted avg     0.0000    0.0000    0.0000         0

INFO	arabiner.trainers.BertNestedTrainer	Sat, 05 Aug 2023 21:30:01	Epoch 2 | Timestep 3156 | Test Loss 8.635442 | F1 0.000000
INFO	arabiner.trainers.BaseTrainer	Sat, 05 Aug 2023 21:30:01	Saving checkpoint to nested_res/ARBERTv2_UL_lr2e-5/checkpoints/checkpoint_2.pt
INFO	arabiner.trainers.BertNestedTrainer	Sat, 05 Aug 2023 21:33:51	Epoch 3 | Batch 1052/1052 | Timestep 4208 | LR 0.0000146667 | Loss 3.377267
INFO	arabiner.trainers.BertNestedTrainer	Sat, 05 Aug 2023 21:33:51	** Evaluating on validation dataset **
INFO	root	Sat, 05 Aug 2023 21:34:22	
              precision    recall  f1-score   support

    CARDINAL     0.8216    0.8306    0.8261       183
        CURR     1.0000    1.0000    1.0000        21
        DATE     0.9531    0.9577    0.9554      1656
       EVENT     0.7977    0.7828    0.7902       267
         FAC     0.6000    0.8378    0.6992       111
         GPE     0.9548    0.9583    0.9565      2159
    LANGUAGE     0.7143    1.0000    0.8333        15
         LAW     0.8667    0.8864    0.8764        44
         LOC     0.7342    0.7632    0.7484        76
       MONEY     0.8261    0.9500    0.8837        20
        NORP     0.7128    0.7923    0.7505       520
         OCC     0.8275    0.8592    0.8430       547
     ORDINAL     0.9374    0.9504    0.9438       504
         ORG     0.9005    0.9345    0.9172      1831
     PERCENT     1.0000    1.0000    1.0000        13
        PERS     0.9326    0.9479    0.9402       730
     PRODUCT     0.2500    0.2000    0.2222         5
    QUANTITY     0.7500    1.0000    0.8571         3
        TIME     0.6393    0.7091    0.6724        55
        UNIT     1.0000    1.0000    1.0000         3
     WEBSITE     0.4706    0.7111    0.5664        45

   micro avg     0.8944    0.9214    0.9077      8808
   macro avg     0.7947    0.8605    0.8230      8808
weighted avg     0.8984    0.9214    0.9093      8808

INFO	arabiner.trainers.BertNestedTrainer	Sat, 05 Aug 2023 21:34:33	Epoch 3 | Timestep 4208 | Train Loss 2.494463 | Val Loss 3.090950 | F1 0.907728
INFO	arabiner.trainers.BertNestedTrainer	Sat, 05 Aug 2023 21:34:33	** Validation improved, evaluating test data **
INFO	root	Sat, 05 Aug 2023 21:35:12	Predictions written to nested_res/ARBERTv2_UL_lr2e-5/predictions.txt
INFO	root	Sat, 05 Aug 2023 21:35:36	
              precision    recall  f1-score   support

    CARDINAL     0.0000    0.0000    0.0000         0
        CURR     0.0000    0.0000    0.0000         0
        DATE     0.0000    0.0000    0.0000         0
       EVENT     0.0000    0.0000    0.0000         0
         FAC     0.0000    0.0000    0.0000         0
         GPE     0.0000    0.0000    0.0000         0
    LANGUAGE     0.0000    0.0000    0.0000         0
         LAW     0.0000    0.0000    0.0000         0
         LOC     0.0000    0.0000    0.0000         0
       MONEY     0.0000    0.0000    0.0000         0
        NORP     0.0000    0.0000    0.0000         0
         OCC     0.0000    0.0000    0.0000         0
     ORDINAL     0.0000    0.0000    0.0000         0
         ORG     0.0000    0.0000    0.0000         0
     PERCENT     0.0000    0.0000    0.0000         0
        PERS     0.0000    0.0000    0.0000         0
     PRODUCT     0.0000    0.0000    0.0000         0
    QUANTITY     0.0000    0.0000    0.0000         0
        TIME     0.0000    0.0000    0.0000         0
        UNIT     0.0000    0.0000    0.0000         0
     WEBSITE     0.0000    0.0000    0.0000         0
        pad>     0.0000    0.0000    0.0000         0

   micro avg     0.0000    0.0000    0.0000         0
   macro avg     0.0000    0.0000    0.0000         0
weighted avg     0.0000    0.0000    0.0000         0

INFO	arabiner.trainers.BertNestedTrainer	Sat, 05 Aug 2023 21:35:58	Epoch 3 | Timestep 4208 | Test Loss 8.598042 | F1 0.000000
INFO	arabiner.trainers.BaseTrainer	Sat, 05 Aug 2023 21:35:58	Saving checkpoint to nested_res/ARBERTv2_UL_lr2e-5/checkpoints/checkpoint_3.pt
INFO	arabiner.trainers.BertNestedTrainer	Sat, 05 Aug 2023 21:39:48	Epoch 4 | Batch 1052/1052 | Timestep 5260 | LR 0.0000133333 | Loss 2.799879
INFO	arabiner.trainers.BertNestedTrainer	Sat, 05 Aug 2023 21:39:48	** Evaluating on validation dataset **
INFO	root	Sat, 05 Aug 2023 21:40:20	
              precision    recall  f1-score   support

    CARDINAL     0.8564    0.9126    0.8836       183
        CURR     1.0000    1.0000    1.0000        21
        DATE     0.9495    0.9529    0.9512      1656
       EVENT     0.7318    0.8277    0.7768       267
         FAC     0.6642    0.8198    0.7339       111
         GPE     0.9554    0.9616    0.9584      2159
    LANGUAGE     0.7500    1.0000    0.8571        15
         LAW     0.8696    0.9091    0.8889        44
         LOC     0.6186    0.7895    0.6936        76
       MONEY     0.9048    0.9500    0.9268        20
        NORP     0.7076    0.8096    0.7552       520
         OCC     0.8169    0.8812    0.8478       547
     ORDINAL     0.9527    0.9583    0.9555       504
         ORG     0.9152    0.9252    0.9202      1831
     PERCENT     1.0000    1.0000    1.0000        13
        PERS     0.9457    0.9548    0.9502       730
     PRODUCT     0.3333    0.4000    0.3636         5
    QUANTITY     1.0000    1.0000    1.0000         3
        TIME     0.6949    0.7455    0.7193        55
        UNIT     1.0000    1.0000    1.0000         3
     WEBSITE     0.4043    0.4222    0.4130        45

   micro avg     0.8966    0.9248    0.9105      8808
   macro avg     0.8129    0.8676    0.8379      8808
weighted avg     0.9008    0.9248    0.9122      8808

INFO	arabiner.trainers.BertNestedTrainer	Sat, 05 Aug 2023 21:40:31	Epoch 4 | Timestep 5260 | Train Loss 2.463604 | Val Loss 3.084764 | F1 0.910524
INFO	arabiner.trainers.BertNestedTrainer	Sat, 05 Aug 2023 21:40:31	** Validation improved, evaluating test data **
INFO	root	Sat, 05 Aug 2023 21:41:10	Predictions written to nested_res/ARBERTv2_UL_lr2e-5/predictions.txt
INFO	root	Sat, 05 Aug 2023 21:41:33	
              precision    recall  f1-score   support

    CARDINAL     0.0000    0.0000    0.0000         0
        CURR     0.0000    0.0000    0.0000         0
        DATE     0.0000    0.0000    0.0000         0
       EVENT     0.0000    0.0000    0.0000         0
         FAC     0.0000    0.0000    0.0000         0
         GPE     0.0000    0.0000    0.0000         0
    LANGUAGE     0.0000    0.0000    0.0000         0
         LAW     0.0000    0.0000    0.0000         0
         LOC     0.0000    0.0000    0.0000         0
       MONEY     0.0000    0.0000    0.0000         0
        NORP     0.0000    0.0000    0.0000         0
         OCC     0.0000    0.0000    0.0000         0
     ORDINAL     0.0000    0.0000    0.0000         0
         ORG     0.0000    0.0000    0.0000         0
     PERCENT     0.0000    0.0000    0.0000         0
        PERS     0.0000    0.0000    0.0000         0
     PRODUCT     0.0000    0.0000    0.0000         0
    QUANTITY     0.0000    0.0000    0.0000         0
        TIME     0.0000    0.0000    0.0000         0
        UNIT     0.0000    0.0000    0.0000         0
     WEBSITE     0.0000    0.0000    0.0000         0
        pad>     0.0000    0.0000    0.0000         0

   micro avg     0.0000    0.0000    0.0000         0
   macro avg     0.0000    0.0000    0.0000         0
weighted avg     0.0000    0.0000    0.0000         0

INFO	arabiner.trainers.BertNestedTrainer	Sat, 05 Aug 2023 21:41:56	Epoch 4 | Timestep 5260 | Test Loss 8.687177 | F1 0.000000
INFO	arabiner.trainers.BaseTrainer	Sat, 05 Aug 2023 21:41:56	Saving checkpoint to nested_res/ARBERTv2_UL_lr2e-5/checkpoints/checkpoint_4.pt
INFO	arabiner.trainers.BertNestedTrainer	Sat, 05 Aug 2023 21:45:45	Epoch 5 | Batch 1052/1052 | Timestep 6312 | LR 0.0000120000 | Loss 2.694022
INFO	arabiner.trainers.BertNestedTrainer	Sat, 05 Aug 2023 21:45:45	** Evaluating on validation dataset **
INFO	root	Sat, 05 Aug 2023 21:46:17	
              precision    recall  f1-score   support

    CARDINAL     0.8187    0.8634    0.8404       183
        CURR     1.0000    1.0000    1.0000        21
        DATE     0.9481    0.9589    0.9535      1656
       EVENT     0.6947    0.8352    0.7585       267
         FAC     0.7724    0.8559    0.8120       111
         GPE     0.9408    0.9722    0.9563      2159
    LANGUAGE     0.6522    1.0000    0.7895        15
         LAW     0.8723    0.9318    0.9011        44
         LOC     0.6744    0.7632    0.7160        76
       MONEY     0.9048    0.9500    0.9268        20
        NORP     0.6926    0.8058    0.7449       520
         OCC     0.8609    0.8940    0.8771       547
     ORDINAL     0.9084    0.9643    0.9355       504
         ORG     0.9254    0.9214    0.9234      1831
     PERCENT     1.0000    1.0000    1.0000        13
        PERS     0.9284    0.9589    0.9434       730
     PRODUCT     0.5000    0.6000    0.5455         5
    QUANTITY     0.6000    1.0000    0.7500         3
        TIME     0.5696    0.8182    0.6716        55
        UNIT     0.6000    1.0000    0.7500         3
     WEBSITE     0.6222    0.6222    0.6222        45

   micro avg     0.8926    0.9302    0.9110      8808
   macro avg     0.7850    0.8912    0.8294      8808
weighted avg     0.8969    0.9302    0.9126      8808

INFO	arabiner.trainers.BertNestedTrainer	Sat, 05 Aug 2023 21:46:29	Epoch 5 | Timestep 6312 | Train Loss 2.319503 | Val Loss 2.904004 | F1 0.910991
INFO	arabiner.trainers.BertNestedTrainer	Sat, 05 Aug 2023 21:46:29	** Validation improved, evaluating test data **
INFO	root	Sat, 05 Aug 2023 21:47:07	Predictions written to nested_res/ARBERTv2_UL_lr2e-5/predictions.txt
INFO	root	Sat, 05 Aug 2023 21:47:31	
              precision    recall  f1-score   support

    CARDINAL     0.0000    0.0000    0.0000         0
        CURR     0.0000    0.0000    0.0000         0
        DATE     0.0000    0.0000    0.0000         0
       EVENT     0.0000    0.0000    0.0000         0
         FAC     0.0000    0.0000    0.0000         0
         GPE     0.0000    0.0000    0.0000         0
    LANGUAGE     0.0000    0.0000    0.0000         0
         LAW     0.0000    0.0000    0.0000         0
         LOC     0.0000    0.0000    0.0000         0
       MONEY     0.0000    0.0000    0.0000         0
        NORP     0.0000    0.0000    0.0000         0
         OCC     0.0000    0.0000    0.0000         0
     ORDINAL     0.0000    0.0000    0.0000         0
         ORG     0.0000    0.0000    0.0000         0
     PERCENT     0.0000    0.0000    0.0000         0
        PERS     0.0000    0.0000    0.0000         0
     PRODUCT     0.0000    0.0000    0.0000         0
    QUANTITY     0.0000    0.0000    0.0000         0
        TIME     0.0000    0.0000    0.0000         0
        UNIT     0.0000    0.0000    0.0000         0
     WEBSITE     0.0000    0.0000    0.0000         0
        pad>     0.0000    0.0000    0.0000         0

   micro avg     0.0000    0.0000    0.0000         0
   macro avg     0.0000    0.0000    0.0000         0
weighted avg     0.0000    0.0000    0.0000         0

INFO	arabiner.trainers.BertNestedTrainer	Sat, 05 Aug 2023 21:47:53	Epoch 5 | Timestep 6312 | Test Loss 7.904054 | F1 0.000000
INFO	arabiner.trainers.BaseTrainer	Sat, 05 Aug 2023 21:47:53	Saving checkpoint to nested_res/ARBERTv2_UL_lr2e-5/checkpoints/checkpoint_5.pt
INFO	arabiner.trainers.BertNestedTrainer	Sat, 05 Aug 2023 21:51:40	Epoch 6 | Batch 1052/1052 | Timestep 7364 | LR 0.0000106667 | Loss 1.833310
INFO	arabiner.trainers.BertNestedTrainer	Sat, 05 Aug 2023 21:51:40	** Evaluating on validation dataset **
INFO	root	Sat, 05 Aug 2023 21:52:12	
              precision    recall  f1-score   support

    CARDINAL     0.8659    0.8470    0.8564       183
        CURR     1.0000    1.0000    1.0000        21
        DATE     0.9488    0.9620    0.9553      1656
       EVENT     0.7875    0.8052    0.7963       267
         FAC     0.7913    0.8198    0.8053       111
         GPE     0.9559    0.9643    0.9601      2159
    LANGUAGE     0.8571    0.8000    0.8276        15
         LAW     0.9302    0.9091    0.9195        44
         LOC     0.6778    0.8026    0.7349        76
       MONEY     0.8095    0.8500    0.8293        20
        NORP     0.7249    0.8058    0.7632       520
         OCC     0.8453    0.8793    0.8620       547
     ORDINAL     0.9322    0.9544    0.9431       504
         ORG     0.9236    0.9312    0.9274      1831
     PERCENT     1.0000    1.0000    1.0000        13
        PERS     0.9323    0.9616    0.9467       730
     PRODUCT     0.4000    0.4000    0.4000         5
    QUANTITY     1.0000    1.0000    1.0000         3
        TIME     0.7213    0.8000    0.7586        55
        UNIT     0.0000    0.0000    0.0000         3
     WEBSITE     0.6579    0.5556    0.6024        45

   micro avg     0.9074    0.9267    0.9169      8808
   macro avg     0.7982    0.8118    0.8042      8808
weighted avg     0.9085    0.9267    0.9173      8808

INFO	arabiner.trainers.BertNestedTrainer	Sat, 05 Aug 2023 21:52:23	Epoch 6 | Timestep 7364 | Train Loss 1.899459 | Val Loss 1.787770 | F1 0.916924
INFO	arabiner.trainers.BertNestedTrainer	Sat, 05 Aug 2023 21:52:23	** Validation improved, evaluating test data **
INFO	root	Sat, 05 Aug 2023 21:53:01	Predictions written to nested_res/ARBERTv2_UL_lr2e-5/predictions.txt
INFO	root	Sat, 05 Aug 2023 21:53:25	
              precision    recall  f1-score   support

    CARDINAL     0.0000    0.0000    0.0000         0
        CURR     0.0000    0.0000    0.0000         0
        DATE     0.0000    0.0000    0.0000         0
       EVENT     0.0000    0.0000    0.0000         0
         FAC     0.0000    0.0000    0.0000         0
         GPE     0.0000    0.0000    0.0000         0
    LANGUAGE     0.0000    0.0000    0.0000         0
         LAW     0.0000    0.0000    0.0000         0
         LOC     0.0000    0.0000    0.0000         0
       MONEY     0.0000    0.0000    0.0000         0
        NORP     0.0000    0.0000    0.0000         0
         OCC     0.0000    0.0000    0.0000         0
     ORDINAL     0.0000    0.0000    0.0000         0
         ORG     0.0000    0.0000    0.0000         0
     PERCENT     0.0000    0.0000    0.0000         0
        PERS     0.0000    0.0000    0.0000         0
     PRODUCT     0.0000    0.0000    0.0000         0
    QUANTITY     0.0000    0.0000    0.0000         0
        TIME     0.0000    0.0000    0.0000         0
     WEBSITE     0.0000    0.0000    0.0000         0
        pad>     0.0000    0.0000    0.0000         0

   micro avg     0.0000    0.0000    0.0000         0
   macro avg     0.0000    0.0000    0.0000         0
weighted avg     0.0000    0.0000    0.0000         0

INFO	arabiner.trainers.BertNestedTrainer	Sat, 05 Aug 2023 21:53:49	Epoch 6 | Timestep 7364 | Test Loss 5.334596 | F1 0.000000
INFO	arabiner.trainers.BaseTrainer	Sat, 05 Aug 2023 21:53:49	Saving checkpoint to nested_res/ARBERTv2_UL_lr2e-5/checkpoints/checkpoint_6.pt
INFO	arabiner.trainers.BertNestedTrainer	Sat, 05 Aug 2023 21:57:32	Epoch 7 | Batch 1052/1052 | Timestep 8416 | LR 0.0000093333 | Loss 1.276615
INFO	arabiner.trainers.BertNestedTrainer	Sat, 05 Aug 2023 21:57:32	** Evaluating on validation dataset **
INFO	root	Sat, 05 Aug 2023 21:58:04	
              precision    recall  f1-score   support

    CARDINAL     0.9006    0.8907    0.8956       183
        CURR     0.9474    0.8571    0.9000        21
        DATE     0.9556    0.9607    0.9581      1656
       EVENT     0.7860    0.7978    0.7918       267
         FAC     0.7459    0.8198    0.7811       111
         GPE     0.9606    0.9713    0.9659      2159
    LANGUAGE     0.8125    0.8667    0.8387        15
         LAW     0.9302    0.9091    0.9195        44
         LOC     0.8133    0.8026    0.8079        76
       MONEY     0.8261    0.9500    0.8837        20
        NORP     0.7582    0.7596    0.7589       520
         OCC     0.8399    0.9013    0.8695       547
     ORDINAL     0.9305    0.9563    0.9432       504
         ORG     0.9263    0.9334    0.9298      1831
     PERCENT     1.0000    1.0000    1.0000        13
        PERS     0.9447    0.9603    0.9524       730
     PRODUCT     0.4286    0.6000    0.5000         5
    QUANTITY     0.6667    0.6667    0.6667         3
        TIME     0.7241    0.7636    0.7434        55
        UNIT     0.0000    0.0000    0.0000         3
     WEBSITE     0.6250    0.5556    0.5882        45

   micro avg     0.9148    0.9277    0.9212      8808
   macro avg     0.7868    0.8058    0.7950      8808
weighted avg     0.9149    0.9277    0.9211      8808

INFO	arabiner.trainers.BertNestedTrainer	Sat, 05 Aug 2023 21:58:16	Epoch 7 | Timestep 8416 | Train Loss 1.102500 | Val Loss 1.489689 | F1 0.921195
INFO	arabiner.trainers.BertNestedTrainer	Sat, 05 Aug 2023 21:58:16	** Validation improved, evaluating test data **
INFO	root	Sat, 05 Aug 2023 21:58:54	Predictions written to nested_res/ARBERTv2_UL_lr2e-5/predictions.txt
INFO	root	Sat, 05 Aug 2023 21:59:18	
              precision    recall  f1-score   support

    CARDINAL     0.0000    0.0000    0.0000         0
        CURR     0.0000    0.0000    0.0000         0
        DATE     0.0000    0.0000    0.0000         0
       EVENT     0.0000    0.0000    0.0000         0
         FAC     0.0000    0.0000    0.0000         0
         GPE     0.0000    0.0000    0.0000         0
    LANGUAGE     0.0000    0.0000    0.0000         0
         LAW     0.0000    0.0000    0.0000         0
         LOC     0.0000    0.0000    0.0000         0
       MONEY     0.0000    0.0000    0.0000         0
        NORP     0.0000    0.0000    0.0000         0
         OCC     0.0000    0.0000    0.0000         0
     ORDINAL     0.0000    0.0000    0.0000         0
         ORG     0.0000    0.0000    0.0000         0
     PERCENT     0.0000    0.0000    0.0000         0
        PERS     0.0000    0.0000    0.0000         0
     PRODUCT     0.0000    0.0000    0.0000         0
    QUANTITY     0.0000    0.0000    0.0000         0
        TIME     0.0000    0.0000    0.0000         0
     WEBSITE     0.0000    0.0000    0.0000         0
        pad>     0.0000    0.0000    0.0000         0

   micro avg     0.0000    0.0000    0.0000         0
   macro avg     0.0000    0.0000    0.0000         0
weighted avg     0.0000    0.0000    0.0000         0

INFO	arabiner.trainers.BertNestedTrainer	Sat, 05 Aug 2023 21:59:41	Epoch 7 | Timestep 8416 | Test Loss 6.213576 | F1 0.000000
INFO	arabiner.trainers.BaseTrainer	Sat, 05 Aug 2023 21:59:41	Saving checkpoint to nested_res/ARBERTv2_UL_lr2e-5/checkpoints/checkpoint_7.pt
INFO	arabiner.trainers.BertNestedTrainer	Sat, 05 Aug 2023 22:03:27	Epoch 8 | Batch 1052/1052 | Timestep 9468 | LR 0.0000080000 | Loss 1.131299
INFO	arabiner.trainers.BertNestedTrainer	Sat, 05 Aug 2023 22:03:27	** Evaluating on validation dataset **
INFO	root	Sat, 05 Aug 2023 22:03:59	
              precision    recall  f1-score   support

    CARDINAL     0.8871    0.9016    0.8943       183
        CURR     0.9474    0.8571    0.9000        21
        DATE     0.9494    0.9626    0.9559      1656
       EVENT     0.7457    0.8127    0.7778       267
         FAC     0.7419    0.8288    0.7830       111
         GPE     0.9540    0.9708    0.9624      2159
    LANGUAGE     0.8235    0.9333    0.8750        15
         LAW     0.8913    0.9318    0.9111        44
         LOC     0.8028    0.7500    0.7755        76
       MONEY     0.9048    0.9500    0.9268        20
        NORP     0.7220    0.8192    0.7676       520
         OCC     0.8541    0.8885    0.8710       547
     ORDINAL     0.9344    0.9603    0.9472       504
         ORG     0.9117    0.9361    0.9237      1831
     PERCENT     1.0000    1.0000    1.0000        13
        PERS     0.9409    0.9589    0.9498       730
     PRODUCT     0.5000    0.6000    0.5455         5
    QUANTITY     0.6667    0.6667    0.6667         3
        TIME     0.7414    0.7818    0.7611        55
        UNIT     0.0000    0.0000    0.0000         3
     WEBSITE     0.5778    0.5778    0.5778        45

   micro avg     0.9045    0.9321    0.9181      8808
   macro avg     0.7856    0.8137    0.7987      8808
weighted avg     0.9060    0.9321    0.9187      8808

INFO	arabiner.trainers.BertNestedTrainer	Sat, 05 Aug 2023 22:04:10	Epoch 8 | Timestep 9468 | Train Loss 0.798855 | Val Loss 1.120856 | F1 0.918088
INFO	arabiner.trainers.BertNestedTrainer	Sat, 05 Aug 2023 22:04:10	** Validation improved, evaluating test data **
INFO	root	Sat, 05 Aug 2023 22:04:49	Predictions written to nested_res/ARBERTv2_UL_lr2e-5/predictions.txt
INFO	root	Sat, 05 Aug 2023 22:05:13	
              precision    recall  f1-score   support

    CARDINAL     0.0000    0.0000    0.0000         0
        CURR     0.0000    0.0000    0.0000         0
        DATE     0.0000    0.0000    0.0000         0
       EVENT     0.0000    0.0000    0.0000         0
         FAC     0.0000    0.0000    0.0000         0
         GPE     0.0000    0.0000    0.0000         0
    LANGUAGE     0.0000    0.0000    0.0000         0
         LAW     0.0000    0.0000    0.0000         0
         LOC     0.0000    0.0000    0.0000         0
       MONEY     0.0000    0.0000    0.0000         0
        NORP     0.0000    0.0000    0.0000         0
         OCC     0.0000    0.0000    0.0000         0
     ORDINAL     0.0000    0.0000    0.0000         0
         ORG     0.0000    0.0000    0.0000         0
     PERCENT     0.0000    0.0000    0.0000         0
        PERS     0.0000    0.0000    0.0000         0
     PRODUCT     0.0000    0.0000    0.0000         0
    QUANTITY     0.0000    0.0000    0.0000         0
        TIME     0.0000    0.0000    0.0000         0
     WEBSITE     0.0000    0.0000    0.0000         0
        pad>     0.0000    0.0000    0.0000         0

   micro avg     0.0000    0.0000    0.0000         0
   macro avg     0.0000    0.0000    0.0000         0
weighted avg     0.0000    0.0000    0.0000         0

INFO	arabiner.trainers.BertNestedTrainer	Sat, 05 Aug 2023 22:05:36	Epoch 8 | Timestep 9468 | Test Loss 5.894267 | F1 0.000000
INFO	arabiner.trainers.BaseTrainer	Sat, 05 Aug 2023 22:05:36	Saving checkpoint to nested_res/ARBERTv2_UL_lr2e-5/checkpoints/checkpoint_8.pt
INFO	arabiner.trainers.BertNestedTrainer	Sat, 05 Aug 2023 22:09:25	Epoch 9 | Batch 1052/1052 | Timestep 10520 | LR 0.0000066667 | Loss 1.335756
INFO	arabiner.trainers.BertNestedTrainer	Sat, 05 Aug 2023 22:09:25	** Evaluating on validation dataset **
INFO	root	Sat, 05 Aug 2023 22:09:57	
              precision    recall  f1-score   support

    CARDINAL     0.8953    0.8415    0.8676       183
        CURR     1.0000    0.9048    0.9500        21
        DATE     0.9579    0.9614    0.9596      1656
       EVENT     0.7622    0.8165    0.7884       267
         FAC     0.7440    0.8378    0.7881       111
         GPE     0.9612    0.9741    0.9676      2159
    LANGUAGE     0.8125    0.8667    0.8387        15
         LAW     0.9091    0.9091    0.9091        44
         LOC     0.8000    0.7895    0.7947        76
       MONEY     0.9048    0.9500    0.9268        20
        NORP     0.7626    0.7846    0.7735       520
         OCC     0.8492    0.8958    0.8719       547
     ORDINAL     0.9324    0.9583    0.9452       504
         ORG     0.9107    0.9306    0.9206      1831
     PERCENT     1.0000    1.0000    1.0000        13
        PERS     0.9421    0.9589    0.9504       730
     PRODUCT     0.3333    0.2000    0.2500         5
    QUANTITY     1.0000    1.0000    1.0000         3
        TIME     0.7679    0.7818    0.7748        55
        UNIT     0.0000    0.0000    0.0000         3
     WEBSITE     0.5435    0.5556    0.5495        45

   micro avg     0.9117    0.9288    0.9202      8808
   macro avg     0.7995    0.8056    0.8013      8808
weighted avg     0.9121    0.9288    0.9203      8808

INFO	arabiner.trainers.BertNestedTrainer	Sat, 05 Aug 2023 22:10:08	Epoch 9 | Timestep 10520 | Train Loss 0.504021 | Val Loss 0.881211 | F1 0.920196
INFO	arabiner.trainers.BertNestedTrainer	Sat, 05 Aug 2023 22:10:08	** Validation improved, evaluating test data **
INFO	root	Sat, 05 Aug 2023 22:10:46	Predictions written to nested_res/ARBERTv2_UL_lr2e-5/predictions.txt
INFO	root	Sat, 05 Aug 2023 22:11:11	
              precision    recall  f1-score   support

    CARDINAL     0.0000    0.0000    0.0000         0
        CURR     0.0000    0.0000    0.0000         0
        DATE     0.0000    0.0000    0.0000         0
       EVENT     0.0000    0.0000    0.0000         0
         FAC     0.0000    0.0000    0.0000         0
         GPE     0.0000    0.0000    0.0000         0
    LANGUAGE     0.0000    0.0000    0.0000         0
         LAW     0.0000    0.0000    0.0000         0
         LOC     0.0000    0.0000    0.0000         0
       MONEY     0.0000    0.0000    0.0000         0
        NORP     0.0000    0.0000    0.0000         0
         OCC     0.0000    0.0000    0.0000         0
     ORDINAL     0.0000    0.0000    0.0000         0
         ORG     0.0000    0.0000    0.0000         0
     PERCENT     0.0000    0.0000    0.0000         0
        PERS     0.0000    0.0000    0.0000         0
     PRODUCT     0.0000    0.0000    0.0000         0
    QUANTITY     0.0000    0.0000    0.0000         0
        TIME     0.0000    0.0000    0.0000         0
     WEBSITE     0.0000    0.0000    0.0000         0
        pad>     0.0000    0.0000    0.0000         0

   micro avg     0.0000    0.0000    0.0000         0
   macro avg     0.0000    0.0000    0.0000         0
weighted avg     0.0000    0.0000    0.0000         0

INFO	arabiner.trainers.BertNestedTrainer	Sat, 05 Aug 2023 22:11:33	Epoch 9 | Timestep 10520 | Test Loss 5.156175 | F1 0.000000
INFO	arabiner.trainers.BaseTrainer	Sat, 05 Aug 2023 22:11:33	Saving checkpoint to nested_res/ARBERTv2_UL_lr2e-5/checkpoints/checkpoint_9.pt
INFO	arabiner.trainers.BertNestedTrainer	Sat, 05 Aug 2023 22:15:18	Epoch 10 | Batch 1052/1052 | Timestep 11572 | LR 0.0000053333 | Loss 0.405318
INFO	arabiner.trainers.BertNestedTrainer	Sat, 05 Aug 2023 22:15:18	** Evaluating on validation dataset **
INFO	root	Sat, 05 Aug 2023 22:15:50	
              precision    recall  f1-score   support

    CARDINAL     0.8703    0.8798    0.8750       183
        CURR     1.0000    1.0000    1.0000        21
        DATE     0.9568    0.9632    0.9600      1656
       EVENT     0.7622    0.8165    0.7884       267
         FAC     0.8103    0.8468    0.8282       111
         GPE     0.9559    0.9741    0.9649      2159
    LANGUAGE     0.8125    0.8667    0.8387        15
         LAW     0.8889    0.9091    0.8989        44
         LOC     0.7722    0.8026    0.7871        76
       MONEY     0.8571    0.9000    0.8780        20
        NORP     0.7308    0.8038    0.7656       520
         OCC     0.8581    0.8958    0.8766       547
     ORDINAL     0.9257    0.9643    0.9446       504
         ORG     0.9189    0.9345    0.9266      1831
     PERCENT     1.0000    1.0000    1.0000        13
        PERS     0.9385    0.9616    0.9499       730
     PRODUCT     0.3333    0.4000    0.3636         5
    QUANTITY     1.0000    1.0000    1.0000         3
        TIME     0.7544    0.7818    0.7679        55
        UNIT     0.0000    0.0000    0.0000         3
     WEBSITE     0.6098    0.5556    0.5814        45

   micro avg     0.9096    0.9329    0.9211      8808
   macro avg     0.7979    0.8217    0.8093      8808
weighted avg     0.9105    0.9329    0.9214      8808

INFO	arabiner.trainers.BertNestedTrainer	Sat, 05 Aug 2023 22:16:02	Epoch 10 | Timestep 11572 | Train Loss 0.239123 | Val Loss 0.713991 | F1 0.921085
INFO	arabiner.trainers.BertNestedTrainer	Sat, 05 Aug 2023 22:16:02	** Validation improved, evaluating test data **
INFO	root	Sat, 05 Aug 2023 22:16:40	Predictions written to nested_res/ARBERTv2_UL_lr2e-5/predictions.txt
INFO	root	Sat, 05 Aug 2023 22:17:05	
              precision    recall  f1-score   support

    CARDINAL     0.0000    0.0000    0.0000         0
        CURR     0.0000    0.0000    0.0000         0
        DATE     0.0000    0.0000    0.0000         0
       EVENT     0.0000    0.0000    0.0000         0
         FAC     0.0000    0.0000    0.0000         0
         GPE     0.0000    0.0000    0.0000         0
    LANGUAGE     0.0000    0.0000    0.0000         0
         LAW     0.0000    0.0000    0.0000         0
         LOC     0.0000    0.0000    0.0000         0
       MONEY     0.0000    0.0000    0.0000         0
        NORP     0.0000    0.0000    0.0000         0
         OCC     0.0000    0.0000    0.0000         0
     ORDINAL     0.0000    0.0000    0.0000         0
         ORG     0.0000    0.0000    0.0000         0
     PERCENT     0.0000    0.0000    0.0000         0
        PERS     0.0000    0.0000    0.0000         0
     PRODUCT     0.0000    0.0000    0.0000         0
    QUANTITY     0.0000    0.0000    0.0000         0
        TIME     0.0000    0.0000    0.0000         0
     WEBSITE     0.0000    0.0000    0.0000         0
        pad>     0.0000    0.0000    0.0000         0

   micro avg     0.0000    0.0000    0.0000         0
   macro avg     0.0000    0.0000    0.0000         0
weighted avg     0.0000    0.0000    0.0000         0

INFO	arabiner.trainers.BertNestedTrainer	Sat, 05 Aug 2023 22:17:29	Epoch 10 | Timestep 11572 | Test Loss 6.589407 | F1 0.000000
INFO	arabiner.trainers.BaseTrainer	Sat, 05 Aug 2023 22:17:29	Saving checkpoint to nested_res/ARBERTv2_UL_lr2e-5/checkpoints/checkpoint_10.pt
INFO	arabiner.trainers.BertNestedTrainer	Sat, 05 Aug 2023 22:21:14	Epoch 11 | Batch 1052/1052 | Timestep 12624 | LR 0.0000040000 | Loss 0.635515
INFO	arabiner.trainers.BertNestedTrainer	Sat, 05 Aug 2023 22:21:14	** Evaluating on validation dataset **
INFO	root	Sat, 05 Aug 2023 22:21:47	
              precision    recall  f1-score   support

    CARDINAL     0.8763    0.8907    0.8835       183
        CURR     1.0000    1.0000    1.0000        21
        DATE     0.9578    0.9601    0.9590      1656
       EVENT     0.8102    0.8315    0.8207       267
         FAC     0.7672    0.8018    0.7841       111
         GPE     0.9633    0.9722    0.9677      2159
    LANGUAGE     0.8235    0.9333    0.8750        15
         LAW     0.9524    0.9091    0.9302        44
         LOC     0.7439    0.8026    0.7722        76
       MONEY     0.9048    0.9500    0.9268        20
        NORP     0.7561    0.7808    0.7682       520
         OCC     0.8640    0.8940    0.8787       547
     ORDINAL     0.9415    0.9583    0.9499       504
         ORG     0.9149    0.9399    0.9273      1831
     PERCENT     1.0000    1.0000    1.0000        13
        PERS     0.9459    0.9589    0.9524       730
     PRODUCT     0.4286    0.6000    0.5000         5
    QUANTITY     1.0000    1.0000    1.0000         3
        TIME     0.7925    0.7636    0.7778        55
        UNIT     0.0000    0.0000    0.0000         3
     WEBSITE     0.6410    0.5556    0.5952        45

   micro avg     0.9165    0.9313    0.9239      8808
   macro avg     0.8135    0.8335    0.8223      8808
weighted avg     0.9167    0.9313    0.9239      8808

INFO	arabiner.trainers.BertNestedTrainer	Sat, 05 Aug 2023 22:21:59	Epoch 11 | Timestep 12624 | Train Loss 0.180779 | Val Loss 0.696917 | F1 0.923865
INFO	arabiner.trainers.BertNestedTrainer	Sat, 05 Aug 2023 22:21:59	** Validation improved, evaluating test data **
INFO	root	Sat, 05 Aug 2023 22:22:37	Predictions written to nested_res/ARBERTv2_UL_lr2e-5/predictions.txt
INFO	root	Sat, 05 Aug 2023 22:23:01	
              precision    recall  f1-score   support

    CARDINAL     0.0000    0.0000    0.0000         0
        CURR     0.0000    0.0000    0.0000         0
        DATE     0.0000    0.0000    0.0000         0
       EVENT     0.0000    0.0000    0.0000         0
         FAC     0.0000    0.0000    0.0000         0
         GPE     0.0000    0.0000    0.0000         0
    LANGUAGE     0.0000    0.0000    0.0000         0
         LAW     0.0000    0.0000    0.0000         0
         LOC     0.0000    0.0000    0.0000         0
       MONEY     0.0000    0.0000    0.0000         0
        NORP     0.0000    0.0000    0.0000         0
         OCC     0.0000    0.0000    0.0000         0
     ORDINAL     0.0000    0.0000    0.0000         0
         ORG     0.0000    0.0000    0.0000         0
     PERCENT     0.0000    0.0000    0.0000         0
        PERS     0.0000    0.0000    0.0000         0
     PRODUCT     0.0000    0.0000    0.0000         0
    QUANTITY     0.0000    0.0000    0.0000         0
        TIME     0.0000    0.0000    0.0000         0
     WEBSITE     0.0000    0.0000    0.0000         0
        pad>     0.0000    0.0000    0.0000         0

   micro avg     0.0000    0.0000    0.0000         0
   macro avg     0.0000    0.0000    0.0000         0
weighted avg     0.0000    0.0000    0.0000         0

INFO	arabiner.trainers.BertNestedTrainer	Sat, 05 Aug 2023 22:23:24	Epoch 11 | Timestep 12624 | Test Loss 7.252205 | F1 0.000000
INFO	arabiner.trainers.BaseTrainer	Sat, 05 Aug 2023 22:23:24	Saving checkpoint to nested_res/ARBERTv2_UL_lr2e-5/checkpoints/checkpoint_11.pt
INFO	arabiner.trainers.BertNestedTrainer	Sat, 05 Aug 2023 22:27:11	Epoch 12 | Batch 1052/1052 | Timestep 13676 | LR 0.0000026667 | Loss 0.724127
INFO	arabiner.trainers.BertNestedTrainer	Sat, 05 Aug 2023 22:27:11	** Evaluating on validation dataset **
INFO	root	Sat, 05 Aug 2023 22:27:43	
              precision    recall  f1-score   support

    CARDINAL     0.8877    0.9071    0.8973       183
        CURR     1.0000    1.0000    1.0000        21
        DATE     0.9543    0.9589    0.9566      1656
       EVENT     0.7826    0.8090    0.7956       267
         FAC     0.7946    0.8018    0.7982       111
         GPE     0.9607    0.9731    0.9669      2159
    LANGUAGE     0.8125    0.8667    0.8387        15
         LAW     0.9524    0.9091    0.9302        44
         LOC     0.8219    0.7895    0.8054        76
       MONEY     0.9048    0.9500    0.9268        20
        NORP     0.7691    0.7750    0.7720       520
         OCC     0.8619    0.8903    0.8759       547
     ORDINAL     0.9452    0.9583    0.9517       504
         ORG     0.9224    0.9345    0.9284      1831
     PERCENT     1.0000    1.0000    1.0000        13
        PERS     0.9462    0.9630    0.9545       730
     PRODUCT     0.1667    0.2000    0.1818         5
    QUANTITY     1.0000    1.0000    1.0000         3
        TIME     0.7636    0.7636    0.7636        55
        UNIT     0.0000    0.0000    0.0000         3
     WEBSITE     0.5641    0.4889    0.5238        45

   micro avg     0.9179    0.9288    0.9233      8808
   macro avg     0.8005    0.8066    0.8032      8808
weighted avg     0.9175    0.9288    0.9231      8808

INFO	arabiner.trainers.BertNestedTrainer	Sat, 05 Aug 2023 22:27:55	Epoch 12 | Timestep 13676 | Train Loss 0.168953 | Val Loss 0.673897 | F1 0.923311
INFO	arabiner.trainers.BertNestedTrainer	Sat, 05 Aug 2023 22:27:55	** Validation improved, evaluating test data **
INFO	root	Sat, 05 Aug 2023 22:28:34	Predictions written to nested_res/ARBERTv2_UL_lr2e-5/predictions.txt
INFO	root	Sat, 05 Aug 2023 22:28:58	
              precision    recall  f1-score   support

    CARDINAL     0.0000    0.0000    0.0000         0
        CURR     0.0000    0.0000    0.0000         0
        DATE     0.0000    0.0000    0.0000         0
       EVENT     0.0000    0.0000    0.0000         0
         FAC     0.0000    0.0000    0.0000         0
         GPE     0.0000    0.0000    0.0000         0
    LANGUAGE     0.0000    0.0000    0.0000         0
         LAW     0.0000    0.0000    0.0000         0
         LOC     0.0000    0.0000    0.0000         0
       MONEY     0.0000    0.0000    0.0000         0
        NORP     0.0000    0.0000    0.0000         0
         OCC     0.0000    0.0000    0.0000         0
     ORDINAL     0.0000    0.0000    0.0000         0
         ORG     0.0000    0.0000    0.0000         0
     PERCENT     0.0000    0.0000    0.0000         0
        PERS     0.0000    0.0000    0.0000         0
     PRODUCT     0.0000    0.0000    0.0000         0
    QUANTITY     0.0000    0.0000    0.0000         0
        TIME     0.0000    0.0000    0.0000         0
     WEBSITE     0.0000    0.0000    0.0000         0
        pad>     0.0000    0.0000    0.0000         0

   micro avg     0.0000    0.0000    0.0000         0
   macro avg     0.0000    0.0000    0.0000         0
weighted avg     0.0000    0.0000    0.0000         0

INFO	arabiner.trainers.BertNestedTrainer	Sat, 05 Aug 2023 22:29:21	Epoch 12 | Timestep 13676 | Test Loss 7.154368 | F1 0.000000
INFO	arabiner.trainers.BaseTrainer	Sat, 05 Aug 2023 22:29:21	Saving checkpoint to nested_res/ARBERTv2_UL_lr2e-5/checkpoints/checkpoint_12.pt
INFO	arabiner.trainers.BertNestedTrainer	Sat, 05 Aug 2023 22:33:10	Epoch 13 | Batch 1052/1052 | Timestep 14728 | LR 0.0000013333 | Loss 0.755863
INFO	arabiner.trainers.BertNestedTrainer	Sat, 05 Aug 2023 22:33:10	** Evaluating on validation dataset **
INFO	root	Sat, 05 Aug 2023 22:33:41	
              precision    recall  f1-score   support

    CARDINAL     0.8973    0.9071    0.9022       183
        CURR     1.0000    1.0000    1.0000        21
        DATE     0.9543    0.9577    0.9560      1656
       EVENT     0.8088    0.8240    0.8163       267
         FAC     0.8198    0.8198    0.8198       111
         GPE     0.9619    0.9713    0.9666      2159
    LANGUAGE     0.8235    0.9333    0.8750        15
         LAW     0.9535    0.9318    0.9425        44
         LOC     0.8219    0.7895    0.8054        76
       MONEY     0.9048    0.9500    0.9268        20
        NORP     0.7473    0.7846    0.7655       520
         OCC     0.8670    0.8940    0.8803       547
     ORDINAL     0.9507    0.9563    0.9535       504
         ORG     0.9133    0.9377    0.9254      1831
     PERCENT     1.0000    1.0000    1.0000        13
        PERS     0.9461    0.9616    0.9538       730
     PRODUCT     0.3333    0.4000    0.3636         5
    QUANTITY     1.0000    1.0000    1.0000         3
        TIME     0.7636    0.7636    0.7636        55
        UNIT     0.0000    0.0000    0.0000         3
     WEBSITE     0.6053    0.5111    0.5542        45

   micro avg     0.9169    0.9305    0.9236      8808
   macro avg     0.8130    0.8235    0.8176      8808
weighted avg     0.9169    0.9305    0.9236      8808

INFO	arabiner.trainers.BertNestedTrainer	Sat, 05 Aug 2023 22:33:53	Epoch 13 | Timestep 14728 | Train Loss 0.159187 | Val Loss 0.670544 | F1 0.923649
INFO	arabiner.trainers.BertNestedTrainer	Sat, 05 Aug 2023 22:33:54	** Validation improved, evaluating test data **
INFO	root	Sat, 05 Aug 2023 22:34:32	Predictions written to nested_res/ARBERTv2_UL_lr2e-5/predictions.txt
INFO	root	Sat, 05 Aug 2023 22:34:56	
              precision    recall  f1-score   support

    CARDINAL     0.0000    0.0000    0.0000         0
        CURR     0.0000    0.0000    0.0000         0
        DATE     0.0000    0.0000    0.0000         0
       EVENT     0.0000    0.0000    0.0000         0
         FAC     0.0000    0.0000    0.0000         0
         GPE     0.0000    0.0000    0.0000         0
    LANGUAGE     0.0000    0.0000    0.0000         0
         LAW     0.0000    0.0000    0.0000         0
         LOC     0.0000    0.0000    0.0000         0
       MONEY     0.0000    0.0000    0.0000         0
        NORP     0.0000    0.0000    0.0000         0
         OCC     0.0000    0.0000    0.0000         0
     ORDINAL     0.0000    0.0000    0.0000         0
         ORG     0.0000    0.0000    0.0000         0
     PERCENT     0.0000    0.0000    0.0000         0
        PERS     0.0000    0.0000    0.0000         0
     PRODUCT     0.0000    0.0000    0.0000         0
    QUANTITY     0.0000    0.0000    0.0000         0
        TIME     0.0000    0.0000    0.0000         0
     WEBSITE     0.0000    0.0000    0.0000         0
        pad>     0.0000    0.0000    0.0000         0

   micro avg     0.0000    0.0000    0.0000         0
   macro avg     0.0000    0.0000    0.0000         0
weighted avg     0.0000    0.0000    0.0000         0

INFO	arabiner.trainers.BertNestedTrainer	Sat, 05 Aug 2023 22:35:19	Epoch 13 | Timestep 14728 | Test Loss 7.365216 | F1 0.000000
INFO	arabiner.trainers.BaseTrainer	Sat, 05 Aug 2023 22:35:19	Saving checkpoint to nested_res/ARBERTv2_UL_lr2e-5/checkpoints/checkpoint_13.pt
INFO	arabiner.trainers.BertNestedTrainer	Sat, 05 Aug 2023 22:39:06	Epoch 14 | Batch 1052/1052 | Timestep 15780 | LR 0.0000000000 | Loss 0.359980
INFO	arabiner.trainers.BertNestedTrainer	Sat, 05 Aug 2023 22:39:06	** Evaluating on validation dataset **
INFO	root	Sat, 05 Aug 2023 22:39:39	
              precision    recall  f1-score   support

    CARDINAL     0.8804    0.8852    0.8828       183
        CURR     1.0000    1.0000    1.0000        21
        DATE     0.9572    0.9589    0.9581      1656
       EVENT     0.8202    0.8202    0.8202       267
         FAC     0.8198    0.8198    0.8198       111
         GPE     0.9629    0.9731    0.9680      2159
    LANGUAGE     0.8235    0.9333    0.8750        15
         LAW     0.9535    0.9318    0.9425        44
         LOC     0.8243    0.8026    0.8133        76
       MONEY     0.9048    0.9500    0.9268        20
        NORP     0.7495    0.7885    0.7685       520
         OCC     0.8644    0.8976    0.8807       547
     ORDINAL     0.9506    0.9544    0.9525       504
         ORG     0.9161    0.9361    0.9260      1831
     PERCENT     1.0000    1.0000    1.0000        13
        PERS     0.9448    0.9616    0.9532       730
     PRODUCT     0.4286    0.6000    0.5000         5
    QUANTITY     1.0000    1.0000    1.0000         3
        TIME     0.7636    0.7636    0.7636        55
        UNIT     0.0000    0.0000    0.0000         3
     WEBSITE     0.6053    0.5111    0.5542        45

   micro avg     0.9181    0.9309    0.9245      8808
   macro avg     0.8176    0.8328    0.8241      8808
weighted avg     0.9182    0.9309    0.9244      8808

INFO	arabiner.trainers.BertNestedTrainer	Sat, 05 Aug 2023 22:39:51	Epoch 14 | Timestep 15780 | Train Loss 0.152015 | Val Loss 0.639296 | F1 0.924456
INFO	arabiner.trainers.BertNestedTrainer	Sat, 05 Aug 2023 22:39:51	** Validation improved, evaluating test data **
INFO	root	Sat, 05 Aug 2023 22:40:29	Predictions written to nested_res/ARBERTv2_UL_lr2e-5/predictions.txt
INFO	root	Sat, 05 Aug 2023 22:40:54	
              precision    recall  f1-score   support

    CARDINAL     0.0000    0.0000    0.0000         0
        CURR     0.0000    0.0000    0.0000         0
        DATE     0.0000    0.0000    0.0000         0
       EVENT     0.0000    0.0000    0.0000         0
         FAC     0.0000    0.0000    0.0000         0
         GPE     0.0000    0.0000    0.0000         0
    LANGUAGE     0.0000    0.0000    0.0000         0
         LAW     0.0000    0.0000    0.0000         0
         LOC     0.0000    0.0000    0.0000         0
       MONEY     0.0000    0.0000    0.0000         0
        NORP     0.0000    0.0000    0.0000         0
         OCC     0.0000    0.0000    0.0000         0
     ORDINAL     0.0000    0.0000    0.0000         0
         ORG     0.0000    0.0000    0.0000         0
     PERCENT     0.0000    0.0000    0.0000         0
        PERS     0.0000    0.0000    0.0000         0
     PRODUCT     0.0000    0.0000    0.0000         0
    QUANTITY     0.0000    0.0000    0.0000         0
        TIME     0.0000    0.0000    0.0000         0
     WEBSITE     0.0000    0.0000    0.0000         0
        pad>     0.0000    0.0000    0.0000         0

   micro avg     0.0000    0.0000    0.0000         0
   macro avg     0.0000    0.0000    0.0000         0
weighted avg     0.0000    0.0000    0.0000         0

INFO	arabiner.trainers.BertNestedTrainer	Sat, 05 Aug 2023 22:41:17	Epoch 14 | Timestep 15780 | Test Loss 7.059912 | F1 0.000000
INFO	arabiner.trainers.BaseTrainer	Sat, 05 Aug 2023 22:41:17	Saving checkpoint to nested_res/ARBERTv2_UL_lr2e-5/checkpoints/checkpoint_14.pt
