INFO	__main__	Sat, 05 Aug 2023 19:43:53	Writing config to nested_res/ARBERTv2_UL_var_lr2e-5/args.json
INFO	arabiner.utils.data	Sat, 05 Aug 2023 19:43:54	1052 batches found
INFO	arabiner.utils.data	Sat, 05 Aug 2023 19:43:54	196 batches found
INFO	arabiner.utils.data	Sat, 05 Aug 2023 19:43:54	375 batches found
INFO	torch.distributed.nn.jit.instantiator	Sat, 05 Aug 2023 19:43:54	Created a temporary directory at /tmp/tmpo_hmxopt
INFO	torch.distributed.nn.jit.instantiator	Sat, 05 Aug 2023 19:43:54	Writing /tmp/tmpo_hmxopt/_remote_module_non_scriptable.py
INFO	arabiner.trainers.BertNestedTrainer	Sat, 05 Aug 2023 19:47:14	Epoch 0 | Batch 1052/1052 | Timestep 1052 | LR 0.0000186667 | Loss 3.747799
INFO	arabiner.trainers.BertNestedTrainer	Sat, 05 Aug 2023 19:47:14	** Evaluating on validation dataset **
INFO	root	Sat, 05 Aug 2023 19:47:45	
              precision    recall  f1-score   support

    CARDINAL     0.7887    0.8361    0.8117       183
        CURR     0.3030    0.4762    0.3704        21
        DATE     0.9331    0.9354    0.9343      1656
       EVENT     0.7138    0.7191    0.7164       267
         FAC     0.6471    0.7928    0.7126       111
         GPE     0.9365    0.9560    0.9461      2159
    LANGUAGE     0.0000    0.0000    0.0000        15
         LAW     0.4937    0.8864    0.6341        44
         LOC     0.5258    0.6711    0.5896        76
       MONEY     0.6957    0.8000    0.7442        20
        NORP     0.6191    0.7096    0.6613       520
         OCC     0.7947    0.8208    0.8076       547
     ORDINAL     0.9133    0.9405    0.9267       504
         ORG     0.8631    0.9159    0.8887      1831
     PERCENT     0.4444    0.9231    0.6000        13
        PERS     0.8972    0.8726    0.8847       730
     PRODUCT     0.0000    0.0000    0.0000         5
    QUANTITY     0.0000    0.0000    0.0000         3
        TIME     0.0000    0.0000    0.0000        55
        UNIT     0.0000    0.0000    0.0000         3
     WEBSITE     0.4194    0.5778    0.4860        45

   micro avg     0.8562    0.8862    0.8710      8808
   macro avg     0.5233    0.6111    0.5578      8808
weighted avg     0.8552    0.8862    0.8696      8808

INFO	arabiner.trainers.BertNestedTrainer	Sat, 05 Aug 2023 19:47:56	Epoch 0 | Timestep 1052 | Train Loss 3.714724 | Val Loss 3.228266 | F1 0.870962
INFO	arabiner.trainers.BertNestedTrainer	Sat, 05 Aug 2023 19:47:56	** Validation improved, evaluating test data **
INFO	root	Sat, 05 Aug 2023 19:48:33	Predictions written to nested_res/ARBERTv2_UL_var_lr2e-5/predictions.txt
INFO	root	Sat, 05 Aug 2023 19:48:57	
              precision    recall  f1-score   support

    CARDINAL     0.0000    0.0000    0.0000         0
        CURR     0.0000    0.0000    0.0000         0
        DATE     0.0000    0.0000    0.0000         0
       EVENT     0.0000    0.0000    0.0000         0
         FAC     0.0000    0.0000    0.0000         0
         GPE     0.0000    0.0000    0.0000         0
         LAW     0.0000    0.0000    0.0000         0
         LOC     0.0000    0.0000    0.0000         0
       MONEY     0.0000    0.0000    0.0000         0
        NORP     0.0000    0.0000    0.0000         0
         OCC     0.0000    0.0000    0.0000         0
     ORDINAL     0.0000    0.0000    0.0000         0
         ORG     0.0000    0.0000    0.0000         0
     PERCENT     0.0000    0.0000    0.0000         0
        PERS     0.0000    0.0000    0.0000         0
     WEBSITE     0.0000    0.0000    0.0000         0
        pad>     0.0000    0.0000    0.0000         0

   micro avg     0.0000    0.0000    0.0000         0
   macro avg     0.0000    0.0000    0.0000         0
weighted avg     0.0000    0.0000    0.0000         0

INFO	arabiner.trainers.BertNestedTrainer	Sat, 05 Aug 2023 19:49:19	Epoch 0 | Timestep 1052 | Test Loss 12.531887 | F1 0.000000
INFO	arabiner.trainers.BaseTrainer	Sat, 05 Aug 2023 19:49:19	Saving checkpoint to nested_res/ARBERTv2_UL_var_lr2e-5/checkpoints/checkpoint_0.pt
INFO	arabiner.trainers.BertNestedTrainer	Sat, 05 Aug 2023 19:53:02	Epoch 1 | Batch 1052/1052 | Timestep 2104 | LR 0.0000173333 | Loss 3.511619
INFO	arabiner.trainers.BertNestedTrainer	Sat, 05 Aug 2023 19:53:02	** Evaluating on validation dataset **
INFO	root	Sat, 05 Aug 2023 19:53:33	
              precision    recall  f1-score   support

    CARDINAL     0.8333    0.8197    0.8264       183
        CURR     0.8000    0.9524    0.8696        21
        DATE     0.9358    0.9511    0.9434      1656
       EVENT     0.6635    0.7828    0.7182       267
         FAC     0.4643    0.8198    0.5928       111
         GPE     0.9425    0.9560    0.9492      2159
    LANGUAGE     0.4054    1.0000    0.5769        15
         LAW     0.5417    0.8864    0.6724        44
         LOC     0.4231    0.7237    0.5340        76
       MONEY     0.6071    0.8500    0.7083        20
        NORP     0.6410    0.7692    0.6993       520
         OCC     0.8442    0.8720    0.8579       547
     ORDINAL     0.9045    0.9583    0.9306       504
         ORG     0.9073    0.9192    0.9132      1831
     PERCENT     0.8125    1.0000    0.8966        13
        PERS     0.9037    0.9260    0.9147       730
     PRODUCT     0.0000    0.0000    0.0000         5
    QUANTITY     0.0938    1.0000    0.1714         3
        TIME     0.5068    0.6727    0.5781        55
        UNIT     0.7500    1.0000    0.8571         3
     WEBSITE     0.2270    0.7111    0.3441        45

   micro avg     0.8512    0.9130    0.8810      8808
   macro avg     0.6289    0.8367    0.6931      8808
weighted avg     0.8719    0.9130    0.8896      8808

INFO	arabiner.trainers.BertNestedTrainer	Sat, 05 Aug 2023 19:53:44	Epoch 1 | Timestep 2104 | Train Loss 2.683167 | Val Loss 3.156813 | F1 0.881025
INFO	arabiner.trainers.BertNestedTrainer	Sat, 05 Aug 2023 19:53:44	** Validation improved, evaluating test data **
INFO	root	Sat, 05 Aug 2023 19:54:22	Predictions written to nested_res/ARBERTv2_UL_var_lr2e-5/predictions.txt
INFO	root	Sat, 05 Aug 2023 19:54:45	
              precision    recall  f1-score   support

    CARDINAL     0.0000    0.0000    0.0000         0
        CURR     0.0000    0.0000    0.0000         0
        DATE     0.0000    0.0000    0.0000         0
       EVENT     0.0000    0.0000    0.0000         0
         FAC     0.0000    0.0000    0.0000         0
         GPE     0.0000    0.0000    0.0000         0
    LANGUAGE     0.0000    0.0000    0.0000         0
         LAW     0.0000    0.0000    0.0000         0
         LOC     0.0000    0.0000    0.0000         0
       MONEY     0.0000    0.0000    0.0000         0
        NORP     0.0000    0.0000    0.0000         0
         OCC     0.0000    0.0000    0.0000         0
     ORDINAL     0.0000    0.0000    0.0000         0
         ORG     0.0000    0.0000    0.0000         0
     PERCENT     0.0000    0.0000    0.0000         0
        PERS     0.0000    0.0000    0.0000         0
    QUANTITY     0.0000    0.0000    0.0000         0
        TIME     0.0000    0.0000    0.0000         0
        UNIT     0.0000    0.0000    0.0000         0
     WEBSITE     0.0000    0.0000    0.0000         0
        pad>     0.0000    0.0000    0.0000         0

   micro avg     0.0000    0.0000    0.0000         0
   macro avg     0.0000    0.0000    0.0000         0
weighted avg     0.0000    0.0000    0.0000         0

INFO	arabiner.trainers.BertNestedTrainer	Sat, 05 Aug 2023 19:55:07	Epoch 1 | Timestep 2104 | Test Loss 15.479203 | F1 0.000000
INFO	arabiner.trainers.BaseTrainer	Sat, 05 Aug 2023 19:55:07	Saving checkpoint to nested_res/ARBERTv2_UL_var_lr2e-5/checkpoints/checkpoint_1.pt
INFO	arabiner.trainers.BertNestedTrainer	Sat, 05 Aug 2023 19:58:51	Epoch 2 | Batch 1052/1052 | Timestep 3156 | LR 0.0000160000 | Loss 3.142784
INFO	arabiner.trainers.BertNestedTrainer	Sat, 05 Aug 2023 19:58:51	** Evaluating on validation dataset **
INFO	root	Sat, 05 Aug 2023 19:59:22	
              precision    recall  f1-score   support

    CARDINAL     0.8394    0.8852    0.8617       183
        CURR     1.0000    1.0000    1.0000        21
        DATE     0.9450    0.9547    0.9498      1656
       EVENT     0.7192    0.7865    0.7513       267
         FAC     0.5497    0.8468    0.6667       111
         GPE     0.9417    0.9643    0.9529      2159
    LANGUAGE     0.6667    0.9333    0.7778        15
         LAW     0.5882    0.9091    0.7143        44
         LOC     0.6170    0.7632    0.6824        76
       MONEY     0.7600    0.9500    0.8444        20
        NORP     0.6699    0.7923    0.7260       520
         OCC     0.8215    0.8665    0.8434       547
     ORDINAL     0.9271    0.9583    0.9424       504
         ORG     0.8985    0.9235    0.9109      1831
     PERCENT     0.8125    1.0000    0.8966        13
        PERS     0.9117    0.9479    0.9295       730
     PRODUCT     0.2500    0.2000    0.2222         5
    QUANTITY     0.3750    1.0000    0.5455         3
        TIME     0.6111    0.6000    0.6055        55
        UNIT     0.6000    1.0000    0.7500         3
     WEBSITE     0.4462    0.6444    0.5273        45

   micro avg     0.8749    0.9213    0.8975      8808
   macro avg     0.7119    0.8536    0.7667      8808
weighted avg     0.8819    0.9213    0.9002      8808

INFO	arabiner.trainers.BertNestedTrainer	Sat, 05 Aug 2023 19:59:33	Epoch 2 | Timestep 3156 | Train Loss 2.579010 | Val Loss 3.134713 | F1 0.897528
INFO	arabiner.trainers.BertNestedTrainer	Sat, 05 Aug 2023 19:59:33	** Validation improved, evaluating test data **
INFO	root	Sat, 05 Aug 2023 20:00:11	Predictions written to nested_res/ARBERTv2_UL_var_lr2e-5/predictions.txt
INFO	root	Sat, 05 Aug 2023 20:00:34	
              precision    recall  f1-score   support

    CARDINAL     0.0000    0.0000    0.0000         0
        CURR     0.0000    0.0000    0.0000         0
        DATE     0.0000    0.0000    0.0000         0
       EVENT     0.0000    0.0000    0.0000         0
         FAC     0.0000    0.0000    0.0000         0
         GPE     0.0000    0.0000    0.0000         0
    LANGUAGE     0.0000    0.0000    0.0000         0
         LAW     0.0000    0.0000    0.0000         0
         LOC     0.0000    0.0000    0.0000         0
       MONEY     0.0000    0.0000    0.0000         0
        NORP     0.0000    0.0000    0.0000         0
         OCC     0.0000    0.0000    0.0000         0
     ORDINAL     0.0000    0.0000    0.0000         0
         ORG     0.0000    0.0000    0.0000         0
     PERCENT     0.0000    0.0000    0.0000         0
        PERS     0.0000    0.0000    0.0000         0
     PRODUCT     0.0000    0.0000    0.0000         0
    QUANTITY     0.0000    0.0000    0.0000         0
        TIME     0.0000    0.0000    0.0000         0
        UNIT     0.0000    0.0000    0.0000         0
     WEBSITE     0.0000    0.0000    0.0000         0
        pad>     0.0000    0.0000    0.0000         0

   micro avg     0.0000    0.0000    0.0000         0
   macro avg     0.0000    0.0000    0.0000         0
weighted avg     0.0000    0.0000    0.0000         0

INFO	arabiner.trainers.BertNestedTrainer	Sat, 05 Aug 2023 20:00:56	Epoch 2 | Timestep 3156 | Test Loss 13.399262 | F1 0.000000
INFO	arabiner.trainers.BaseTrainer	Sat, 05 Aug 2023 20:00:56	Saving checkpoint to nested_res/ARBERTv2_UL_var_lr2e-5/checkpoints/checkpoint_2.pt
INFO	arabiner.trainers.BertNestedTrainer	Sat, 05 Aug 2023 20:04:41	Epoch 3 | Batch 1052/1052 | Timestep 4208 | LR 0.0000146667 | Loss 3.364647
INFO	arabiner.trainers.BertNestedTrainer	Sat, 05 Aug 2023 20:04:41	** Evaluating on validation dataset **
INFO	root	Sat, 05 Aug 2023 20:05:12	
              precision    recall  f1-score   support

    CARDINAL     0.8211    0.8525    0.8365       183
        CURR     1.0000    1.0000    1.0000        21
        DATE     0.9393    0.9529    0.9460      1656
       EVENT     0.8115    0.7903    0.8008       267
         FAC     0.7712    0.8198    0.7948       111
         GPE     0.9491    0.9667    0.9578      2159
    LANGUAGE     0.6000    1.0000    0.7500        15
         LAW     0.8125    0.8864    0.8478        44
         LOC     0.6591    0.7632    0.7073        76
       MONEY     0.8261    0.9500    0.8837        20
        NORP     0.6749    0.7865    0.7265       520
         OCC     0.8410    0.8702    0.8553       547
     ORDINAL     0.9431    0.9544    0.9487       504
         ORG     0.9219    0.9153    0.9186      1831
     PERCENT     0.9286    1.0000    0.9630        13
        PERS     0.9096    0.9507    0.9297       730
     PRODUCT     0.3333    0.2000    0.2500         5
    QUANTITY     0.7500    1.0000    0.8571         3
        TIME     0.5821    0.7091    0.6393        55
        UNIT     1.0000    1.0000    1.0000         3
     WEBSITE     0.5079    0.7111    0.5926        45

   micro avg     0.8934    0.9198    0.9064      8808
   macro avg     0.7896    0.8609    0.8193      8808
weighted avg     0.8971    0.9198    0.9078      8808

INFO	arabiner.trainers.BertNestedTrainer	Sat, 05 Aug 2023 20:05:23	Epoch 3 | Timestep 4208 | Train Loss 2.530844 | Val Loss 3.124773 | F1 0.906416
INFO	arabiner.trainers.BertNestedTrainer	Sat, 05 Aug 2023 20:05:24	** Validation improved, evaluating test data **
INFO	root	Sat, 05 Aug 2023 20:06:02	Predictions written to nested_res/ARBERTv2_UL_var_lr2e-5/predictions.txt
INFO	root	Sat, 05 Aug 2023 20:06:25	
              precision    recall  f1-score   support

    CARDINAL     0.0000    0.0000    0.0000         0
        CURR     0.0000    0.0000    0.0000         0
        DATE     0.0000    0.0000    0.0000         0
       EVENT     0.0000    0.0000    0.0000         0
         FAC     0.0000    0.0000    0.0000         0
         GPE     0.0000    0.0000    0.0000         0
    LANGUAGE     0.0000    0.0000    0.0000         0
         LAW     0.0000    0.0000    0.0000         0
         LOC     0.0000    0.0000    0.0000         0
       MONEY     0.0000    0.0000    0.0000         0
        NORP     0.0000    0.0000    0.0000         0
         OCC     0.0000    0.0000    0.0000         0
     ORDINAL     0.0000    0.0000    0.0000         0
         ORG     0.0000    0.0000    0.0000         0
     PERCENT     0.0000    0.0000    0.0000         0
        PERS     0.0000    0.0000    0.0000         0
     PRODUCT     0.0000    0.0000    0.0000         0
    QUANTITY     0.0000    0.0000    0.0000         0
        TIME     0.0000    0.0000    0.0000         0
        UNIT     0.0000    0.0000    0.0000         0
     WEBSITE     0.0000    0.0000    0.0000         0
        pad>     0.0000    0.0000    0.0000         0

   micro avg     0.0000    0.0000    0.0000         0
   macro avg     0.0000    0.0000    0.0000         0
weighted avg     0.0000    0.0000    0.0000         0

INFO	arabiner.trainers.BertNestedTrainer	Sat, 05 Aug 2023 20:06:46	Epoch 3 | Timestep 4208 | Test Loss 20.410990 | F1 0.000000
INFO	arabiner.trainers.BaseTrainer	Sat, 05 Aug 2023 20:06:46	Saving checkpoint to nested_res/ARBERTv2_UL_var_lr2e-5/checkpoints/checkpoint_3.pt
INFO	arabiner.trainers.BertNestedTrainer	Sat, 05 Aug 2023 20:10:30	Epoch 4 | Batch 1052/1052 | Timestep 5260 | LR 0.0000133333 | Loss 2.836931
INFO	arabiner.trainers.BertNestedTrainer	Sat, 05 Aug 2023 20:10:30	** Evaluating on validation dataset **
INFO	root	Sat, 05 Aug 2023 20:11:01	
              precision    recall  f1-score   support

    CARDINAL     0.8844    0.8361    0.8596       183
        CURR     1.0000    1.0000    1.0000        21
        DATE     0.9467    0.9541    0.9504      1656
       EVENT     0.7491    0.7940    0.7709       267
         FAC     0.6786    0.8559    0.7570       111
         GPE     0.9549    0.9620    0.9585      2159
    LANGUAGE     0.7143    1.0000    0.8333        15
         LAW     0.7843    0.9091    0.8421        44
         LOC     0.6632    0.8289    0.7368        76
       MONEY     0.8571    0.9000    0.8780        20
        NORP     0.7120    0.7750    0.7422       520
         OCC     0.8339    0.8903    0.8612       547
     ORDINAL     0.9240    0.9643    0.9437       504
         ORG     0.9276    0.9241    0.9259      1831
     PERCENT     0.9286    1.0000    0.9630        13
        PERS     0.9035    0.9493    0.9259       730
     PRODUCT     0.3750    0.6000    0.4615         5
    QUANTITY     1.0000    1.0000    1.0000         3
        TIME     0.6613    0.7455    0.7009        55
        UNIT     1.0000    1.0000    1.0000         3
     WEBSITE     0.5833    0.6222    0.6022        45

   micro avg     0.8975    0.9226    0.9099      8808
   macro avg     0.8134    0.8815    0.8435      8808
weighted avg     0.9007    0.9226    0.9111      8808

INFO	arabiner.trainers.BertNestedTrainer	Sat, 05 Aug 2023 20:11:12	Epoch 4 | Timestep 5260 | Train Loss 2.504171 | Val Loss 3.120789 | F1 0.909865
INFO	arabiner.trainers.BertNestedTrainer	Sat, 05 Aug 2023 20:11:12	** Validation improved, evaluating test data **
INFO	root	Sat, 05 Aug 2023 20:11:49	Predictions written to nested_res/ARBERTv2_UL_var_lr2e-5/predictions.txt
INFO	root	Sat, 05 Aug 2023 20:12:13	
              precision    recall  f1-score   support

    CARDINAL     0.0000    0.0000    0.0000         0
        CURR     0.0000    0.0000    0.0000         0
        DATE     0.0000    0.0000    0.0000         0
       EVENT     0.0000    0.0000    0.0000         0
         FAC     0.0000    0.0000    0.0000         0
         GPE     0.0000    0.0000    0.0000         0
    LANGUAGE     0.0000    0.0000    0.0000         0
         LAW     0.0000    0.0000    0.0000         0
         LOC     0.0000    0.0000    0.0000         0
       MONEY     0.0000    0.0000    0.0000         0
        NORP     0.0000    0.0000    0.0000         0
         OCC     0.0000    0.0000    0.0000         0
     ORDINAL     0.0000    0.0000    0.0000         0
         ORG     0.0000    0.0000    0.0000         0
     PERCENT     0.0000    0.0000    0.0000         0
        PERS     0.0000    0.0000    0.0000         0
     PRODUCT     0.0000    0.0000    0.0000         0
    QUANTITY     0.0000    0.0000    0.0000         0
        TIME     0.0000    0.0000    0.0000         0
        UNIT     0.0000    0.0000    0.0000         0
     WEBSITE     0.0000    0.0000    0.0000         0
        pad>     0.0000    0.0000    0.0000         0

   micro avg     0.0000    0.0000    0.0000         0
   macro avg     0.0000    0.0000    0.0000         0
weighted avg     0.0000    0.0000    0.0000         0

INFO	arabiner.trainers.BertNestedTrainer	Sat, 05 Aug 2023 20:12:35	Epoch 4 | Timestep 5260 | Test Loss 16.431160 | F1 0.000000
INFO	arabiner.trainers.BaseTrainer	Sat, 05 Aug 2023 20:12:35	Saving checkpoint to nested_res/ARBERTv2_UL_var_lr2e-5/checkpoints/checkpoint_4.pt
INFO	arabiner.trainers.BertNestedTrainer	Sat, 05 Aug 2023 20:16:18	Epoch 5 | Batch 1052/1052 | Timestep 6312 | LR 0.0000120000 | Loss 2.568126
INFO	arabiner.trainers.BertNestedTrainer	Sat, 05 Aug 2023 20:16:18	** Evaluating on validation dataset **
INFO	root	Sat, 05 Aug 2023 20:16:50	
              precision    recall  f1-score   support

    CARDINAL     0.8807    0.8470    0.8635       183
        CURR     1.0000    1.0000    1.0000        21
        DATE     0.9368    0.9577    0.9471      1656
       EVENT     0.6626    0.8090    0.7285       267
         FAC     0.7308    0.8559    0.7884       111
         GPE     0.9531    0.9694    0.9612      2159
    LANGUAGE     0.8125    0.8667    0.8387        15
         LAW     0.9302    0.9091    0.9195        44
         LOC     0.6354    0.8026    0.7093        76
       MONEY     0.9048    0.9500    0.9268        20
        NORP     0.7320    0.7827    0.7565       520
         OCC     0.8291    0.8867    0.8569       547
     ORDINAL     0.9241    0.9663    0.9447       504
         ORG     0.9177    0.9323    0.9250      1831
     PERCENT     0.9286    1.0000    0.9630        13
        PERS     0.9163    0.9603    0.9378       730
     PRODUCT     0.3750    0.6000    0.4615         5
    QUANTITY     0.7500    1.0000    0.8571         3
        TIME     0.6143    0.7818    0.6880        55
        UNIT     1.0000    1.0000    1.0000         3
     WEBSITE     0.6522    0.6667    0.6593        45

   micro avg     0.8935    0.9288    0.9108      8808
   macro avg     0.8136    0.8830    0.8444      8808
weighted avg     0.8969    0.9288    0.9122      8808

INFO	arabiner.trainers.BertNestedTrainer	Sat, 05 Aug 2023 20:17:01	Epoch 5 | Timestep 6312 | Train Loss 2.343144 | Val Loss 2.757718 | F1 0.910822
INFO	arabiner.trainers.BertNestedTrainer	Sat, 05 Aug 2023 20:17:01	** Validation improved, evaluating test data **
INFO	root	Sat, 05 Aug 2023 20:17:38	Predictions written to nested_res/ARBERTv2_UL_var_lr2e-5/predictions.txt
INFO	root	Sat, 05 Aug 2023 20:18:02	
              precision    recall  f1-score   support

    CARDINAL     0.0000    0.0000    0.0000         0
        CURR     0.0000    0.0000    0.0000         0
        DATE     0.0000    0.0000    0.0000         0
       EVENT     0.0000    0.0000    0.0000         0
         FAC     0.0000    0.0000    0.0000         0
         GPE     0.0000    0.0000    0.0000         0
    LANGUAGE     0.0000    0.0000    0.0000         0
         LAW     0.0000    0.0000    0.0000         0
         LOC     0.0000    0.0000    0.0000         0
       MONEY     0.0000    0.0000    0.0000         0
        NORP     0.0000    0.0000    0.0000         0
         OCC     0.0000    0.0000    0.0000         0
     ORDINAL     0.0000    0.0000    0.0000         0
         ORG     0.0000    0.0000    0.0000         0
     PERCENT     0.0000    0.0000    0.0000         0
        PERS     0.0000    0.0000    0.0000         0
     PRODUCT     0.0000    0.0000    0.0000         0
    QUANTITY     0.0000    0.0000    0.0000         0
        TIME     0.0000    0.0000    0.0000         0
        UNIT     0.0000    0.0000    0.0000         0
     WEBSITE     0.0000    0.0000    0.0000         0
        pad>     0.0000    0.0000    0.0000         0

   micro avg     0.0000    0.0000    0.0000         0
   macro avg     0.0000    0.0000    0.0000         0
weighted avg     0.0000    0.0000    0.0000         0

INFO	arabiner.trainers.BertNestedTrainer	Sat, 05 Aug 2023 20:18:24	Epoch 5 | Timestep 6312 | Test Loss 16.988394 | F1 0.000000
INFO	arabiner.trainers.BaseTrainer	Sat, 05 Aug 2023 20:18:24	Saving checkpoint to nested_res/ARBERTv2_UL_var_lr2e-5/checkpoints/checkpoint_5.pt
INFO	arabiner.trainers.BertNestedTrainer	Sat, 05 Aug 2023 20:22:08	Epoch 6 | Batch 1052/1052 | Timestep 7364 | LR 0.0000106667 | Loss 1.880986
INFO	arabiner.trainers.BertNestedTrainer	Sat, 05 Aug 2023 20:22:08	** Evaluating on validation dataset **
INFO	root	Sat, 05 Aug 2023 20:22:40	
              precision    recall  f1-score   support

    CARDINAL     0.8920    0.8579    0.8747       183
        CURR     1.0000    1.0000    1.0000        21
        DATE     0.9516    0.9614    0.9564      1656
       EVENT     0.6865    0.8202    0.7474       267
         FAC     0.7209    0.8378    0.7750       111
         GPE     0.9468    0.9736    0.9600      2159
    LANGUAGE     0.0000    0.0000    0.0000        15
         LAW     0.8478    0.8864    0.8667        44
         LOC     0.7407    0.7895    0.7643        76
       MONEY     0.9048    0.9500    0.9268        20
        NORP     0.7143    0.7981    0.7539       520
         OCC     0.8524    0.8976    0.8744       547
     ORDINAL     0.9363    0.9623    0.9491       504
         ORG     0.9145    0.9285    0.9214      1831
     PERCENT     1.0000    1.0000    1.0000        13
        PERS     0.9278    0.9507    0.9391       730
     PRODUCT     0.6667    0.4000    0.5000         5
    QUANTITY     0.0000    0.0000    0.0000         3
        TIME     0.6212    0.7455    0.6777        55
        UNIT     0.0000    0.0000    0.0000         3
     WEBSITE     0.5833    0.6222    0.6022        45

   micro avg     0.8979    0.9277    0.9126      8808
   macro avg     0.7099    0.7325    0.7185      8808
weighted avg     0.8989    0.9277    0.9127      8808

INFO	arabiner.trainers.BertNestedTrainer	Sat, 05 Aug 2023 20:22:51	Epoch 6 | Timestep 7364 | Train Loss 1.822039 | Val Loss 1.817317 | F1 0.912553
INFO	arabiner.trainers.BertNestedTrainer	Sat, 05 Aug 2023 20:22:51	** Validation improved, evaluating test data **
INFO	root	Sat, 05 Aug 2023 20:23:29	Predictions written to nested_res/ARBERTv2_UL_var_lr2e-5/predictions.txt
INFO	root	Sat, 05 Aug 2023 20:23:52	
              precision    recall  f1-score   support

    CARDINAL     0.0000    0.0000    0.0000         0
        CURR     0.0000    0.0000    0.0000         0
        DATE     0.0000    0.0000    0.0000         0
       EVENT     0.0000    0.0000    0.0000         0
         FAC     0.0000    0.0000    0.0000         0
         GPE     0.0000    0.0000    0.0000         0
         LAW     0.0000    0.0000    0.0000         0
         LOC     0.0000    0.0000    0.0000         0
       MONEY     0.0000    0.0000    0.0000         0
        NORP     0.0000    0.0000    0.0000         0
         OCC     0.0000    0.0000    0.0000         0
     ORDINAL     0.0000    0.0000    0.0000         0
         ORG     0.0000    0.0000    0.0000         0
     PERCENT     0.0000    0.0000    0.0000         0
        PERS     0.0000    0.0000    0.0000         0
     PRODUCT     0.0000    0.0000    0.0000         0
    QUANTITY     0.0000    0.0000    0.0000         0
        TIME     0.0000    0.0000    0.0000         0
     WEBSITE     0.0000    0.0000    0.0000         0
        pad>     0.0000    0.0000    0.0000         0

   micro avg     0.0000    0.0000    0.0000         0
   macro avg     0.0000    0.0000    0.0000         0
weighted avg     0.0000    0.0000    0.0000         0

INFO	arabiner.trainers.BertNestedTrainer	Sat, 05 Aug 2023 20:24:14	Epoch 6 | Timestep 7364 | Test Loss 11.002705 | F1 0.000000
INFO	arabiner.trainers.BaseTrainer	Sat, 05 Aug 2023 20:24:14	Saving checkpoint to nested_res/ARBERTv2_UL_var_lr2e-5/checkpoints/checkpoint_6.pt
INFO	arabiner.trainers.BertNestedTrainer	Sat, 05 Aug 2023 20:27:57	Epoch 7 | Batch 1052/1052 | Timestep 8416 | LR 0.0000093333 | Loss 1.205876
INFO	arabiner.trainers.BertNestedTrainer	Sat, 05 Aug 2023 20:27:57	** Evaluating on validation dataset **
INFO	root	Sat, 05 Aug 2023 20:28:28	
              precision    recall  f1-score   support

    CARDINAL     0.8950    0.8852    0.8901       183
        CURR     1.0000    1.0000    1.0000        21
        DATE     0.9514    0.9577    0.9546      1656
       EVENT     0.7614    0.8127    0.7862       267
         FAC     0.7381    0.8378    0.7848       111
         GPE     0.9568    0.9639    0.9603      2159
    LANGUAGE     0.8125    0.8667    0.8387        15
         LAW     0.8889    0.9091    0.8989        44
         LOC     0.7722    0.8026    0.7871        76
       MONEY     0.8571    0.9000    0.8780        20
        NORP     0.7667    0.7712    0.7689       520
         OCC     0.8507    0.8958    0.8727       547
     ORDINAL     0.9508    0.9583    0.9545       504
         ORG     0.9293    0.9334    0.9313      1831
     PERCENT     0.8571    0.9231    0.8889        13
        PERS     0.9369    0.9562    0.9464       730
     PRODUCT     0.7500    0.6000    0.6667         5
    QUANTITY     1.0000    1.0000    1.0000         3
        TIME     0.7288    0.7818    0.7544        55
        UNIT     0.0000    0.0000    0.0000         3
     WEBSITE     0.4750    0.4222    0.4471        45

   micro avg     0.9133    0.9256    0.9194      8808
   macro avg     0.8038    0.8180    0.8100      8808
weighted avg     0.9135    0.9256    0.9194      8808

INFO	arabiner.trainers.BertNestedTrainer	Sat, 05 Aug 2023 20:28:40	Epoch 7 | Timestep 8416 | Train Loss 1.078866 | Val Loss 1.479576 | F1 0.919425
INFO	arabiner.trainers.BertNestedTrainer	Sat, 05 Aug 2023 20:28:40	** Validation improved, evaluating test data **
INFO	root	Sat, 05 Aug 2023 20:29:18	Predictions written to nested_res/ARBERTv2_UL_var_lr2e-5/predictions.txt
INFO	root	Sat, 05 Aug 2023 20:29:41	
              precision    recall  f1-score   support

    CARDINAL     0.0000    0.0000    0.0000         0
        CURR     0.0000    0.0000    0.0000         0
        DATE     0.0000    0.0000    0.0000         0
       EVENT     0.0000    0.0000    0.0000         0
         FAC     0.0000    0.0000    0.0000         0
         GPE     0.0000    0.0000    0.0000         0
    LANGUAGE     0.0000    0.0000    0.0000         0
         LAW     0.0000    0.0000    0.0000         0
         LOC     0.0000    0.0000    0.0000         0
       MONEY     0.0000    0.0000    0.0000         0
        NORP     0.0000    0.0000    0.0000         0
         OCC     0.0000    0.0000    0.0000         0
     ORDINAL     0.0000    0.0000    0.0000         0
         ORG     0.0000    0.0000    0.0000         0
     PERCENT     0.0000    0.0000    0.0000         0
        PERS     0.0000    0.0000    0.0000         0
     PRODUCT     0.0000    0.0000    0.0000         0
    QUANTITY     0.0000    0.0000    0.0000         0
        TIME     0.0000    0.0000    0.0000         0
     WEBSITE     0.0000    0.0000    0.0000         0
        pad>     0.0000    0.0000    0.0000         0

   micro avg     0.0000    0.0000    0.0000         0
   macro avg     0.0000    0.0000    0.0000         0
weighted avg     0.0000    0.0000    0.0000         0

INFO	arabiner.trainers.BertNestedTrainer	Sat, 05 Aug 2023 20:30:04	Epoch 7 | Timestep 8416 | Test Loss 11.242187 | F1 0.000000
INFO	arabiner.trainers.BaseTrainer	Sat, 05 Aug 2023 20:30:04	Saving checkpoint to nested_res/ARBERTv2_UL_var_lr2e-5/checkpoints/checkpoint_7.pt
INFO	arabiner.trainers.BertNestedTrainer	Sat, 05 Aug 2023 20:33:49	Epoch 8 | Batch 1052/1052 | Timestep 9468 | LR 0.0000080000 | Loss 1.119259
INFO	arabiner.trainers.BertNestedTrainer	Sat, 05 Aug 2023 20:33:49	** Evaluating on validation dataset **
INFO	root	Sat, 05 Aug 2023 20:34:20	
              precision    recall  f1-score   support

    CARDINAL     0.9226    0.8470    0.8832       183
        CURR     1.0000    1.0000    1.0000        21
        DATE     0.9514    0.9577    0.9546      1656
       EVENT     0.7794    0.8202    0.7993       267
         FAC     0.7686    0.8378    0.8017       111
         GPE     0.9570    0.9685    0.9627      2159
    LANGUAGE     0.8235    0.9333    0.8750        15
         LAW     0.8913    0.9318    0.9111        44
         LOC     0.8906    0.7500    0.8143        76
       MONEY     0.9048    0.9500    0.9268        20
        NORP     0.7413    0.8154    0.7766       520
         OCC     0.8505    0.9049    0.8769       547
     ORDINAL     0.9578    0.9464    0.9521       504
         ORG     0.9224    0.9345    0.9284      1831
     PERCENT     1.0000    1.0000    1.0000        13
        PERS     0.9462    0.9630    0.9545       730
     PRODUCT     0.5000    0.4000    0.4444         5
    QUANTITY     1.0000    1.0000    1.0000         3
        TIME     0.7593    0.7455    0.7523        55
        UNIT     0.0000    0.0000    0.0000         3
     WEBSITE     0.5758    0.4222    0.4872        45

   micro avg     0.9146    0.9292    0.9218      8808
   macro avg     0.8163    0.8156    0.8143      8808
weighted avg     0.9152    0.9292    0.9218      8808

INFO	arabiner.trainers.BertNestedTrainer	Sat, 05 Aug 2023 20:34:31	Epoch 8 | Timestep 9468 | Train Loss 0.763719 | Val Loss 1.106472 | F1 0.921829
INFO	arabiner.trainers.BertNestedTrainer	Sat, 05 Aug 2023 20:34:31	** Validation improved, evaluating test data **
INFO	root	Sat, 05 Aug 2023 20:35:10	Predictions written to nested_res/ARBERTv2_UL_var_lr2e-5/predictions.txt
INFO	root	Sat, 05 Aug 2023 20:35:33	
              precision    recall  f1-score   support

    CARDINAL     0.0000    0.0000    0.0000         0
        CURR     0.0000    0.0000    0.0000         0
        DATE     0.0000    0.0000    0.0000         0
       EVENT     0.0000    0.0000    0.0000         0
         FAC     0.0000    0.0000    0.0000         0
         GPE     0.0000    0.0000    0.0000         0
    LANGUAGE     0.0000    0.0000    0.0000         0
         LAW     0.0000    0.0000    0.0000         0
         LOC     0.0000    0.0000    0.0000         0
       MONEY     0.0000    0.0000    0.0000         0
        NORP     0.0000    0.0000    0.0000         0
         OCC     0.0000    0.0000    0.0000         0
     ORDINAL     0.0000    0.0000    0.0000         0
         ORG     0.0000    0.0000    0.0000         0
     PERCENT     0.0000    0.0000    0.0000         0
        PERS     0.0000    0.0000    0.0000         0
     PRODUCT     0.0000    0.0000    0.0000         0
    QUANTITY     0.0000    0.0000    0.0000         0
        TIME     0.0000    0.0000    0.0000         0
     WEBSITE     0.0000    0.0000    0.0000         0
        pad>     0.0000    0.0000    0.0000         0

   micro avg     0.0000    0.0000    0.0000         0
   macro avg     0.0000    0.0000    0.0000         0
weighted avg     0.0000    0.0000    0.0000         0

INFO	arabiner.trainers.BertNestedTrainer	Sat, 05 Aug 2023 20:35:55	Epoch 8 | Timestep 9468 | Test Loss 11.245224 | F1 0.000000
INFO	arabiner.trainers.BaseTrainer	Sat, 05 Aug 2023 20:35:55	Saving checkpoint to nested_res/ARBERTv2_UL_var_lr2e-5/checkpoints/checkpoint_8.pt
INFO	arabiner.trainers.BertNestedTrainer	Sat, 05 Aug 2023 20:39:40	Epoch 9 | Batch 1052/1052 | Timestep 10520 | LR 0.0000066667 | Loss 1.178657
INFO	arabiner.trainers.BertNestedTrainer	Sat, 05 Aug 2023 20:39:40	** Evaluating on validation dataset **
INFO	root	Sat, 05 Aug 2023 20:40:11	
              precision    recall  f1-score   support

    CARDINAL     0.8977    0.8634    0.8802       183
        CURR     1.0000    1.0000    1.0000        21
        DATE     0.9515    0.9595    0.9555      1656
       EVENT     0.7400    0.8315    0.7831       267
         FAC     0.7750    0.8378    0.8052       111
         GPE     0.9549    0.9704    0.9626      2159
    LANGUAGE     0.8235    0.9333    0.8750        15
         LAW     0.8723    0.9318    0.9011        44
         LOC     0.8451    0.7895    0.8163        76
       MONEY     0.9048    0.9500    0.9268        20
        NORP     0.7660    0.7808    0.7733       520
         OCC     0.8594    0.8940    0.8763       547
     ORDINAL     0.9471    0.9583    0.9527       504
         ORG     0.9221    0.9372    0.9296      1831
     PERCENT     1.0000    1.0000    1.0000        13
        PERS     0.9395    0.9575    0.9484       730
     PRODUCT     0.0000    0.0000    0.0000         5
    QUANTITY     1.0000    1.0000    1.0000         3
        TIME     0.7455    0.7455    0.7455        55
        UNIT     0.0000    0.0000    0.0000         3
     WEBSITE     0.5870    0.6000    0.5934        45

   micro avg     0.9128    0.9297    0.9212      8808
   macro avg     0.7872    0.8067    0.7964      8808
weighted avg     0.9131    0.9297    0.9212      8808

INFO	arabiner.trainers.BertNestedTrainer	Sat, 05 Aug 2023 20:40:22	Epoch 9 | Timestep 10520 | Train Loss 0.347337 | Val Loss 0.832716 | F1 0.921199
INFO	arabiner.trainers.BertNestedTrainer	Sat, 05 Aug 2023 20:40:22	** Validation improved, evaluating test data **
INFO	root	Sat, 05 Aug 2023 20:41:00	Predictions written to nested_res/ARBERTv2_UL_var_lr2e-5/predictions.txt
INFO	root	Sat, 05 Aug 2023 20:41:24	
              precision    recall  f1-score   support

    CARDINAL     0.0000    0.0000    0.0000         0
        CURR     0.0000    0.0000    0.0000         0
        DATE     0.0000    0.0000    0.0000         0
       EVENT     0.0000    0.0000    0.0000         0
         FAC     0.0000    0.0000    0.0000         0
         GPE     0.0000    0.0000    0.0000         0
    LANGUAGE     0.0000    0.0000    0.0000         0
         LAW     0.0000    0.0000    0.0000         0
         LOC     0.0000    0.0000    0.0000         0
       MONEY     0.0000    0.0000    0.0000         0
        NORP     0.0000    0.0000    0.0000         0
         OCC     0.0000    0.0000    0.0000         0
     ORDINAL     0.0000    0.0000    0.0000         0
         ORG     0.0000    0.0000    0.0000         0
     PERCENT     0.0000    0.0000    0.0000         0
        PERS     0.0000    0.0000    0.0000         0
     PRODUCT     0.0000    0.0000    0.0000         0
    QUANTITY     0.0000    0.0000    0.0000         0
        TIME     0.0000    0.0000    0.0000         0
     WEBSITE     0.0000    0.0000    0.0000         0
        pad>     0.0000    0.0000    0.0000         0

   micro avg     0.0000    0.0000    0.0000         0
   macro avg     0.0000    0.0000    0.0000         0
weighted avg     0.0000    0.0000    0.0000         0

INFO	arabiner.trainers.BertNestedTrainer	Sat, 05 Aug 2023 20:41:46	Epoch 9 | Timestep 10520 | Test Loss 16.076014 | F1 0.000000
INFO	arabiner.trainers.BaseTrainer	Sat, 05 Aug 2023 20:41:46	Saving checkpoint to nested_res/ARBERTv2_UL_var_lr2e-5/checkpoints/checkpoint_9.pt
INFO	arabiner.trainers.BertNestedTrainer	Sat, 05 Aug 2023 20:45:30	Epoch 10 | Batch 1052/1052 | Timestep 11572 | LR 0.0000053333 | Loss 0.466784
INFO	arabiner.trainers.BertNestedTrainer	Sat, 05 Aug 2023 20:45:30	** Evaluating on validation dataset **
INFO	root	Sat, 05 Aug 2023 20:46:01	
              precision    recall  f1-score   support

    CARDINAL     0.9167    0.9016    0.9091       183
        CURR     1.0000    1.0000    1.0000        21
        DATE     0.9572    0.9595    0.9584      1656
       EVENT     0.7466    0.8277    0.7851       267
         FAC     0.8288    0.8288    0.8288       111
         GPE     0.9561    0.9694    0.9627      2159
    LANGUAGE     0.8000    0.8000    0.8000        15
         LAW     0.9524    0.9091    0.9302        44
         LOC     0.8286    0.7632    0.7945        76
       MONEY     0.9048    0.9500    0.9268        20
        NORP     0.7563    0.8058    0.7803       520
         OCC     0.8602    0.8885    0.8741       547
     ORDINAL     0.9470    0.9563    0.9516       504
         ORG     0.9223    0.9399    0.9310      1831
     PERCENT     0.9231    0.9231    0.9231        13
        PERS     0.9419    0.9548    0.9483       730
     PRODUCT     0.0000    0.0000    0.0000         5
    QUANTITY     1.0000    1.0000    1.0000         3
        TIME     0.7500    0.7636    0.7568        55
        UNIT     0.0000    0.0000    0.0000         3
     WEBSITE     0.5588    0.4222    0.4810        45

   micro avg     0.9156    0.9300    0.9227      8808
   macro avg     0.7881    0.7887    0.7877      8808
weighted avg     0.9155    0.9300    0.9225      8808

INFO	arabiner.trainers.BertNestedTrainer	Sat, 05 Aug 2023 20:46:12	Epoch 10 | Timestep 11572 | Train Loss 0.224338 | Val Loss 0.695334 | F1 0.922722
INFO	arabiner.trainers.BertNestedTrainer	Sat, 05 Aug 2023 20:46:12	** Validation improved, evaluating test data **
INFO	root	Sat, 05 Aug 2023 20:46:50	Predictions written to nested_res/ARBERTv2_UL_var_lr2e-5/predictions.txt
INFO	root	Sat, 05 Aug 2023 20:47:15	
              precision    recall  f1-score   support

    CARDINAL     0.0000    0.0000    0.0000         0
        CURR     0.0000    0.0000    0.0000         0
        DATE     0.0000    0.0000    0.0000         0
       EVENT     0.0000    0.0000    0.0000         0
         FAC     0.0000    0.0000    0.0000         0
         GPE     0.0000    0.0000    0.0000         0
    LANGUAGE     0.0000    0.0000    0.0000         0
         LAW     0.0000    0.0000    0.0000         0
         LOC     0.0000    0.0000    0.0000         0
       MONEY     0.0000    0.0000    0.0000         0
        NORP     0.0000    0.0000    0.0000         0
         OCC     0.0000    0.0000    0.0000         0
     ORDINAL     0.0000    0.0000    0.0000         0
         ORG     0.0000    0.0000    0.0000         0
     PERCENT     0.0000    0.0000    0.0000         0
        PERS     0.0000    0.0000    0.0000         0
     PRODUCT     0.0000    0.0000    0.0000         0
    QUANTITY     0.0000    0.0000    0.0000         0
        TIME     0.0000    0.0000    0.0000         0
     WEBSITE     0.0000    0.0000    0.0000         0
        pad>     0.0000    0.0000    0.0000         0

   micro avg     0.0000    0.0000    0.0000         0
   macro avg     0.0000    0.0000    0.0000         0
weighted avg     0.0000    0.0000    0.0000         0

INFO	arabiner.trainers.BertNestedTrainer	Sat, 05 Aug 2023 20:47:37	Epoch 10 | Timestep 11572 | Test Loss 16.640495 | F1 0.000000
INFO	arabiner.trainers.BaseTrainer	Sat, 05 Aug 2023 20:47:37	Saving checkpoint to nested_res/ARBERTv2_UL_var_lr2e-5/checkpoints/checkpoint_10.pt
INFO	arabiner.trainers.BertNestedTrainer	Sat, 05 Aug 2023 20:51:21	Epoch 11 | Batch 1052/1052 | Timestep 12624 | LR 0.0000040000 | Loss 0.616816
INFO	arabiner.trainers.BertNestedTrainer	Sat, 05 Aug 2023 20:51:21	** Evaluating on validation dataset **
INFO	root	Sat, 05 Aug 2023 20:51:53	
              precision    recall  f1-score   support

    CARDINAL     0.9116    0.9016    0.9066       183
        CURR     1.0000    1.0000    1.0000        21
        DATE     0.9532    0.9589    0.9561      1656
       EVENT     0.7893    0.8277    0.8080       267
         FAC     0.7642    0.8468    0.8034       111
         GPE     0.9557    0.9690    0.9623      2159
    LANGUAGE     0.7500    1.0000    0.8571        15
         LAW     0.9524    0.9091    0.9302        44
         LOC     0.8243    0.8026    0.8133        76
       MONEY     0.9048    0.9500    0.9268        20
        NORP     0.7811    0.7962    0.7886       520
         OCC     0.8634    0.9013    0.8819       547
     ORDINAL     0.9414    0.9563    0.9488       504
         ORG     0.9263    0.9399    0.9330      1831
     PERCENT     1.0000    1.0000    1.0000        13
        PERS     0.9436    0.9630    0.9532       730
     PRODUCT     0.0000    0.0000    0.0000         5
    QUANTITY     1.0000    1.0000    1.0000         3
        TIME     0.7193    0.7455    0.7321        55
        UNIT     0.0000    0.0000    0.0000         3
     WEBSITE     0.6316    0.5333    0.5783        45

   micro avg     0.9177    0.9321    0.9249      8808
   macro avg     0.7911    0.8096    0.7990      8808
weighted avg     0.9174    0.9321    0.9246      8808

INFO	arabiner.trainers.BertNestedTrainer	Sat, 05 Aug 2023 20:52:05	Epoch 11 | Timestep 12624 | Train Loss 0.180201 | Val Loss 0.689342 | F1 0.924862
INFO	arabiner.trainers.BertNestedTrainer	Sat, 05 Aug 2023 20:52:05	** Validation improved, evaluating test data **
INFO	root	Sat, 05 Aug 2023 20:52:42	Predictions written to nested_res/ARBERTv2_UL_var_lr2e-5/predictions.txt
INFO	root	Sat, 05 Aug 2023 20:53:06	
              precision    recall  f1-score   support

    CARDINAL     0.0000    0.0000    0.0000         0
        CURR     0.0000    0.0000    0.0000         0
        DATE     0.0000    0.0000    0.0000         0
       EVENT     0.0000    0.0000    0.0000         0
         FAC     0.0000    0.0000    0.0000         0
         GPE     0.0000    0.0000    0.0000         0
    LANGUAGE     0.0000    0.0000    0.0000         0
         LAW     0.0000    0.0000    0.0000         0
         LOC     0.0000    0.0000    0.0000         0
       MONEY     0.0000    0.0000    0.0000         0
        NORP     0.0000    0.0000    0.0000         0
         OCC     0.0000    0.0000    0.0000         0
     ORDINAL     0.0000    0.0000    0.0000         0
         ORG     0.0000    0.0000    0.0000         0
     PERCENT     0.0000    0.0000    0.0000         0
        PERS     0.0000    0.0000    0.0000         0
     PRODUCT     0.0000    0.0000    0.0000         0
    QUANTITY     0.0000    0.0000    0.0000         0
        TIME     0.0000    0.0000    0.0000         0
     WEBSITE     0.0000    0.0000    0.0000         0
        pad>     0.0000    0.0000    0.0000         0

   micro avg     0.0000    0.0000    0.0000         0
   macro avg     0.0000    0.0000    0.0000         0
weighted avg     0.0000    0.0000    0.0000         0

INFO	arabiner.trainers.BertNestedTrainer	Sat, 05 Aug 2023 20:53:27	Epoch 11 | Timestep 12624 | Test Loss 23.022146 | F1 0.000000
INFO	arabiner.trainers.BaseTrainer	Sat, 05 Aug 2023 20:53:27	Saving checkpoint to nested_res/ARBERTv2_UL_var_lr2e-5/checkpoints/checkpoint_11.pt
INFO	arabiner.trainers.BertNestedTrainer	Sat, 05 Aug 2023 20:57:12	Epoch 12 | Batch 1052/1052 | Timestep 13676 | LR 0.0000026667 | Loss 0.615098
INFO	arabiner.trainers.BertNestedTrainer	Sat, 05 Aug 2023 20:57:12	** Evaluating on validation dataset **
INFO	root	Sat, 05 Aug 2023 20:57:43	
              precision    recall  f1-score   support

    CARDINAL     0.9076    0.9126    0.9101       183
        CURR     1.0000    1.0000    1.0000        21
        DATE     0.9482    0.9607    0.9544      1656
       EVENT     0.7690    0.8352    0.8007       267
         FAC     0.7661    0.8559    0.8085       111
         GPE     0.9576    0.9727    0.9651      2159
    LANGUAGE     0.8333    1.0000    0.9091        15
         LAW     0.9318    0.9318    0.9318        44
         LOC     0.8378    0.8158    0.8267        76
       MONEY     0.9048    0.9500    0.9268        20
        NORP     0.7601    0.7923    0.7759       520
         OCC     0.8559    0.8903    0.8728       547
     ORDINAL     0.9436    0.9623    0.9528       504
         ORG     0.9206    0.9372    0.9288      1831
     PERCENT     1.0000    1.0000    1.0000        13
        PERS     0.9425    0.9658    0.9540       730
     PRODUCT     0.0000    0.0000    0.0000         5
    QUANTITY     1.0000    1.0000    1.0000         3
        TIME     0.7544    0.7818    0.7679        55
        UNIT     0.0000    0.0000    0.0000         3
     WEBSITE     0.6000    0.5333    0.5647        45

   micro avg     0.9137    0.9335    0.9235      8808
   macro avg     0.7921    0.8142    0.8024      8808
weighted avg     0.9137    0.9335    0.9234      8808

INFO	arabiner.trainers.BertNestedTrainer	Sat, 05 Aug 2023 20:57:54	Epoch 12 | Timestep 13676 | Train Loss 0.169725 | Val Loss 0.690011 | F1 0.923457
INFO	arabiner.trainers.BertNestedTrainer	Sat, 05 Aug 2023 21:01:36	Epoch 13 | Batch 1052/1052 | Timestep 14728 | LR 0.0000013333 | Loss 0.322674
INFO	arabiner.trainers.BertNestedTrainer	Sat, 05 Aug 2023 21:01:36	** Evaluating on validation dataset **
INFO	root	Sat, 05 Aug 2023 21:02:07	
              precision    recall  f1-score   support

    CARDINAL     0.8967    0.9016    0.8992       183
        CURR     1.0000    1.0000    1.0000        21
        DATE     0.9537    0.9577    0.9557      1656
       EVENT     0.7727    0.8277    0.7993       267
         FAC     0.7899    0.8468    0.8174       111
         GPE     0.9598    0.9727    0.9662      2159
    LANGUAGE     0.8125    0.8667    0.8387        15
         LAW     0.9318    0.9318    0.9318        44
         LOC     0.8472    0.8026    0.8243        76
       MONEY     0.9048    0.9500    0.9268        20
        NORP     0.7658    0.7923    0.7788       520
         OCC     0.8569    0.8976    0.8768       547
     ORDINAL     0.9400    0.9643    0.9520       504
         ORG     0.9224    0.9410    0.9316      1831
     PERCENT     1.0000    1.0000    1.0000        13
        PERS     0.9361    0.9630    0.9494       730
     PRODUCT     0.0000    0.0000    0.0000         5
    QUANTITY     1.0000    1.0000    1.0000         3
        TIME     0.7544    0.7818    0.7679        55
        UNIT     0.0000    0.0000    0.0000         3
     WEBSITE     0.5750    0.5111    0.5412        45

   micro avg     0.9156    0.9330    0.9242      8808
   macro avg     0.7914    0.8052    0.7980      8808
weighted avg     0.9154    0.9330    0.9240      8808

INFO	arabiner.trainers.BertNestedTrainer	Sat, 05 Aug 2023 21:02:18	Epoch 13 | Timestep 14728 | Train Loss 0.139880 | Val Loss 0.611829 | F1 0.924202
INFO	arabiner.trainers.BertNestedTrainer	Sat, 05 Aug 2023 21:02:18	** Validation improved, evaluating test data **
INFO	root	Sat, 05 Aug 2023 21:02:56	Predictions written to nested_res/ARBERTv2_UL_var_lr2e-5/predictions.txt
INFO	root	Sat, 05 Aug 2023 21:03:20	
              precision    recall  f1-score   support

    CARDINAL     0.0000    0.0000    0.0000         0
        CURR     0.0000    0.0000    0.0000         0
        DATE     0.0000    0.0000    0.0000         0
       EVENT     0.0000    0.0000    0.0000         0
         FAC     0.0000    0.0000    0.0000         0
         GPE     0.0000    0.0000    0.0000         0
    LANGUAGE     0.0000    0.0000    0.0000         0
         LAW     0.0000    0.0000    0.0000         0
         LOC     0.0000    0.0000    0.0000         0
       MONEY     0.0000    0.0000    0.0000         0
        NORP     0.0000    0.0000    0.0000         0
         OCC     0.0000    0.0000    0.0000         0
     ORDINAL     0.0000    0.0000    0.0000         0
         ORG     0.0000    0.0000    0.0000         0
     PERCENT     0.0000    0.0000    0.0000         0
        PERS     0.0000    0.0000    0.0000         0
     PRODUCT     0.0000    0.0000    0.0000         0
    QUANTITY     0.0000    0.0000    0.0000         0
        TIME     0.0000    0.0000    0.0000         0
     WEBSITE     0.0000    0.0000    0.0000         0
        pad>     0.0000    0.0000    0.0000         0

   micro avg     0.0000    0.0000    0.0000         0
   macro avg     0.0000    0.0000    0.0000         0
weighted avg     0.0000    0.0000    0.0000         0

INFO	arabiner.trainers.BertNestedTrainer	Sat, 05 Aug 2023 21:03:43	Epoch 13 | Timestep 14728 | Test Loss 16.718390 | F1 0.000000
INFO	arabiner.trainers.BaseTrainer	Sat, 05 Aug 2023 21:03:43	Saving checkpoint to nested_res/ARBERTv2_UL_var_lr2e-5/checkpoints/checkpoint_13.pt
INFO	arabiner.trainers.BertNestedTrainer	Sat, 05 Aug 2023 21:07:29	Epoch 14 | Batch 1052/1052 | Timestep 15780 | LR 0.0000000000 | Loss 0.261788
INFO	arabiner.trainers.BertNestedTrainer	Sat, 05 Aug 2023 21:07:29	** Evaluating on validation dataset **
INFO	root	Sat, 05 Aug 2023 21:08:00	
              precision    recall  f1-score   support

    CARDINAL     0.8973    0.9071    0.9022       183
        CURR     1.0000    1.0000    1.0000        21
        DATE     0.9525    0.9571    0.9548      1656
       EVENT     0.7809    0.8277    0.8036       267
         FAC     0.7899    0.8468    0.8174       111
         GPE     0.9597    0.9713    0.9655      2159
    LANGUAGE     0.8333    1.0000    0.9091        15
         LAW     0.9318    0.9318    0.9318        44
         LOC     0.8356    0.8026    0.8188        76
       MONEY     0.9048    0.9500    0.9268        20
        NORP     0.7675    0.8000    0.7834       520
         OCC     0.8599    0.8976    0.8784       547
     ORDINAL     0.9417    0.9623    0.9519       504
         ORG     0.9209    0.9416    0.9311      1831
     PERCENT     1.0000    1.0000    1.0000        13
        PERS     0.9398    0.9630    0.9513       730
     PRODUCT     0.0000    0.0000    0.0000         5
    QUANTITY     1.0000    1.0000    1.0000         3
        TIME     0.7679    0.7818    0.7748        55
        UNIT     0.0000    0.0000    0.0000         3
     WEBSITE     0.6000    0.5333    0.5647        45

   micro avg     0.9161    0.9335    0.9247      8808
   macro avg     0.7945    0.8131    0.8031      8808
weighted avg     0.9159    0.9335    0.9245      8808

INFO	arabiner.trainers.BertNestedTrainer	Sat, 05 Aug 2023 21:08:11	Epoch 14 | Timestep 15780 | Train Loss 0.125378 | Val Loss 0.609308 | F1 0.924703
INFO	arabiner.trainers.BertNestedTrainer	Sat, 05 Aug 2023 21:08:11	** Validation improved, evaluating test data **
INFO	root	Sat, 05 Aug 2023 21:08:50	Predictions written to nested_res/ARBERTv2_UL_var_lr2e-5/predictions.txt
INFO	root	Sat, 05 Aug 2023 21:09:13	
              precision    recall  f1-score   support

    CARDINAL     0.0000    0.0000    0.0000         0
        CURR     0.0000    0.0000    0.0000         0
        DATE     0.0000    0.0000    0.0000         0
       EVENT     0.0000    0.0000    0.0000         0
         FAC     0.0000    0.0000    0.0000         0
         GPE     0.0000    0.0000    0.0000         0
    LANGUAGE     0.0000    0.0000    0.0000         0
         LAW     0.0000    0.0000    0.0000         0
         LOC     0.0000    0.0000    0.0000         0
       MONEY     0.0000    0.0000    0.0000         0
        NORP     0.0000    0.0000    0.0000         0
         OCC     0.0000    0.0000    0.0000         0
     ORDINAL     0.0000    0.0000    0.0000         0
         ORG     0.0000    0.0000    0.0000         0
     PERCENT     0.0000    0.0000    0.0000         0
        PERS     0.0000    0.0000    0.0000         0
     PRODUCT     0.0000    0.0000    0.0000         0
    QUANTITY     0.0000    0.0000    0.0000         0
        TIME     0.0000    0.0000    0.0000         0
     WEBSITE     0.0000    0.0000    0.0000         0
        pad>     0.0000    0.0000    0.0000         0

   micro avg     0.0000    0.0000    0.0000         0
   macro avg     0.0000    0.0000    0.0000         0
weighted avg     0.0000    0.0000    0.0000         0

INFO	arabiner.trainers.BertNestedTrainer	Sat, 05 Aug 2023 21:09:35	Epoch 14 | Timestep 15780 | Test Loss 18.136280 | F1 0.000000
INFO	arabiner.trainers.BaseTrainer	Sat, 05 Aug 2023 21:09:35	Saving checkpoint to nested_res/ARBERTv2_UL_var_lr2e-5/checkpoints/checkpoint_14.pt
