INFO	__main__	Sat, 05 Aug 2023 18:29:49	Writing config to nested_res/CAMEL_MIX_CE_lr2e-5/args.json
INFO	arabiner.utils.data	Sat, 05 Aug 2023 18:29:50	1052 batches found
INFO	arabiner.utils.data	Sat, 05 Aug 2023 18:29:50	196 batches found
INFO	arabiner.utils.data	Sat, 05 Aug 2023 18:29:50	375 batches found
INFO	torch.distributed.nn.jit.instantiator	Sat, 05 Aug 2023 18:29:51	Created a temporary directory at /tmp/tmpguwsd4zo
INFO	torch.distributed.nn.jit.instantiator	Sat, 05 Aug 2023 18:29:51	Writing /tmp/tmpguwsd4zo/_remote_module_non_scriptable.py
INFO	arabiner.trainers.BertNestedTrainer	Sat, 05 Aug 2023 18:32:16	Epoch 0 | Batch 1052/1052 | Timestep 1052 | LR 0.0000186667 | Loss 0.038083
INFO	arabiner.trainers.BertNestedTrainer	Sat, 05 Aug 2023 18:32:16	** Evaluating on validation dataset **
INFO	root	Sat, 05 Aug 2023 18:32:41	
              precision    recall  f1-score   support

    CARDINAL     0.8371    0.8142    0.8255       183
        CURR     0.4615    0.5714    0.5106        21
        DATE     0.9268    0.9481    0.9373      1656
       EVENT     0.6510    0.7266    0.6867       267
         FAC     0.6281    0.6847    0.6552       111
         GPE     0.9321    0.9662    0.9488      2159
    LANGUAGE     0.9000    0.6000    0.7200        15
         LAW     0.6066    0.8409    0.7048        44
         LOC     0.5570    0.5789    0.5677        76
       MONEY     0.6957    0.8000    0.7442        20
        NORP     0.6236    0.7327    0.6737       520
         OCC     0.7915    0.8464    0.8180       547
     ORDINAL     0.9133    0.9405    0.9267       504
         ORG     0.8368    0.9295    0.8807      1831
     PERCENT     0.7692    0.7692    0.7692        13
        PERS     0.9132    0.9219    0.9175       730
     PRODUCT     0.0000    0.0000    0.0000         5
    QUANTITY     0.0000    0.0000    0.0000         3
        TIME     0.7059    0.4364    0.5393        55
        UNIT     0.0000    0.0000    0.0000         3
     WEBSITE     0.2500    0.1111    0.1538        45

   micro avg     0.8538    0.8998    0.8762      8808
   macro avg     0.6190    0.6295    0.6181      8808
weighted avg     0.8545    0.8998    0.8756      8808

INFO	arabiner.trainers.BertNestedTrainer	Sat, 05 Aug 2023 18:32:52	Epoch 0 | Timestep 1052 | Train Loss 0.551402 | Val Loss 0.069952 | F1 0.876175
INFO	arabiner.trainers.BertNestedTrainer	Sat, 05 Aug 2023 18:32:52	** Validation improved, evaluating test data **
INFO	root	Sat, 05 Aug 2023 18:33:18	Predictions written to nested_res/CAMEL_MIX_CE_lr2e-5/predictions.txt
INFO	root	Sat, 05 Aug 2023 18:33:41	
              precision    recall  f1-score   support

    CARDINAL     0.0000    0.0000    0.0000         0
        CURR     0.0000    0.0000    0.0000         0
        DATE     0.0000    0.0000    0.0000         0
       EVENT     0.0000    0.0000    0.0000         0
         FAC     0.0000    0.0000    0.0000         0
         GPE     0.0000    0.0000    0.0000         0
    LANGUAGE     0.0000    0.0000    0.0000         0
         LAW     0.0000    0.0000    0.0000         0
         LOC     0.0000    0.0000    0.0000         0
       MONEY     0.0000    0.0000    0.0000         0
        NORP     0.0000    0.0000    0.0000         0
         OCC     0.0000    0.0000    0.0000         0
     ORDINAL     0.0000    0.0000    0.0000         0
         ORG     0.0000    0.0000    0.0000         0
     PERCENT     0.0000    0.0000    0.0000         0
        PERS     0.0000    0.0000    0.0000         0
    QUANTITY     0.0000    0.0000    0.0000         0
        TIME     0.0000    0.0000    0.0000         0
        UNIT     0.0000    0.0000    0.0000         0
     WEBSITE     0.0000    0.0000    0.0000         0

   micro avg     0.0000    0.0000    0.0000         0
   macro avg     0.0000    0.0000    0.0000         0
weighted avg     0.0000    0.0000    0.0000         0

INFO	arabiner.trainers.BertNestedTrainer	Sat, 05 Aug 2023 18:34:03	Epoch 0 | Timestep 1052 | Test Loss 1.167009 | F1 0.000000
INFO	arabiner.trainers.BaseTrainer	Sat, 05 Aug 2023 18:34:03	Saving checkpoint to nested_res/CAMEL_MIX_CE_lr2e-5/checkpoints/checkpoint_0.pt
INFO	arabiner.trainers.BertNestedTrainer	Sat, 05 Aug 2023 18:36:21	Epoch 1 | Batch 1052/1052 | Timestep 2104 | LR 0.0000173333 | Loss 0.011960
INFO	arabiner.trainers.BertNestedTrainer	Sat, 05 Aug 2023 18:36:21	** Evaluating on validation dataset **
INFO	root	Sat, 05 Aug 2023 18:36:46	
              precision    recall  f1-score   support

    CARDINAL     0.8652    0.8415    0.8532       183
        CURR     1.0000    0.9048    0.9500        21
        DATE     0.9449    0.9529    0.9489      1656
       EVENT     0.7185    0.7266    0.7225       267
         FAC     0.6241    0.7928    0.6984       111
         GPE     0.9525    0.9565    0.9545      2159
    LANGUAGE     0.7857    0.7333    0.7586        15
         LAW     0.8864    0.8864    0.8864        44
         LOC     0.6667    0.6842    0.6753        76
       MONEY     0.6818    0.7500    0.7143        20
        NORP     0.6236    0.7712    0.6896       520
         OCC     0.8085    0.8336    0.8209       547
     ORDINAL     0.9490    0.9603    0.9546       504
         ORG     0.9067    0.9230    0.9147      1831
     PERCENT     1.0000    1.0000    1.0000        13
        PERS     0.9158    0.9384    0.9269       730
     PRODUCT     1.0000    0.2000    0.3333         5
    QUANTITY     0.0000    0.0000    0.0000         3
        TIME     0.7556    0.6182    0.6800        55
        UNIT     0.0000    0.0000    0.0000         3
     WEBSITE     0.6061    0.4444    0.5128        45

   micro avg     0.8862    0.9082    0.8971      8808
   macro avg     0.7472    0.7104    0.7140      8808
weighted avg     0.8898    0.9082    0.8981      8808

INFO	arabiner.trainers.BertNestedTrainer	Sat, 05 Aug 2023 18:36:57	Epoch 1 | Timestep 2104 | Train Loss 0.039343 | Val Loss 0.047238 | F1 0.897051
INFO	arabiner.trainers.BertNestedTrainer	Sat, 05 Aug 2023 18:36:57	** Validation improved, evaluating test data **
INFO	root	Sat, 05 Aug 2023 18:37:23	Predictions written to nested_res/CAMEL_MIX_CE_lr2e-5/predictions.txt
INFO	root	Sat, 05 Aug 2023 18:37:46	
              precision    recall  f1-score   support

    CARDINAL     0.0000    0.0000    0.0000         0
        CURR     0.0000    0.0000    0.0000         0
        DATE     0.0000    0.0000    0.0000         0
       EVENT     0.0000    0.0000    0.0000         0
         FAC     0.0000    0.0000    0.0000         0
         GPE     0.0000    0.0000    0.0000         0
    LANGUAGE     0.0000    0.0000    0.0000         0
         LAW     0.0000    0.0000    0.0000         0
         LOC     0.0000    0.0000    0.0000         0
       MONEY     0.0000    0.0000    0.0000         0
        NORP     0.0000    0.0000    0.0000         0
         OCC     0.0000    0.0000    0.0000         0
     ORDINAL     0.0000    0.0000    0.0000         0
         ORG     0.0000    0.0000    0.0000         0
     PERCENT     0.0000    0.0000    0.0000         0
        PERS     0.0000    0.0000    0.0000         0
     PRODUCT     0.0000    0.0000    0.0000         0
    QUANTITY     0.0000    0.0000    0.0000         0
        TIME     0.0000    0.0000    0.0000         0
        UNIT     0.0000    0.0000    0.0000         0
     WEBSITE     0.0000    0.0000    0.0000         0

   micro avg     0.0000    0.0000    0.0000         0
   macro avg     0.0000    0.0000    0.0000         0
weighted avg     0.0000    0.0000    0.0000         0

INFO	arabiner.trainers.BertNestedTrainer	Sat, 05 Aug 2023 18:38:08	Epoch 1 | Timestep 2104 | Test Loss 1.064651 | F1 0.000000
INFO	arabiner.trainers.BaseTrainer	Sat, 05 Aug 2023 18:38:08	Saving checkpoint to nested_res/CAMEL_MIX_CE_lr2e-5/checkpoints/checkpoint_1.pt
INFO	arabiner.trainers.BertNestedTrainer	Sat, 05 Aug 2023 18:40:27	Epoch 2 | Batch 1052/1052 | Timestep 3156 | LR 0.0000160000 | Loss 0.014312
INFO	arabiner.trainers.BertNestedTrainer	Sat, 05 Aug 2023 18:40:27	** Evaluating on validation dataset **
INFO	root	Sat, 05 Aug 2023 18:40:51	
              precision    recall  f1-score   support

    CARDINAL     0.8737    0.9071    0.8901       183
        CURR     0.9500    0.9048    0.9268        21
        DATE     0.9407    0.9571    0.9488      1656
       EVENT     0.6905    0.7603    0.7237       267
         FAC     0.7402    0.8468    0.7899       111
         GPE     0.9453    0.9597    0.9524      2159
    LANGUAGE     0.8667    0.8667    0.8667        15
         LAW     0.7600    0.8636    0.8085        44
         LOC     0.7105    0.7105    0.7105        76
       MONEY     0.8421    0.8000    0.8205        20
        NORP     0.7100    0.7250    0.7174       520
         OCC     0.8470    0.8501    0.8485       547
     ORDINAL     0.9525    0.9544    0.9534       504
         ORG     0.9265    0.9219    0.9242      1831
     PERCENT     1.0000    1.0000    1.0000        13
        PERS     0.8958    0.9425    0.9186       730
     PRODUCT     0.5000    0.4000    0.4444         5
    QUANTITY     0.0000    0.0000    0.0000         3
        TIME     0.7255    0.6727    0.6981        55
        UNIT     0.0000    0.0000    0.0000         3
     WEBSITE     0.5800    0.6444    0.6105        45

   micro avg     0.8970    0.9128    0.9048      8808
   macro avg     0.7360    0.7470    0.7406      8808
weighted avg     0.8976    0.9128    0.9050      8808

INFO	arabiner.trainers.BertNestedTrainer	Sat, 05 Aug 2023 18:41:03	Epoch 2 | Timestep 3156 | Train Loss 0.025746 | Val Loss 0.147528 | F1 0.904845
INFO	arabiner.trainers.BertNestedTrainer	Sat, 05 Aug 2023 18:43:16	Epoch 3 | Batch 1052/1052 | Timestep 4208 | LR 0.0000146667 | Loss 0.004431
INFO	arabiner.trainers.BertNestedTrainer	Sat, 05 Aug 2023 18:43:16	** Evaluating on validation dataset **
INFO	root	Sat, 05 Aug 2023 18:43:40	
              precision    recall  f1-score   support

    CARDINAL     0.9056    0.8907    0.8981       183
        CURR     0.9000    0.8571    0.8780        21
        DATE     0.9554    0.9565    0.9559      1656
       EVENT     0.7376    0.7790    0.7577       267
         FAC     0.6905    0.7838    0.7342       111
         GPE     0.9521    0.9662    0.9591      2159
    LANGUAGE     0.7368    0.9333    0.8235        15
         LAW     0.8889    0.9091    0.8989        44
         LOC     0.7286    0.6711    0.6986        76
       MONEY     0.8947    0.8500    0.8718        20
        NORP     0.6491    0.7577    0.6992       520
         OCC     0.8213    0.8739    0.8468       547
     ORDINAL     0.9543    0.9524    0.9533       504
         ORG     0.9025    0.9246    0.9134      1831
     PERCENT     1.0000    1.0000    1.0000        13
        PERS     0.9292    0.9342    0.9317       730
     PRODUCT     0.5000    0.4000    0.4444         5
    QUANTITY     0.5000    0.3333    0.4000         3
        TIME     0.7727    0.6182    0.6869        55
        UNIT     1.0000    0.3333    0.5000         3
     WEBSITE     0.5417    0.5778    0.5591        45

   micro avg     0.8945    0.9164    0.9053      8808
   macro avg     0.8077    0.7763    0.7815      8808
weighted avg     0.8974    0.9164    0.9064      8808

INFO	arabiner.trainers.BertNestedTrainer	Sat, 05 Aug 2023 18:43:52	Epoch 3 | Timestep 4208 | Train Loss 0.017425 | Val Loss 0.047341 | F1 0.905339
INFO	arabiner.trainers.BertNestedTrainer	Sat, 05 Aug 2023 18:46:04	Epoch 4 | Batch 1052/1052 | Timestep 5260 | LR 0.0000133333 | Loss 0.178061
INFO	arabiner.trainers.BertNestedTrainer	Sat, 05 Aug 2023 18:46:04	** Evaluating on validation dataset **
INFO	root	Sat, 05 Aug 2023 18:46:29	
              precision    recall  f1-score   support

    CARDINAL     0.8718    0.9290    0.8995       183
        CURR     0.9524    0.9524    0.9524        21
        DATE     0.9435    0.9577    0.9506      1656
       EVENT     0.7455    0.7790    0.7619       267
         FAC     0.7381    0.8378    0.7848       111
         GPE     0.9575    0.9611    0.9593      2159
    LANGUAGE     0.8235    0.9333    0.8750        15
         LAW     0.8333    0.9091    0.8696        44
         LOC     0.6914    0.7368    0.7134        76
       MONEY     0.6087    0.7000    0.6512        20
        NORP     0.6852    0.7827    0.7307       520
         OCC     0.8339    0.8720    0.8525       547
     ORDINAL     0.9659    0.9544    0.9601       504
         ORG     0.9045    0.9366    0.9203      1831
     PERCENT     1.0000    1.0000    1.0000        13
        PERS     0.9134    0.9397    0.9264       730
     PRODUCT     0.8000    0.8000    0.8000         5
    QUANTITY     0.3333    0.3333    0.3333         3
        TIME     0.7222    0.7091    0.7156        55
        UNIT     1.0000    1.0000    1.0000         3
     WEBSITE     0.5714    0.4444    0.5000        45

   micro avg     0.8963    0.9221    0.9090      8808
   macro avg     0.8046    0.8318    0.8170      8808
weighted avg     0.8984    0.9221    0.9098      8808

INFO	arabiner.trainers.BertNestedTrainer	Sat, 05 Aug 2023 18:46:40	Epoch 4 | Timestep 5260 | Train Loss 0.013285 | Val Loss 0.049407 | F1 0.909010
INFO	arabiner.trainers.BertNestedTrainer	Sat, 05 Aug 2023 18:48:53	Epoch 5 | Batch 1052/1052 | Timestep 6312 | LR 0.0000120000 | Loss 0.003917
INFO	arabiner.trainers.BertNestedTrainer	Sat, 05 Aug 2023 18:48:53	** Evaluating on validation dataset **
INFO	root	Sat, 05 Aug 2023 18:49:17	
              precision    recall  f1-score   support

    CARDINAL     0.9111    0.8962    0.9036       183
        CURR     0.9524    0.9524    0.9524        21
        DATE     0.9359    0.9529    0.9443      1656
       EVENT     0.7021    0.7678    0.7335       267
         FAC     0.6866    0.8288    0.7510       111
         GPE     0.9499    0.9657    0.9577      2159
    LANGUAGE     0.8235    0.9333    0.8750        15
         LAW     0.8125    0.8864    0.8478        44
         LOC     0.7143    0.7237    0.7190        76
       MONEY     0.6154    0.8000    0.6957        20
        NORP     0.7063    0.7538    0.7293       520
         OCC     0.8380    0.8702    0.8538       547
     ORDINAL     0.9452    0.9583    0.9517       504
         ORG     0.9108    0.9421    0.9262      1831
     PERCENT     0.9286    1.0000    0.9630        13
        PERS     0.9290    0.9507    0.9397       730
     PRODUCT     0.8000    0.8000    0.8000         5
    QUANTITY     1.0000    1.0000    1.0000         3
        TIME     0.7551    0.6727    0.7115        55
        UNIT     1.0000    1.0000    1.0000         3
     WEBSITE     0.6286    0.4889    0.5500        45

   micro avg     0.8962    0.9219    0.9089      8808
   macro avg     0.8355    0.8640    0.8479      8808
weighted avg     0.8975    0.9219    0.9093      8808

INFO	arabiner.trainers.BertNestedTrainer	Sat, 05 Aug 2023 18:49:28	Epoch 5 | Timestep 6312 | Train Loss 0.009357 | Val Loss 0.052880 | F1 0.908887
INFO	arabiner.trainers.BertNestedTrainer	Sat, 05 Aug 2023 18:51:41	Epoch 6 | Batch 1052/1052 | Timestep 7364 | LR 0.0000106667 | Loss 0.001338
INFO	arabiner.trainers.BertNestedTrainer	Sat, 05 Aug 2023 18:51:41	** Evaluating on validation dataset **
INFO	root	Sat, 05 Aug 2023 18:52:06	
              precision    recall  f1-score   support

    CARDINAL     0.8871    0.9016    0.8943       183
        CURR     1.0000    1.0000    1.0000        21
        DATE     0.9469    0.9577    0.9523      1656
       EVENT     0.7039    0.8015    0.7496       267
         FAC     0.7317    0.8108    0.7692       111
         GPE     0.9560    0.9657    0.9608      2159
    LANGUAGE     0.7368    0.9333    0.8235        15
         LAW     0.8511    0.9091    0.8791        44
         LOC     0.7073    0.7632    0.7342        76
       MONEY     0.9048    0.9500    0.9268        20
        NORP     0.6887    0.7827    0.7327       520
         OCC     0.8276    0.8867    0.8561       547
     ORDINAL     0.9419    0.9643    0.9529       504
         ORG     0.9108    0.9372    0.9238      1831
     PERCENT     1.0000    1.0000    1.0000        13
        PERS     0.9102    0.9438    0.9267       730
     PRODUCT     0.8000    0.8000    0.8000         5
    QUANTITY     1.0000    1.0000    1.0000         3
        TIME     0.6552    0.6909    0.6726        55
        UNIT     1.0000    1.0000    1.0000         3
     WEBSITE     0.6279    0.6000    0.6136        45

   micro avg     0.8953    0.9268    0.9107      8808
   macro avg     0.8470    0.8856    0.8652      8808
weighted avg     0.8980    0.9268    0.9119      8808

INFO	arabiner.trainers.BertNestedTrainer	Sat, 05 Aug 2023 18:52:17	Epoch 6 | Timestep 7364 | Train Loss 0.007262 | Val Loss 0.054782 | F1 0.910744
INFO	arabiner.trainers.BertNestedTrainer	Sat, 05 Aug 2023 18:52:17	Early termination triggered
