INFO	__main__	Sat, 05 Aug 2023 19:02:08	Writing config to nested_res/QARIB_CE_var_lr2e-5/args.json
INFO	arabiner.utils.data	Sat, 05 Aug 2023 19:02:08	1052 batches found
INFO	arabiner.utils.data	Sat, 05 Aug 2023 19:02:09	196 batches found
INFO	arabiner.utils.data	Sat, 05 Aug 2023 19:02:09	375 batches found
INFO	torch.distributed.nn.jit.instantiator	Sat, 05 Aug 2023 19:02:09	Created a temporary directory at /tmp/tmpni8jy3s0
INFO	torch.distributed.nn.jit.instantiator	Sat, 05 Aug 2023 19:02:09	Writing /tmp/tmpni8jy3s0/_remote_module_non_scriptable.py
INFO	arabiner.trainers.BertNestedTrainer	Sat, 05 Aug 2023 19:04:34	Epoch 0 | Batch 1052/1052 | Timestep 1052 | LR 0.0000186667 | Loss 1.805659
INFO	arabiner.trainers.BertNestedTrainer	Sat, 05 Aug 2023 19:04:34	** Evaluating on validation dataset **
INFO	root	Sat, 05 Aug 2023 19:05:00	
              precision    recall  f1-score   support

    CARDINAL     0.7473    0.7432    0.7452       183
        CURR     0.4333    0.6190    0.5098        21
        DATE     0.9348    0.9444    0.9396      1656
       EVENT     0.6098    0.6966    0.6503       267
         FAC     0.6269    0.7568    0.6857       111
         GPE     0.9241    0.9528    0.9382      2159
    LANGUAGE     0.8571    0.4000    0.5455        15
         LAW     0.6167    0.8409    0.7115        44
         LOC     0.6034    0.4605    0.5224        76
       MONEY     0.7500    0.9000    0.8182        20
        NORP     0.5875    0.6519    0.6180       520
         OCC     0.7757    0.8282    0.8011       547
     ORDINAL     0.8937    0.9345    0.9137       504
         ORG     0.8030    0.9104    0.8533      1831
     PERCENT     0.1667    0.1538    0.1600        13
        PERS     0.8962    0.8986    0.8974       730
     PRODUCT     0.0000    0.0000    0.0000         5
    QUANTITY     0.0000    0.0000    0.0000         3
        TIME     0.3529    0.1091    0.1667        55
        UNIT     0.0000    0.0000    0.0000         3
     WEBSITE     0.1429    0.0667    0.0909        45
        pad>     0.0000    0.0000    0.0000         0

   micro avg     0.7684    0.8780    0.8195      8808
   macro avg     0.5328    0.5394    0.5258      8808
weighted avg     0.8350    0.8780    0.8546      8808

INFO	arabiner.trainers.BertNestedTrainer	Sat, 05 Aug 2023 19:05:11	Epoch 0 | Timestep 1052 | Train Loss 2.645265 | Val Loss 2.936729 | F1 0.819521
INFO	arabiner.trainers.BertNestedTrainer	Sat, 05 Aug 2023 19:05:11	** Validation improved, evaluating test data **
INFO	root	Sat, 05 Aug 2023 19:05:40	Predictions written to nested_res/QARIB_CE_var_lr2e-5/predictions.txt
INFO	root	Sat, 05 Aug 2023 19:06:04	
              precision    recall  f1-score   support

    CARDINAL     0.0000    0.0000    0.0000         0
        CURR     0.0000    0.0000    0.0000         0
        DATE     0.0000    0.0000    0.0000         0
       EVENT     0.0000    0.0000    0.0000         0
         FAC     0.0000    0.0000    0.0000         0
         GPE     0.0000    0.0000    0.0000         0
    LANGUAGE     0.0000    0.0000    0.0000         0
         LAW     0.0000    0.0000    0.0000         0
         LOC     0.0000    0.0000    0.0000         0
       MONEY     0.0000    0.0000    0.0000         0
        NORP     0.0000    0.0000    0.0000         0
         OCC     0.0000    0.0000    0.0000         0
     ORDINAL     0.0000    0.0000    0.0000         0
         ORG     0.0000    0.0000    0.0000         0
     PERCENT     0.0000    0.0000    0.0000         0
        PERS     0.0000    0.0000    0.0000         0
        TIME     0.0000    0.0000    0.0000         0
     WEBSITE     0.0000    0.0000    0.0000         0
        pad>     0.0000    0.0000    0.0000         0

   micro avg     0.0000    0.0000    0.0000         0
   macro avg     0.0000    0.0000    0.0000         0
weighted avg     0.0000    0.0000    0.0000         0

INFO	arabiner.trainers.BertNestedTrainer	Sat, 05 Aug 2023 19:06:26	Epoch 0 | Timestep 1052 | Test Loss 3.974081 | F1 0.000000
INFO	arabiner.trainers.BaseTrainer	Sat, 05 Aug 2023 19:06:26	Saving checkpoint to nested_res/QARIB_CE_var_lr2e-5/checkpoints/checkpoint_0.pt
INFO	arabiner.trainers.BertNestedTrainer	Sat, 05 Aug 2023 19:08:54	Epoch 1 | Batch 1052/1052 | Timestep 2104 | LR 0.0000173333 | Loss 0.040341
INFO	arabiner.trainers.BertNestedTrainer	Sat, 05 Aug 2023 19:08:54	** Evaluating on validation dataset **
INFO	root	Sat, 05 Aug 2023 19:09:20	
              precision    recall  f1-score   support

    CARDINAL     0.8896    0.7486    0.8131       183
        CURR     1.0000    0.9048    0.9500        21
        DATE     0.9274    0.9571    0.9421      1656
       EVENT     0.7423    0.7228    0.7324       267
         FAC     0.7130    0.7387    0.7257       111
         GPE     0.9443    0.9509    0.9476      2159
    LANGUAGE     0.7368    0.9333    0.8235        15
         LAW     0.8085    0.8636    0.8352        44
         LOC     0.6125    0.6447    0.6282        76
       MONEY     0.6000    0.7500    0.6667        20
        NORP     0.5814    0.7692    0.6623       520
         OCC     0.8157    0.8574    0.8360       547
     ORDINAL     0.8926    0.9563    0.9234       504
         ORG     0.8319    0.9301    0.8783      1831
     PERCENT     0.8462    0.8462    0.8462        13
        PERS     0.9219    0.9219    0.9219       730
     PRODUCT     0.0000    0.0000    0.0000         5
    QUANTITY     0.0000    0.0000    0.0000         3
        TIME     0.6949    0.7455    0.7193        55
        UNIT     1.0000    0.3333    0.5000         3
     WEBSITE     0.4000    0.3111    0.3500        45

   micro avg     0.8588    0.9059    0.8817      8808
   macro avg     0.7123    0.7088    0.7001      8808
weighted avg     0.8635    0.9059    0.8829      8808

INFO	arabiner.trainers.BertNestedTrainer	Sat, 05 Aug 2023 19:09:32	Epoch 1 | Timestep 2104 | Train Loss 1.062683 | Val Loss 0.180683 | F1 0.881706
INFO	arabiner.trainers.BertNestedTrainer	Sat, 05 Aug 2023 19:09:32	** Validation improved, evaluating test data **
INFO	root	Sat, 05 Aug 2023 19:10:00	Predictions written to nested_res/QARIB_CE_var_lr2e-5/predictions.txt
INFO	root	Sat, 05 Aug 2023 19:10:23	
              precision    recall  f1-score   support

    CARDINAL     0.0000    0.0000    0.0000         0
        CURR     0.0000    0.0000    0.0000         0
        DATE     0.0000    0.0000    0.0000         0
       EVENT     0.0000    0.0000    0.0000         0
         FAC     0.0000    0.0000    0.0000         0
         GPE     0.0000    0.0000    0.0000         0
    LANGUAGE     0.0000    0.0000    0.0000         0
         LAW     0.0000    0.0000    0.0000         0
         LOC     0.0000    0.0000    0.0000         0
       MONEY     0.0000    0.0000    0.0000         0
        NORP     0.0000    0.0000    0.0000         0
         OCC     0.0000    0.0000    0.0000         0
     ORDINAL     0.0000    0.0000    0.0000         0
         ORG     0.0000    0.0000    0.0000         0
     PERCENT     0.0000    0.0000    0.0000         0
        PERS     0.0000    0.0000    0.0000         0
     PRODUCT     0.0000    0.0000    0.0000         0
    QUANTITY     0.0000    0.0000    0.0000         0
        TIME     0.0000    0.0000    0.0000         0
        UNIT     0.0000    0.0000    0.0000         0
     WEBSITE     0.0000    0.0000    0.0000         0
        pad>     0.0000    0.0000    0.0000         0

   micro avg     0.0000    0.0000    0.0000         0
   macro avg     0.0000    0.0000    0.0000         0
weighted avg     0.0000    0.0000    0.0000         0

INFO	arabiner.trainers.BertNestedTrainer	Sat, 05 Aug 2023 19:10:45	Epoch 1 | Timestep 2104 | Test Loss 1.606783 | F1 0.000000
INFO	arabiner.trainers.BaseTrainer	Sat, 05 Aug 2023 19:10:45	Saving checkpoint to nested_res/QARIB_CE_var_lr2e-5/checkpoints/checkpoint_1.pt
INFO	arabiner.trainers.BertNestedTrainer	Sat, 05 Aug 2023 19:13:13	Epoch 2 | Batch 1052/1052 | Timestep 3156 | LR 0.0000160000 | Loss 0.024100
INFO	arabiner.trainers.BertNestedTrainer	Sat, 05 Aug 2023 19:13:13	** Evaluating on validation dataset **
INFO	root	Sat, 05 Aug 2023 19:13:39	
              precision    recall  f1-score   support

    CARDINAL     0.8788    0.7923    0.8333       183
        CURR     0.9524    0.9524    0.9524        21
        DATE     0.9482    0.9607    0.9544      1656
       EVENT     0.6087    0.7865    0.6863       267
         FAC     0.6769    0.7928    0.7303       111
         GPE     0.9414    0.9597    0.9505      2159
    LANGUAGE     0.7778    0.9333    0.8485        15
         LAW     0.5714    0.9091    0.7018        44
         LOC     0.7463    0.6579    0.6993        76
       MONEY     0.6000    0.7500    0.6667        20
        NORP     0.6927    0.7327    0.7121       520
         OCC     0.8044    0.8647    0.8335       547
     ORDINAL     0.9030    0.9603    0.9308       504
         ORG     0.8511    0.9366    0.8918      1831
     PERCENT     0.8462    0.8462    0.8462        13
        PERS     0.9222    0.9260    0.9241       730
     PRODUCT     0.5000    0.4000    0.4444         5
    QUANTITY     0.5000    0.3333    0.4000         3
        TIME     0.7273    0.7273    0.7273        55
        UNIT     1.0000    0.3333    0.5000         3
     WEBSITE     0.3878    0.4222    0.4043        45

   micro avg     0.8686    0.9137    0.8906      8808
   macro avg     0.7541    0.7608    0.7447      8808
weighted avg     0.8730    0.9137    0.8920      8808

INFO	arabiner.trainers.BertNestedTrainer	Sat, 05 Aug 2023 19:13:51	Epoch 2 | Timestep 3156 | Train Loss 0.038431 | Val Loss 0.048377 | F1 0.890561
INFO	arabiner.trainers.BertNestedTrainer	Sat, 05 Aug 2023 19:13:51	** Validation improved, evaluating test data **
INFO	root	Sat, 05 Aug 2023 19:14:19	Predictions written to nested_res/QARIB_CE_var_lr2e-5/predictions.txt
INFO	root	Sat, 05 Aug 2023 19:14:43	
              precision    recall  f1-score   support

    CARDINAL     0.0000    0.0000    0.0000         0
        CURR     0.0000    0.0000    0.0000         0
        DATE     0.0000    0.0000    0.0000         0
       EVENT     0.0000    0.0000    0.0000         0
         FAC     0.0000    0.0000    0.0000         0
         GPE     0.0000    0.0000    0.0000         0
    LANGUAGE     0.0000    0.0000    0.0000         0
         LAW     0.0000    0.0000    0.0000         0
         LOC     0.0000    0.0000    0.0000         0
       MONEY     0.0000    0.0000    0.0000         0
        NORP     0.0000    0.0000    0.0000         0
         OCC     0.0000    0.0000    0.0000         0
     ORDINAL     0.0000    0.0000    0.0000         0
         ORG     0.0000    0.0000    0.0000         0
     PERCENT     0.0000    0.0000    0.0000         0
        PERS     0.0000    0.0000    0.0000         0
     PRODUCT     0.0000    0.0000    0.0000         0
    QUANTITY     0.0000    0.0000    0.0000         0
        TIME     0.0000    0.0000    0.0000         0
        UNIT     0.0000    0.0000    0.0000         0
     WEBSITE     0.0000    0.0000    0.0000         0
        pad>     0.0000    0.0000    0.0000         0

   micro avg     0.0000    0.0000    0.0000         0
   macro avg     0.0000    0.0000    0.0000         0
weighted avg     0.0000    0.0000    0.0000         0

INFO	arabiner.trainers.BertNestedTrainer	Sat, 05 Aug 2023 19:15:05	Epoch 2 | Timestep 3156 | Test Loss 1.614052 | F1 0.000000
INFO	arabiner.trainers.BaseTrainer	Sat, 05 Aug 2023 19:15:05	Saving checkpoint to nested_res/QARIB_CE_var_lr2e-5/checkpoints/checkpoint_2.pt
INFO	arabiner.trainers.BertNestedTrainer	Sat, 05 Aug 2023 19:17:33	Epoch 3 | Batch 1052/1052 | Timestep 4208 | LR 0.0000146667 | Loss 0.007064
INFO	arabiner.trainers.BertNestedTrainer	Sat, 05 Aug 2023 19:17:33	** Evaluating on validation dataset **
INFO	root	Sat, 05 Aug 2023 19:17:59	
              precision    recall  f1-score   support

    CARDINAL     0.8655    0.8087    0.8362       183
        CURR     0.9524    0.9524    0.9524        21
        DATE     0.9421    0.9632    0.9525      1656
       EVENT     0.6742    0.7828    0.7244       267
         FAC     0.7603    0.8288    0.7931       111
         GPE     0.9477    0.9653    0.9564      2159
    LANGUAGE     0.7895    1.0000    0.8824        15
         LAW     0.7885    0.9318    0.8542        44
         LOC     0.7432    0.7237    0.7333        76
       MONEY     0.9048    0.9500    0.9268        20
        NORP     0.6367    0.7750    0.6990       520
         OCC     0.8007    0.8739    0.8357       547
     ORDINAL     0.9197    0.9544    0.9367       504
         ORG     0.8827    0.9203    0.9011      1831
     PERCENT     0.8571    0.9231    0.8889        13
        PERS     0.9133    0.9233    0.9183       730
     PRODUCT     0.4000    0.4000    0.4000         5
    QUANTITY     0.5000    0.6667    0.5714         3
        TIME     0.7222    0.7091    0.7156        55
        UNIT     1.0000    1.0000    1.0000         3
     WEBSITE     0.4318    0.4222    0.4270        45

   micro avg     0.8773    0.9169    0.8967      8808
   macro avg     0.7825    0.8321    0.8050      8808
weighted avg     0.8813    0.9169    0.8982      8808

INFO	arabiner.trainers.BertNestedTrainer	Sat, 05 Aug 2023 19:18:10	Epoch 3 | Timestep 4208 | Train Loss 0.036826 | Val Loss 0.050090 | F1 0.896686
INFO	arabiner.trainers.BertNestedTrainer	Sat, 05 Aug 2023 19:20:32	Epoch 4 | Batch 1052/1052 | Timestep 5260 | LR 0.0000133333 | Loss 0.008732
INFO	arabiner.trainers.BertNestedTrainer	Sat, 05 Aug 2023 19:20:32	** Evaluating on validation dataset **
INFO	root	Sat, 05 Aug 2023 19:20:58	
              precision    recall  f1-score   support

    CARDINAL     0.8478    0.8525    0.8501       183
        CURR     1.0000    1.0000    1.0000        21
        DATE     0.9518    0.9668    0.9593      1656
       EVENT     0.6887    0.7790    0.7311       267
         FAC     0.6812    0.8468    0.7550       111
         GPE     0.9503    0.9643    0.9572      2159
    LANGUAGE     0.7143    1.0000    0.8333        15
         LAW     0.6667    0.9091    0.7692        44
         LOC     0.7000    0.7368    0.7179        76
       MONEY     0.8571    0.9000    0.8780        20
        NORP     0.6003    0.7885    0.6816       520
         OCC     0.8113    0.8958    0.8514       547
     ORDINAL     0.9202    0.9603    0.9398       504
         ORG     0.8492    0.9290    0.8873      1831
     PERCENT     0.8571    0.9231    0.8889        13
        PERS     0.9086    0.9397    0.9239       730
     PRODUCT     0.4286    0.6000    0.5000         5
    QUANTITY     0.6000    1.0000    0.7500         3
        TIME     0.6441    0.6909    0.6667        55
        UNIT     0.7500    1.0000    0.8571         3
     WEBSITE     0.4681    0.4889    0.4783        45

   micro avg     0.8656    0.9245    0.8941      8808
   macro avg     0.7569    0.8653    0.8036      8808
weighted avg     0.8726    0.9245    0.8968      8808

INFO	arabiner.trainers.BertNestedTrainer	Sat, 05 Aug 2023 19:21:09	Epoch 4 | Timestep 5260 | Train Loss 0.065511 | Val Loss 0.054041 | F1 0.894098
INFO	arabiner.trainers.BertNestedTrainer	Sat, 05 Aug 2023 19:23:31	Epoch 5 | Batch 1052/1052 | Timestep 6312 | LR 0.0000120000 | Loss 0.001040
INFO	arabiner.trainers.BertNestedTrainer	Sat, 05 Aug 2023 19:23:31	** Evaluating on validation dataset **
INFO	root	Sat, 05 Aug 2023 19:23:57	
              precision    recall  f1-score   support

    CARDINAL     0.8629    0.8251    0.8436       183
        CURR     1.0000    1.0000    1.0000        21
        DATE     0.9455    0.9535    0.9495      1656
       EVENT     0.8040    0.7528    0.7776       267
         FAC     0.6953    0.8018    0.7448       111
         GPE     0.9565    0.9583    0.9574      2159
    LANGUAGE     0.8333    1.0000    0.9091        15
         LAW     0.7647    0.8864    0.8211        44
         LOC     0.7838    0.7632    0.7733        76
       MONEY     0.9500    0.9500    0.9500        20
        NORP     0.6724    0.7577    0.7125       520
         OCC     0.8278    0.8702    0.8485       547
     ORDINAL     0.9320    0.9524    0.9421       504
         ORG     0.8779    0.9224    0.8996      1831
     PERCENT     0.9167    0.8462    0.8800        13
        PERS     0.9264    0.9315    0.9290       730
     PRODUCT     0.3333    0.4000    0.3636         5
    QUANTITY     0.5000    0.3333    0.4000         3
        TIME     0.7091    0.7091    0.7091        55
        UNIT     1.0000    0.6667    0.8000         3
     WEBSITE     0.5098    0.5778    0.5417        45

   micro avg     0.8903    0.9129    0.9015      8808
   macro avg     0.8001    0.8028    0.7977      8808
weighted avg     0.8926    0.9129    0.9023      8808

INFO	arabiner.trainers.BertNestedTrainer	Sat, 05 Aug 2023 19:24:08	Epoch 5 | Timestep 6312 | Train Loss 0.012452 | Val Loss 0.052941 | F1 0.901457
INFO	arabiner.trainers.BertNestedTrainer	Sat, 05 Aug 2023 19:26:29	Epoch 6 | Batch 1052/1052 | Timestep 7364 | LR 0.0000106667 | Loss 0.136362
INFO	arabiner.trainers.BertNestedTrainer	Sat, 05 Aug 2023 19:26:29	** Evaluating on validation dataset **
INFO	root	Sat, 05 Aug 2023 19:26:55	
              precision    recall  f1-score   support

    CARDINAL     0.8830    0.8251    0.8531       183
        CURR     1.0000    1.0000    1.0000        21
        DATE     0.9403    0.9601    0.9501      1656
       EVENT     0.6635    0.7753    0.7150       267
         FAC     0.6716    0.8108    0.7347       111
         GPE     0.9618    0.9551    0.9584      2159
    LANGUAGE     0.8333    1.0000    0.9091        15
         LAW     0.7647    0.8864    0.8211        44
         LOC     0.6238    0.8289    0.7119        76
       MONEY     0.9048    0.9500    0.9268        20
        NORP     0.6160    0.7712    0.6849       520
         OCC     0.8174    0.8757    0.8455       547
     ORDINAL     0.9407    0.9444    0.9426       504
         ORG     0.8772    0.9323    0.9039      1831
     PERCENT     0.7500    0.9231    0.8276        13
        PERS     0.9198    0.9425    0.9310       730
     PRODUCT     0.6667    0.8000    0.7273         5
    QUANTITY     0.6000    1.0000    0.7500         3
        TIME     0.6875    0.8000    0.7395        55
        UNIT     0.7500    1.0000    0.8571         3
     WEBSITE     0.4583    0.4889    0.4731        45

   micro avg     0.8758    0.9192    0.8970      8808
   macro avg     0.7776    0.8795    0.8220      8808
weighted avg     0.8826    0.9192    0.8996      8808

INFO	arabiner.trainers.BertNestedTrainer	Sat, 05 Aug 2023 19:27:06	Epoch 6 | Timestep 7364 | Train Loss 0.010002 | Val Loss 0.057592 | F1 0.896964
INFO	arabiner.trainers.BertNestedTrainer	Sat, 05 Aug 2023 19:29:28	Epoch 7 | Batch 1052/1052 | Timestep 8416 | LR 0.0000093333 | Loss 0.008460
INFO	arabiner.trainers.BertNestedTrainer	Sat, 05 Aug 2023 19:29:28	** Evaluating on validation dataset **
INFO	root	Sat, 05 Aug 2023 19:29:54	
              precision    recall  f1-score   support

    CARDINAL     0.8786    0.8306    0.8539       183
        CURR     1.0000    1.0000    1.0000        21
        DATE     0.9443    0.9620    0.9530      1656
       EVENT     0.7188    0.7753    0.7459       267
         FAC     0.6642    0.8018    0.7265       111
         GPE     0.9559    0.9648    0.9604      2159
    LANGUAGE     0.7895    1.0000    0.8824        15
         LAW     0.8333    0.9091    0.8696        44
         LOC     0.7922    0.8026    0.7974        76
       MONEY     0.9500    0.9500    0.9500        20
        NORP     0.6684    0.7635    0.7127       520
         OCC     0.8247    0.8775    0.8503       547
     ORDINAL     0.9340    0.9544    0.9441       504
         ORG     0.8797    0.9306    0.9045      1831
     PERCENT     0.8571    0.9231    0.8889        13
        PERS     0.9274    0.9452    0.9362       730
     PRODUCT     0.3333    0.4000    0.3636         5
    QUANTITY     0.7500    1.0000    0.8571         3
        TIME     0.7091    0.7091    0.7091        55
        UNIT     0.7500    1.0000    0.8571         3
     WEBSITE     0.4468    0.4667    0.4565        45

   micro avg     0.8868    0.9210    0.9035      8808
   macro avg     0.7908    0.8555    0.8200      8808
weighted avg     0.8897    0.9210    0.9047      8808

INFO	arabiner.trainers.BertNestedTrainer	Sat, 05 Aug 2023 19:30:05	Epoch 7 | Timestep 8416 | Train Loss 0.007512 | Val Loss 0.059489 | F1 0.903542
INFO	arabiner.trainers.BertNestedTrainer	Sat, 05 Aug 2023 19:30:05	Early termination triggered
