INFO	__main__	Sat, 05 Aug 2023 18:31:25	Writing config to nested_res/QARIB_CE_lr2e-5/args.json
INFO	arabiner.utils.data	Sat, 05 Aug 2023 18:31:26	1052 batches found
INFO	arabiner.utils.data	Sat, 05 Aug 2023 18:31:26	196 batches found
INFO	arabiner.utils.data	Sat, 05 Aug 2023 18:31:26	375 batches found
INFO	torch.distributed.nn.jit.instantiator	Sat, 05 Aug 2023 18:31:27	Created a temporary directory at /tmp/tmp0w8luk54
INFO	torch.distributed.nn.jit.instantiator	Sat, 05 Aug 2023 18:31:27	Writing /tmp/tmp0w8luk54/_remote_module_non_scriptable.py
INFO	arabiner.trainers.BertNestedTrainer	Sat, 05 Aug 2023 18:33:52	Epoch 0 | Batch 1052/1052 | Timestep 1052 | LR 0.0000186667 | Loss 0.399842
INFO	arabiner.trainers.BertNestedTrainer	Sat, 05 Aug 2023 18:33:52	** Evaluating on validation dataset **
INFO	root	Sat, 05 Aug 2023 18:34:19	
              precision    recall  f1-score   support

    CARDINAL     0.7746    0.7322    0.7528       183
        CURR     0.4815    0.6190    0.5417        21
        DATE     0.9379    0.9493    0.9436      1656
       EVENT     0.5540    0.7303    0.6300       267
         FAC     0.5634    0.7207    0.6324       111
         GPE     0.9273    0.9518    0.9394      2159
    LANGUAGE     0.9167    0.7333    0.8148        15
         LAW     0.6981    0.8409    0.7629        44
         LOC     0.6393    0.5132    0.5693        76
       MONEY     0.6957    0.8000    0.7442        20
        NORP     0.5759    0.6788    0.6231       520
         OCC     0.8078    0.8373    0.8223       547
     ORDINAL     0.8792    0.9246    0.9014       504
         ORG     0.8259    0.9148    0.8681      1831
     PERCENT     0.0000    0.0000    0.0000        13
        PERS     0.9139    0.9164    0.9152       730
     PRODUCT     0.0000    0.0000    0.0000         5
    QUANTITY     0.0000    0.0000    0.0000         3
        TIME     0.5789    0.2000    0.2973        55
        UNIT     0.0000    0.0000    0.0000         3
     WEBSITE     0.2800    0.1556    0.2000        45

   micro avg     0.8417    0.8845    0.8626      8808
   macro avg     0.5738    0.5818    0.5695      8808
weighted avg     0.8439    0.8845    0.8621      8808

INFO	arabiner.trainers.BertNestedTrainer	Sat, 05 Aug 2023 18:34:30	Epoch 0 | Timestep 1052 | Train Loss 0.826172 | Val Loss 0.280694 | F1 0.862600
INFO	arabiner.trainers.BertNestedTrainer	Sat, 05 Aug 2023 18:34:30	** Validation improved, evaluating test data **
INFO	root	Sat, 05 Aug 2023 18:34:58	Predictions written to nested_res/QARIB_CE_lr2e-5/predictions.txt
INFO	root	Sat, 05 Aug 2023 18:35:21	
              precision    recall  f1-score   support

    CARDINAL     0.0000    0.0000    0.0000         0
        CURR     0.0000    0.0000    0.0000         0
        DATE     0.0000    0.0000    0.0000         0
       EVENT     0.0000    0.0000    0.0000         0
         FAC     0.0000    0.0000    0.0000         0
         GPE     0.0000    0.0000    0.0000         0
    LANGUAGE     0.0000    0.0000    0.0000         0
         LAW     0.0000    0.0000    0.0000         0
         LOC     0.0000    0.0000    0.0000         0
       MONEY     0.0000    0.0000    0.0000         0
        NORP     0.0000    0.0000    0.0000         0
         OCC     0.0000    0.0000    0.0000         0
     ORDINAL     0.0000    0.0000    0.0000         0
         ORG     0.0000    0.0000    0.0000         0
     PERCENT     0.0000    0.0000    0.0000         0
        PERS     0.0000    0.0000    0.0000         0
        TIME     0.0000    0.0000    0.0000         0
     WEBSITE     0.0000    0.0000    0.0000         0
        pad>     0.0000    0.0000    0.0000         0

   micro avg     0.0000    0.0000    0.0000         0
   macro avg     0.0000    0.0000    0.0000         0
weighted avg     0.0000    0.0000    0.0000         0

INFO	arabiner.trainers.BertNestedTrainer	Sat, 05 Aug 2023 18:35:43	Epoch 0 | Timestep 1052 | Test Loss 1.290175 | F1 0.000000
INFO	arabiner.trainers.BaseTrainer	Sat, 05 Aug 2023 18:35:43	Saving checkpoint to nested_res/QARIB_CE_lr2e-5/checkpoints/checkpoint_0.pt
INFO	arabiner.trainers.BertNestedTrainer	Sat, 05 Aug 2023 18:38:12	Epoch 1 | Batch 1052/1052 | Timestep 2104 | LR 0.0000173333 | Loss 0.035095
INFO	arabiner.trainers.BertNestedTrainer	Sat, 05 Aug 2023 18:38:12	** Evaluating on validation dataset **
INFO	root	Sat, 05 Aug 2023 18:38:39	
              precision    recall  f1-score   support

    CARDINAL     0.8875    0.7760    0.8280       183
        CURR     1.0000    0.9524    0.9756        21
        DATE     0.9318    0.9571    0.9443      1656
       EVENT     0.7101    0.7341    0.7219       267
         FAC     0.7094    0.7477    0.7281       111
         GPE     0.9523    0.9532    0.9528      2159
    LANGUAGE     0.7368    0.9333    0.8235        15
         LAW     0.8261    0.8636    0.8444        44
         LOC     0.6667    0.6842    0.6753        76
       MONEY     0.3667    0.5500    0.4400        20
        NORP     0.5847    0.7769    0.6672       520
         OCC     0.8223    0.8629    0.8421       547
     ORDINAL     0.9011    0.9583    0.9288       504
         ORG     0.8491    0.9279    0.8867      1831
     PERCENT     0.8462    0.8462    0.8462        13
        PERS     0.9398    0.9411    0.9405       730
     PRODUCT     1.0000    0.2000    0.3333         5
    QUANTITY     1.0000    0.3333    0.5000         3
        TIME     0.6667    0.7636    0.7119        55
        UNIT     1.0000    0.3333    0.5000         3
     WEBSITE     0.2857    0.1778    0.2192        45

   micro avg     0.8659    0.9092    0.8870      8808
   macro avg     0.7944    0.7273    0.7290      8808
weighted avg     0.8715    0.9092    0.8886      8808

INFO	arabiner.trainers.BertNestedTrainer	Sat, 05 Aug 2023 18:38:50	Epoch 1 | Timestep 2104 | Train Loss 0.347453 | Val Loss 0.173433 | F1 0.887018
INFO	arabiner.trainers.BertNestedTrainer	Sat, 05 Aug 2023 18:38:50	** Validation improved, evaluating test data **
INFO	root	Sat, 05 Aug 2023 18:39:19	Predictions written to nested_res/QARIB_CE_lr2e-5/predictions.txt
INFO	root	Sat, 05 Aug 2023 18:39:41	
              precision    recall  f1-score   support

    CARDINAL     0.0000    0.0000    0.0000         0
        CURR     0.0000    0.0000    0.0000         0
        DATE     0.0000    0.0000    0.0000         0
       EVENT     0.0000    0.0000    0.0000         0
         FAC     0.0000    0.0000    0.0000         0
         GPE     0.0000    0.0000    0.0000         0
    LANGUAGE     0.0000    0.0000    0.0000         0
         LAW     0.0000    0.0000    0.0000         0
         LOC     0.0000    0.0000    0.0000         0
       MONEY     0.0000    0.0000    0.0000         0
        NORP     0.0000    0.0000    0.0000         0
         OCC     0.0000    0.0000    0.0000         0
     ORDINAL     0.0000    0.0000    0.0000         0
         ORG     0.0000    0.0000    0.0000         0
     PERCENT     0.0000    0.0000    0.0000         0
        PERS     0.0000    0.0000    0.0000         0
     PRODUCT     0.0000    0.0000    0.0000         0
    QUANTITY     0.0000    0.0000    0.0000         0
        TIME     0.0000    0.0000    0.0000         0
        UNIT     0.0000    0.0000    0.0000         0
     WEBSITE     0.0000    0.0000    0.0000         0
        pad>     0.0000    0.0000    0.0000         0

   micro avg     0.0000    0.0000    0.0000         0
   macro avg     0.0000    0.0000    0.0000         0
weighted avg     0.0000    0.0000    0.0000         0

INFO	arabiner.trainers.BertNestedTrainer	Sat, 05 Aug 2023 18:40:02	Epoch 1 | Timestep 2104 | Test Loss 1.345132 | F1 0.000000
INFO	arabiner.trainers.BaseTrainer	Sat, 05 Aug 2023 18:40:02	Saving checkpoint to nested_res/QARIB_CE_lr2e-5/checkpoints/checkpoint_1.pt
INFO	arabiner.trainers.BertNestedTrainer	Sat, 05 Aug 2023 18:42:31	Epoch 2 | Batch 1052/1052 | Timestep 3156 | LR 0.0000160000 | Loss 0.018145
INFO	arabiner.trainers.BertNestedTrainer	Sat, 05 Aug 2023 18:42:31	** Evaluating on validation dataset **
INFO	root	Sat, 05 Aug 2023 18:42:57	
              precision    recall  f1-score   support

    CARDINAL     0.8793    0.8361    0.8571       183
        CURR     0.9524    0.9524    0.9524        21
        DATE     0.9459    0.9607    0.9533      1656
       EVENT     0.6656    0.7828    0.7194       267
         FAC     0.6929    0.7928    0.7395       111
         GPE     0.9456    0.9588    0.9522      2159
    LANGUAGE     0.7778    0.9333    0.8485        15
         LAW     0.6094    0.8864    0.7222        44
         LOC     0.7571    0.6974    0.7260        76
       MONEY     0.5185    0.7000    0.5957        20
        NORP     0.6787    0.7231    0.7002       520
         OCC     0.8274    0.8848    0.8551       547
     ORDINAL     0.9007    0.9544    0.9268       504
         ORG     0.8796    0.9334    0.9057      1831
     PERCENT     0.8462    0.8462    0.8462        13
        PERS     0.9262    0.9452    0.9356       730
     PRODUCT     0.2500    0.2000    0.2222         5
    QUANTITY     0.6667    0.6667    0.6667         3
        TIME     0.7241    0.7636    0.7434        55
        UNIT     1.0000    0.6667    0.8000         3
     WEBSITE     0.4444    0.4444    0.4444        45

   micro avg     0.8797    0.9161    0.8976      8808
   macro avg     0.7566    0.7871    0.7673      8808
weighted avg     0.8825    0.9161    0.8986      8808

INFO	arabiner.trainers.BertNestedTrainer	Sat, 05 Aug 2023 18:43:08	Epoch 2 | Timestep 3156 | Train Loss 0.322557 | Val Loss 0.169574 | F1 0.897553
INFO	arabiner.trainers.BertNestedTrainer	Sat, 05 Aug 2023 18:43:08	** Validation improved, evaluating test data **
INFO	root	Sat, 05 Aug 2023 18:43:37	Predictions written to nested_res/QARIB_CE_lr2e-5/predictions.txt
INFO	root	Sat, 05 Aug 2023 18:44:01	
              precision    recall  f1-score   support

    CARDINAL     0.0000    0.0000    0.0000         0
        CURR     0.0000    0.0000    0.0000         0
        DATE     0.0000    0.0000    0.0000         0
       EVENT     0.0000    0.0000    0.0000         0
         FAC     0.0000    0.0000    0.0000         0
         GPE     0.0000    0.0000    0.0000         0
    LANGUAGE     0.0000    0.0000    0.0000         0
         LAW     0.0000    0.0000    0.0000         0
         LOC     0.0000    0.0000    0.0000         0
       MONEY     0.0000    0.0000    0.0000         0
        NORP     0.0000    0.0000    0.0000         0
         OCC     0.0000    0.0000    0.0000         0
     ORDINAL     0.0000    0.0000    0.0000         0
         ORG     0.0000    0.0000    0.0000         0
     PERCENT     0.0000    0.0000    0.0000         0
        PERS     0.0000    0.0000    0.0000         0
     PRODUCT     0.0000    0.0000    0.0000         0
    QUANTITY     0.0000    0.0000    0.0000         0
        TIME     0.0000    0.0000    0.0000         0
        UNIT     0.0000    0.0000    0.0000         0
     WEBSITE     0.0000    0.0000    0.0000         0
        pad>     0.0000    0.0000    0.0000         0

   micro avg     0.0000    0.0000    0.0000         0
   macro avg     0.0000    0.0000    0.0000         0
weighted avg     0.0000    0.0000    0.0000         0

INFO	arabiner.trainers.BertNestedTrainer	Sat, 05 Aug 2023 18:44:23	Epoch 2 | Timestep 3156 | Test Loss 1.460447 | F1 0.000000
INFO	arabiner.trainers.BaseTrainer	Sat, 05 Aug 2023 18:44:23	Saving checkpoint to nested_res/QARIB_CE_lr2e-5/checkpoints/checkpoint_2.pt
INFO	arabiner.trainers.BertNestedTrainer	Sat, 05 Aug 2023 18:46:52	Epoch 3 | Batch 1052/1052 | Timestep 4208 | LR 0.0000146667 | Loss 0.455361
INFO	arabiner.trainers.BertNestedTrainer	Sat, 05 Aug 2023 18:46:52	** Evaluating on validation dataset **
INFO	root	Sat, 05 Aug 2023 18:47:18	
              precision    recall  f1-score   support

    CARDINAL     0.8882    0.8251    0.8555       183
        CURR     0.9524    0.9524    0.9524        21
        DATE     0.9394    0.9650    0.9520      1656
       EVENT     0.6733    0.7640    0.7158       267
         FAC     0.7154    0.7928    0.7521       111
         GPE     0.9489    0.9634    0.9561      2159
    LANGUAGE     0.8333    1.0000    0.9091        15
         LAW     0.7593    0.9318    0.8367        44
         LOC     0.7826    0.7105    0.7448        76
       MONEY     0.7727    0.8500    0.8095        20
        NORP     0.6297    0.7750    0.6948       520
         OCC     0.8142    0.8812    0.8464       547
     ORDINAL     0.9195    0.9524    0.9357       504
         ORG     0.8904    0.9186    0.9043      1831
     PERCENT     0.7692    0.7692    0.7692        13
        PERS     0.9433    0.9342    0.9387       730
     PRODUCT     0.5000    0.4000    0.4444         5
    QUANTITY     1.0000    1.0000    1.0000         3
        TIME     0.6780    0.7273    0.7018        55
        UNIT     1.0000    1.0000    1.0000         3
     WEBSITE     0.5000    0.3778    0.4304        45

   micro avg     0.8817    0.9164    0.8987      8808
   macro avg     0.8052    0.8329    0.8167      8808
weighted avg     0.8856    0.9164    0.9001      8808

INFO	arabiner.trainers.BertNestedTrainer	Sat, 05 Aug 2023 18:47:29	Epoch 3 | Timestep 4208 | Train Loss 0.314368 | Val Loss 0.172294 | F1 0.898736
INFO	arabiner.trainers.BertNestedTrainer	Sat, 05 Aug 2023 18:49:52	Epoch 4 | Batch 1052/1052 | Timestep 5260 | LR 0.0000133333 | Loss 0.008452
INFO	arabiner.trainers.BertNestedTrainer	Sat, 05 Aug 2023 18:49:52	** Evaluating on validation dataset **
INFO	root	Sat, 05 Aug 2023 18:50:18	
              precision    recall  f1-score   support

    CARDINAL     0.8689    0.8689    0.8689       183
        CURR     1.0000    1.0000    1.0000        21
        DATE     0.9410    0.9638    0.9523      1656
       EVENT     0.6582    0.7790    0.7136       267
         FAC     0.7500    0.8378    0.7915       111
         GPE     0.9458    0.9625    0.9541      2159
    LANGUAGE     0.7895    1.0000    0.8824        15
         LAW     0.7593    0.9318    0.8367        44
         LOC     0.7051    0.7237    0.7143        76
       MONEY     0.7391    0.8500    0.7907        20
        NORP     0.6131    0.7923    0.6913       520
         OCC     0.8217    0.8848    0.8521       547
     ORDINAL     0.9162    0.9544    0.9349       504
         ORG     0.8550    0.9306    0.8912      1831
     PERCENT     0.8333    0.7692    0.8000        13
        PERS     0.9283    0.9575    0.9427       730
     PRODUCT     0.6000    0.6000    0.6000         5
    QUANTITY     0.7500    1.0000    0.8571         3
        TIME     0.7241    0.7636    0.7434        55
        UNIT     1.0000    1.0000    1.0000         3
     WEBSITE     0.5128    0.4444    0.4762        45

   micro avg     0.8697    0.9246    0.8963      8808
   macro avg     0.7958    0.8578    0.8235      8808
weighted avg     0.8751    0.9246    0.8984      8808

INFO	arabiner.trainers.BertNestedTrainer	Sat, 05 Aug 2023 18:50:29	Epoch 4 | Timestep 5260 | Train Loss 0.303328 | Val Loss 0.175295 | F1 0.896324
INFO	arabiner.trainers.BertNestedTrainer	Sat, 05 Aug 2023 18:52:51	Epoch 5 | Batch 1052/1052 | Timestep 6312 | LR 0.0000120000 | Loss 0.001329
INFO	arabiner.trainers.BertNestedTrainer	Sat, 05 Aug 2023 18:52:51	** Evaluating on validation dataset **
INFO	root	Sat, 05 Aug 2023 18:53:17	
              precision    recall  f1-score   support

    CARDINAL     0.8674    0.8579    0.8626       183
        CURR     1.0000    1.0000    1.0000        21
        DATE     0.9461    0.9541    0.9501      1656
       EVENT     0.7795    0.7416    0.7601       267
         FAC     0.7522    0.7658    0.7589       111
         GPE     0.9640    0.9555    0.9598      2159
    LANGUAGE     0.8333    1.0000    0.9091        15
         LAW     0.8125    0.8864    0.8478        44
         LOC     0.7763    0.7763    0.7763        76
       MONEY     0.6957    0.8000    0.7442        20
        NORP     0.6499    0.7712    0.7054       520
         OCC     0.8386    0.8739    0.8559       547
     ORDINAL     0.9360    0.9583    0.9471       504
         ORG     0.8868    0.9285    0.9072      1831
     PERCENT     0.9167    0.8462    0.8800        13
        PERS     0.9298    0.9438    0.9368       730
     PRODUCT     0.5000    0.4000    0.4444         5
    QUANTITY     1.0000    1.0000    1.0000         3
        TIME     0.7414    0.7818    0.7611        55
        UNIT     1.0000    1.0000    1.0000         3
     WEBSITE     0.5106    0.5333    0.5217        45

   micro avg     0.8935    0.9162    0.9047      8808
   macro avg     0.8256    0.8464    0.8347      8808
weighted avg     0.8964    0.9162    0.9058      8808

INFO	arabiner.trainers.BertNestedTrainer	Sat, 05 Aug 2023 18:53:28	Epoch 5 | Timestep 6312 | Train Loss 0.295916 | Val Loss 0.175253 | F1 0.904709
INFO	arabiner.trainers.BertNestedTrainer	Sat, 05 Aug 2023 18:55:50	Epoch 6 | Batch 1052/1052 | Timestep 7364 | LR 0.0000106667 | Loss 0.420599
INFO	arabiner.trainers.BertNestedTrainer	Sat, 05 Aug 2023 18:55:50	** Evaluating on validation dataset **
INFO	root	Sat, 05 Aug 2023 18:56:16	
              precision    recall  f1-score   support

    CARDINAL     0.8547    0.8361    0.8453       183
        CURR     1.0000    1.0000    1.0000        21
        DATE     0.9392    0.9601    0.9495      1656
       EVENT     0.7226    0.7903    0.7549       267
         FAC     0.7040    0.7928    0.7458       111
         GPE     0.9501    0.9694    0.9597      2159
    LANGUAGE     0.7895    1.0000    0.8824        15
         LAW     0.8200    0.9318    0.8723        44
         LOC     0.7436    0.7632    0.7532        76
       MONEY     0.9048    0.9500    0.9268        20
        NORP     0.6559    0.7846    0.7145       520
         OCC     0.8311    0.8903    0.8597       547
     ORDINAL     0.9130    0.9583    0.9351       504
         ORG     0.8951    0.9274    0.9109      1831
     PERCENT     1.0000    0.9231    0.9600        13
        PERS     0.9378    0.9507    0.9442       730
     PRODUCT     0.4000    0.4000    0.4000         5
    QUANTITY     0.7500    1.0000    0.8571         3
        TIME     0.7258    0.8182    0.7692        55
        UNIT     1.0000    1.0000    1.0000         3
     WEBSITE     0.5217    0.5333    0.5275        45

   micro avg     0.8869    0.9251    0.9056      8808
   macro avg     0.8123    0.8657    0.8366      8808
weighted avg     0.8902    0.9251    0.9069      8808

INFO	arabiner.trainers.BertNestedTrainer	Sat, 05 Aug 2023 18:56:27	Epoch 6 | Timestep 7364 | Train Loss 0.306270 | Val Loss 0.177757 | F1 0.905585
INFO	arabiner.trainers.BertNestedTrainer	Sat, 05 Aug 2023 18:58:49	Epoch 7 | Batch 1052/1052 | Timestep 8416 | LR 0.0000093333 | Loss 0.376395
INFO	arabiner.trainers.BertNestedTrainer	Sat, 05 Aug 2023 18:58:49	** Evaluating on validation dataset **
INFO	root	Sat, 05 Aug 2023 18:59:14	
              precision    recall  f1-score   support

    CARDINAL     0.8833    0.8689    0.8760       183
        CURR     1.0000    1.0000    1.0000        21
        DATE     0.9366    0.9547    0.9456      1656
       EVENT     0.6544    0.8015    0.7205       267
         FAC     0.7031    0.8108    0.7531       111
         GPE     0.9537    0.9643    0.9590      2159
    LANGUAGE     0.7895    1.0000    0.8824        15
         LAW     0.8696    0.9091    0.8889        44
         LOC     0.7532    0.7632    0.7582        76
       MONEY     0.9048    0.9500    0.9268        20
        NORP     0.6735    0.7577    0.7131       520
         OCC     0.8310    0.8812    0.8554       547
     ORDINAL     0.9375    0.9524    0.9449       504
         ORG     0.8921    0.9306    0.9110      1831
     PERCENT     0.9231    0.9231    0.9231        13
        PERS     0.9269    0.9548    0.9406       730
     PRODUCT     0.5000    0.4000    0.4444         5
    QUANTITY     1.0000    1.0000    1.0000         3
        TIME     0.7857    0.8000    0.7928        55
        UNIT     1.0000    1.0000    1.0000         3
     WEBSITE     0.5000    0.4667    0.4828        45

   micro avg     0.8875    0.9220    0.9044      8808
   macro avg     0.8294    0.8614    0.8437      8808
weighted avg     0.8906    0.9220    0.9057      8808

INFO	arabiner.trainers.BertNestedTrainer	Sat, 05 Aug 2023 18:59:26	Epoch 7 | Timestep 8416 | Train Loss 0.297963 | Val Loss 0.180094 | F1 0.904444
INFO	arabiner.trainers.BertNestedTrainer	Sat, 05 Aug 2023 18:59:26	Early termination triggered
