INFO	__main__	Sun, 06 Aug 2023 10:50:53	Writing config to flat_res/CamelBERT_MIX_MTN_CE_lr2e-5/args.json
INFO	arabiner.utils.data	Sun, 06 Aug 2023 10:50:53	1052 batches found
INFO	arabiner.utils.data	Sun, 06 Aug 2023 10:50:53	196 batches found
INFO	arabiner.utils.data	Sun, 06 Aug 2023 10:50:53	375 batches found
INFO	torch.distributed.nn.jit.instantiator	Sun, 06 Aug 2023 10:50:54	Created a temporary directory at /tmp/tmpmle4vh99
INFO	torch.distributed.nn.jit.instantiator	Sun, 06 Aug 2023 10:50:54	Writing /tmp/tmpmle4vh99/_remote_module_non_scriptable.py
INFO	arabiner.trainers.BertMTNTrainer	Sun, 06 Aug 2023 10:53:09	Epoch 0 | Batch 1052/1052 | Timestep 1052 | LR 0.0000186667 | Loss 0.028505
INFO	arabiner.trainers.BertMTNTrainer	Sun, 06 Aug 2023 10:53:09	** Evaluating on validation dataset **
INFO	root	Sun, 06 Aug 2023 10:53:23	
              precision    recall  f1-score   support

    CARDINAL     0.8172    0.8352    0.8261       182
        CURR     0.0000    0.0000    0.0000         1
        DATE     0.9164    0.9438    0.9299      1567
       EVENT     0.6742    0.7115    0.6923       253
         FAC     0.5288    0.6471    0.5820        85
         GPE     0.8270    0.9161    0.8692      1132
    LANGUAGE     1.0000    0.6000    0.7500        15
         LAW     0.6429    0.8182    0.7200        44
         LOC     0.4839    0.4762    0.4800        63
       MONEY     0.7619    0.8000    0.7805        20
        NORP     0.5928    0.7459    0.6606       488
         OCC     0.7780    0.8309    0.8036       544
     ORDINAL     0.8852    0.9024    0.8937       410
         ORG     0.8253    0.8959    0.8592      1566
     PERCENT     0.8462    0.8462    0.8462        13
        PERS     0.9142    0.9338    0.9239       650
     PRODUCT     0.0000    0.0000    0.0000         5
    QUANTITY     0.0000    0.0000    0.0000         3
        TIME     0.6579    0.4545    0.5376        55
     WEBSITE     0.1111    0.0444    0.0635        45

   micro avg     0.8174    0.8721    0.8439      7141
   macro avg     0.6131    0.6201    0.6109      7141
weighted avg     0.8177    0.8721    0.8430      7141

INFO	arabiner.trainers.BertMTNTrainer	Sun, 06 Aug 2023 10:53:23	Epoch 0 | Timestep 1052 | Train Loss 0.545865 | Val Loss 0.069249 | F1 0.843902
INFO	arabiner.trainers.BertMTNTrainer	Sun, 06 Aug 2023 10:53:23	** Validation improved, evaluating test data **
INFO	root	Sun, 06 Aug 2023 10:53:50	Predictions written to flat_res/CamelBERT_MIX_MTN_CE_lr2e-5/predictions.txt
INFO	root	Sun, 06 Aug 2023 10:53:51	
              precision    recall  f1-score   support

    CARDINAL     0.0000    0.0000    0.0000         0
        DATE     0.0000    0.0000    0.0000         0
       EVENT     0.0000    0.0000    0.0000         0
         FAC     0.0000    0.0000    0.0000         0
         GPE     0.0000    0.0000    0.0000         0
    LANGUAGE     0.0000    0.0000    0.0000         0
         LAW     0.0000    0.0000    0.0000         0
         LOC     0.0000    0.0000    0.0000         0
       MONEY     0.0000    0.0000    0.0000         0
        NORP     0.0000    0.0000    0.0000         0
         OCC     0.0000    0.0000    0.0000         0
     ORDINAL     0.0000    0.0000    0.0000         0
         ORG     0.0000    0.0000    0.0000         0
     PERCENT     0.0000    0.0000    0.0000         0
        PERS     0.0000    0.0000    0.0000         0
    QUANTITY     0.0000    0.0000    0.0000         0
        TIME     0.0000    0.0000    0.0000         0
     WEBSITE     0.0000    0.0000    0.0000         0

   micro avg     0.0000    0.0000    0.0000         0
   macro avg     0.0000    0.0000    0.0000         0
weighted avg     0.0000    0.0000    0.0000         0

INFO	arabiner.trainers.BertMTNTrainer	Sun, 06 Aug 2023 10:53:52	Epoch 0 | Timestep 1052 | Test Loss 1.016113 | F1 0.000000
INFO	arabiner.trainers.BaseTrainer	Sun, 06 Aug 2023 10:53:52	Saving checkpoint to flat_res/CamelBERT_MIX_MTN_CE_lr2e-5/checkpoints/checkpoint_0.pt
INFO	arabiner.trainers.BertMTNTrainer	Sun, 06 Aug 2023 10:56:10	Epoch 1 | Batch 1052/1052 | Timestep 2104 | LR 0.0000173333 | Loss 0.011930
INFO	arabiner.trainers.BertMTNTrainer	Sun, 06 Aug 2023 10:56:10	** Evaluating on validation dataset **
INFO	root	Sun, 06 Aug 2023 10:56:24	
              precision    recall  f1-score   support

    CARDINAL     0.8297    0.8297    0.8297       182
        CURR     0.0000    0.0000    0.0000         1
        DATE     0.9309    0.9464    0.9386      1567
       EVENT     0.7449    0.7154    0.7298       253
         FAC     0.5431    0.7412    0.6269        85
         GPE     0.8699    0.9099    0.8895      1132
    LANGUAGE     0.8750    0.9333    0.9032        15
         LAW     0.7959    0.8864    0.8387        44
         LOC     0.5672    0.6032    0.5846        63
       MONEY     0.6250    0.7500    0.6818        20
        NORP     0.6052    0.7664    0.6763       488
         OCC     0.8102    0.8474    0.8284       544
     ORDINAL     0.9125    0.9415    0.9268       410
         ORG     0.9005    0.9132    0.9068      1566
     PERCENT     0.9231    0.9231    0.9231        13
        PERS     0.9147    0.9400    0.9272       650
     PRODUCT     0.5000    0.2000    0.2857         5
    QUANTITY     0.0000    0.0000    0.0000         3
        TIME     0.7551    0.6727    0.7115        55
     WEBSITE     0.5405    0.4444    0.4878        45

   micro avg     0.8526    0.8887    0.8703      7141
   macro avg     0.6822    0.6982    0.6848      7141
weighted avg     0.8571    0.8887    0.8718      7141

INFO	arabiner.trainers.BertMTNTrainer	Sun, 06 Aug 2023 10:56:25	Epoch 1 | Timestep 2104 | Train Loss 0.039772 | Val Loss 0.049636 | F1 0.870269
INFO	arabiner.trainers.BertMTNTrainer	Sun, 06 Aug 2023 10:56:25	** Validation improved, evaluating test data **
INFO	root	Sun, 06 Aug 2023 10:56:51	Predictions written to flat_res/CamelBERT_MIX_MTN_CE_lr2e-5/predictions.txt
INFO	root	Sun, 06 Aug 2023 10:56:52	
              precision    recall  f1-score   support

    CARDINAL     0.0000    0.0000    0.0000         0
        DATE     0.0000    0.0000    0.0000         0
       EVENT     0.0000    0.0000    0.0000         0
         FAC     0.0000    0.0000    0.0000         0
         GPE     0.0000    0.0000    0.0000         0
    LANGUAGE     0.0000    0.0000    0.0000         0
         LAW     0.0000    0.0000    0.0000         0
         LOC     0.0000    0.0000    0.0000         0
       MONEY     0.0000    0.0000    0.0000         0
        NORP     0.0000    0.0000    0.0000         0
         OCC     0.0000    0.0000    0.0000         0
     ORDINAL     0.0000    0.0000    0.0000         0
         ORG     0.0000    0.0000    0.0000         0
     PERCENT     0.0000    0.0000    0.0000         0
        PERS     0.0000    0.0000    0.0000         0
     PRODUCT     0.0000    0.0000    0.0000         0
    QUANTITY     0.0000    0.0000    0.0000         0
        TIME     0.0000    0.0000    0.0000         0
     WEBSITE     0.0000    0.0000    0.0000         0

   micro avg     0.0000    0.0000    0.0000         0
   macro avg     0.0000    0.0000    0.0000         0
weighted avg     0.0000    0.0000    0.0000         0

INFO	arabiner.trainers.BertMTNTrainer	Sun, 06 Aug 2023 10:56:53	Epoch 1 | Timestep 2104 | Test Loss 0.984070 | F1 0.000000
INFO	arabiner.trainers.BaseTrainer	Sun, 06 Aug 2023 10:56:53	Saving checkpoint to flat_res/CamelBERT_MIX_MTN_CE_lr2e-5/checkpoints/checkpoint_1.pt
INFO	arabiner.trainers.BertMTNTrainer	Sun, 06 Aug 2023 10:59:10	Epoch 2 | Batch 1052/1052 | Timestep 3156 | LR 0.0000160000 | Loss 0.072573
INFO	arabiner.trainers.BertMTNTrainer	Sun, 06 Aug 2023 10:59:10	** Evaluating on validation dataset **
INFO	root	Sun, 06 Aug 2023 10:59:24	
              precision    recall  f1-score   support

    CARDINAL     0.7990    0.8516    0.8245       182
        CURR     0.0000    0.0000    0.0000         1
        DATE     0.9284    0.9521    0.9401      1567
       EVENT     0.7185    0.7668    0.7419       253
         FAC     0.6400    0.7529    0.6919        85
         GPE     0.8731    0.9117    0.8920      1132
    LANGUAGE     0.8667    0.8667    0.8667        15
         LAW     0.8511    0.9091    0.8791        44
         LOC     0.6562    0.6667    0.6614        63
       MONEY     0.7619    0.8000    0.7805        20
        NORP     0.7017    0.7520    0.7260       488
         OCC     0.8388    0.8511    0.8449       544
     ORDINAL     0.9455    0.9317    0.9386       410
         ORG     0.9190    0.9061    0.9125      1566
     PERCENT     0.9286    1.0000    0.9630        13
        PERS     0.9253    0.9523    0.9386       650
     PRODUCT     0.2500    0.2000    0.2222         5
    QUANTITY     0.5000    0.3333    0.4000         3
        TIME     0.7037    0.6909    0.6972        55
     WEBSITE     0.5472    0.6444    0.5918        45

   micro avg     0.8717    0.8934    0.8824      7141
   macro avg     0.7177    0.7370    0.7256      7141
weighted avg     0.8734    0.8934    0.8831      7141

INFO	arabiner.trainers.BertMTNTrainer	Sun, 06 Aug 2023 10:59:25	Epoch 2 | Timestep 3156 | Train Loss 0.025167 | Val Loss 0.049586 | F1 0.882434
INFO	arabiner.trainers.BertMTNTrainer	Sun, 06 Aug 2023 10:59:25	** Validation improved, evaluating test data **
INFO	root	Sun, 06 Aug 2023 10:59:51	Predictions written to flat_res/CamelBERT_MIX_MTN_CE_lr2e-5/predictions.txt
INFO	root	Sun, 06 Aug 2023 10:59:52	
              precision    recall  f1-score   support

    CARDINAL     0.0000    0.0000    0.0000         0
        DATE     0.0000    0.0000    0.0000         0
       EVENT     0.0000    0.0000    0.0000         0
         FAC     0.0000    0.0000    0.0000         0
         GPE     0.0000    0.0000    0.0000         0
    LANGUAGE     0.0000    0.0000    0.0000         0
         LAW     0.0000    0.0000    0.0000         0
         LOC     0.0000    0.0000    0.0000         0
       MONEY     0.0000    0.0000    0.0000         0
        NORP     0.0000    0.0000    0.0000         0
         OCC     0.0000    0.0000    0.0000         0
     ORDINAL     0.0000    0.0000    0.0000         0
         ORG     0.0000    0.0000    0.0000         0
     PERCENT     0.0000    0.0000    0.0000         0
        PERS     0.0000    0.0000    0.0000         0
     PRODUCT     0.0000    0.0000    0.0000         0
    QUANTITY     0.0000    0.0000    0.0000         0
        TIME     0.0000    0.0000    0.0000         0
     WEBSITE     0.0000    0.0000    0.0000         0

   micro avg     0.0000    0.0000    0.0000         0
   macro avg     0.0000    0.0000    0.0000         0
weighted avg     0.0000    0.0000    0.0000         0

INFO	arabiner.trainers.BertMTNTrainer	Sun, 06 Aug 2023 10:59:53	Epoch 2 | Timestep 3156 | Test Loss 1.129743 | F1 0.000000
INFO	arabiner.trainers.BaseTrainer	Sun, 06 Aug 2023 10:59:53	Saving checkpoint to flat_res/CamelBERT_MIX_MTN_CE_lr2e-5/checkpoints/checkpoint_2.pt
INFO	arabiner.trainers.BertMTNTrainer	Sun, 06 Aug 2023 11:02:10	Epoch 3 | Batch 1052/1052 | Timestep 4208 | LR 0.0000146667 | Loss 0.106209
INFO	arabiner.trainers.BertMTNTrainer	Sun, 06 Aug 2023 11:02:10	** Evaluating on validation dataset **
INFO	root	Sun, 06 Aug 2023 11:02:24	
              precision    recall  f1-score   support

    CARDINAL     0.8449    0.8681    0.8564       182
        CURR     0.0000    0.0000    0.0000         1
        DATE     0.9371    0.9413    0.9392      1567
       EVENT     0.7884    0.7510    0.7692       253
         FAC     0.5980    0.7176    0.6524        85
         GPE     0.8846    0.8807    0.8827      1132
    LANGUAGE     0.8667    0.8667    0.8667        15
         LAW     0.8298    0.8864    0.8571        44
         LOC     0.7377    0.7143    0.7258        63
       MONEY     0.8095    0.8500    0.8293        20
        NORP     0.6936    0.7561    0.7235       488
         OCC     0.8406    0.8529    0.8467       544
     ORDINAL     0.9332    0.9537    0.9433       410
         ORG     0.9022    0.9132    0.9076      1566
     PERCENT     1.0000    1.0000    1.0000        13
        PERS     0.9091    0.9385    0.9235       650
     PRODUCT     0.4000    0.4000    0.4000         5
    QUANTITY     1.0000    0.6667    0.8000         3
        TIME     0.8372    0.6545    0.7347        55
     WEBSITE     0.6842    0.5778    0.6265        45

   micro avg     0.8760    0.8876    0.8817      7141
   macro avg     0.7748    0.7595    0.7642      7141
weighted avg     0.8771    0.8876    0.8820      7141

INFO	arabiner.trainers.BertMTNTrainer	Sun, 06 Aug 2023 11:02:24	Epoch 3 | Timestep 4208 | Train Loss 0.017499 | Val Loss 0.050099 | F1 0.881747
INFO	arabiner.trainers.BertMTNTrainer	Sun, 06 Aug 2023 11:04:36	Epoch 4 | Batch 1052/1052 | Timestep 5260 | LR 0.0000133333 | Loss 0.005488
INFO	arabiner.trainers.BertMTNTrainer	Sun, 06 Aug 2023 11:04:36	** Evaluating on validation dataset **
INFO	root	Sun, 06 Aug 2023 11:04:50	
              precision    recall  f1-score   support

    CARDINAL     0.8656    0.8846    0.8750       182
        CURR     0.0000    0.0000    0.0000         1
        DATE     0.9306    0.9502    0.9403      1567
       EVENT     0.6722    0.7945    0.7283       253
         FAC     0.7531    0.7176    0.7349        85
         GPE     0.8927    0.8966    0.8947      1132
    LANGUAGE     0.8750    0.9333    0.9032        15
         LAW     0.8298    0.8864    0.8571        44
         LOC     0.7719    0.6984    0.7333        63
       MONEY     0.8500    0.8500    0.8500        20
        NORP     0.6303    0.7684    0.6925       488
         OCC     0.8058    0.8695    0.8364       544
     ORDINAL     0.8914    0.9610    0.9249       410
         ORG     0.8876    0.9227    0.9048      1566
     PERCENT     0.9286    1.0000    0.9630        13
        PERS     0.9244    0.9400    0.9321       650
     PRODUCT     0.6000    0.6000    0.6000         5
    QUANTITY     0.7500    1.0000    0.8571         3
        TIME     0.7407    0.7273    0.7339        55
     WEBSITE     0.6471    0.4889    0.5570        45

   micro avg     0.8596    0.8990    0.8789      7141
   macro avg     0.7623    0.7945    0.7759      7141
weighted avg     0.8633    0.8990    0.8802      7141

INFO	arabiner.trainers.BertMTNTrainer	Sun, 06 Aug 2023 11:04:51	Epoch 4 | Timestep 5260 | Train Loss 0.011781 | Val Loss 0.056103 | F1 0.878850
INFO	arabiner.trainers.BertMTNTrainer	Sun, 06 Aug 2023 11:07:02	Epoch 5 | Batch 1052/1052 | Timestep 6312 | LR 0.0000120000 | Loss 0.001616
INFO	arabiner.trainers.BertMTNTrainer	Sun, 06 Aug 2023 11:07:02	** Evaluating on validation dataset **
INFO	root	Sun, 06 Aug 2023 11:07:16	
              precision    recall  f1-score   support

    CARDINAL     0.8525    0.8571    0.8548       182
        CURR     1.0000    1.0000    1.0000         1
        DATE     0.9414    0.9534    0.9474      1567
       EVENT     0.7283    0.7945    0.7599       253
         FAC     0.7209    0.7294    0.7251        85
         GPE     0.8882    0.8984    0.8933      1132
    LANGUAGE     0.8750    0.9333    0.9032        15
         LAW     0.8511    0.9091    0.8791        44
         LOC     0.6447    0.7778    0.7050        63
       MONEY     0.8182    0.9000    0.8571        20
        NORP     0.7246    0.7602    0.7420       488
         OCC     0.8394    0.8842    0.8612       544
     ORDINAL     0.9416    0.9439    0.9428       410
         ORG     0.8927    0.9195    0.9059      1566
     PERCENT     0.9286    1.0000    0.9630        13
        PERS     0.9275    0.9446    0.9360       650
     PRODUCT     0.5000    0.6000    0.5455         5
    QUANTITY     0.7500    1.0000    0.8571         3
        TIME     0.8200    0.7455    0.7810        55
     WEBSITE     0.5111    0.5111    0.5111        45

   micro avg     0.8771    0.9002    0.8885      7141
   macro avg     0.8078    0.8531    0.8285      7141
weighted avg     0.8783    0.9002    0.8889      7141

INFO	arabiner.trainers.BertMTNTrainer	Sun, 06 Aug 2023 11:07:17	Epoch 5 | Timestep 6312 | Train Loss 0.008925 | Val Loss 0.057696 | F1 0.888459
INFO	arabiner.trainers.BertMTNTrainer	Sun, 06 Aug 2023 11:09:29	Epoch 6 | Batch 1052/1052 | Timestep 7364 | LR 0.0000106667 | Loss 0.006702
INFO	arabiner.trainers.BertMTNTrainer	Sun, 06 Aug 2023 11:09:29	** Evaluating on validation dataset **
INFO	root	Sun, 06 Aug 2023 11:09:42	
              precision    recall  f1-score   support

    CARDINAL     0.8229    0.8681    0.8449       182
        CURR     1.0000    1.0000    1.0000         1
        DATE     0.9344    0.9541    0.9441      1567
       EVENT     0.7331    0.7708    0.7514       253
         FAC     0.6630    0.7176    0.6893        85
         GPE     0.9004    0.8869    0.8936      1132
    LANGUAGE     0.8125    0.8667    0.8387        15
         LAW     0.8913    0.9318    0.9111        44
         LOC     0.7869    0.7619    0.7742        63
       MONEY     0.6667    0.8000    0.7273        20
        NORP     0.6897    0.7787    0.7315       488
         OCC     0.8383    0.8768    0.8571       544
     ORDINAL     0.9289    0.9561    0.9423       410
         ORG     0.9055    0.9183    0.9119      1566
     PERCENT     0.9286    1.0000    0.9630        13
        PERS     0.9244    0.9400    0.9321       650
     PRODUCT     0.6000    0.6000    0.6000         5
    QUANTITY     0.7500    1.0000    0.8571         3
        TIME     0.7647    0.7091    0.7358        55
     WEBSITE     0.4762    0.4444    0.4598        45

   micro avg     0.8754    0.8974    0.8862      7141
   macro avg     0.8009    0.8391    0.8183      7141
weighted avg     0.8771    0.8974    0.8869      7141

INFO	arabiner.trainers.BertMTNTrainer	Sun, 06 Aug 2023 11:09:43	Epoch 6 | Timestep 7364 | Train Loss 0.006698 | Val Loss 0.060491 | F1 0.886246
INFO	arabiner.trainers.BertMTNTrainer	Sun, 06 Aug 2023 11:11:54	Epoch 7 | Batch 1052/1052 | Timestep 8416 | LR 0.0000093333 | Loss 0.001445
INFO	arabiner.trainers.BertMTNTrainer	Sun, 06 Aug 2023 11:11:54	** Evaluating on validation dataset **
INFO	root	Sun, 06 Aug 2023 11:12:08	
              precision    recall  f1-score   support

    CARDINAL     0.8646    0.9121    0.8877       182
        CURR     1.0000    1.0000    1.0000         1
        DATE     0.9410    0.9566    0.9487      1567
       EVENT     0.7250    0.8024    0.7617       253
         FAC     0.6667    0.7529    0.7072        85
         GPE     0.8946    0.8922    0.8934      1132
    LANGUAGE     0.8125    0.8667    0.8387        15
         LAW     0.8723    0.9318    0.9011        44
         LOC     0.7705    0.7460    0.7581        63
       MONEY     0.8182    0.9000    0.8571        20
        NORP     0.6673    0.7807    0.7195       488
         OCC     0.8415    0.8787    0.8597       544
     ORDINAL     0.9348    0.9439    0.9393       410
         ORG     0.9117    0.9170    0.9144      1566
     PERCENT     0.8667    1.0000    0.9286        13
        PERS     0.9237    0.9492    0.9363       650
     PRODUCT     0.6000    0.6000    0.6000         5
    QUANTITY     0.7500    1.0000    0.8571         3
        TIME     0.7059    0.6545    0.6792        55
     WEBSITE     0.5750    0.5111    0.5412        45

   micro avg     0.8763    0.9017    0.8888      7141
   macro avg     0.8071    0.8498    0.8265      7141
weighted avg     0.8790    0.9017    0.8898      7141

INFO	arabiner.trainers.BertMTNTrainer	Sun, 06 Aug 2023 11:12:09	Epoch 7 | Timestep 8416 | Train Loss 0.005076 | Val Loss 0.063522 | F1 0.888812
INFO	arabiner.trainers.BertMTNTrainer	Sun, 06 Aug 2023 11:12:09	Early termination triggered
