INFO	__main__	Sun, 06 Aug 2023 12:57:52	Writing config to flat_res/QARIB_MTN_UL_lr2e-5/args.json
INFO	arabiner.utils.data	Sun, 06 Aug 2023 12:57:52	1052 batches found
INFO	arabiner.utils.data	Sun, 06 Aug 2023 12:57:52	196 batches found
INFO	arabiner.utils.data	Sun, 06 Aug 2023 12:57:53	375 batches found
INFO	torch.distributed.nn.jit.instantiator	Sun, 06 Aug 2023 12:57:53	Created a temporary directory at /tmp/tmpclbl5t0l
INFO	torch.distributed.nn.jit.instantiator	Sun, 06 Aug 2023 12:57:53	Writing /tmp/tmpclbl5t0l/_remote_module_non_scriptable.py
INFO	arabiner.trainers.BertMTNTrainer	Sun, 06 Aug 2023 13:01:31	Epoch 0 | Batch 1052/1052 | Timestep 1052 | LR 0.0000186667 | Loss 3.290534
INFO	arabiner.trainers.BertMTNTrainer	Sun, 06 Aug 2023 13:01:31	** Evaluating on validation dataset **
INFO	root	Sun, 06 Aug 2023 13:01:51	
              precision    recall  f1-score   support

    CARDINAL     0.6837    0.8077    0.7406       182
        CURR     0.0000    0.0000    0.0000         1
        DATE     0.9196    0.9266    0.9231      1567
       EVENT     0.6000    0.7233    0.6559       253
         FAC     0.4214    0.7882    0.5492        85
         GPE     0.8467    0.8737    0.8600      1132
    LANGUAGE     0.0000    0.0000    0.0000        15
         LAW     0.4615    0.5455    0.5000        44
         LOC     0.5556    0.4762    0.5128        63
       MONEY     0.1724    0.2500    0.2041        20
        NORP     0.5848    0.6926    0.6341       488
         OCC     0.7809    0.8254    0.8025       544
     ORDINAL     0.8817    0.8366    0.8586       410
         ORG     0.8240    0.8672    0.8451      1566
     PERCENT     0.0000    0.0000    0.0000        13
        PERS     0.9121    0.8938    0.9029       650
     PRODUCT     0.0000    0.0000    0.0000         5
    QUANTITY     0.0000    0.0000    0.0000         3
        TIME     0.0000    0.0000    0.0000        55
     WEBSITE     0.0000    0.0000    0.0000        45

   micro avg     0.8051    0.8355    0.8200      7141
   macro avg     0.4322    0.4753    0.4494      7141
weighted avg     0.8017    0.8355    0.8170      7141

INFO	arabiner.trainers.BertMTNTrainer	Sun, 06 Aug 2023 13:01:52	Epoch 0 | Timestep 1052 | Train Loss 4.323447 | Val Loss 3.382877 | F1 0.820012
INFO	arabiner.trainers.BertMTNTrainer	Sun, 06 Aug 2023 13:01:52	** Validation improved, evaluating test data **
INFO	root	Sun, 06 Aug 2023 13:02:29	Predictions written to flat_res/QARIB_MTN_UL_lr2e-5/predictions.txt
INFO	root	Sun, 06 Aug 2023 13:02:30	
              precision    recall  f1-score   support

    CARDINAL     0.0000    0.0000    0.0000         0
        DATE     0.0000    0.0000    0.0000         0
       EVENT     0.0000    0.0000    0.0000         0
         FAC     0.0000    0.0000    0.0000         0
         GPE     0.0000    0.0000    0.0000         0
         LAW     0.0000    0.0000    0.0000         0
         LOC     0.0000    0.0000    0.0000         0
       MONEY     0.0000    0.0000    0.0000         0
        NORP     0.0000    0.0000    0.0000         0
         OCC     0.0000    0.0000    0.0000         0
     ORDINAL     0.0000    0.0000    0.0000         0
         ORG     0.0000    0.0000    0.0000         0
     PERCENT     0.0000    0.0000    0.0000         0
        PERS     0.0000    0.0000    0.0000         0
     WEBSITE     0.0000    0.0000    0.0000         0

   micro avg     0.0000    0.0000    0.0000         0
   macro avg     0.0000    0.0000    0.0000         0
weighted avg     0.0000    0.0000    0.0000         0

INFO	arabiner.trainers.BertMTNTrainer	Sun, 06 Aug 2023 13:02:32	Epoch 0 | Timestep 1052 | Test Loss 6.562995 | F1 0.000000
INFO	arabiner.trainers.BaseTrainer	Sun, 06 Aug 2023 13:02:32	Saving checkpoint to flat_res/QARIB_MTN_UL_lr2e-5/checkpoints/checkpoint_0.pt
INFO	arabiner.trainers.BertMTNTrainer	Sun, 06 Aug 2023 13:06:20	Epoch 1 | Batch 1052/1052 | Timestep 2104 | LR 0.0000173333 | Loss 3.027025
INFO	arabiner.trainers.BertMTNTrainer	Sun, 06 Aug 2023 13:06:20	** Evaluating on validation dataset **
INFO	root	Sun, 06 Aug 2023 13:06:40	
              precision    recall  f1-score   support

    CARDINAL     0.8087    0.8132    0.8110       182
        CURR     0.0000    0.0000    0.0000         1
        DATE     0.9205    0.9387    0.9295      1567
       EVENT     0.7722    0.7233    0.7469       253
         FAC     0.6337    0.7529    0.6882        85
         GPE     0.8747    0.8816    0.8781      1132
    LANGUAGE     0.7368    0.9333    0.8235        15
         LAW     0.7959    0.8864    0.8387        44
         LOC     0.6269    0.6667    0.6462        63
       MONEY     0.9000    0.9000    0.9000        20
        NORP     0.6232    0.7254    0.6705       488
         OCC     0.8067    0.8438    0.8248       544
     ORDINAL     0.8879    0.9463    0.9162       410
         ORG     0.8636    0.8851    0.8742      1566
     PERCENT     0.7857    0.8462    0.8148        13
        PERS     0.9120    0.9246    0.9183       650
     PRODUCT     0.0000    0.0000    0.0000         5
    QUANTITY     0.0588    0.3333    0.1000         3
        TIME     0.5077    0.6000    0.5500        55
     WEBSITE     0.3529    0.4000    0.3750        45

   micro avg     0.8416    0.8721    0.8566      7141
   macro avg     0.6434    0.7000    0.6653      7141
weighted avg     0.8457    0.8721    0.8583      7141

INFO	arabiner.trainers.BertMTNTrainer	Sun, 06 Aug 2023 13:06:41	Epoch 1 | Timestep 2104 | Train Loss 2.936052 | Val Loss 3.367825 | F1 0.856612
INFO	arabiner.trainers.BertMTNTrainer	Sun, 06 Aug 2023 13:06:41	** Validation improved, evaluating test data **
INFO	root	Sun, 06 Aug 2023 13:07:18	Predictions written to flat_res/QARIB_MTN_UL_lr2e-5/predictions.txt
INFO	root	Sun, 06 Aug 2023 13:07:19	
              precision    recall  f1-score   support

    CARDINAL     0.0000    0.0000    0.0000         0
        DATE     0.0000    0.0000    0.0000         0
       EVENT     0.0000    0.0000    0.0000         0
         FAC     0.0000    0.0000    0.0000         0
         GPE     0.0000    0.0000    0.0000         0
    LANGUAGE     0.0000    0.0000    0.0000         0
         LAW     0.0000    0.0000    0.0000         0
         LOC     0.0000    0.0000    0.0000         0
       MONEY     0.0000    0.0000    0.0000         0
        NORP     0.0000    0.0000    0.0000         0
         OCC     0.0000    0.0000    0.0000         0
     ORDINAL     0.0000    0.0000    0.0000         0
         ORG     0.0000    0.0000    0.0000         0
     PERCENT     0.0000    0.0000    0.0000         0
        PERS     0.0000    0.0000    0.0000         0
    QUANTITY     0.0000    0.0000    0.0000         0
        TIME     0.0000    0.0000    0.0000         0
     WEBSITE     0.0000    0.0000    0.0000         0

   micro avg     0.0000    0.0000    0.0000         0
   macro avg     0.0000    0.0000    0.0000         0
weighted avg     0.0000    0.0000    0.0000         0

INFO	arabiner.trainers.BertMTNTrainer	Sun, 06 Aug 2023 13:07:21	Epoch 1 | Timestep 2104 | Test Loss 7.225137 | F1 0.000000
INFO	arabiner.trainers.BaseTrainer	Sun, 06 Aug 2023 13:07:21	Saving checkpoint to flat_res/QARIB_MTN_UL_lr2e-5/checkpoints/checkpoint_1.pt
INFO	arabiner.trainers.BertMTNTrainer	Sun, 06 Aug 2023 13:11:11	Epoch 2 | Batch 1052/1052 | Timestep 3156 | LR 0.0000160000 | Loss 3.536427
INFO	arabiner.trainers.BertMTNTrainer	Sun, 06 Aug 2023 13:11:11	** Evaluating on validation dataset **
INFO	root	Sun, 06 Aug 2023 13:11:30	
              precision    recall  f1-score   support

    CARDINAL     0.8053    0.8407    0.8226       182
        CURR     0.0000    0.0000    0.0000         1
        DATE     0.9343    0.9445    0.9394      1567
       EVENT     0.6829    0.7747    0.7259       253
         FAC     0.7356    0.7529    0.7442        85
         GPE     0.8722    0.8799    0.8760      1132
    LANGUAGE     0.6000    1.0000    0.7500        15
         LAW     0.7018    0.9091    0.7921        44
         LOC     0.5616    0.6508    0.6029        63
       MONEY     0.8500    0.8500    0.8500        20
        NORP     0.7041    0.7070    0.7055       488
         OCC     0.8159    0.8474    0.8314       544
     ORDINAL     0.8972    0.9366    0.9165       410
         ORG     0.8660    0.8748    0.8704      1566
     PERCENT     0.9231    0.9231    0.9231        13
        PERS     0.9179    0.9292    0.9235       650
     PRODUCT     0.3333    0.2000    0.2500         5
    QUANTITY     0.2000    0.3333    0.2500         3
        TIME     0.5467    0.7455    0.6308        55
     WEBSITE     0.3860    0.4889    0.4314        45

   micro avg     0.8503    0.8742    0.8621      7141
   macro avg     0.6667    0.7294    0.6918      7141
weighted avg     0.8536    0.8742    0.8633      7141

INFO	arabiner.trainers.BertMTNTrainer	Sun, 06 Aug 2023 13:11:31	Epoch 2 | Timestep 3156 | Train Loss 2.806847 | Val Loss 3.251572 | F1 0.862114
INFO	arabiner.trainers.BertMTNTrainer	Sun, 06 Aug 2023 13:11:31	** Validation improved, evaluating test data **
INFO	root	Sun, 06 Aug 2023 13:12:10	Predictions written to flat_res/QARIB_MTN_UL_lr2e-5/predictions.txt
INFO	root	Sun, 06 Aug 2023 13:12:11	
              precision    recall  f1-score   support

    CARDINAL     0.0000    0.0000    0.0000         0
        CURR     0.0000    0.0000    0.0000         0
        DATE     0.0000    0.0000    0.0000         0
       EVENT     0.0000    0.0000    0.0000         0
         FAC     0.0000    0.0000    0.0000         0
         GPE     0.0000    0.0000    0.0000         0
    LANGUAGE     0.0000    0.0000    0.0000         0
         LAW     0.0000    0.0000    0.0000         0
         LOC     0.0000    0.0000    0.0000         0
       MONEY     0.0000    0.0000    0.0000         0
        NORP     0.0000    0.0000    0.0000         0
         OCC     0.0000    0.0000    0.0000         0
     ORDINAL     0.0000    0.0000    0.0000         0
         ORG     0.0000    0.0000    0.0000         0
     PERCENT     0.0000    0.0000    0.0000         0
        PERS     0.0000    0.0000    0.0000         0
     PRODUCT     0.0000    0.0000    0.0000         0
    QUANTITY     0.0000    0.0000    0.0000         0
        TIME     0.0000    0.0000    0.0000         0
     WEBSITE     0.0000    0.0000    0.0000         0

   micro avg     0.0000    0.0000    0.0000         0
   macro avg     0.0000    0.0000    0.0000         0
weighted avg     0.0000    0.0000    0.0000         0

INFO	arabiner.trainers.BertMTNTrainer	Sun, 06 Aug 2023 13:12:12	Epoch 2 | Timestep 3156 | Test Loss 7.840021 | F1 0.000000
INFO	arabiner.trainers.BaseTrainer	Sun, 06 Aug 2023 13:12:12	Saving checkpoint to flat_res/QARIB_MTN_UL_lr2e-5/checkpoints/checkpoint_2.pt
INFO	arabiner.trainers.BertMTNTrainer	Sun, 06 Aug 2023 13:16:08	Epoch 3 | Batch 1052/1052 | Timestep 4208 | LR 0.0000146667 | Loss 3.480478
INFO	arabiner.trainers.BertMTNTrainer	Sun, 06 Aug 2023 13:16:08	** Evaluating on validation dataset **
INFO	root	Sun, 06 Aug 2023 13:16:29	
              precision    recall  f1-score   support

    CARDINAL     0.8736    0.8352    0.8539       182
        CURR     0.0000    0.0000    0.0000         1
        DATE     0.9413    0.9509    0.9460      1567
       EVENT     0.7665    0.7787    0.7725       253
         FAC     0.6804    0.7765    0.7253        85
         GPE     0.8860    0.8860    0.8860      1132
    LANGUAGE     0.5000    1.0000    0.6667        15
         LAW     0.8696    0.9091    0.8889        44
         LOC     0.6471    0.6984    0.6718        63
       MONEY     0.6957    0.8000    0.7442        20
        NORP     0.6782    0.7213    0.6991       488
         OCC     0.8151    0.8511    0.8327       544
     ORDINAL     0.9108    0.9463    0.9282       410
         ORG     0.8858    0.9112    0.8983      1566
     PERCENT     0.8462    0.8462    0.8462        13
        PERS     0.9238    0.9323    0.9280       650
     PRODUCT     0.3333    0.4000    0.3636         5
    QUANTITY     0.6000    1.0000    0.7500         3
        TIME     0.5833    0.7636    0.6614        55
     WEBSITE     0.3393    0.4222    0.3762        45

   micro avg     0.8627    0.8873    0.8748      7141
   macro avg     0.6888    0.7715    0.7220      7141
weighted avg     0.8663    0.8873    0.8763      7141

INFO	arabiner.trainers.BertMTNTrainer	Sun, 06 Aug 2023 13:16:29	Epoch 3 | Timestep 4208 | Train Loss 2.750179 | Val Loss 3.233689 | F1 0.874836
INFO	arabiner.trainers.BertMTNTrainer	Sun, 06 Aug 2023 13:16:30	** Validation improved, evaluating test data **
INFO	root	Sun, 06 Aug 2023 13:17:08	Predictions written to flat_res/QARIB_MTN_UL_lr2e-5/predictions.txt
INFO	root	Sun, 06 Aug 2023 13:17:09	
              precision    recall  f1-score   support

    CARDINAL     0.0000    0.0000    0.0000         0
        CURR     0.0000    0.0000    0.0000         0
        DATE     0.0000    0.0000    0.0000         0
       EVENT     0.0000    0.0000    0.0000         0
         FAC     0.0000    0.0000    0.0000         0
         GPE     0.0000    0.0000    0.0000         0
    LANGUAGE     0.0000    0.0000    0.0000         0
         LAW     0.0000    0.0000    0.0000         0
         LOC     0.0000    0.0000    0.0000         0
       MONEY     0.0000    0.0000    0.0000         0
        NORP     0.0000    0.0000    0.0000         0
         OCC     0.0000    0.0000    0.0000         0
     ORDINAL     0.0000    0.0000    0.0000         0
         ORG     0.0000    0.0000    0.0000         0
     PERCENT     0.0000    0.0000    0.0000         0
        PERS     0.0000    0.0000    0.0000         0
     PRODUCT     0.0000    0.0000    0.0000         0
    QUANTITY     0.0000    0.0000    0.0000         0
        TIME     0.0000    0.0000    0.0000         0
     WEBSITE     0.0000    0.0000    0.0000         0

   micro avg     0.0000    0.0000    0.0000         0
   macro avg     0.0000    0.0000    0.0000         0
weighted avg     0.0000    0.0000    0.0000         0

INFO	arabiner.trainers.BertMTNTrainer	Sun, 06 Aug 2023 13:17:10	Epoch 3 | Timestep 4208 | Test Loss 7.674905 | F1 0.000000
INFO	arabiner.trainers.BaseTrainer	Sun, 06 Aug 2023 13:17:10	Saving checkpoint to flat_res/QARIB_MTN_UL_lr2e-5/checkpoints/checkpoint_3.pt
INFO	arabiner.trainers.BertMTNTrainer	Sun, 06 Aug 2023 13:21:08	Epoch 4 | Batch 1052/1052 | Timestep 5260 | LR 0.0000133333 | Loss 2.849456
INFO	arabiner.trainers.BertMTNTrainer	Sun, 06 Aug 2023 13:21:08	** Evaluating on validation dataset **
INFO	root	Sun, 06 Aug 2023 13:21:27	
              precision    recall  f1-score   support

    CARDINAL     0.8539    0.8352    0.8444       182
        CURR     0.0000    0.0000    0.0000         1
        DATE     0.9368    0.9464    0.9416      1567
       EVENT     0.6689    0.7826    0.7213       253
         FAC     0.6939    0.8000    0.7432        85
         GPE     0.8851    0.8710    0.8780      1132
    LANGUAGE     0.6667    0.9333    0.7778        15
         LAW     0.8667    0.8864    0.8764        44
         LOC     0.6377    0.6984    0.6667        63
       MONEY     0.8182    0.9000    0.8571        20
        NORP     0.6792    0.7377    0.7073       488
         OCC     0.8086    0.8621    0.8345       544
     ORDINAL     0.9059    0.9390    0.9222       410
         ORG     0.8796    0.9093    0.8942      1566
     PERCENT     0.9167    0.8462    0.8800        13
        PERS     0.9315    0.9415    0.9365       650
     PRODUCT     0.2857    0.4000    0.3333         5
    QUANTITY     0.4000    0.6667    0.5000         3
        TIME     0.6333    0.6909    0.6609        55
     WEBSITE     0.4681    0.4889    0.4783        45

   micro avg     0.8585    0.8860    0.8720      7141
   macro avg     0.6968    0.7568    0.7227      7141
weighted avg     0.8618    0.8860    0.8734      7141

INFO	arabiner.trainers.BertMTNTrainer	Sun, 06 Aug 2023 13:21:28	Epoch 4 | Timestep 5260 | Train Loss 2.719240 | Val Loss 3.226749 | F1 0.872028
INFO	arabiner.trainers.BertMTNTrainer	Sun, 06 Aug 2023 13:21:28	** Validation improved, evaluating test data **
INFO	root	Sun, 06 Aug 2023 13:22:06	Predictions written to flat_res/QARIB_MTN_UL_lr2e-5/predictions.txt
INFO	root	Sun, 06 Aug 2023 13:22:07	
              precision    recall  f1-score   support

    CARDINAL     0.0000    0.0000    0.0000         0
        CURR     0.0000    0.0000    0.0000         0
        DATE     0.0000    0.0000    0.0000         0
       EVENT     0.0000    0.0000    0.0000         0
         FAC     0.0000    0.0000    0.0000         0
         GPE     0.0000    0.0000    0.0000         0
    LANGUAGE     0.0000    0.0000    0.0000         0
         LAW     0.0000    0.0000    0.0000         0
         LOC     0.0000    0.0000    0.0000         0
       MONEY     0.0000    0.0000    0.0000         0
        NORP     0.0000    0.0000    0.0000         0
         OCC     0.0000    0.0000    0.0000         0
     ORDINAL     0.0000    0.0000    0.0000         0
         ORG     0.0000    0.0000    0.0000         0
     PERCENT     0.0000    0.0000    0.0000         0
        PERS     0.0000    0.0000    0.0000         0
     PRODUCT     0.0000    0.0000    0.0000         0
    QUANTITY     0.0000    0.0000    0.0000         0
        TIME     0.0000    0.0000    0.0000         0
     WEBSITE     0.0000    0.0000    0.0000         0

   micro avg     0.0000    0.0000    0.0000         0
   macro avg     0.0000    0.0000    0.0000         0
weighted avg     0.0000    0.0000    0.0000         0

INFO	arabiner.trainers.BertMTNTrainer	Sun, 06 Aug 2023 13:22:09	Epoch 4 | Timestep 5260 | Test Loss 8.268662 | F1 0.000000
INFO	arabiner.trainers.BaseTrainer	Sun, 06 Aug 2023 13:22:09	Saving checkpoint to flat_res/QARIB_MTN_UL_lr2e-5/checkpoints/checkpoint_4.pt
INFO	arabiner.trainers.BertMTNTrainer	Sun, 06 Aug 2023 13:26:06	Epoch 5 | Batch 1052/1052 | Timestep 6312 | LR 0.0000120000 | Loss 3.064360
INFO	arabiner.trainers.BertMTNTrainer	Sun, 06 Aug 2023 13:26:06	** Evaluating on validation dataset **
INFO	root	Sun, 06 Aug 2023 13:26:25	
              precision    recall  f1-score   support

    CARDINAL     0.9030    0.8187    0.8588       182
        CURR     0.0000    0.0000    0.0000         1
        DATE     0.9394    0.9496    0.9445      1567
       EVENT     0.7220    0.7905    0.7547       253
         FAC     0.5948    0.8118    0.6866        85
         GPE     0.8818    0.9028    0.8922      1132
    LANGUAGE     0.6667    0.9333    0.7778        15
         LAW     0.9048    0.8636    0.8837        44
         LOC     0.6462    0.6667    0.6562        63
       MONEY     0.7917    0.9500    0.8636        20
        NORP     0.6637    0.7602    0.7087       488
         OCC     0.8214    0.8621    0.8413       544
     ORDINAL     0.8929    0.9561    0.9234       410
         ORG     0.8843    0.9029    0.8935      1566
     PERCENT     0.7333    0.8462    0.7857        13
        PERS     0.9241    0.9369    0.9305       650
     PRODUCT     0.4000    0.4000    0.4000         5
    QUANTITY     1.0000    1.0000    1.0000         3
        TIME     0.6324    0.7818    0.6992        55
     WEBSITE     0.4839    0.6667    0.5607        45

   micro avg     0.8589    0.8941    0.8762      7141
   macro avg     0.7243    0.7900    0.7531      7141
weighted avg     0.8637    0.8941    0.8780      7141

INFO	arabiner.trainers.BertMTNTrainer	Sun, 06 Aug 2023 13:26:26	Epoch 5 | Timestep 6312 | Train Loss 2.642943 | Val Loss 3.055131 | F1 0.876158
INFO	arabiner.trainers.BertMTNTrainer	Sun, 06 Aug 2023 13:26:26	** Validation improved, evaluating test data **
INFO	root	Sun, 06 Aug 2023 13:27:05	Predictions written to flat_res/QARIB_MTN_UL_lr2e-5/predictions.txt
INFO	root	Sun, 06 Aug 2023 13:27:06	
              precision    recall  f1-score   support

    CARDINAL     0.0000    0.0000    0.0000         0
        CURR     0.0000    0.0000    0.0000         0
        DATE     0.0000    0.0000    0.0000         0
       EVENT     0.0000    0.0000    0.0000         0
         FAC     0.0000    0.0000    0.0000         0
         GPE     0.0000    0.0000    0.0000         0
    LANGUAGE     0.0000    0.0000    0.0000         0
         LAW     0.0000    0.0000    0.0000         0
         LOC     0.0000    0.0000    0.0000         0
       MONEY     0.0000    0.0000    0.0000         0
        NORP     0.0000    0.0000    0.0000         0
         OCC     0.0000    0.0000    0.0000         0
     ORDINAL     0.0000    0.0000    0.0000         0
         ORG     0.0000    0.0000    0.0000         0
     PERCENT     0.0000    0.0000    0.0000         0
        PERS     0.0000    0.0000    0.0000         0
     PRODUCT     0.0000    0.0000    0.0000         0
    QUANTITY     0.0000    0.0000    0.0000         0
        TIME     0.0000    0.0000    0.0000         0
     WEBSITE     0.0000    0.0000    0.0000         0

   micro avg     0.0000    0.0000    0.0000         0
   macro avg     0.0000    0.0000    0.0000         0
weighted avg     0.0000    0.0000    0.0000         0

INFO	arabiner.trainers.BertMTNTrainer	Sun, 06 Aug 2023 13:27:08	Epoch 5 | Timestep 6312 | Test Loss 7.032207 | F1 0.000000
INFO	arabiner.trainers.BaseTrainer	Sun, 06 Aug 2023 13:27:08	Saving checkpoint to flat_res/QARIB_MTN_UL_lr2e-5/checkpoints/checkpoint_5.pt
INFO	arabiner.trainers.BertMTNTrainer	Sun, 06 Aug 2023 13:31:05	Epoch 6 | Batch 1052/1052 | Timestep 7364 | LR 0.0000106667 | Loss 2.307892
INFO	arabiner.trainers.BertMTNTrainer	Sun, 06 Aug 2023 13:31:05	** Evaluating on validation dataset **
INFO	root	Sun, 06 Aug 2023 13:31:25	
              precision    recall  f1-score   support

    CARDINAL     0.8772    0.8242    0.8499       182
        CURR     0.0000    0.0000    0.0000         1
        DATE     0.9441    0.9483    0.9462      1567
       EVENT     0.6803    0.7905    0.7313       253
         FAC     0.6226    0.7765    0.6911        85
         GPE     0.9020    0.8949    0.8984      1132
    LANGUAGE     0.8750    0.9333    0.9032        15
         LAW     0.9070    0.8864    0.8966        44
         LOC     0.7049    0.6825    0.6935        63
       MONEY     0.9000    0.9000    0.9000        20
        NORP     0.7002    0.7561    0.7271       488
         OCC     0.8433    0.8805    0.8615       544
     ORDINAL     0.9218    0.9488    0.9351       410
         ORG     0.8790    0.9138    0.8961      1566
     PERCENT     0.7333    0.8462    0.7857        13
        PERS     0.9314    0.9400    0.9357       650
     PRODUCT     0.2857    0.4000    0.3333         5
    QUANTITY     1.0000    1.0000    1.0000         3
        TIME     0.6721    0.7455    0.7069        55
     WEBSITE     0.4419    0.4222    0.4318        45

   micro avg     0.8698    0.8940    0.8817      7141
   macro avg     0.7411    0.7745    0.7562      7141
weighted avg     0.8727    0.8940    0.8828      7141

INFO	arabiner.trainers.BertMTNTrainer	Sun, 06 Aug 2023 13:31:26	Epoch 6 | Timestep 7364 | Train Loss 2.317614 | Val Loss 2.656558 | F1 0.881707
INFO	arabiner.trainers.BertMTNTrainer	Sun, 06 Aug 2023 13:31:26	** Validation improved, evaluating test data **
INFO	root	Sun, 06 Aug 2023 13:32:05	Predictions written to flat_res/QARIB_MTN_UL_lr2e-5/predictions.txt
INFO	root	Sun, 06 Aug 2023 13:32:06	
              precision    recall  f1-score   support

    CARDINAL     0.0000    0.0000    0.0000         0
        CURR     0.0000    0.0000    0.0000         0
        DATE     0.0000    0.0000    0.0000         0
       EVENT     0.0000    0.0000    0.0000         0
         FAC     0.0000    0.0000    0.0000         0
         GPE     0.0000    0.0000    0.0000         0
    LANGUAGE     0.0000    0.0000    0.0000         0
         LAW     0.0000    0.0000    0.0000         0
         LOC     0.0000    0.0000    0.0000         0
       MONEY     0.0000    0.0000    0.0000         0
        NORP     0.0000    0.0000    0.0000         0
         OCC     0.0000    0.0000    0.0000         0
     ORDINAL     0.0000    0.0000    0.0000         0
         ORG     0.0000    0.0000    0.0000         0
     PERCENT     0.0000    0.0000    0.0000         0
        PERS     0.0000    0.0000    0.0000         0
     PRODUCT     0.0000    0.0000    0.0000         0
    QUANTITY     0.0000    0.0000    0.0000         0
        TIME     0.0000    0.0000    0.0000         0
     WEBSITE     0.0000    0.0000    0.0000         0

   micro avg     0.0000    0.0000    0.0000         0
   macro avg     0.0000    0.0000    0.0000         0
weighted avg     0.0000    0.0000    0.0000         0

INFO	arabiner.trainers.BertMTNTrainer	Sun, 06 Aug 2023 13:32:07	Epoch 6 | Timestep 7364 | Test Loss 6.720810 | F1 0.000000
INFO	arabiner.trainers.BaseTrainer	Sun, 06 Aug 2023 13:32:07	Saving checkpoint to flat_res/QARIB_MTN_UL_lr2e-5/checkpoints/checkpoint_6.pt
INFO	arabiner.trainers.BertMTNTrainer	Sun, 06 Aug 2023 13:36:03	Epoch 7 | Batch 1052/1052 | Timestep 8416 | LR 0.0000093333 | Loss 2.251912
INFO	arabiner.trainers.BertMTNTrainer	Sun, 06 Aug 2023 13:36:03	** Evaluating on validation dataset **
INFO	root	Sun, 06 Aug 2023 13:36:24	
              precision    recall  f1-score   support

    CARDINAL     0.8914    0.8571    0.8739       182
        CURR     0.0000    0.0000    0.0000         1
        DATE     0.9341    0.9496    0.9418      1567
       EVENT     0.7634    0.7905    0.7767       253
         FAC     0.7021    0.7765    0.7374        85
         GPE     0.8959    0.8966    0.8962      1132
    LANGUAGE     0.8824    1.0000    0.9375        15
         LAW     0.8636    0.8636    0.8636        44
         LOC     0.7541    0.7302    0.7419        63
       MONEY     0.9000    0.9000    0.9000        20
        NORP     0.6848    0.7746    0.7269       488
         OCC     0.8448    0.8805    0.8623       544
     ORDINAL     0.9125    0.9415    0.9268       410
         ORG     0.8966    0.9080    0.9023      1566
     PERCENT     0.7857    0.8462    0.8148        13
        PERS     0.9223    0.9492    0.9356       650
     PRODUCT     0.3333    0.4000    0.3636         5
    QUANTITY     0.6667    0.6667    0.6667         3
        TIME     0.6338    0.8182    0.7143        55
     WEBSITE     0.4500    0.4000    0.4235        45

   micro avg     0.8734    0.8965    0.8848      7141
   macro avg     0.7359    0.7674    0.7503      7141
weighted avg     0.8752    0.8965    0.8855      7141

INFO	arabiner.trainers.BertMTNTrainer	Sun, 06 Aug 2023 13:36:24	Epoch 7 | Timestep 8416 | Train Loss 1.879005 | Val Loss 2.081217 | F1 0.884804
INFO	arabiner.trainers.BertMTNTrainer	Sun, 06 Aug 2023 13:36:24	** Validation improved, evaluating test data **
INFO	root	Sun, 06 Aug 2023 13:37:03	Predictions written to flat_res/QARIB_MTN_UL_lr2e-5/predictions.txt
INFO	root	Sun, 06 Aug 2023 13:37:04	
              precision    recall  f1-score   support

    CARDINAL     0.0000    0.0000    0.0000         0
        DATE     0.0000    0.0000    0.0000         0
       EVENT     0.0000    0.0000    0.0000         0
         FAC     0.0000    0.0000    0.0000         0
         GPE     0.0000    0.0000    0.0000         0
    LANGUAGE     0.0000    0.0000    0.0000         0
         LAW     0.0000    0.0000    0.0000         0
         LOC     0.0000    0.0000    0.0000         0
       MONEY     0.0000    0.0000    0.0000         0
        NORP     0.0000    0.0000    0.0000         0
         OCC     0.0000    0.0000    0.0000         0
     ORDINAL     0.0000    0.0000    0.0000         0
         ORG     0.0000    0.0000    0.0000         0
     PERCENT     0.0000    0.0000    0.0000         0
        PERS     0.0000    0.0000    0.0000         0
     PRODUCT     0.0000    0.0000    0.0000         0
    QUANTITY     0.0000    0.0000    0.0000         0
        TIME     0.0000    0.0000    0.0000         0
     WEBSITE     0.0000    0.0000    0.0000         0

   micro avg     0.0000    0.0000    0.0000         0
   macro avg     0.0000    0.0000    0.0000         0
weighted avg     0.0000    0.0000    0.0000         0

INFO	arabiner.trainers.BertMTNTrainer	Sun, 06 Aug 2023 13:37:05	Epoch 7 | Timestep 8416 | Test Loss 5.294789 | F1 0.000000
INFO	arabiner.trainers.BaseTrainer	Sun, 06 Aug 2023 13:37:05	Saving checkpoint to flat_res/QARIB_MTN_UL_lr2e-5/checkpoints/checkpoint_7.pt
INFO	arabiner.trainers.BertMTNTrainer	Sun, 06 Aug 2023 13:41:02	Epoch 8 | Batch 1052/1052 | Timestep 9468 | LR 0.0000080000 | Loss 1.347226
INFO	arabiner.trainers.BertMTNTrainer	Sun, 06 Aug 2023 13:41:02	** Evaluating on validation dataset **
INFO	root	Sun, 06 Aug 2023 13:41:21	
              precision    recall  f1-score   support

    CARDINAL     0.8764    0.8571    0.8667       182
        CURR     0.0000    0.0000    0.0000         1
        DATE     0.9402    0.9528    0.9464      1567
       EVENT     0.7143    0.7905    0.7505       253
         FAC     0.6979    0.7882    0.7403        85
         GPE     0.8959    0.8966    0.8962      1132
    LANGUAGE     0.7895    1.0000    0.8824        15
         LAW     0.9070    0.8864    0.8966        44
         LOC     0.6818    0.7143    0.6977        63
       MONEY     0.9000    0.9000    0.9000        20
        NORP     0.6574    0.7746    0.7112       488
         OCC     0.8235    0.8750    0.8485       544
     ORDINAL     0.9149    0.9439    0.9292       410
         ORG     0.8799    0.9170    0.8981      1566
     PERCENT     0.7857    0.8462    0.8148        13
        PERS     0.9184    0.9354    0.9268       650
     PRODUCT     0.3333    0.4000    0.3636         5
    QUANTITY     1.0000    0.3333    0.5000         3
        TIME     0.7213    0.8000    0.7586        55
     WEBSITE     0.5238    0.4889    0.5057        45

   micro avg     0.8646    0.8981    0.8810      7141
   macro avg     0.7481    0.7550    0.7417      7141
weighted avg     0.8677    0.8981    0.8822      7141

INFO	arabiner.trainers.BertMTNTrainer	Sun, 06 Aug 2023 13:41:22	Epoch 8 | Timestep 9468 | Train Loss 1.207123 | Val Loss 1.612402 | F1 0.881028
INFO	arabiner.trainers.BertMTNTrainer	Sun, 06 Aug 2023 13:41:22	** Validation improved, evaluating test data **
INFO	root	Sun, 06 Aug 2023 13:42:01	Predictions written to flat_res/QARIB_MTN_UL_lr2e-5/predictions.txt
INFO	root	Sun, 06 Aug 2023 13:42:02	
              precision    recall  f1-score   support

    CARDINAL     0.0000    0.0000    0.0000         0
        DATE     0.0000    0.0000    0.0000         0
       EVENT     0.0000    0.0000    0.0000         0
         FAC     0.0000    0.0000    0.0000         0
         GPE     0.0000    0.0000    0.0000         0
    LANGUAGE     0.0000    0.0000    0.0000         0
         LAW     0.0000    0.0000    0.0000         0
         LOC     0.0000    0.0000    0.0000         0
       MONEY     0.0000    0.0000    0.0000         0
        NORP     0.0000    0.0000    0.0000         0
         OCC     0.0000    0.0000    0.0000         0
     ORDINAL     0.0000    0.0000    0.0000         0
         ORG     0.0000    0.0000    0.0000         0
     PERCENT     0.0000    0.0000    0.0000         0
        PERS     0.0000    0.0000    0.0000         0
     PRODUCT     0.0000    0.0000    0.0000         0
    QUANTITY     0.0000    0.0000    0.0000         0
        TIME     0.0000    0.0000    0.0000         0
     WEBSITE     0.0000    0.0000    0.0000         0

   micro avg     0.0000    0.0000    0.0000         0
   macro avg     0.0000    0.0000    0.0000         0
weighted avg     0.0000    0.0000    0.0000         0

INFO	arabiner.trainers.BertMTNTrainer	Sun, 06 Aug 2023 13:42:03	Epoch 8 | Timestep 9468 | Test Loss 5.785057 | F1 0.000000
INFO	arabiner.trainers.BaseTrainer	Sun, 06 Aug 2023 13:42:03	Saving checkpoint to flat_res/QARIB_MTN_UL_lr2e-5/checkpoints/checkpoint_8.pt
INFO	arabiner.trainers.BertMTNTrainer	Sun, 06 Aug 2023 13:46:01	Epoch 9 | Batch 1052/1052 | Timestep 10520 | LR 0.0000066667 | Loss 0.788448
INFO	arabiner.trainers.BertMTNTrainer	Sun, 06 Aug 2023 13:46:01	** Evaluating on validation dataset **
INFO	root	Sun, 06 Aug 2023 13:46:21	
              precision    recall  f1-score   support

    CARDINAL     0.8564    0.8516    0.8540       182
        CURR     0.0000    0.0000    0.0000         1
        DATE     0.9371    0.9509    0.9439      1567
       EVENT     0.7528    0.7945    0.7731       253
         FAC     0.7416    0.7765    0.7586        85
         GPE     0.8961    0.8834    0.8897      1132
    LANGUAGE     0.8333    1.0000    0.9091        15
         LAW     0.8864    0.8864    0.8864        44
         LOC     0.7077    0.7302    0.7188        63
       MONEY     0.9048    0.9500    0.9268        20
        NORP     0.6920    0.7643    0.7264       488
         OCC     0.8253    0.8860    0.8546       544
     ORDINAL     0.9102    0.9390    0.9244       410
         ORG     0.8822    0.9132    0.8974      1566
     PERCENT     0.8571    0.9231    0.8889        13
        PERS     0.9155    0.9338    0.9246       650
     PRODUCT     0.6000    0.6000    0.6000         5
    QUANTITY     1.0000    0.6667    0.8000         3
        TIME     0.7544    0.7818    0.7679        55
     WEBSITE     0.4872    0.4222    0.4524        45

   micro avg     0.8704    0.8944    0.8822      7141
   macro avg     0.7720    0.7827    0.7748      7141
weighted avg     0.8715    0.8944    0.8826      7141

INFO	arabiner.trainers.BertMTNTrainer	Sun, 06 Aug 2023 13:46:21	Epoch 9 | Timestep 10520 | Train Loss 0.952859 | Val Loss 1.213415 | F1 0.882243
INFO	arabiner.trainers.BertMTNTrainer	Sun, 06 Aug 2023 13:46:21	** Validation improved, evaluating test data **
INFO	root	Sun, 06 Aug 2023 13:47:00	Predictions written to flat_res/QARIB_MTN_UL_lr2e-5/predictions.txt
INFO	root	Sun, 06 Aug 2023 13:47:01	
              precision    recall  f1-score   support

    CARDINAL     0.0000    0.0000    0.0000         0
        DATE     0.0000    0.0000    0.0000         0
       EVENT     0.0000    0.0000    0.0000         0
         FAC     0.0000    0.0000    0.0000         0
         GPE     0.0000    0.0000    0.0000         0
    LANGUAGE     0.0000    0.0000    0.0000         0
         LAW     0.0000    0.0000    0.0000         0
         LOC     0.0000    0.0000    0.0000         0
       MONEY     0.0000    0.0000    0.0000         0
        NORP     0.0000    0.0000    0.0000         0
         OCC     0.0000    0.0000    0.0000         0
     ORDINAL     0.0000    0.0000    0.0000         0
         ORG     0.0000    0.0000    0.0000         0
     PERCENT     0.0000    0.0000    0.0000         0
        PERS     0.0000    0.0000    0.0000         0
     PRODUCT     0.0000    0.0000    0.0000         0
    QUANTITY     0.0000    0.0000    0.0000         0
        TIME     0.0000    0.0000    0.0000         0
     WEBSITE     0.0000    0.0000    0.0000         0

   micro avg     0.0000    0.0000    0.0000         0
   macro avg     0.0000    0.0000    0.0000         0
weighted avg     0.0000    0.0000    0.0000         0

INFO	arabiner.trainers.BertMTNTrainer	Sun, 06 Aug 2023 13:47:03	Epoch 9 | Timestep 10520 | Test Loss 4.762421 | F1 0.000000
INFO	arabiner.trainers.BaseTrainer	Sun, 06 Aug 2023 13:47:03	Saving checkpoint to flat_res/QARIB_MTN_UL_lr2e-5/checkpoints/checkpoint_9.pt
INFO	arabiner.trainers.BertMTNTrainer	Sun, 06 Aug 2023 13:50:59	Epoch 10 | Batch 1052/1052 | Timestep 11572 | LR 0.0000053333 | Loss 0.916807
INFO	arabiner.trainers.BertMTNTrainer	Sun, 06 Aug 2023 13:50:59	** Evaluating on validation dataset **
INFO	root	Sun, 06 Aug 2023 13:51:19	
              precision    recall  f1-score   support

    CARDINAL     0.9006    0.8462    0.8725       182
        CURR     0.0000    0.0000    0.0000         1
        DATE     0.9427    0.9553    0.9490      1567
       EVENT     0.7645    0.7826    0.7734       253
         FAC     0.6837    0.7882    0.7322        85
         GPE     0.8884    0.9002    0.8943      1132
    LANGUAGE     0.8333    1.0000    0.9091        15
         LAW     0.9091    0.9091    0.9091        44
         LOC     0.6774    0.6667    0.6720        63
       MONEY     0.9500    0.9500    0.9500        20
        NORP     0.7072    0.7623    0.7337       488
         OCC     0.8278    0.8750    0.8508       544
     ORDINAL     0.8984    0.9488    0.9229       410
         ORG     0.8927    0.9138    0.9031      1566
     PERCENT     0.9231    0.9231    0.9231        13
        PERS     0.9242    0.9385    0.9313       650
     PRODUCT     0.6000    0.6000    0.6000         5
    QUANTITY     1.0000    0.6667    0.8000         3
        TIME     0.7288    0.7818    0.7544        55
     WEBSITE     0.4762    0.4444    0.4598        45

   micro avg     0.8749    0.8975    0.8861      7141
   macro avg     0.7764    0.7826    0.7770      7141
weighted avg     0.8759    0.8975    0.8864      7141

INFO	arabiner.trainers.BertMTNTrainer	Sun, 06 Aug 2023 13:51:20	Epoch 10 | Timestep 11572 | Train Loss 0.759280 | Val Loss 1.093621 | F1 0.886078
INFO	arabiner.trainers.BertMTNTrainer	Sun, 06 Aug 2023 13:51:20	** Validation improved, evaluating test data **
INFO	root	Sun, 06 Aug 2023 13:51:59	Predictions written to flat_res/QARIB_MTN_UL_lr2e-5/predictions.txt
INFO	root	Sun, 06 Aug 2023 13:52:00	
              precision    recall  f1-score   support

    CARDINAL     0.0000    0.0000    0.0000         0
        DATE     0.0000    0.0000    0.0000         0
       EVENT     0.0000    0.0000    0.0000         0
         FAC     0.0000    0.0000    0.0000         0
         GPE     0.0000    0.0000    0.0000         0
    LANGUAGE     0.0000    0.0000    0.0000         0
         LAW     0.0000    0.0000    0.0000         0
         LOC     0.0000    0.0000    0.0000         0
       MONEY     0.0000    0.0000    0.0000         0
        NORP     0.0000    0.0000    0.0000         0
         OCC     0.0000    0.0000    0.0000         0
     ORDINAL     0.0000    0.0000    0.0000         0
         ORG     0.0000    0.0000    0.0000         0
     PERCENT     0.0000    0.0000    0.0000         0
        PERS     0.0000    0.0000    0.0000         0
     PRODUCT     0.0000    0.0000    0.0000         0
    QUANTITY     0.0000    0.0000    0.0000         0
        TIME     0.0000    0.0000    0.0000         0
     WEBSITE     0.0000    0.0000    0.0000         0

   micro avg     0.0000    0.0000    0.0000         0
   macro avg     0.0000    0.0000    0.0000         0
weighted avg     0.0000    0.0000    0.0000         0

INFO	arabiner.trainers.BertMTNTrainer	Sun, 06 Aug 2023 13:52:01	Epoch 10 | Timestep 11572 | Test Loss 4.754613 | F1 0.000000
INFO	arabiner.trainers.BaseTrainer	Sun, 06 Aug 2023 13:52:01	Saving checkpoint to flat_res/QARIB_MTN_UL_lr2e-5/checkpoints/checkpoint_10.pt
INFO	arabiner.trainers.BertMTNTrainer	Sun, 06 Aug 2023 13:55:58	Epoch 11 | Batch 1052/1052 | Timestep 12624 | LR 0.0000040000 | Loss 0.387444
INFO	arabiner.trainers.BertMTNTrainer	Sun, 06 Aug 2023 13:55:58	** Evaluating on validation dataset **
INFO	root	Sun, 06 Aug 2023 13:56:17	
              precision    recall  f1-score   support

    CARDINAL     0.8743    0.8407    0.8571       182
        CURR     0.0000    0.0000    0.0000         1
        DATE     0.9406    0.9496    0.9451      1567
       EVENT     0.7216    0.7787    0.7490       253
         FAC     0.6947    0.7765    0.7333        85
         GPE     0.8938    0.8993    0.8965      1132
    LANGUAGE     0.8333    1.0000    0.9091        15
         LAW     0.8889    0.9091    0.8989        44
         LOC     0.7258    0.7143    0.7200        63
       MONEY     0.8636    0.9500    0.9048        20
        NORP     0.6786    0.7787    0.7252       488
         OCC     0.8342    0.8879    0.8602       544
     ORDINAL     0.9016    0.9610    0.9303       410
         ORG     0.8938    0.9138    0.9037      1566
     PERCENT     0.9167    0.8462    0.8800        13
        PERS     0.9172    0.9369    0.9269       650
     PRODUCT     0.4000    0.4000    0.4000         5
    QUANTITY     1.0000    0.6667    0.8000         3
        TIME     0.7818    0.7818    0.7818        55
     WEBSITE     0.5476    0.5111    0.5287        45

   micro avg     0.8712    0.8989    0.8848      7141
   macro avg     0.7654    0.7751    0.7675      7141
weighted avg     0.8733    0.8989    0.8856      7141

INFO	arabiner.trainers.BertMTNTrainer	Sun, 06 Aug 2023 13:56:18	Epoch 11 | Timestep 12624 | Train Loss 0.487554 | Val Loss 0.802322 | F1 0.884830
INFO	arabiner.trainers.BertMTNTrainer	Sun, 06 Aug 2023 13:56:18	** Validation improved, evaluating test data **
INFO	root	Sun, 06 Aug 2023 13:56:57	Predictions written to flat_res/QARIB_MTN_UL_lr2e-5/predictions.txt
INFO	root	Sun, 06 Aug 2023 13:56:58	
              precision    recall  f1-score   support

    CARDINAL     0.0000    0.0000    0.0000         0
        DATE     0.0000    0.0000    0.0000         0
       EVENT     0.0000    0.0000    0.0000         0
         FAC     0.0000    0.0000    0.0000         0
         GPE     0.0000    0.0000    0.0000         0
    LANGUAGE     0.0000    0.0000    0.0000         0
         LAW     0.0000    0.0000    0.0000         0
         LOC     0.0000    0.0000    0.0000         0
       MONEY     0.0000    0.0000    0.0000         0
        NORP     0.0000    0.0000    0.0000         0
         OCC     0.0000    0.0000    0.0000         0
     ORDINAL     0.0000    0.0000    0.0000         0
         ORG     0.0000    0.0000    0.0000         0
     PERCENT     0.0000    0.0000    0.0000         0
        PERS     0.0000    0.0000    0.0000         0
     PRODUCT     0.0000    0.0000    0.0000         0
    QUANTITY     0.0000    0.0000    0.0000         0
        TIME     0.0000    0.0000    0.0000         0
     WEBSITE     0.0000    0.0000    0.0000         0

   micro avg     0.0000    0.0000    0.0000         0
   macro avg     0.0000    0.0000    0.0000         0
weighted avg     0.0000    0.0000    0.0000         0

INFO	arabiner.trainers.BertMTNTrainer	Sun, 06 Aug 2023 13:56:59	Epoch 11 | Timestep 12624 | Test Loss 4.794260 | F1 0.000000
INFO	arabiner.trainers.BaseTrainer	Sun, 06 Aug 2023 13:56:59	Saving checkpoint to flat_res/QARIB_MTN_UL_lr2e-5/checkpoints/checkpoint_11.pt
INFO	arabiner.trainers.BertMTNTrainer	Sun, 06 Aug 2023 14:00:55	Epoch 12 | Batch 1052/1052 | Timestep 13676 | LR 0.0000026667 | Loss 0.601028
INFO	arabiner.trainers.BertMTNTrainer	Sun, 06 Aug 2023 14:00:55	** Evaluating on validation dataset **
INFO	root	Sun, 06 Aug 2023 14:01:15	
              precision    recall  f1-score   support

    CARDINAL     0.8902    0.8462    0.8676       182
        CURR     0.0000    0.0000    0.0000         1
        DATE     0.9420    0.9541    0.9480      1567
       EVENT     0.7263    0.7866    0.7552       253
         FAC     0.7234    0.8000    0.7598        85
         GPE     0.8949    0.9028    0.8989      1132
    LANGUAGE     0.7895    1.0000    0.8824        15
         LAW     0.8889    0.9091    0.8989        44
         LOC     0.7031    0.7143    0.7087        63
       MONEY     0.9048    0.9500    0.9268        20
        NORP     0.7079    0.7746    0.7397       488
         OCC     0.8386    0.8787    0.8582       544
     ORDINAL     0.9163    0.9610    0.9381       410
         ORG     0.9048    0.9163    0.9105      1566
     PERCENT     1.0000    0.9231    0.9600        13
        PERS     0.9199    0.9369    0.9284       650
     PRODUCT     0.5000    0.4000    0.4444         5
    QUANTITY     1.0000    0.6667    0.8000         3
        TIME     0.7544    0.7818    0.7679        55
     WEBSITE     0.5366    0.4889    0.5116        45

   micro avg     0.8790    0.9007    0.8897      7141
   macro avg     0.7771    0.7795    0.7752      7141
weighted avg     0.8803    0.9007    0.8902      7141

INFO	arabiner.trainers.BertMTNTrainer	Sun, 06 Aug 2023 14:01:16	Epoch 12 | Timestep 13676 | Train Loss 0.386119 | Val Loss 0.792138 | F1 0.889750
INFO	arabiner.trainers.BertMTNTrainer	Sun, 06 Aug 2023 14:01:16	** Validation improved, evaluating test data **
INFO	root	Sun, 06 Aug 2023 14:01:55	Predictions written to flat_res/QARIB_MTN_UL_lr2e-5/predictions.txt
INFO	root	Sun, 06 Aug 2023 14:01:56	
              precision    recall  f1-score   support

    CARDINAL     0.0000    0.0000    0.0000         0
        DATE     0.0000    0.0000    0.0000         0
       EVENT     0.0000    0.0000    0.0000         0
         FAC     0.0000    0.0000    0.0000         0
         GPE     0.0000    0.0000    0.0000         0
    LANGUAGE     0.0000    0.0000    0.0000         0
         LAW     0.0000    0.0000    0.0000         0
         LOC     0.0000    0.0000    0.0000         0
       MONEY     0.0000    0.0000    0.0000         0
        NORP     0.0000    0.0000    0.0000         0
         OCC     0.0000    0.0000    0.0000         0
     ORDINAL     0.0000    0.0000    0.0000         0
         ORG     0.0000    0.0000    0.0000         0
     PERCENT     0.0000    0.0000    0.0000         0
        PERS     0.0000    0.0000    0.0000         0
     PRODUCT     0.0000    0.0000    0.0000         0
    QUANTITY     0.0000    0.0000    0.0000         0
        TIME     0.0000    0.0000    0.0000         0
     WEBSITE     0.0000    0.0000    0.0000         0

   micro avg     0.0000    0.0000    0.0000         0
   macro avg     0.0000    0.0000    0.0000         0
weighted avg     0.0000    0.0000    0.0000         0

INFO	arabiner.trainers.BertMTNTrainer	Sun, 06 Aug 2023 14:01:57	Epoch 12 | Timestep 13676 | Test Loss 5.194560 | F1 0.000000
INFO	arabiner.trainers.BaseTrainer	Sun, 06 Aug 2023 14:01:57	Saving checkpoint to flat_res/QARIB_MTN_UL_lr2e-5/checkpoints/checkpoint_12.pt
INFO	arabiner.trainers.BertMTNTrainer	Sun, 06 Aug 2023 14:05:54	Epoch 13 | Batch 1052/1052 | Timestep 14728 | LR 0.0000013333 | Loss 0.635493
INFO	arabiner.trainers.BertMTNTrainer	Sun, 06 Aug 2023 14:05:54	** Evaluating on validation dataset **
INFO	root	Sun, 06 Aug 2023 14:06:14	
              precision    recall  f1-score   support

    CARDINAL     0.8807    0.8516    0.8659       182
        CURR     0.0000    0.0000    0.0000         1
        DATE     0.9432    0.9541    0.9486      1567
       EVENT     0.7240    0.7984    0.7594       253
         FAC     0.7188    0.8118    0.7624        85
         GPE     0.8962    0.9002    0.8982      1132
    LANGUAGE     0.7895    1.0000    0.8824        15
         LAW     0.8889    0.9091    0.8989        44
         LOC     0.7333    0.6984    0.7154        63
       MONEY     0.9048    0.9500    0.9268        20
        NORP     0.7054    0.7705    0.7365       488
         OCC     0.8385    0.8879    0.8625       544
     ORDINAL     0.9140    0.9585    0.9357       410
         ORG     0.8931    0.9176    0.9052      1566
     PERCENT     0.9231    0.9231    0.9231        13
        PERS     0.9144    0.9369    0.9255       650
     PRODUCT     0.7500    0.6000    0.6667         5
    QUANTITY     1.0000    0.6667    0.8000         3
        TIME     0.7719    0.8000    0.7857        55
     WEBSITE     0.5122    0.4667    0.4884        45

   micro avg     0.8760    0.9016    0.8886      7141
   macro avg     0.7851    0.7901    0.7844      7141
weighted avg     0.8773    0.9016    0.8890      7141

INFO	arabiner.trainers.BertMTNTrainer	Sun, 06 Aug 2023 14:06:14	Epoch 13 | Timestep 14728 | Train Loss 0.375737 | Val Loss 0.790532 | F1 0.888613
INFO	arabiner.trainers.BertMTNTrainer	Sun, 06 Aug 2023 14:06:14	** Validation improved, evaluating test data **
INFO	root	Sun, 06 Aug 2023 14:06:54	Predictions written to flat_res/QARIB_MTN_UL_lr2e-5/predictions.txt
INFO	root	Sun, 06 Aug 2023 14:06:55	
              precision    recall  f1-score   support

    CARDINAL     0.0000    0.0000    0.0000         0
        DATE     0.0000    0.0000    0.0000         0
       EVENT     0.0000    0.0000    0.0000         0
         FAC     0.0000    0.0000    0.0000         0
         GPE     0.0000    0.0000    0.0000         0
    LANGUAGE     0.0000    0.0000    0.0000         0
         LAW     0.0000    0.0000    0.0000         0
         LOC     0.0000    0.0000    0.0000         0
       MONEY     0.0000    0.0000    0.0000         0
        NORP     0.0000    0.0000    0.0000         0
         OCC     0.0000    0.0000    0.0000         0
     ORDINAL     0.0000    0.0000    0.0000         0
         ORG     0.0000    0.0000    0.0000         0
     PERCENT     0.0000    0.0000    0.0000         0
        PERS     0.0000    0.0000    0.0000         0
     PRODUCT     0.0000    0.0000    0.0000         0
    QUANTITY     0.0000    0.0000    0.0000         0
        TIME     0.0000    0.0000    0.0000         0
     WEBSITE     0.0000    0.0000    0.0000         0

   micro avg     0.0000    0.0000    0.0000         0
   macro avg     0.0000    0.0000    0.0000         0
weighted avg     0.0000    0.0000    0.0000         0

INFO	arabiner.trainers.BertMTNTrainer	Sun, 06 Aug 2023 14:06:56	Epoch 13 | Timestep 14728 | Test Loss 5.567337 | F1 0.000000
INFO	arabiner.trainers.BaseTrainer	Sun, 06 Aug 2023 14:06:56	Saving checkpoint to flat_res/QARIB_MTN_UL_lr2e-5/checkpoints/checkpoint_13.pt
INFO	arabiner.trainers.BertMTNTrainer	Sun, 06 Aug 2023 14:10:52	Epoch 14 | Batch 1052/1052 | Timestep 15780 | LR 0.0000000000 | Loss 0.783595
INFO	arabiner.trainers.BertMTNTrainer	Sun, 06 Aug 2023 14:10:52	** Evaluating on validation dataset **
INFO	root	Sun, 06 Aug 2023 14:11:13	
              precision    recall  f1-score   support

    CARDINAL     0.8902    0.8462    0.8676       182
        CURR     0.0000    0.0000    0.0000         1
        DATE     0.9444    0.9534    0.9489      1567
       EVENT     0.7363    0.7945    0.7643       253
         FAC     0.7188    0.8118    0.7624        85
         GPE     0.9001    0.8993    0.8997      1132
    LANGUAGE     0.7895    1.0000    0.8824        15
         LAW     0.9091    0.9091    0.9091        44
         LOC     0.7213    0.6984    0.7097        63
       MONEY     0.9048    0.9500    0.9268        20
        NORP     0.7073    0.7725    0.7385       488
         OCC     0.8296    0.8860    0.8569       544
     ORDINAL     0.9161    0.9585    0.9368       410
         ORG     0.8917    0.9202    0.9057      1566
     PERCENT     1.0000    0.9231    0.9600        13
        PERS     0.9158    0.9369    0.9262       650
     PRODUCT     0.7500    0.6000    0.6667         5
    QUANTITY     1.0000    0.6667    0.8000         3
        TIME     0.7636    0.7636    0.7636        55
     WEBSITE     0.5122    0.4667    0.4884        45

   micro avg     0.8771    0.9013    0.8890      7141
   macro avg     0.7900    0.7878    0.7857      7141
weighted avg     0.8783    0.9013    0.8894      7141

INFO	arabiner.trainers.BertMTNTrainer	Sun, 06 Aug 2023 14:11:14	Epoch 14 | Timestep 15780 | Train Loss 0.356061 | Val Loss 0.790075 | F1 0.889012
INFO	arabiner.trainers.BertMTNTrainer	Sun, 06 Aug 2023 14:11:14	** Validation improved, evaluating test data **
INFO	root	Sun, 06 Aug 2023 14:11:52	Predictions written to flat_res/QARIB_MTN_UL_lr2e-5/predictions.txt
INFO	root	Sun, 06 Aug 2023 14:11:53	
              precision    recall  f1-score   support

    CARDINAL     0.0000    0.0000    0.0000         0
        DATE     0.0000    0.0000    0.0000         0
       EVENT     0.0000    0.0000    0.0000         0
         FAC     0.0000    0.0000    0.0000         0
         GPE     0.0000    0.0000    0.0000         0
    LANGUAGE     0.0000    0.0000    0.0000         0
         LAW     0.0000    0.0000    0.0000         0
         LOC     0.0000    0.0000    0.0000         0
       MONEY     0.0000    0.0000    0.0000         0
        NORP     0.0000    0.0000    0.0000         0
         OCC     0.0000    0.0000    0.0000         0
     ORDINAL     0.0000    0.0000    0.0000         0
         ORG     0.0000    0.0000    0.0000         0
     PERCENT     0.0000    0.0000    0.0000         0
        PERS     0.0000    0.0000    0.0000         0
     PRODUCT     0.0000    0.0000    0.0000         0
    QUANTITY     0.0000    0.0000    0.0000         0
        TIME     0.0000    0.0000    0.0000         0
     WEBSITE     0.0000    0.0000    0.0000         0

   micro avg     0.0000    0.0000    0.0000         0
   macro avg     0.0000    0.0000    0.0000         0
weighted avg     0.0000    0.0000    0.0000         0

INFO	arabiner.trainers.BertMTNTrainer	Sun, 06 Aug 2023 14:11:54	Epoch 14 | Timestep 15780 | Test Loss 5.585441 | F1 0.000000
INFO	arabiner.trainers.BaseTrainer	Sun, 06 Aug 2023 14:11:54	Saving checkpoint to flat_res/QARIB_MTN_UL_lr2e-5/checkpoints/checkpoint_14.pt
