INFO	__main__	Sat, 05 Aug 2023 21:11:58	Writing config to nested_res/CAMEL_MIX_UL_lr2e-5/args.json
INFO	arabiner.utils.data	Sat, 05 Aug 2023 21:11:59	1052 batches found
INFO	arabiner.utils.data	Sat, 05 Aug 2023 21:11:59	196 batches found
INFO	arabiner.utils.data	Sat, 05 Aug 2023 21:11:59	375 batches found
INFO	torch.distributed.nn.jit.instantiator	Sat, 05 Aug 2023 21:12:00	Created a temporary directory at /tmp/tmp5utcykgo
INFO	torch.distributed.nn.jit.instantiator	Sat, 05 Aug 2023 21:12:00	Writing /tmp/tmp5utcykgo/_remote_module_non_scriptable.py
INFO	arabiner.trainers.BertNestedTrainer	Sat, 05 Aug 2023 21:15:23	Epoch 0 | Batch 1052/1052 | Timestep 1052 | LR 0.0000186667 | Loss 3.173538
INFO	arabiner.trainers.BertNestedTrainer	Sat, 05 Aug 2023 21:15:23	** Evaluating on validation dataset **
INFO	root	Sat, 05 Aug 2023 21:15:53	
              precision    recall  f1-score   support

    CARDINAL     0.7143    0.9016    0.7971       183
        CURR     0.6316    0.5714    0.6000        21
        DATE     0.9126    0.9263    0.9194      1656
       EVENT     0.6859    0.7116    0.6985       267
         FAC     0.6667    0.7207    0.6926       111
         GPE     0.9398    0.9537    0.9467      2159
    LANGUAGE     0.0000    0.0000    0.0000        15
         LAW     0.3585    0.8636    0.5067        44
         LOC     0.3740    0.6447    0.4734        76
       MONEY     0.3250    0.6500    0.4333        20
        NORP     0.6006    0.7346    0.6609       520
         OCC     0.7914    0.8044    0.7978       547
     ORDINAL     0.9395    0.9246    0.9320       504
         ORG     0.8537    0.9050    0.8786      1831
     PERCENT     0.6111    0.8462    0.7097        13
        PERS     0.9105    0.8644    0.8869       730
     PRODUCT     0.0000    0.0000    0.0000         5
    QUANTITY     0.0323    0.3333    0.0588         3
        TIME     0.4444    0.1455    0.2192        55
        UNIT     0.0909    0.6667    0.1600         3
     WEBSITE     0.0000    0.0000    0.0000        45

   micro avg     0.8393    0.8785    0.8584      8808
   macro avg     0.5182    0.6271    0.5415      8808
weighted avg     0.8482    0.8785    0.8609      8808

INFO	arabiner.trainers.BertNestedTrainer	Sat, 05 Aug 2023 21:16:04	Epoch 0 | Timestep 1052 | Train Loss 4.036275 | Val Loss 3.191761 | F1 0.858442
INFO	arabiner.trainers.BertNestedTrainer	Sat, 05 Aug 2023 21:16:04	** Validation improved, evaluating test data **
INFO	root	Sat, 05 Aug 2023 21:16:41	Predictions written to nested_res/CAMEL_MIX_UL_lr2e-5/predictions.txt
INFO	root	Sat, 05 Aug 2023 21:17:04	
              precision    recall  f1-score   support

    CARDINAL     0.0000    0.0000    0.0000         0
        CURR     0.0000    0.0000    0.0000         0
        DATE     0.0000    0.0000    0.0000         0
       EVENT     0.0000    0.0000    0.0000         0
         FAC     0.0000    0.0000    0.0000         0
         GPE     0.0000    0.0000    0.0000         0
         LAW     0.0000    0.0000    0.0000         0
         LOC     0.0000    0.0000    0.0000         0
       MONEY     0.0000    0.0000    0.0000         0
        NORP     0.0000    0.0000    0.0000         0
         OCC     0.0000    0.0000    0.0000         0
     ORDINAL     0.0000    0.0000    0.0000         0
         ORG     0.0000    0.0000    0.0000         0
     PERCENT     0.0000    0.0000    0.0000         0
        PERS     0.0000    0.0000    0.0000         0
    QUANTITY     0.0000    0.0000    0.0000         0
        TIME     0.0000    0.0000    0.0000         0
        UNIT     0.0000    0.0000    0.0000         0
     WEBSITE     0.0000    0.0000    0.0000         0

   micro avg     0.0000    0.0000    0.0000         0
   macro avg     0.0000    0.0000    0.0000         0
weighted avg     0.0000    0.0000    0.0000         0

INFO	arabiner.trainers.BertNestedTrainer	Sat, 05 Aug 2023 21:17:26	Epoch 0 | Timestep 1052 | Test Loss 6.472405 | F1 0.000000
INFO	arabiner.trainers.BaseTrainer	Sat, 05 Aug 2023 21:17:26	Saving checkpoint to nested_res/CAMEL_MIX_UL_lr2e-5/checkpoints/checkpoint_0.pt
INFO	arabiner.trainers.BertNestedTrainer	Sat, 05 Aug 2023 21:21:13	Epoch 1 | Batch 1052/1052 | Timestep 2104 | LR 0.0000173333 | Loss 3.410148
INFO	arabiner.trainers.BertNestedTrainer	Sat, 05 Aug 2023 21:21:13	** Evaluating on validation dataset **
INFO	root	Sat, 05 Aug 2023 21:21:44	
              precision    recall  f1-score   support

    CARDINAL     0.8216    0.8306    0.8261       183
        CURR     0.9048    0.9048    0.9048        21
        DATE     0.9347    0.9426    0.9387      1656
       EVENT     0.7270    0.7678    0.7468       267
         FAC     0.5376    0.8378    0.6549       111
         GPE     0.9451    0.9574    0.9512      2159
    LANGUAGE     0.6875    0.7333    0.7097        15
         LAW     0.7037    0.8636    0.7755        44
         LOC     0.6163    0.6974    0.6543        76
       MONEY     0.5926    0.8000    0.6809        20
        NORP     0.6431    0.7519    0.6933       520
         OCC     0.8339    0.8446    0.8392       547
     ORDINAL     0.9132    0.9603    0.9362       504
         ORG     0.8727    0.9137    0.8927      1831
     PERCENT     0.8667    1.0000    0.9286        13
        PERS     0.9118    0.9205    0.9162       730
     PRODUCT     0.0000    0.0000    0.0000         5
    QUANTITY     0.4000    0.6667    0.5000         3
        TIME     0.5893    0.6000    0.5946        55
        UNIT     1.0000    0.6667    0.8000         3
     WEBSITE     0.4043    0.4222    0.4130        45

   micro avg     0.8685    0.9044    0.8861      8808
   macro avg     0.7098    0.7658    0.7313      8808
weighted avg     0.8733    0.9044    0.8879      8808

INFO	arabiner.trainers.BertNestedTrainer	Sat, 05 Aug 2023 21:21:55	Epoch 1 | Timestep 2104 | Train Loss 2.651081 | Val Loss 3.110766 | F1 0.886096
INFO	arabiner.trainers.BertNestedTrainer	Sat, 05 Aug 2023 21:21:55	** Validation improved, evaluating test data **
INFO	root	Sat, 05 Aug 2023 21:22:32	Predictions written to nested_res/CAMEL_MIX_UL_lr2e-5/predictions.txt
INFO	root	Sat, 05 Aug 2023 21:22:55	
              precision    recall  f1-score   support

    CARDINAL     0.0000    0.0000    0.0000         0
        CURR     0.0000    0.0000    0.0000         0
        DATE     0.0000    0.0000    0.0000         0
       EVENT     0.0000    0.0000    0.0000         0
         FAC     0.0000    0.0000    0.0000         0
         GPE     0.0000    0.0000    0.0000         0
    LANGUAGE     0.0000    0.0000    0.0000         0
         LAW     0.0000    0.0000    0.0000         0
         LOC     0.0000    0.0000    0.0000         0
       MONEY     0.0000    0.0000    0.0000         0
        NORP     0.0000    0.0000    0.0000         0
         OCC     0.0000    0.0000    0.0000         0
     ORDINAL     0.0000    0.0000    0.0000         0
         ORG     0.0000    0.0000    0.0000         0
     PERCENT     0.0000    0.0000    0.0000         0
        PERS     0.0000    0.0000    0.0000         0
    QUANTITY     0.0000    0.0000    0.0000         0
        TIME     0.0000    0.0000    0.0000         0
        UNIT     0.0000    0.0000    0.0000         0
     WEBSITE     0.0000    0.0000    0.0000         0

   micro avg     0.0000    0.0000    0.0000         0
   macro avg     0.0000    0.0000    0.0000         0
weighted avg     0.0000    0.0000    0.0000         0

INFO	arabiner.trainers.BertNestedTrainer	Sat, 05 Aug 2023 21:23:17	Epoch 1 | Timestep 2104 | Test Loss 7.169033 | F1 0.000000
INFO	arabiner.trainers.BaseTrainer	Sat, 05 Aug 2023 21:23:17	Saving checkpoint to nested_res/CAMEL_MIX_UL_lr2e-5/checkpoints/checkpoint_1.pt
INFO	arabiner.trainers.BertNestedTrainer	Sat, 05 Aug 2023 21:27:07	Epoch 2 | Batch 1052/1052 | Timestep 3156 | LR 0.0000160000 | Loss 3.311647
INFO	arabiner.trainers.BertNestedTrainer	Sat, 05 Aug 2023 21:27:07	** Evaluating on validation dataset **
INFO	root	Sat, 05 Aug 2023 21:27:38	
              precision    recall  f1-score   support

    CARDINAL     0.7659    0.8579    0.8093       183
        CURR     0.9524    0.9524    0.9524        21
        DATE     0.9465    0.9517    0.9491      1656
       EVENT     0.7692    0.7865    0.7778       267
         FAC     0.6312    0.8018    0.7063       111
         GPE     0.9494    0.9551    0.9522      2159
    LANGUAGE     0.6190    0.8667    0.7222        15
         LAW     0.7451    0.8636    0.8000        44
         LOC     0.6395    0.7237    0.6790        76
       MONEY     0.7917    0.9500    0.8636        20
        NORP     0.6890    0.7500    0.7182       520
         OCC     0.8494    0.8556    0.8525       547
     ORDINAL     0.9391    0.9484    0.9437       504
         ORG     0.9030    0.9153    0.9091      1831
     PERCENT     0.9286    1.0000    0.9630        13
        PERS     0.9128    0.9178    0.9153       730
     PRODUCT     0.0000    0.0000    0.0000         5
    QUANTITY     0.4000    0.6667    0.5000         3
        TIME     0.4615    0.6545    0.5414        55
        UNIT     1.0000    0.6667    0.8000         3
     WEBSITE     0.3684    0.7778    0.5000        45

   micro avg     0.8831    0.9093    0.8960      8808
   macro avg     0.7268    0.8030    0.7550      8808
weighted avg     0.8894    0.9093    0.8984      8808

INFO	arabiner.trainers.BertNestedTrainer	Sat, 05 Aug 2023 21:27:49	Epoch 2 | Timestep 3156 | Train Loss 2.545765 | Val Loss 3.088607 | F1 0.896012
INFO	arabiner.trainers.BertNestedTrainer	Sat, 05 Aug 2023 21:27:49	** Validation improved, evaluating test data **
INFO	root	Sat, 05 Aug 2023 21:28:27	Predictions written to nested_res/CAMEL_MIX_UL_lr2e-5/predictions.txt
INFO	root	Sat, 05 Aug 2023 21:28:52	
              precision    recall  f1-score   support

    CARDINAL     0.0000    0.0000    0.0000         0
        CURR     0.0000    0.0000    0.0000         0
        DATE     0.0000    0.0000    0.0000         0
       EVENT     0.0000    0.0000    0.0000         0
         FAC     0.0000    0.0000    0.0000         0
         GPE     0.0000    0.0000    0.0000         0
    LANGUAGE     0.0000    0.0000    0.0000         0
         LAW     0.0000    0.0000    0.0000         0
         LOC     0.0000    0.0000    0.0000         0
       MONEY     0.0000    0.0000    0.0000         0
        NORP     0.0000    0.0000    0.0000         0
         OCC     0.0000    0.0000    0.0000         0
     ORDINAL     0.0000    0.0000    0.0000         0
         ORG     0.0000    0.0000    0.0000         0
     PERCENT     0.0000    0.0000    0.0000         0
        PERS     0.0000    0.0000    0.0000         0
    QUANTITY     0.0000    0.0000    0.0000         0
        TIME     0.0000    0.0000    0.0000         0
        UNIT     0.0000    0.0000    0.0000         0
     WEBSITE     0.0000    0.0000    0.0000         0

   micro avg     0.0000    0.0000    0.0000         0
   macro avg     0.0000    0.0000    0.0000         0
weighted avg     0.0000    0.0000    0.0000         0

INFO	arabiner.trainers.BertNestedTrainer	Sat, 05 Aug 2023 21:29:15	Epoch 2 | Timestep 3156 | Test Loss 7.870119 | F1 0.000000
INFO	arabiner.trainers.BaseTrainer	Sat, 05 Aug 2023 21:29:15	Saving checkpoint to nested_res/CAMEL_MIX_UL_lr2e-5/checkpoints/checkpoint_2.pt
INFO	arabiner.trainers.BertNestedTrainer	Sat, 05 Aug 2023 21:33:03	Epoch 3 | Batch 1052/1052 | Timestep 4208 | LR 0.0000146667 | Loss 3.371248
INFO	arabiner.trainers.BertNestedTrainer	Sat, 05 Aug 2023 21:33:03	** Evaluating on validation dataset **
INFO	root	Sat, 05 Aug 2023 21:33:33	
              precision    recall  f1-score   support

    CARDINAL     0.8263    0.8579    0.8418       183
        CURR     0.9091    0.9524    0.9302        21
        DATE     0.9524    0.9553    0.9539      1656
       EVENT     0.7436    0.7603    0.7519       267
         FAC     0.7459    0.8198    0.7811       111
         GPE     0.9528    0.9629    0.9578      2159
    LANGUAGE     0.6842    0.8667    0.7647        15
         LAW     0.8261    0.8636    0.8444        44
         LOC     0.6588    0.7368    0.6957        76
       MONEY     0.7826    0.9000    0.8372        20
        NORP     0.6861    0.7904    0.7346       520
         OCC     0.8062    0.8592    0.8319       547
     ORDINAL     0.9397    0.9583    0.9489       504
         ORG     0.8992    0.9301    0.9144      1831
     PERCENT     1.0000    1.0000    1.0000        13
        PERS     0.9153    0.9178    0.9166       730
     PRODUCT     0.2500    0.4000    0.3077         5
    QUANTITY     1.0000    1.0000    1.0000         3
        TIME     0.6667    0.6182    0.6415        55
        UNIT     1.0000    1.0000    1.0000         3
     WEBSITE     0.4848    0.7111    0.5766        45

   micro avg     0.8891    0.9175    0.9031      8808
   macro avg     0.7967    0.8505    0.8205      8808
weighted avg     0.8927    0.9175    0.9045      8808

INFO	arabiner.trainers.BertNestedTrainer	Sat, 05 Aug 2023 21:33:44	Epoch 3 | Timestep 4208 | Train Loss 2.495905 | Val Loss 3.076596 | F1 0.903056
INFO	arabiner.trainers.BertNestedTrainer	Sat, 05 Aug 2023 21:33:44	** Validation improved, evaluating test data **
INFO	root	Sat, 05 Aug 2023 21:34:22	Predictions written to nested_res/CAMEL_MIX_UL_lr2e-5/predictions.txt
INFO	root	Sat, 05 Aug 2023 21:34:45	
              precision    recall  f1-score   support

    CARDINAL     0.0000    0.0000    0.0000         0
        CURR     0.0000    0.0000    0.0000         0
        DATE     0.0000    0.0000    0.0000         0
       EVENT     0.0000    0.0000    0.0000         0
         FAC     0.0000    0.0000    0.0000         0
         GPE     0.0000    0.0000    0.0000         0
    LANGUAGE     0.0000    0.0000    0.0000         0
         LAW     0.0000    0.0000    0.0000         0
         LOC     0.0000    0.0000    0.0000         0
       MONEY     0.0000    0.0000    0.0000         0
        NORP     0.0000    0.0000    0.0000         0
         OCC     0.0000    0.0000    0.0000         0
     ORDINAL     0.0000    0.0000    0.0000         0
         ORG     0.0000    0.0000    0.0000         0
     PERCENT     0.0000    0.0000    0.0000         0
        PERS     0.0000    0.0000    0.0000         0
     PRODUCT     0.0000    0.0000    0.0000         0
    QUANTITY     0.0000    0.0000    0.0000         0
        TIME     0.0000    0.0000    0.0000         0
        UNIT     0.0000    0.0000    0.0000         0
     WEBSITE     0.0000    0.0000    0.0000         0

   micro avg     0.0000    0.0000    0.0000         0
   macro avg     0.0000    0.0000    0.0000         0
weighted avg     0.0000    0.0000    0.0000         0

INFO	arabiner.trainers.BertNestedTrainer	Sat, 05 Aug 2023 21:35:07	Epoch 3 | Timestep 4208 | Test Loss 8.042172 | F1 0.000000
INFO	arabiner.trainers.BaseTrainer	Sat, 05 Aug 2023 21:35:07	Saving checkpoint to nested_res/CAMEL_MIX_UL_lr2e-5/checkpoints/checkpoint_3.pt
INFO	arabiner.trainers.BertNestedTrainer	Sat, 05 Aug 2023 21:38:51	Epoch 4 | Batch 1052/1052 | Timestep 5260 | LR 0.0000133333 | Loss 3.016436
INFO	arabiner.trainers.BertNestedTrainer	Sat, 05 Aug 2023 21:38:51	** Evaluating on validation dataset **
INFO	root	Sat, 05 Aug 2023 21:39:21	
              precision    recall  f1-score   support

    CARDINAL     0.8646    0.9071    0.8853       183
        CURR     0.9091    0.9524    0.9302        21
        DATE     0.9513    0.9553    0.9533      1656
       EVENT     0.7795    0.7678    0.7736       267
         FAC     0.7250    0.7838    0.7532       111
         GPE     0.9530    0.9574    0.9552      2159
    LANGUAGE     0.7000    0.9333    0.8000        15
         LAW     0.8444    0.8636    0.8539        44
         LOC     0.7179    0.7368    0.7273        76
       MONEY     0.7826    0.9000    0.8372        20
        NORP     0.7344    0.7712    0.7523       520
         OCC     0.8442    0.8519    0.8480       547
     ORDINAL     0.9527    0.9583    0.9555       504
         ORG     0.9122    0.9366    0.9243      1831
     PERCENT     1.0000    1.0000    1.0000        13
        PERS     0.9324    0.9260    0.9292       730
     PRODUCT     0.2857    0.4000    0.3333         5
    QUANTITY     0.6000    1.0000    0.7500         3
        TIME     0.7600    0.6909    0.7238        55
        UNIT     0.7500    1.0000    0.8571         3
     WEBSITE     0.5000    0.4889    0.4944        45

   micro avg     0.9045    0.9168    0.9106      8808
   macro avg     0.7857    0.8467    0.8113      8808
weighted avg     0.9053    0.9168    0.9109      8808

INFO	arabiner.trainers.BertNestedTrainer	Sat, 05 Aug 2023 21:39:33	Epoch 4 | Timestep 5260 | Train Loss 2.468175 | Val Loss 3.072180 | F1 0.910577
INFO	arabiner.trainers.BertNestedTrainer	Sat, 05 Aug 2023 21:39:33	** Validation improved, evaluating test data **
INFO	root	Sat, 05 Aug 2023 21:40:09	Predictions written to nested_res/CAMEL_MIX_UL_lr2e-5/predictions.txt
INFO	root	Sat, 05 Aug 2023 21:40:32	
              precision    recall  f1-score   support

    CARDINAL     0.0000    0.0000    0.0000         0
        CURR     0.0000    0.0000    0.0000         0
        DATE     0.0000    0.0000    0.0000         0
       EVENT     0.0000    0.0000    0.0000         0
         FAC     0.0000    0.0000    0.0000         0
         GPE     0.0000    0.0000    0.0000         0
    LANGUAGE     0.0000    0.0000    0.0000         0
         LAW     0.0000    0.0000    0.0000         0
         LOC     0.0000    0.0000    0.0000         0
       MONEY     0.0000    0.0000    0.0000         0
        NORP     0.0000    0.0000    0.0000         0
         OCC     0.0000    0.0000    0.0000         0
     ORDINAL     0.0000    0.0000    0.0000         0
         ORG     0.0000    0.0000    0.0000         0
     PERCENT     0.0000    0.0000    0.0000         0
        PERS     0.0000    0.0000    0.0000         0
     PRODUCT     0.0000    0.0000    0.0000         0
    QUANTITY     0.0000    0.0000    0.0000         0
        TIME     0.0000    0.0000    0.0000         0
        UNIT     0.0000    0.0000    0.0000         0
     WEBSITE     0.0000    0.0000    0.0000         0

   micro avg     0.0000    0.0000    0.0000         0
   macro avg     0.0000    0.0000    0.0000         0
weighted avg     0.0000    0.0000    0.0000         0

INFO	arabiner.trainers.BertNestedTrainer	Sat, 05 Aug 2023 21:40:54	Epoch 4 | Timestep 5260 | Test Loss 8.085377 | F1 0.000000
INFO	arabiner.trainers.BaseTrainer	Sat, 05 Aug 2023 21:40:54	Saving checkpoint to nested_res/CAMEL_MIX_UL_lr2e-5/checkpoints/checkpoint_4.pt
INFO	arabiner.trainers.BertNestedTrainer	Sat, 05 Aug 2023 21:44:38	Epoch 5 | Batch 1052/1052 | Timestep 6312 | LR 0.0000120000 | Loss 2.804830
INFO	arabiner.trainers.BertNestedTrainer	Sat, 05 Aug 2023 21:44:38	** Evaluating on validation dataset **
INFO	root	Sat, 05 Aug 2023 21:45:09	
              precision    recall  f1-score   support

    CARDINAL     0.8495    0.8634    0.8564       183
        CURR     0.9545    1.0000    0.9767        21
        DATE     0.9502    0.9553    0.9527      1656
       EVENT     0.7714    0.8090    0.7898       267
         FAC     0.7419    0.8288    0.7830       111
         GPE     0.9541    0.9639    0.9590      2159
    LANGUAGE     0.6500    0.8667    0.7429        15
         LAW     0.8261    0.8636    0.8444        44
         LOC     0.7089    0.7368    0.7226        76
       MONEY     0.8261    0.9500    0.8837        20
        NORP     0.7340    0.7962    0.7638       520
         OCC     0.8216    0.8757    0.8478       547
     ORDINAL     0.9471    0.9583    0.9527       504
         ORG     0.9031    0.9366    0.9196      1831
     PERCENT     1.0000    1.0000    1.0000        13
        PERS     0.9307    0.9384    0.9345       730
     PRODUCT     0.5714    0.8000    0.6667         5
    QUANTITY     0.7500    1.0000    0.8571         3
        TIME     0.7451    0.6909    0.7170        55
        UNIT     0.6000    1.0000    0.7500         3
     WEBSITE     0.4603    0.6444    0.5370        45

   micro avg     0.8986    0.9244    0.9113      8808
   macro avg     0.7951    0.8799    0.8313      8808
weighted avg     0.9011    0.9244    0.9123      8808

INFO	arabiner.trainers.BertNestedTrainer	Sat, 05 Aug 2023 21:45:20	Epoch 5 | Timestep 6312 | Train Loss 2.403821 | Val Loss 2.892654 | F1 0.911299
INFO	arabiner.trainers.BertNestedTrainer	Sat, 05 Aug 2023 21:45:20	** Validation improved, evaluating test data **
INFO	root	Sat, 05 Aug 2023 21:45:56	Predictions written to nested_res/CAMEL_MIX_UL_lr2e-5/predictions.txt
INFO	root	Sat, 05 Aug 2023 21:46:20	
              precision    recall  f1-score   support

    CARDINAL     0.0000    0.0000    0.0000         0
        CURR     0.0000    0.0000    0.0000         0
        DATE     0.0000    0.0000    0.0000         0
       EVENT     0.0000    0.0000    0.0000         0
         FAC     0.0000    0.0000    0.0000         0
         GPE     0.0000    0.0000    0.0000         0
    LANGUAGE     0.0000    0.0000    0.0000         0
         LAW     0.0000    0.0000    0.0000         0
         LOC     0.0000    0.0000    0.0000         0
       MONEY     0.0000    0.0000    0.0000         0
        NORP     0.0000    0.0000    0.0000         0
         OCC     0.0000    0.0000    0.0000         0
     ORDINAL     0.0000    0.0000    0.0000         0
         ORG     0.0000    0.0000    0.0000         0
     PERCENT     0.0000    0.0000    0.0000         0
        PERS     0.0000    0.0000    0.0000         0
     PRODUCT     0.0000    0.0000    0.0000         0
    QUANTITY     0.0000    0.0000    0.0000         0
        TIME     0.0000    0.0000    0.0000         0
        UNIT     0.0000    0.0000    0.0000         0
     WEBSITE     0.0000    0.0000    0.0000         0

   micro avg     0.0000    0.0000    0.0000         0
   macro avg     0.0000    0.0000    0.0000         0
weighted avg     0.0000    0.0000    0.0000         0

INFO	arabiner.trainers.BertNestedTrainer	Sat, 05 Aug 2023 21:46:43	Epoch 5 | Timestep 6312 | Test Loss 7.594838 | F1 0.000000
INFO	arabiner.trainers.BaseTrainer	Sat, 05 Aug 2023 21:46:43	Saving checkpoint to nested_res/CAMEL_MIX_UL_lr2e-5/checkpoints/checkpoint_5.pt
INFO	arabiner.trainers.BertNestedTrainer	Sat, 05 Aug 2023 21:50:27	Epoch 6 | Batch 1052/1052 | Timestep 7364 | LR 0.0000106667 | Loss 1.884522
INFO	arabiner.trainers.BertNestedTrainer	Sat, 05 Aug 2023 21:50:27	** Evaluating on validation dataset **
INFO	root	Sat, 05 Aug 2023 21:50:58	
              precision    recall  f1-score   support

    CARDINAL     0.8778    0.8634    0.8705       183
        CURR     1.0000    0.9048    0.9500        21
        DATE     0.9536    0.9565    0.9551      1656
       EVENT     0.7881    0.7940    0.7910       267
         FAC     0.7244    0.8288    0.7731       111
         GPE     0.9592    0.9583    0.9588      2159
    LANGUAGE     0.8182    0.6000    0.6923        15
         LAW     0.8864    0.8864    0.8864        44
         LOC     0.7500    0.7500    0.7500        76
       MONEY     0.9000    0.9000    0.9000        20
        NORP     0.7404    0.7788    0.7591       520
         OCC     0.8534    0.8830    0.8679       547
     ORDINAL     0.9527    0.9583    0.9555       504
         ORG     0.9112    0.9361    0.9235      1831
     PERCENT     1.0000    1.0000    1.0000        13
        PERS     0.9257    0.9384    0.9320       730
     PRODUCT     0.4286    0.6000    0.5000         5
    QUANTITY     0.6667    0.6667    0.6667         3
        TIME     0.7800    0.7091    0.7429        55
        UNIT     1.0000    0.3333    0.5000         3
     WEBSITE     0.5909    0.5778    0.5843        45

   micro avg     0.9090    0.9209    0.9149      8808
   macro avg     0.8337    0.8011    0.8076      8808
weighted avg     0.9099    0.9209    0.9152      8808

INFO	arabiner.trainers.BertNestedTrainer	Sat, 05 Aug 2023 21:51:09	Epoch 6 | Timestep 7364 | Train Loss 2.014583 | Val Loss 2.031347 | F1 0.914895
INFO	arabiner.trainers.BertNestedTrainer	Sat, 05 Aug 2023 21:51:09	** Validation improved, evaluating test data **
INFO	root	Sat, 05 Aug 2023 21:51:46	Predictions written to nested_res/CAMEL_MIX_UL_lr2e-5/predictions.txt
INFO	root	Sat, 05 Aug 2023 21:52:09	
              precision    recall  f1-score   support

    CARDINAL     0.0000    0.0000    0.0000         0
        CURR     0.0000    0.0000    0.0000         0
        DATE     0.0000    0.0000    0.0000         0
       EVENT     0.0000    0.0000    0.0000         0
         FAC     0.0000    0.0000    0.0000         0
         GPE     0.0000    0.0000    0.0000         0
    LANGUAGE     0.0000    0.0000    0.0000         0
         LAW     0.0000    0.0000    0.0000         0
         LOC     0.0000    0.0000    0.0000         0
       MONEY     0.0000    0.0000    0.0000         0
        NORP     0.0000    0.0000    0.0000         0
         OCC     0.0000    0.0000    0.0000         0
     ORDINAL     0.0000    0.0000    0.0000         0
         ORG     0.0000    0.0000    0.0000         0
     PERCENT     0.0000    0.0000    0.0000         0
        PERS     0.0000    0.0000    0.0000         0
     PRODUCT     0.0000    0.0000    0.0000         0
    QUANTITY     0.0000    0.0000    0.0000         0
        TIME     0.0000    0.0000    0.0000         0
        UNIT     0.0000    0.0000    0.0000         0
     WEBSITE     0.0000    0.0000    0.0000         0

   micro avg     0.0000    0.0000    0.0000         0
   macro avg     0.0000    0.0000    0.0000         0
weighted avg     0.0000    0.0000    0.0000         0

INFO	arabiner.trainers.BertNestedTrainer	Sat, 05 Aug 2023 21:52:32	Epoch 6 | Timestep 7364 | Test Loss 5.665651 | F1 0.000000
INFO	arabiner.trainers.BaseTrainer	Sat, 05 Aug 2023 21:52:32	Saving checkpoint to nested_res/CAMEL_MIX_UL_lr2e-5/checkpoints/checkpoint_6.pt
INFO	arabiner.trainers.BertNestedTrainer	Sat, 05 Aug 2023 21:56:16	Epoch 7 | Batch 1052/1052 | Timestep 8416 | LR 0.0000093333 | Loss 1.009210
INFO	arabiner.trainers.BertNestedTrainer	Sat, 05 Aug 2023 21:56:16	** Evaluating on validation dataset **
INFO	root	Sat, 05 Aug 2023 21:56:46	
              precision    recall  f1-score   support

    CARDINAL     0.8649    0.8743    0.8696       183
        CURR     1.0000    0.9048    0.9500        21
        DATE     0.9466    0.9523    0.9494      1656
       EVENT     0.7757    0.7903    0.7829       267
         FAC     0.7236    0.8018    0.7607       111
         GPE     0.9528    0.9625    0.9576      2159
    LANGUAGE     0.8571    0.8000    0.8276        15
         LAW     0.8864    0.8864    0.8864        44
         LOC     0.7808    0.7500    0.7651        76
       MONEY     0.8947    0.8500    0.8718        20
        NORP     0.7081    0.8115    0.7563       520
         OCC     0.8496    0.8775    0.8633       547
     ORDINAL     0.9545    0.9563    0.9554       504
         ORG     0.9126    0.9350    0.9237      1831
     PERCENT     1.0000    1.0000    1.0000        13
        PERS     0.9366    0.9315    0.9341       730
     PRODUCT     0.6667    0.8000    0.7273         5
    QUANTITY     0.0000    0.0000    0.0000         3
        TIME     0.7600    0.6909    0.7238        55
        UNIT     0.0000    0.0000    0.0000         3
     WEBSITE     0.6190    0.5778    0.5977        45

   micro avg     0.9042    0.9214    0.9127      8808
   macro avg     0.7662    0.7692    0.7668      8808
weighted avg     0.9054    0.9214    0.9131      8808

INFO	arabiner.trainers.BertNestedTrainer	Sat, 05 Aug 2023 21:56:58	Epoch 7 | Timestep 8416 | Train Loss 1.231109 | Val Loss 1.611470 | F1 0.912731
INFO	arabiner.trainers.BertNestedTrainer	Sat, 05 Aug 2023 21:56:58	** Validation improved, evaluating test data **
INFO	root	Sat, 05 Aug 2023 21:57:35	Predictions written to nested_res/CAMEL_MIX_UL_lr2e-5/predictions.txt
INFO	root	Sat, 05 Aug 2023 21:57:58	
              precision    recall  f1-score   support

    CARDINAL     0.0000    0.0000    0.0000         0
        CURR     0.0000    0.0000    0.0000         0
        DATE     0.0000    0.0000    0.0000         0
       EVENT     0.0000    0.0000    0.0000         0
         FAC     0.0000    0.0000    0.0000         0
         GPE     0.0000    0.0000    0.0000         0
    LANGUAGE     0.0000    0.0000    0.0000         0
         LAW     0.0000    0.0000    0.0000         0
         LOC     0.0000    0.0000    0.0000         0
       MONEY     0.0000    0.0000    0.0000         0
        NORP     0.0000    0.0000    0.0000         0
         OCC     0.0000    0.0000    0.0000         0
     ORDINAL     0.0000    0.0000    0.0000         0
         ORG     0.0000    0.0000    0.0000         0
     PERCENT     0.0000    0.0000    0.0000         0
        PERS     0.0000    0.0000    0.0000         0
     PRODUCT     0.0000    0.0000    0.0000         0
    QUANTITY     0.0000    0.0000    0.0000         0
        TIME     0.0000    0.0000    0.0000         0
     WEBSITE     0.0000    0.0000    0.0000         0

   micro avg     0.0000    0.0000    0.0000         0
   macro avg     0.0000    0.0000    0.0000         0
weighted avg     0.0000    0.0000    0.0000         0

INFO	arabiner.trainers.BertNestedTrainer	Sat, 05 Aug 2023 21:58:21	Epoch 7 | Timestep 8416 | Test Loss 5.846716 | F1 0.000000
INFO	arabiner.trainers.BaseTrainer	Sat, 05 Aug 2023 21:58:21	Saving checkpoint to nested_res/CAMEL_MIX_UL_lr2e-5/checkpoints/checkpoint_7.pt
INFO	arabiner.trainers.BertNestedTrainer	Sat, 05 Aug 2023 22:02:06	Epoch 8 | Batch 1052/1052 | Timestep 9468 | LR 0.0000080000 | Loss 1.495508
INFO	arabiner.trainers.BertNestedTrainer	Sat, 05 Aug 2023 22:02:06	** Evaluating on validation dataset **
INFO	root	Sat, 05 Aug 2023 22:02:36	
              precision    recall  f1-score   support

    CARDINAL     0.8736    0.8689    0.8712       183
        CURR     0.9524    0.9524    0.9524        21
        DATE     0.9472    0.9535    0.9503      1656
       EVENT     0.7509    0.8015    0.7754       267
         FAC     0.6846    0.8018    0.7386       111
         GPE     0.9585    0.9620    0.9602      2159
    LANGUAGE     0.7647    0.8667    0.8125        15
         LAW     0.8667    0.8864    0.8764        44
         LOC     0.7368    0.7368    0.7368        76
       MONEY     0.7727    0.8500    0.8095        20
        NORP     0.7464    0.7923    0.7687       520
         OCC     0.8304    0.8775    0.8533       547
     ORDINAL     0.9472    0.9603    0.9537       504
         ORG     0.9152    0.9372    0.9261      1831
     PERCENT     1.0000    1.0000    1.0000        13
        PERS     0.9271    0.9411    0.9341       730
     PRODUCT     0.6667    0.8000    0.7273         5
    QUANTITY     0.0000    0.0000    0.0000         3
        TIME     0.7600    0.6909    0.7238        55
        UNIT     0.0000    0.0000    0.0000         3
     WEBSITE     0.6000    0.6000    0.6000        45

   micro avg     0.9044    0.9223    0.9133      8808
   macro avg     0.7477    0.7752    0.7605      8808
weighted avg     0.9052    0.9223    0.9135      8808

INFO	arabiner.trainers.BertNestedTrainer	Sat, 05 Aug 2023 22:02:47	Epoch 8 | Timestep 9468 | Train Loss 0.964778 | Val Loss 1.435597 | F1 0.913271
INFO	arabiner.trainers.BertNestedTrainer	Sat, 05 Aug 2023 22:02:47	** Validation improved, evaluating test data **
INFO	root	Sat, 05 Aug 2023 22:03:24	Predictions written to nested_res/CAMEL_MIX_UL_lr2e-5/predictions.txt
INFO	root	Sat, 05 Aug 2023 22:03:47	
              precision    recall  f1-score   support

    CARDINAL     0.0000    0.0000    0.0000         0
        CURR     0.0000    0.0000    0.0000         0
        DATE     0.0000    0.0000    0.0000         0
       EVENT     0.0000    0.0000    0.0000         0
         FAC     0.0000    0.0000    0.0000         0
         GPE     0.0000    0.0000    0.0000         0
    LANGUAGE     0.0000    0.0000    0.0000         0
         LAW     0.0000    0.0000    0.0000         0
         LOC     0.0000    0.0000    0.0000         0
       MONEY     0.0000    0.0000    0.0000         0
        NORP     0.0000    0.0000    0.0000         0
         OCC     0.0000    0.0000    0.0000         0
     ORDINAL     0.0000    0.0000    0.0000         0
         ORG     0.0000    0.0000    0.0000         0
     PERCENT     0.0000    0.0000    0.0000         0
        PERS     0.0000    0.0000    0.0000         0
     PRODUCT     0.0000    0.0000    0.0000         0
    QUANTITY     0.0000    0.0000    0.0000         0
        TIME     0.0000    0.0000    0.0000         0
     WEBSITE     0.0000    0.0000    0.0000         0

   micro avg     0.0000    0.0000    0.0000         0
   macro avg     0.0000    0.0000    0.0000         0
weighted avg     0.0000    0.0000    0.0000         0

INFO	arabiner.trainers.BertNestedTrainer	Sat, 05 Aug 2023 22:04:09	Epoch 8 | Timestep 9468 | Test Loss 6.401374 | F1 0.000000
INFO	arabiner.trainers.BaseTrainer	Sat, 05 Aug 2023 22:04:09	Saving checkpoint to nested_res/CAMEL_MIX_UL_lr2e-5/checkpoints/checkpoint_8.pt
INFO	arabiner.trainers.BertNestedTrainer	Sat, 05 Aug 2023 22:07:53	Epoch 9 | Batch 1052/1052 | Timestep 10520 | LR 0.0000066667 | Loss 1.102544
INFO	arabiner.trainers.BertNestedTrainer	Sat, 05 Aug 2023 22:07:53	** Evaluating on validation dataset **
INFO	root	Sat, 05 Aug 2023 22:08:23	
              precision    recall  f1-score   support

    CARDINAL     0.8846    0.8798    0.8822       183
        CURR     1.0000    0.9048    0.9500        21
        DATE     0.9543    0.9583    0.9563      1656
       EVENT     0.7585    0.8352    0.7950       267
         FAC     0.7236    0.8018    0.7607       111
         GPE     0.9560    0.9662    0.9611      2159
    LANGUAGE     0.8667    0.8667    0.8667        15
         LAW     0.9091    0.9091    0.9091        44
         LOC     0.7639    0.7237    0.7432        76
       MONEY     0.8947    0.8500    0.8718        20
        NORP     0.7394    0.8077    0.7721       520
         OCC     0.8491    0.8848    0.8666       547
     ORDINAL     0.9452    0.9583    0.9517       504
         ORG     0.9217    0.9323    0.9270      1831
     PERCENT     1.0000    1.0000    1.0000        13
        PERS     0.9218    0.9521    0.9367       730
     PRODUCT     0.6667    0.8000    0.7273         5
    QUANTITY     0.0000    0.0000    0.0000         3
        TIME     0.7800    0.7091    0.7429        55
        UNIT     0.0000    0.0000    0.0000         3
     WEBSITE     0.6316    0.5333    0.5783        45

   micro avg     0.9091    0.9263    0.9176      8808
   macro avg     0.7698    0.7749    0.7714      8808
weighted avg     0.9097    0.9263    0.9177      8808

INFO	arabiner.trainers.BertNestedTrainer	Sat, 05 Aug 2023 22:08:34	Epoch 9 | Timestep 10520 | Train Loss 0.749574 | Val Loss 1.116064 | F1 0.917618
INFO	arabiner.trainers.BertNestedTrainer	Sat, 05 Aug 2023 22:08:34	** Validation improved, evaluating test data **
INFO	root	Sat, 05 Aug 2023 22:09:11	Predictions written to nested_res/CAMEL_MIX_UL_lr2e-5/predictions.txt
INFO	root	Sat, 05 Aug 2023 22:09:35	
              precision    recall  f1-score   support

    CARDINAL     0.0000    0.0000    0.0000         0
        CURR     0.0000    0.0000    0.0000         0
        DATE     0.0000    0.0000    0.0000         0
       EVENT     0.0000    0.0000    0.0000         0
         FAC     0.0000    0.0000    0.0000         0
         GPE     0.0000    0.0000    0.0000         0
    LANGUAGE     0.0000    0.0000    0.0000         0
         LAW     0.0000    0.0000    0.0000         0
         LOC     0.0000    0.0000    0.0000         0
       MONEY     0.0000    0.0000    0.0000         0
        NORP     0.0000    0.0000    0.0000         0
         OCC     0.0000    0.0000    0.0000         0
     ORDINAL     0.0000    0.0000    0.0000         0
         ORG     0.0000    0.0000    0.0000         0
     PERCENT     0.0000    0.0000    0.0000         0
        PERS     0.0000    0.0000    0.0000         0
     PRODUCT     0.0000    0.0000    0.0000         0
    QUANTITY     0.0000    0.0000    0.0000         0
        TIME     0.0000    0.0000    0.0000         0
     WEBSITE     0.0000    0.0000    0.0000         0

   micro avg     0.0000    0.0000    0.0000         0
   macro avg     0.0000    0.0000    0.0000         0
weighted avg     0.0000    0.0000    0.0000         0

INFO	arabiner.trainers.BertNestedTrainer	Sat, 05 Aug 2023 22:09:56	Epoch 9 | Timestep 10520 | Test Loss 5.493360 | F1 0.000000
INFO	arabiner.trainers.BaseTrainer	Sat, 05 Aug 2023 22:09:56	Saving checkpoint to nested_res/CAMEL_MIX_UL_lr2e-5/checkpoints/checkpoint_9.pt
INFO	arabiner.trainers.BertNestedTrainer	Sat, 05 Aug 2023 22:13:40	Epoch 10 | Batch 1052/1052 | Timestep 11572 | LR 0.0000053333 | Loss 0.719134
INFO	arabiner.trainers.BertNestedTrainer	Sat, 05 Aug 2023 22:13:40	** Evaluating on validation dataset **
INFO	root	Sat, 05 Aug 2023 22:14:11	
              precision    recall  f1-score   support

    CARDINAL     0.8791    0.8743    0.8767       183
        CURR     0.9500    0.9048    0.9268        21
        DATE     0.9526    0.9595    0.9561      1656
       EVENT     0.7483    0.8127    0.7792       267
         FAC     0.6822    0.7928    0.7333       111
         GPE     0.9564    0.9657    0.9611      2159
    LANGUAGE     0.8750    0.9333    0.9032        15
         LAW     0.9091    0.9091    0.9091        44
         LOC     0.8462    0.7237    0.7801        76
       MONEY     0.8571    0.9000    0.8780        20
        NORP     0.7253    0.8173    0.7685       520
         OCC     0.8333    0.8775    0.8549       547
     ORDINAL     0.9508    0.9583    0.9545       504
         ORG     0.9080    0.9377    0.9226      1831
     PERCENT     1.0000    1.0000    1.0000        13
        PERS     0.9247    0.9425    0.9335       730
     PRODUCT     0.5000    0.6000    0.5455         5
    QUANTITY     0.5000    0.3333    0.4000         3
        TIME     0.8511    0.7273    0.7843        55
        UNIT     0.0000    0.0000    0.0000         3
     WEBSITE     0.7000    0.6222    0.6588        45

   micro avg     0.9042    0.9268    0.9153      8808
   macro avg     0.7881    0.7901    0.7870      8808
weighted avg     0.9058    0.9268    0.9158      8808

INFO	arabiner.trainers.BertNestedTrainer	Sat, 05 Aug 2023 22:14:22	Epoch 10 | Timestep 11572 | Train Loss 0.575422 | Val Loss 1.005696 | F1 0.915340
INFO	arabiner.trainers.BertNestedTrainer	Sat, 05 Aug 2023 22:14:22	** Validation improved, evaluating test data **
INFO	root	Sat, 05 Aug 2023 22:14:59	Predictions written to nested_res/CAMEL_MIX_UL_lr2e-5/predictions.txt
INFO	root	Sat, 05 Aug 2023 22:15:23	
              precision    recall  f1-score   support

    CARDINAL     0.0000    0.0000    0.0000         0
        CURR     0.0000    0.0000    0.0000         0
        DATE     0.0000    0.0000    0.0000         0
       EVENT     0.0000    0.0000    0.0000         0
         FAC     0.0000    0.0000    0.0000         0
         GPE     0.0000    0.0000    0.0000         0
    LANGUAGE     0.0000    0.0000    0.0000         0
         LAW     0.0000    0.0000    0.0000         0
         LOC     0.0000    0.0000    0.0000         0
       MONEY     0.0000    0.0000    0.0000         0
        NORP     0.0000    0.0000    0.0000         0
         OCC     0.0000    0.0000    0.0000         0
     ORDINAL     0.0000    0.0000    0.0000         0
         ORG     0.0000    0.0000    0.0000         0
     PERCENT     0.0000    0.0000    0.0000         0
        PERS     0.0000    0.0000    0.0000         0
     PRODUCT     0.0000    0.0000    0.0000         0
    QUANTITY     0.0000    0.0000    0.0000         0
        TIME     0.0000    0.0000    0.0000         0
     WEBSITE     0.0000    0.0000    0.0000         0

   micro avg     0.0000    0.0000    0.0000         0
   macro avg     0.0000    0.0000    0.0000         0
weighted avg     0.0000    0.0000    0.0000         0

INFO	arabiner.trainers.BertNestedTrainer	Sat, 05 Aug 2023 22:15:45	Epoch 10 | Timestep 11572 | Test Loss 5.804159 | F1 0.000000
INFO	arabiner.trainers.BaseTrainer	Sat, 05 Aug 2023 22:15:45	Saving checkpoint to nested_res/CAMEL_MIX_UL_lr2e-5/checkpoints/checkpoint_10.pt
INFO	arabiner.trainers.BertNestedTrainer	Sat, 05 Aug 2023 22:19:29	Epoch 11 | Batch 1052/1052 | Timestep 12624 | LR 0.0000040000 | Loss 0.772173
INFO	arabiner.trainers.BertNestedTrainer	Sat, 05 Aug 2023 22:19:29	** Evaluating on validation dataset **
INFO	root	Sat, 05 Aug 2023 22:20:00	
              precision    recall  f1-score   support

    CARDINAL     0.8757    0.8852    0.8804       183
        CURR     0.9524    0.9524    0.9524        21
        DATE     0.9561    0.9595    0.9578      1656
       EVENT     0.7110    0.8202    0.7617       267
         FAC     0.7565    0.7838    0.7699       111
         GPE     0.9518    0.9611    0.9564      2159
    LANGUAGE     0.8750    0.9333    0.9032        15
         LAW     0.9091    0.9091    0.9091        44
         LOC     0.7887    0.7368    0.7619        76
       MONEY     0.8182    0.9000    0.8571        20
        NORP     0.7473    0.8077    0.7763       520
         OCC     0.8383    0.8812    0.8592       547
     ORDINAL     0.9526    0.9563    0.9545       504
         ORG     0.9126    0.9356    0.9239      1831
     PERCENT     1.0000    1.0000    1.0000        13
        PERS     0.9236    0.9274    0.9255       730
     PRODUCT     0.6667    0.8000    0.7273         5
    QUANTITY     0.0000    0.0000    0.0000         3
        TIME     0.7872    0.6727    0.7255        55
        UNIT     0.0000    0.0000    0.0000         3
     WEBSITE     0.5946    0.4889    0.5366        45

   micro avg     0.9051    0.9230    0.9140      8808
   macro avg     0.7627    0.7767    0.7685      8808
weighted avg     0.9061    0.9230    0.9142      8808

INFO	arabiner.trainers.BertNestedTrainer	Sat, 05 Aug 2023 22:20:11	Epoch 11 | Timestep 12624 | Train Loss 0.476612 | Val Loss 0.900244 | F1 0.913997
INFO	arabiner.trainers.BertNestedTrainer	Sat, 05 Aug 2023 22:20:11	** Validation improved, evaluating test data **
INFO	root	Sat, 05 Aug 2023 22:20:48	Predictions written to nested_res/CAMEL_MIX_UL_lr2e-5/predictions.txt
INFO	root	Sat, 05 Aug 2023 22:21:10	
              precision    recall  f1-score   support

    CARDINAL     0.0000    0.0000    0.0000         0
        CURR     0.0000    0.0000    0.0000         0
        DATE     0.0000    0.0000    0.0000         0
       EVENT     0.0000    0.0000    0.0000         0
         FAC     0.0000    0.0000    0.0000         0
         GPE     0.0000    0.0000    0.0000         0
    LANGUAGE     0.0000    0.0000    0.0000         0
         LAW     0.0000    0.0000    0.0000         0
         LOC     0.0000    0.0000    0.0000         0
       MONEY     0.0000    0.0000    0.0000         0
        NORP     0.0000    0.0000    0.0000         0
         OCC     0.0000    0.0000    0.0000         0
     ORDINAL     0.0000    0.0000    0.0000         0
         ORG     0.0000    0.0000    0.0000         0
     PERCENT     0.0000    0.0000    0.0000         0
        PERS     0.0000    0.0000    0.0000         0
     PRODUCT     0.0000    0.0000    0.0000         0
    QUANTITY     0.0000    0.0000    0.0000         0
        TIME     0.0000    0.0000    0.0000         0
     WEBSITE     0.0000    0.0000    0.0000         0

   micro avg     0.0000    0.0000    0.0000         0
   macro avg     0.0000    0.0000    0.0000         0
weighted avg     0.0000    0.0000    0.0000         0

INFO	arabiner.trainers.BertNestedTrainer	Sat, 05 Aug 2023 22:21:31	Epoch 11 | Timestep 12624 | Test Loss 5.092450 | F1 0.000000
INFO	arabiner.trainers.BaseTrainer	Sat, 05 Aug 2023 22:21:31	Saving checkpoint to nested_res/CAMEL_MIX_UL_lr2e-5/checkpoints/checkpoint_11.pt
INFO	arabiner.trainers.BertNestedTrainer	Sat, 05 Aug 2023 22:25:16	Epoch 12 | Batch 1052/1052 | Timestep 13676 | LR 0.0000026667 | Loss 0.319293
INFO	arabiner.trainers.BertNestedTrainer	Sat, 05 Aug 2023 22:25:16	** Evaluating on validation dataset **
INFO	root	Sat, 05 Aug 2023 22:25:46	
              precision    recall  f1-score   support

    CARDINAL     0.8798    0.8798    0.8798       183
        CURR     0.9524    0.9524    0.9524        21
        DATE     0.9521    0.9607    0.9564      1656
       EVENT     0.7349    0.8202    0.7752       267
         FAC     0.7586    0.7928    0.7753       111
         GPE     0.9548    0.9676    0.9611      2159
    LANGUAGE     0.8235    0.9333    0.8750        15
         LAW     0.9091    0.9091    0.9091        44
         LOC     0.7887    0.7368    0.7619        76
       MONEY     0.8571    0.9000    0.8780        20
        NORP     0.7398    0.7981    0.7678       520
         OCC     0.8497    0.8885    0.8686       547
     ORDINAL     0.9490    0.9603    0.9546       504
         ORG     0.9160    0.9350    0.9254      1831
     PERCENT     1.0000    1.0000    1.0000        13
        PERS     0.9230    0.9356    0.9293       730
     PRODUCT     0.6667    0.8000    0.7273         5
    QUANTITY     0.5000    0.3333    0.4000         3
        TIME     0.8298    0.7091    0.7647        55
        UNIT     0.0000    0.0000    0.0000         3
     WEBSITE     0.6923    0.6000    0.6429        45

   micro avg     0.9078    0.9264    0.9170      8808
   macro avg     0.7942    0.8006    0.7955      8808
weighted avg     0.9085    0.9264    0.9172      8808

INFO	arabiner.trainers.BertNestedTrainer	Sat, 05 Aug 2023 22:25:58	Epoch 12 | Timestep 13676 | Train Loss 0.390885 | Val Loss 0.863312 | F1 0.917008
INFO	arabiner.trainers.BertNestedTrainer	Sat, 05 Aug 2023 22:25:58	** Validation improved, evaluating test data **
INFO	root	Sat, 05 Aug 2023 22:26:35	Predictions written to nested_res/CAMEL_MIX_UL_lr2e-5/predictions.txt
INFO	root	Sat, 05 Aug 2023 22:26:58	
              precision    recall  f1-score   support

    CARDINAL     0.0000    0.0000    0.0000         0
        CURR     0.0000    0.0000    0.0000         0
        DATE     0.0000    0.0000    0.0000         0
       EVENT     0.0000    0.0000    0.0000         0
         FAC     0.0000    0.0000    0.0000         0
         GPE     0.0000    0.0000    0.0000         0
    LANGUAGE     0.0000    0.0000    0.0000         0
         LAW     0.0000    0.0000    0.0000         0
         LOC     0.0000    0.0000    0.0000         0
       MONEY     0.0000    0.0000    0.0000         0
        NORP     0.0000    0.0000    0.0000         0
         OCC     0.0000    0.0000    0.0000         0
     ORDINAL     0.0000    0.0000    0.0000         0
         ORG     0.0000    0.0000    0.0000         0
     PERCENT     0.0000    0.0000    0.0000         0
        PERS     0.0000    0.0000    0.0000         0
     PRODUCT     0.0000    0.0000    0.0000         0
    QUANTITY     0.0000    0.0000    0.0000         0
        TIME     0.0000    0.0000    0.0000         0
     WEBSITE     0.0000    0.0000    0.0000         0

   micro avg     0.0000    0.0000    0.0000         0
   macro avg     0.0000    0.0000    0.0000         0
weighted avg     0.0000    0.0000    0.0000         0

INFO	arabiner.trainers.BertNestedTrainer	Sat, 05 Aug 2023 22:27:20	Epoch 12 | Timestep 13676 | Test Loss 5.868190 | F1 0.000000
INFO	arabiner.trainers.BaseTrainer	Sat, 05 Aug 2023 22:27:20	Saving checkpoint to nested_res/CAMEL_MIX_UL_lr2e-5/checkpoints/checkpoint_12.pt
INFO	arabiner.trainers.BertNestedTrainer	Sat, 05 Aug 2023 22:31:06	Epoch 13 | Batch 1052/1052 | Timestep 14728 | LR 0.0000013333 | Loss 0.277205
INFO	arabiner.trainers.BertNestedTrainer	Sat, 05 Aug 2023 22:31:06	** Evaluating on validation dataset **
INFO	root	Sat, 05 Aug 2023 22:31:36	
              precision    recall  f1-score   support

    CARDINAL     0.9066    0.9016    0.9041       183
        CURR     0.9524    0.9524    0.9524        21
        DATE     0.9555    0.9589    0.9572      1656
       EVENT     0.7527    0.7865    0.7692       267
         FAC     0.7632    0.7838    0.7733       111
         GPE     0.9559    0.9629    0.9594      2159
    LANGUAGE     0.8667    0.8667    0.8667        15
         LAW     0.9091    0.9091    0.9091        44
         LOC     0.8000    0.7368    0.7671        76
       MONEY     0.8571    0.9000    0.8780        20
        NORP     0.7514    0.8019    0.7758       520
         OCC     0.8374    0.8848    0.8604       547
     ORDINAL     0.9509    0.9603    0.9556       504
         ORG     0.9131    0.9350    0.9239      1831
     PERCENT     1.0000    1.0000    1.0000        13
        PERS     0.9270    0.9397    0.9333       730
     PRODUCT     0.3333    0.2000    0.2500         5
    QUANTITY     0.5000    0.3333    0.4000         3
        TIME     0.8298    0.7091    0.7647        55
        UNIT     0.0000    0.0000    0.0000         3
     WEBSITE     0.6579    0.5556    0.6024        45

   micro avg     0.9100    0.9239    0.9169      8808
   macro avg     0.7819    0.7656    0.7716      8808
weighted avg     0.9101    0.9239    0.9168      8808

INFO	arabiner.trainers.BertNestedTrainer	Sat, 05 Aug 2023 22:31:48	Epoch 13 | Timestep 14728 | Train Loss 0.367383 | Val Loss 0.763105 | F1 0.916906
INFO	arabiner.trainers.BertNestedTrainer	Sat, 05 Aug 2023 22:31:48	** Validation improved, evaluating test data **
INFO	root	Sat, 05 Aug 2023 22:32:25	Predictions written to nested_res/CAMEL_MIX_UL_lr2e-5/predictions.txt
INFO	root	Sat, 05 Aug 2023 22:32:49	
              precision    recall  f1-score   support

    CARDINAL     0.0000    0.0000    0.0000         0
        CURR     0.0000    0.0000    0.0000         0
        DATE     0.0000    0.0000    0.0000         0
       EVENT     0.0000    0.0000    0.0000         0
         FAC     0.0000    0.0000    0.0000         0
         GPE     0.0000    0.0000    0.0000         0
    LANGUAGE     0.0000    0.0000    0.0000         0
         LAW     0.0000    0.0000    0.0000         0
         LOC     0.0000    0.0000    0.0000         0
       MONEY     0.0000    0.0000    0.0000         0
        NORP     0.0000    0.0000    0.0000         0
         OCC     0.0000    0.0000    0.0000         0
     ORDINAL     0.0000    0.0000    0.0000         0
         ORG     0.0000    0.0000    0.0000         0
     PERCENT     0.0000    0.0000    0.0000         0
        PERS     0.0000    0.0000    0.0000         0
     PRODUCT     0.0000    0.0000    0.0000         0
    QUANTITY     0.0000    0.0000    0.0000         0
        TIME     0.0000    0.0000    0.0000         0
     WEBSITE     0.0000    0.0000    0.0000         0

   micro avg     0.0000    0.0000    0.0000         0
   macro avg     0.0000    0.0000    0.0000         0
weighted avg     0.0000    0.0000    0.0000         0

INFO	arabiner.trainers.BertNestedTrainer	Sat, 05 Aug 2023 22:33:11	Epoch 13 | Timestep 14728 | Test Loss 4.845035 | F1 0.000000
INFO	arabiner.trainers.BaseTrainer	Sat, 05 Aug 2023 22:33:11	Saving checkpoint to nested_res/CAMEL_MIX_UL_lr2e-5/checkpoints/checkpoint_13.pt
INFO	arabiner.trainers.BertNestedTrainer	Sat, 05 Aug 2023 22:36:54	Epoch 14 | Batch 1052/1052 | Timestep 15780 | LR 0.0000000000 | Loss 0.522671
INFO	arabiner.trainers.BertNestedTrainer	Sat, 05 Aug 2023 22:36:54	** Evaluating on validation dataset **
INFO	root	Sat, 05 Aug 2023 22:37:25	
              precision    recall  f1-score   support

    CARDINAL     0.8956    0.8907    0.8932       183
        CURR     1.0000    1.0000    1.0000        21
        DATE     0.9526    0.9589    0.9558      1656
       EVENT     0.7561    0.8127    0.7834       267
         FAC     0.7719    0.7928    0.7822       111
         GPE     0.9546    0.9639    0.9592      2159
    LANGUAGE     0.8750    0.9333    0.9032        15
         LAW     0.9091    0.9091    0.9091        44
         LOC     0.8000    0.7368    0.7671        76
       MONEY     0.8571    0.9000    0.8780        20
        NORP     0.7372    0.8038    0.7691       520
         OCC     0.8470    0.8903    0.8681       547
     ORDINAL     0.9509    0.9603    0.9556       504
         ORG     0.9089    0.9366    0.9225      1831
     PERCENT     1.0000    1.0000    1.0000        13
        PERS     0.9243    0.9370    0.9306       730
     PRODUCT     1.0000    0.2000    0.3333         5
    QUANTITY     0.0000    0.0000    0.0000         3
        TIME     0.8478    0.7091    0.7723        55
        UNIT     0.0000    0.0000    0.0000         3
     WEBSITE     0.6216    0.5111    0.5610        45

   micro avg     0.9077    0.9253    0.9164      8808
   macro avg     0.7909    0.7546    0.7592      8808
weighted avg     0.9082    0.9253    0.9163      8808

INFO	arabiner.trainers.BertNestedTrainer	Sat, 05 Aug 2023 22:37:36	Epoch 14 | Timestep 15780 | Train Loss 0.223734 | Val Loss 0.673598 | F1 0.916400
INFO	arabiner.trainers.BertNestedTrainer	Sat, 05 Aug 2023 22:37:37	** Validation improved, evaluating test data **
INFO	root	Sat, 05 Aug 2023 22:38:13	Predictions written to nested_res/CAMEL_MIX_UL_lr2e-5/predictions.txt
INFO	root	Sat, 05 Aug 2023 22:38:36	
              precision    recall  f1-score   support

    CARDINAL     0.0000    0.0000    0.0000         0
        CURR     0.0000    0.0000    0.0000         0
        DATE     0.0000    0.0000    0.0000         0
       EVENT     0.0000    0.0000    0.0000         0
         FAC     0.0000    0.0000    0.0000         0
         GPE     0.0000    0.0000    0.0000         0
    LANGUAGE     0.0000    0.0000    0.0000         0
         LAW     0.0000    0.0000    0.0000         0
         LOC     0.0000    0.0000    0.0000         0
       MONEY     0.0000    0.0000    0.0000         0
        NORP     0.0000    0.0000    0.0000         0
         OCC     0.0000    0.0000    0.0000         0
     ORDINAL     0.0000    0.0000    0.0000         0
         ORG     0.0000    0.0000    0.0000         0
     PERCENT     0.0000    0.0000    0.0000         0
        PERS     0.0000    0.0000    0.0000         0
     PRODUCT     0.0000    0.0000    0.0000         0
    QUANTITY     0.0000    0.0000    0.0000         0
        TIME     0.0000    0.0000    0.0000         0
     WEBSITE     0.0000    0.0000    0.0000         0

   micro avg     0.0000    0.0000    0.0000         0
   macro avg     0.0000    0.0000    0.0000         0
weighted avg     0.0000    0.0000    0.0000         0

INFO	arabiner.trainers.BertNestedTrainer	Sat, 05 Aug 2023 22:38:57	Epoch 14 | Timestep 15780 | Test Loss 5.042007 | F1 0.000000
INFO	arabiner.trainers.BaseTrainer	Sat, 05 Aug 2023 22:38:57	Saving checkpoint to nested_res/CAMEL_MIX_UL_lr2e-5/checkpoints/checkpoint_14.pt
