INFO	__main__	Sun, 06 Aug 2023 11:43:34	Writing config to flat_res/QARIB_MTN_UL_VAR_lr2e-5/args.json
INFO	arabiner.utils.data	Sun, 06 Aug 2023 11:43:34	1052 batches found
INFO	arabiner.utils.data	Sun, 06 Aug 2023 11:43:34	196 batches found
INFO	arabiner.utils.data	Sun, 06 Aug 2023 11:43:34	375 batches found
INFO	torch.distributed.nn.jit.instantiator	Sun, 06 Aug 2023 11:43:35	Created a temporary directory at /tmp/tmpd6ffl3qf
INFO	torch.distributed.nn.jit.instantiator	Sun, 06 Aug 2023 11:43:35	Writing /tmp/tmpd6ffl3qf/_remote_module_non_scriptable.py
INFO	arabiner.trainers.BertMTNTrainer	Sun, 06 Aug 2023 11:47:02	Epoch 0 | Batch 1052/1052 | Timestep 1052 | LR 0.0000186667 | Loss 3.179279
INFO	arabiner.trainers.BertMTNTrainer	Sun, 06 Aug 2023 11:47:02	** Evaluating on validation dataset **
INFO	root	Sun, 06 Aug 2023 11:47:22	
              precision    recall  f1-score   support

    CARDINAL     0.6820    0.8132    0.7419       182
        CURR     0.0000    0.0000    0.0000         1
        DATE     0.8914    0.9221    0.9065      1567
       EVENT     0.6304    0.6877    0.6578       253
         FAC     0.4198    0.8000    0.5506        85
         GPE     0.8353    0.8869    0.8603      1132
    LANGUAGE     0.0000    0.0000    0.0000        15
         LAW     0.5692    0.8409    0.6789        44
         LOC     0.4247    0.4921    0.4559        63
       MONEY     0.3438    0.5500    0.4231        20
        NORP     0.5728    0.7090    0.6337       488
         OCC     0.7580    0.8290    0.7919       544
     ORDINAL     0.9175    0.8683    0.8922       410
         ORG     0.7750    0.8799    0.8242      1566
     PERCENT     0.0000    0.0000    0.0000        13
        PERS     0.8985    0.9123    0.9053       650
     PRODUCT     0.0000    0.0000    0.0000         5
    QUANTITY     0.0000    0.0000    0.0000         3
        TIME     0.4375    0.1273    0.1972        55
     WEBSITE     0.0000    0.0000    0.0000        45

   micro avg     0.7835    0.8471    0.8141      7141
   macro avg     0.4578    0.5159    0.4760      7141
weighted avg     0.7856    0.8471    0.8130      7141

INFO	arabiner.trainers.BertMTNTrainer	Sun, 06 Aug 2023 11:47:23	Epoch 0 | Timestep 1052 | Train Loss 4.020764 | Val Loss 3.301946 | F1 0.814077
INFO	arabiner.trainers.BertMTNTrainer	Sun, 06 Aug 2023 11:47:23	** Validation improved, evaluating test data **
INFO	root	Sun, 06 Aug 2023 11:48:01	Predictions written to flat_res/QARIB_MTN_UL_VAR_lr2e-5/predictions.txt
INFO	root	Sun, 06 Aug 2023 11:48:02	
              precision    recall  f1-score   support

    CARDINAL     0.0000    0.0000    0.0000         0
        DATE     0.0000    0.0000    0.0000         0
       EVENT     0.0000    0.0000    0.0000         0
         FAC     0.0000    0.0000    0.0000         0
         GPE     0.0000    0.0000    0.0000         0
         LAW     0.0000    0.0000    0.0000         0
         LOC     0.0000    0.0000    0.0000         0
       MONEY     0.0000    0.0000    0.0000         0
        NORP     0.0000    0.0000    0.0000         0
         OCC     0.0000    0.0000    0.0000         0
     ORDINAL     0.0000    0.0000    0.0000         0
         ORG     0.0000    0.0000    0.0000         0
     PERCENT     0.0000    0.0000    0.0000         0
        PERS     0.0000    0.0000    0.0000         0
        TIME     0.0000    0.0000    0.0000         0
     WEBSITE     0.0000    0.0000    0.0000         0

   micro avg     0.0000    0.0000    0.0000         0
   macro avg     0.0000    0.0000    0.0000         0
weighted avg     0.0000    0.0000    0.0000         0

INFO	arabiner.trainers.BertMTNTrainer	Sun, 06 Aug 2023 11:48:03	Epoch 0 | Timestep 1052 | Test Loss 9.679629 | F1 0.000000
INFO	arabiner.trainers.BaseTrainer	Sun, 06 Aug 2023 11:48:03	Saving checkpoint to flat_res/QARIB_MTN_UL_VAR_lr2e-5/checkpoints/checkpoint_0.pt
INFO	arabiner.trainers.BertMTNTrainer	Sun, 06 Aug 2023 11:51:57	Epoch 1 | Batch 1052/1052 | Timestep 2104 | LR 0.0000173333 | Loss 3.162576
INFO	arabiner.trainers.BertMTNTrainer	Sun, 06 Aug 2023 11:51:57	** Evaluating on validation dataset **
INFO	root	Sun, 06 Aug 2023 11:52:17	
              precision    recall  f1-score   support

    CARDINAL     0.8457    0.8132    0.8291       182
        CURR     0.0000    0.0000    0.0000         1
        DATE     0.9287    0.9477    0.9381      1567
       EVENT     0.7371    0.7312    0.7341       253
         FAC     0.6422    0.8235    0.7216        85
         GPE     0.8793    0.8754    0.8774      1132
    LANGUAGE     0.7500    1.0000    0.8571        15
         LAW     0.7800    0.8864    0.8298        44
         LOC     0.6364    0.6667    0.6512        63
       MONEY     0.8095    0.8500    0.8293        20
        NORP     0.6420    0.7643    0.6978       488
         OCC     0.7688    0.8254    0.7961       544
     ORDINAL     0.9192    0.9439    0.9314       410
         ORG     0.8523    0.8736    0.8628      1566
     PERCENT     0.6000    0.9231    0.7273        13
        PERS     0.9055    0.9138    0.9096       650
     PRODUCT     0.0000    0.0000    0.0000         5
    QUANTITY     0.6667    0.6667    0.6667         3
        TIME     0.5342    0.7091    0.6094        55
     WEBSITE     0.4286    0.4000    0.4138        45

   micro avg     0.8421    0.8730    0.8573      7141
   macro avg     0.6663    0.7307    0.6941      7141
weighted avg     0.8455    0.8730    0.8584      7141

INFO	arabiner.trainers.BertMTNTrainer	Sun, 06 Aug 2023 11:52:17	Epoch 1 | Timestep 2104 | Train Loss 2.745353 | Val Loss 3.208140 | F1 0.857261
INFO	arabiner.trainers.BertMTNTrainer	Sun, 06 Aug 2023 11:52:17	** Validation improved, evaluating test data **
INFO	root	Sun, 06 Aug 2023 11:52:56	Predictions written to flat_res/QARIB_MTN_UL_VAR_lr2e-5/predictions.txt
INFO	root	Sun, 06 Aug 2023 11:52:57	
              precision    recall  f1-score   support

    CARDINAL     0.0000    0.0000    0.0000         0
        DATE     0.0000    0.0000    0.0000         0
       EVENT     0.0000    0.0000    0.0000         0
         FAC     0.0000    0.0000    0.0000         0
         GPE     0.0000    0.0000    0.0000         0
    LANGUAGE     0.0000    0.0000    0.0000         0
         LAW     0.0000    0.0000    0.0000         0
         LOC     0.0000    0.0000    0.0000         0
       MONEY     0.0000    0.0000    0.0000         0
        NORP     0.0000    0.0000    0.0000         0
         OCC     0.0000    0.0000    0.0000         0
     ORDINAL     0.0000    0.0000    0.0000         0
         ORG     0.0000    0.0000    0.0000         0
     PERCENT     0.0000    0.0000    0.0000         0
        PERS     0.0000    0.0000    0.0000         0
    QUANTITY     0.0000    0.0000    0.0000         0
        TIME     0.0000    0.0000    0.0000         0
     WEBSITE     0.0000    0.0000    0.0000         0

   micro avg     0.0000    0.0000    0.0000         0
   macro avg     0.0000    0.0000    0.0000         0
weighted avg     0.0000    0.0000    0.0000         0

INFO	arabiner.trainers.BertMTNTrainer	Sun, 06 Aug 2023 11:52:58	Epoch 1 | Timestep 2104 | Test Loss 11.574158 | F1 0.000000
INFO	arabiner.trainers.BaseTrainer	Sun, 06 Aug 2023 11:52:58	Saving checkpoint to flat_res/QARIB_MTN_UL_VAR_lr2e-5/checkpoints/checkpoint_1.pt
INFO	arabiner.trainers.BertMTNTrainer	Sun, 06 Aug 2023 11:56:54	Epoch 2 | Batch 1052/1052 | Timestep 3156 | LR 0.0000160000 | Loss 3.774301
INFO	arabiner.trainers.BertMTNTrainer	Sun, 06 Aug 2023 11:56:54	** Evaluating on validation dataset **
INFO	root	Sun, 06 Aug 2023 11:57:14	
              precision    recall  f1-score   support

    CARDINAL     0.8187    0.8187    0.8187       182
        CURR     0.0000    0.0000    0.0000         1
        DATE     0.9322    0.9394    0.9358      1567
       EVENT     0.7452    0.7747    0.7597       253
         FAC     0.5469    0.8235    0.6573        85
         GPE     0.8666    0.8896    0.8779      1132
    LANGUAGE     0.6000    1.0000    0.7500        15
         LAW     0.6724    0.8864    0.7647        44
         LOC     0.6897    0.6349    0.6612        63
       MONEY     0.9048    0.9500    0.9268        20
        NORP     0.6697    0.7439    0.7049       488
         OCC     0.7945    0.8456    0.8192       544
     ORDINAL     0.8963    0.9488    0.9218       410
         ORG     0.8613    0.8959    0.8782      1566
     PERCENT     0.8462    0.8462    0.8462        13
        PERS     0.9353    0.9338    0.9346       650
     PRODUCT     0.0000    0.0000    0.0000         5
    QUANTITY     0.2500    0.3333    0.2857         3
        TIME     0.6111    0.8000    0.6929        55
     WEBSITE     0.4667    0.6222    0.5333        45

   micro avg     0.8461    0.8840    0.8647      7141
   macro avg     0.6554    0.7343    0.6884      7141
weighted avg     0.8508    0.8840    0.8664      7141

INFO	arabiner.trainers.BertMTNTrainer	Sun, 06 Aug 2023 11:57:15	Epoch 2 | Timestep 3156 | Train Loss 2.669334 | Val Loss 3.436116 | F1 0.864676
INFO	arabiner.trainers.BertMTNTrainer	Sun, 06 Aug 2023 12:01:10	Epoch 3 | Batch 1052/1052 | Timestep 4208 | LR 0.0000146667 | Loss 3.333599
INFO	arabiner.trainers.BertMTNTrainer	Sun, 06 Aug 2023 12:01:10	** Evaluating on validation dataset **
INFO	root	Sun, 06 Aug 2023 12:01:30	
              precision    recall  f1-score   support

    CARDINAL     0.8497    0.8077    0.8282       182
        CURR     0.0000    0.0000    0.0000         1
        DATE     0.9296    0.9432    0.9363      1567
       EVENT     0.7026    0.7470    0.7241       253
         FAC     0.7083    0.8000    0.7514        85
         GPE     0.8683    0.8852    0.8766      1132
    LANGUAGE     0.6000    1.0000    0.7500        15
         LAW     0.6290    0.8864    0.7358        44
         LOC     0.6176    0.6667    0.6412        63
       MONEY     0.8095    0.8500    0.8293        20
        NORP     0.6425    0.7623    0.6973       488
         OCC     0.8122    0.8585    0.8347       544
     ORDINAL     0.9093    0.9537    0.9310       410
         ORG     0.8802    0.8959    0.8880      1566
     PERCENT     0.8000    0.9231    0.8571        13
        PERS     0.9294    0.9323    0.9309       650
     PRODUCT     0.5000    0.4000    0.4444         5
    QUANTITY     1.0000    1.0000    1.0000         3
        TIME     0.6176    0.7636    0.6829        55
     WEBSITE     0.5000    0.5556    0.5263        45

   micro avg     0.8504    0.8850    0.8674      7141
   macro avg     0.7153    0.7816    0.7433      7141
weighted avg     0.8552    0.8850    0.8692      7141

INFO	arabiner.trainers.BertMTNTrainer	Sun, 06 Aug 2023 12:01:30	Epoch 3 | Timestep 4208 | Train Loss 2.759719 | Val Loss 3.194632 | F1 0.867357
INFO	arabiner.trainers.BertMTNTrainer	Sun, 06 Aug 2023 12:01:30	** Validation improved, evaluating test data **
INFO	root	Sun, 06 Aug 2023 12:02:09	Predictions written to flat_res/QARIB_MTN_UL_VAR_lr2e-5/predictions.txt
INFO	root	Sun, 06 Aug 2023 12:02:10	
              precision    recall  f1-score   support

    CARDINAL     0.0000    0.0000    0.0000         0
        CURR     0.0000    0.0000    0.0000         0
        DATE     0.0000    0.0000    0.0000         0
       EVENT     0.0000    0.0000    0.0000         0
         FAC     0.0000    0.0000    0.0000         0
         GPE     0.0000    0.0000    0.0000         0
    LANGUAGE     0.0000    0.0000    0.0000         0
         LAW     0.0000    0.0000    0.0000         0
         LOC     0.0000    0.0000    0.0000         0
       MONEY     0.0000    0.0000    0.0000         0
        NORP     0.0000    0.0000    0.0000         0
         OCC     0.0000    0.0000    0.0000         0
     ORDINAL     0.0000    0.0000    0.0000         0
         ORG     0.0000    0.0000    0.0000         0
     PERCENT     0.0000    0.0000    0.0000         0
        PERS     0.0000    0.0000    0.0000         0
     PRODUCT     0.0000    0.0000    0.0000         0
    QUANTITY     0.0000    0.0000    0.0000         0
        TIME     0.0000    0.0000    0.0000         0
     WEBSITE     0.0000    0.0000    0.0000         0

   micro avg     0.0000    0.0000    0.0000         0
   macro avg     0.0000    0.0000    0.0000         0
weighted avg     0.0000    0.0000    0.0000         0

INFO	arabiner.trainers.BertMTNTrainer	Sun, 06 Aug 2023 12:02:12	Epoch 3 | Timestep 4208 | Test Loss 11.553366 | F1 0.000000
INFO	arabiner.trainers.BaseTrainer	Sun, 06 Aug 2023 12:02:12	Saving checkpoint to flat_res/QARIB_MTN_UL_VAR_lr2e-5/checkpoints/checkpoint_3.pt
INFO	arabiner.trainers.BertMTNTrainer	Sun, 06 Aug 2023 12:06:07	Epoch 4 | Batch 1052/1052 | Timestep 5260 | LR 0.0000133333 | Loss 3.132397
INFO	arabiner.trainers.BertMTNTrainer	Sun, 06 Aug 2023 12:06:07	** Evaluating on validation dataset **
INFO	root	Sun, 06 Aug 2023 12:06:27	
              precision    recall  f1-score   support

    CARDINAL     0.8701    0.8462    0.8579       182
        CURR     0.0000    0.0000    0.0000         1
        DATE     0.9313    0.9509    0.9410      1567
       EVENT     0.7638    0.7668    0.7653       253
         FAC     0.6979    0.7882    0.7403        85
         GPE     0.8792    0.8869    0.8830      1132
    LANGUAGE     0.7895    1.0000    0.8824        15
         LAW     0.7885    0.9318    0.8542        44
         LOC     0.7778    0.6667    0.7179        63
       MONEY     0.7500    0.7500    0.7500        20
        NORP     0.6691    0.7459    0.7054       488
         OCC     0.8262    0.8474    0.8367       544
     ORDINAL     0.9097    0.9585    0.9335       410
         ORG     0.8781    0.9061    0.8919      1566
     PERCENT     0.9231    0.9231    0.9231        13
        PERS     0.9187    0.9385    0.9285       650
     PRODUCT     0.2222    0.4000    0.2857         5
    QUANTITY     0.6667    0.6667    0.6667         3
        TIME     0.6377    0.8000    0.7097        55
     WEBSITE     0.5319    0.5556    0.5435        45

   micro avg     0.8616    0.8898    0.8754      7141
   macro avg     0.7216    0.7665    0.7408      7141
weighted avg     0.8642    0.8898    0.8765      7141

INFO	arabiner.trainers.BertMTNTrainer	Sun, 06 Aug 2023 12:06:27	Epoch 4 | Timestep 5260 | Train Loss 2.565854 | Val Loss 3.181975 | F1 0.875448
INFO	arabiner.trainers.BertMTNTrainer	Sun, 06 Aug 2023 12:06:27	** Validation improved, evaluating test data **
INFO	root	Sun, 06 Aug 2023 12:07:06	Predictions written to flat_res/QARIB_MTN_UL_VAR_lr2e-5/predictions.txt
INFO	root	Sun, 06 Aug 2023 12:07:08	
              precision    recall  f1-score   support

    CARDINAL     0.0000    0.0000    0.0000         0
        CURR     0.0000    0.0000    0.0000         0
        DATE     0.0000    0.0000    0.0000         0
       EVENT     0.0000    0.0000    0.0000         0
         FAC     0.0000    0.0000    0.0000         0
         GPE     0.0000    0.0000    0.0000         0
    LANGUAGE     0.0000    0.0000    0.0000         0
         LAW     0.0000    0.0000    0.0000         0
         LOC     0.0000    0.0000    0.0000         0
       MONEY     0.0000    0.0000    0.0000         0
        NORP     0.0000    0.0000    0.0000         0
         OCC     0.0000    0.0000    0.0000         0
     ORDINAL     0.0000    0.0000    0.0000         0
         ORG     0.0000    0.0000    0.0000         0
     PERCENT     0.0000    0.0000    0.0000         0
        PERS     0.0000    0.0000    0.0000         0
     PRODUCT     0.0000    0.0000    0.0000         0
    QUANTITY     0.0000    0.0000    0.0000         0
        TIME     0.0000    0.0000    0.0000         0
     WEBSITE     0.0000    0.0000    0.0000         0

   micro avg     0.0000    0.0000    0.0000         0
   macro avg     0.0000    0.0000    0.0000         0
weighted avg     0.0000    0.0000    0.0000         0

INFO	arabiner.trainers.BertMTNTrainer	Sun, 06 Aug 2023 12:07:09	Epoch 4 | Timestep 5260 | Test Loss 14.417783 | F1 0.000000
INFO	arabiner.trainers.BaseTrainer	Sun, 06 Aug 2023 12:07:09	Saving checkpoint to flat_res/QARIB_MTN_UL_VAR_lr2e-5/checkpoints/checkpoint_4.pt
INFO	arabiner.trainers.BertMTNTrainer	Sun, 06 Aug 2023 12:11:03	Epoch 5 | Batch 1052/1052 | Timestep 6312 | LR 0.0000120000 | Loss 2.757799
INFO	arabiner.trainers.BertMTNTrainer	Sun, 06 Aug 2023 12:11:03	** Evaluating on validation dataset **
INFO	root	Sun, 06 Aug 2023 12:11:23	
              precision    recall  f1-score   support

    CARDINAL     0.8588    0.8022    0.8295       182
        CURR     0.0000    0.0000    0.0000         1
        DATE     0.9292    0.9458    0.9374      1567
       EVENT     0.7372    0.7984    0.7666       253
         FAC     0.6701    0.7647    0.7143        85
         GPE     0.8622    0.8896    0.8757      1132
    LANGUAGE     0.7500    1.0000    0.8571        15
         LAW     0.7959    0.8864    0.8387        44
         LOC     0.6923    0.7143    0.7031        63
       MONEY     0.8947    0.8500    0.8718        20
        NORP     0.6946    0.7131    0.7037       488
         OCC     0.8240    0.8695    0.8462       544
     ORDINAL     0.8920    0.9463    0.9183       410
         ORG     0.8672    0.9010    0.8838      1566
     PERCENT     0.8333    0.7692    0.8000        13
        PERS     0.9183    0.9338    0.9260       650
     PRODUCT     0.2500    0.4000    0.3077         5
    QUANTITY     0.1667    0.3333    0.2222         3
        TIME     0.6250    0.8182    0.7087        55
     WEBSITE     0.5600    0.6222    0.5895        45

   micro avg     0.8548    0.8866    0.8704      7141
   macro avg     0.6911    0.7479    0.7150      7141
weighted avg     0.8570    0.8866    0.8712      7141

INFO	arabiner.trainers.BertMTNTrainer	Sun, 06 Aug 2023 12:11:24	Epoch 5 | Timestep 6312 | Train Loss 2.451949 | Val Loss 3.019563 | F1 0.870420
INFO	arabiner.trainers.BertMTNTrainer	Sun, 06 Aug 2023 12:11:24	** Validation improved, evaluating test data **
INFO	root	Sun, 06 Aug 2023 12:12:02	Predictions written to flat_res/QARIB_MTN_UL_VAR_lr2e-5/predictions.txt
INFO	root	Sun, 06 Aug 2023 12:12:03	
              precision    recall  f1-score   support

    CARDINAL     0.0000    0.0000    0.0000         0
        CURR     0.0000    0.0000    0.0000         0
        DATE     0.0000    0.0000    0.0000         0
       EVENT     0.0000    0.0000    0.0000         0
         FAC     0.0000    0.0000    0.0000         0
         GPE     0.0000    0.0000    0.0000         0
    LANGUAGE     0.0000    0.0000    0.0000         0
         LAW     0.0000    0.0000    0.0000         0
         LOC     0.0000    0.0000    0.0000         0
       MONEY     0.0000    0.0000    0.0000         0
        NORP     0.0000    0.0000    0.0000         0
         OCC     0.0000    0.0000    0.0000         0
     ORDINAL     0.0000    0.0000    0.0000         0
         ORG     0.0000    0.0000    0.0000         0
     PERCENT     0.0000    0.0000    0.0000         0
        PERS     0.0000    0.0000    0.0000         0
     PRODUCT     0.0000    0.0000    0.0000         0
    QUANTITY     0.0000    0.0000    0.0000         0
        TIME     0.0000    0.0000    0.0000         0
     WEBSITE     0.0000    0.0000    0.0000         0

   micro avg     0.0000    0.0000    0.0000         0
   macro avg     0.0000    0.0000    0.0000         0
weighted avg     0.0000    0.0000    0.0000         0

INFO	arabiner.trainers.BertMTNTrainer	Sun, 06 Aug 2023 12:12:05	Epoch 5 | Timestep 6312 | Test Loss 15.990056 | F1 0.000000
INFO	arabiner.trainers.BaseTrainer	Sun, 06 Aug 2023 12:12:05	Saving checkpoint to flat_res/QARIB_MTN_UL_VAR_lr2e-5/checkpoints/checkpoint_5.pt
INFO	arabiner.trainers.BertMTNTrainer	Sun, 06 Aug 2023 12:15:59	Epoch 6 | Batch 1052/1052 | Timestep 7364 | LR 0.0000106667 | Loss 2.343465
INFO	arabiner.trainers.BertMTNTrainer	Sun, 06 Aug 2023 12:15:59	** Evaluating on validation dataset **
INFO	root	Sun, 06 Aug 2023 12:16:19	
              precision    recall  f1-score   support

    CARDINAL     0.8370    0.8462    0.8415       182
        CURR     0.0000    0.0000    0.0000         1
        DATE     0.9292    0.9470    0.9381      1567
       EVENT     0.6759    0.7747    0.7219       253
         FAC     0.6471    0.7765    0.7059        85
         GPE     0.8872    0.9028    0.8949      1132
    LANGUAGE     0.9167    0.7333    0.8148        15
         LAW     0.9091    0.9091    0.9091        44
         LOC     0.6522    0.7143    0.6818        63
       MONEY     0.9474    0.9000    0.9231        20
        NORP     0.6932    0.7500    0.7205       488
         OCC     0.8211    0.8860    0.8523       544
     ORDINAL     0.8993    0.9366    0.9176       410
         ORG     0.8797    0.9061    0.8927      1566
     PERCENT     0.8000    0.9231    0.8571        13
        PERS     0.9071    0.9462    0.9262       650
     PRODUCT     0.2500    0.4000    0.3077         5
    QUANTITY     0.6667    0.6667    0.6667         3
        TIME     0.6324    0.7818    0.6992        55
     WEBSITE     0.5455    0.6667    0.6000        45

   micro avg     0.8575    0.8950    0.8758      7141
   macro avg     0.7248    0.7684    0.7436      7141
weighted avg     0.8607    0.8950    0.8772      7141

INFO	arabiner.trainers.BertMTNTrainer	Sun, 06 Aug 2023 12:16:20	Epoch 6 | Timestep 7364 | Train Loss 2.071686 | Val Loss 2.440564 | F1 0.875839
INFO	arabiner.trainers.BertMTNTrainer	Sun, 06 Aug 2023 12:16:20	** Validation improved, evaluating test data **
INFO	root	Sun, 06 Aug 2023 12:16:58	Predictions written to flat_res/QARIB_MTN_UL_VAR_lr2e-5/predictions.txt
INFO	root	Sun, 06 Aug 2023 12:16:59	
              precision    recall  f1-score   support

    CARDINAL     0.0000    0.0000    0.0000         0
        CURR     0.0000    0.0000    0.0000         0
        DATE     0.0000    0.0000    0.0000         0
       EVENT     0.0000    0.0000    0.0000         0
         FAC     0.0000    0.0000    0.0000         0
         GPE     0.0000    0.0000    0.0000         0
    LANGUAGE     0.0000    0.0000    0.0000         0
         LAW     0.0000    0.0000    0.0000         0
         LOC     0.0000    0.0000    0.0000         0
       MONEY     0.0000    0.0000    0.0000         0
        NORP     0.0000    0.0000    0.0000         0
         OCC     0.0000    0.0000    0.0000         0
     ORDINAL     0.0000    0.0000    0.0000         0
         ORG     0.0000    0.0000    0.0000         0
     PERCENT     0.0000    0.0000    0.0000         0
        PERS     0.0000    0.0000    0.0000         0
     PRODUCT     0.0000    0.0000    0.0000         0
    QUANTITY     0.0000    0.0000    0.0000         0
        TIME     0.0000    0.0000    0.0000         0
     WEBSITE     0.0000    0.0000    0.0000         0

   micro avg     0.0000    0.0000    0.0000         0
   macro avg     0.0000    0.0000    0.0000         0
weighted avg     0.0000    0.0000    0.0000         0

INFO	arabiner.trainers.BertMTNTrainer	Sun, 06 Aug 2023 12:17:01	Epoch 6 | Timestep 7364 | Test Loss 9.883431 | F1 0.000000
INFO	arabiner.trainers.BaseTrainer	Sun, 06 Aug 2023 12:17:01	Saving checkpoint to flat_res/QARIB_MTN_UL_VAR_lr2e-5/checkpoints/checkpoint_6.pt
INFO	arabiner.trainers.BertMTNTrainer	Sun, 06 Aug 2023 12:20:55	Epoch 7 | Batch 1052/1052 | Timestep 8416 | LR 0.0000093333 | Loss 1.550928
INFO	arabiner.trainers.BertMTNTrainer	Sun, 06 Aug 2023 12:20:55	** Evaluating on validation dataset **
INFO	root	Sun, 06 Aug 2023 12:21:15	
              precision    recall  f1-score   support

    CARDINAL     0.8619    0.8571    0.8595       182
        CURR     0.0000    0.0000    0.0000         1
        DATE     0.9287    0.9477    0.9381      1567
       EVENT     0.7046    0.7826    0.7416       253
         FAC     0.6699    0.8118    0.7340        85
         GPE     0.8877    0.9011    0.8943      1132
    LANGUAGE     0.8333    1.0000    0.9091        15
         LAW     0.9091    0.9091    0.9091        44
         LOC     0.7097    0.6984    0.7040        63
       MONEY     0.9500    0.9500    0.9500        20
        NORP     0.6372    0.7520    0.6898       488
         OCC     0.8205    0.8824    0.8503       544
     ORDINAL     0.8958    0.9439    0.9192       410
         ORG     0.8899    0.9087    0.8992      1566
     PERCENT     0.9091    0.7692    0.8333        13
        PERS     0.9239    0.9338    0.9288       650
     PRODUCT     0.2500    0.4000    0.3077         5
    QUANTITY     1.0000    0.6667    0.8000         3
        TIME     0.6232    0.7818    0.6935        55
     WEBSITE     0.5283    0.6222    0.5714        45

   micro avg     0.8585    0.8955    0.8766      7141
   macro avg     0.7466    0.7759    0.7567      7141
weighted avg     0.8628    0.8955    0.8784      7141

INFO	arabiner.trainers.BertMTNTrainer	Sun, 06 Aug 2023 12:21:15	Epoch 7 | Timestep 8416 | Train Loss 1.310281 | Val Loss 1.586301 | F1 0.876628
INFO	arabiner.trainers.BertMTNTrainer	Sun, 06 Aug 2023 12:21:15	** Validation improved, evaluating test data **
INFO	root	Sun, 06 Aug 2023 12:21:55	Predictions written to flat_res/QARIB_MTN_UL_VAR_lr2e-5/predictions.txt
INFO	root	Sun, 06 Aug 2023 12:21:56	
              precision    recall  f1-score   support

    CARDINAL     0.0000    0.0000    0.0000         0
        DATE     0.0000    0.0000    0.0000         0
       EVENT     0.0000    0.0000    0.0000         0
         FAC     0.0000    0.0000    0.0000         0
         GPE     0.0000    0.0000    0.0000         0
    LANGUAGE     0.0000    0.0000    0.0000         0
         LAW     0.0000    0.0000    0.0000         0
         LOC     0.0000    0.0000    0.0000         0
       MONEY     0.0000    0.0000    0.0000         0
        NORP     0.0000    0.0000    0.0000         0
         OCC     0.0000    0.0000    0.0000         0
     ORDINAL     0.0000    0.0000    0.0000         0
         ORG     0.0000    0.0000    0.0000         0
     PERCENT     0.0000    0.0000    0.0000         0
        PERS     0.0000    0.0000    0.0000         0
     PRODUCT     0.0000    0.0000    0.0000         0
    QUANTITY     0.0000    0.0000    0.0000         0
        TIME     0.0000    0.0000    0.0000         0
     WEBSITE     0.0000    0.0000    0.0000         0

   micro avg     0.0000    0.0000    0.0000         0
   macro avg     0.0000    0.0000    0.0000         0
weighted avg     0.0000    0.0000    0.0000         0

INFO	arabiner.trainers.BertMTNTrainer	Sun, 06 Aug 2023 12:21:57	Epoch 7 | Timestep 8416 | Test Loss 11.034181 | F1 0.000000
INFO	arabiner.trainers.BaseTrainer	Sun, 06 Aug 2023 12:21:57	Saving checkpoint to flat_res/QARIB_MTN_UL_VAR_lr2e-5/checkpoints/checkpoint_7.pt
INFO	arabiner.trainers.BertMTNTrainer	Sun, 06 Aug 2023 12:25:52	Epoch 8 | Batch 1052/1052 | Timestep 9468 | LR 0.0000080000 | Loss 1.018989
INFO	arabiner.trainers.BertMTNTrainer	Sun, 06 Aug 2023 12:25:52	** Evaluating on validation dataset **
INFO	root	Sun, 06 Aug 2023 12:26:12	
              precision    recall  f1-score   support

    CARDINAL     0.8895    0.8407    0.8644       182
        CURR     0.0000    0.0000    0.0000         1
        DATE     0.9253    0.9489    0.9370      1567
       EVENT     0.7032    0.7866    0.7425       253
         FAC     0.6765    0.8118    0.7380        85
         GPE     0.8944    0.9055    0.8999      1132
    LANGUAGE     0.8333    1.0000    0.9091        15
         LAW     0.9091    0.9091    0.9091        44
         LOC     0.7167    0.6825    0.6992        63
       MONEY     0.9500    0.9500    0.9500        20
        NORP     0.6667    0.7664    0.7131       488
         OCC     0.8351    0.8750    0.8546       544
     ORDINAL     0.8876    0.9439    0.9149       410
         ORG     0.8851    0.9055    0.8952      1566
     PERCENT     0.7333    0.8462    0.7857        13
        PERS     0.9137    0.9446    0.9289       650
     PRODUCT     0.3750    0.6000    0.4615         5
    QUANTITY     1.0000    0.6667    0.8000         3
        TIME     0.7500    0.7636    0.7568        55
     WEBSITE     0.5185    0.6222    0.5657        45

   micro avg     0.8623    0.8969    0.8793      7141
   macro avg     0.7532    0.7885    0.7663      7141
weighted avg     0.8653    0.8969    0.8804      7141

INFO	arabiner.trainers.BertMTNTrainer	Sun, 06 Aug 2023 12:26:13	Epoch 8 | Timestep 9468 | Train Loss 0.896954 | Val Loss 1.308720 | F1 0.879264
INFO	arabiner.trainers.BertMTNTrainer	Sun, 06 Aug 2023 12:26:13	** Validation improved, evaluating test data **
INFO	root	Sun, 06 Aug 2023 12:26:52	Predictions written to flat_res/QARIB_MTN_UL_VAR_lr2e-5/predictions.txt
INFO	root	Sun, 06 Aug 2023 12:26:53	
              precision    recall  f1-score   support

    CARDINAL     0.0000    0.0000    0.0000         0
        DATE     0.0000    0.0000    0.0000         0
       EVENT     0.0000    0.0000    0.0000         0
         FAC     0.0000    0.0000    0.0000         0
         GPE     0.0000    0.0000    0.0000         0
    LANGUAGE     0.0000    0.0000    0.0000         0
         LAW     0.0000    0.0000    0.0000         0
         LOC     0.0000    0.0000    0.0000         0
       MONEY     0.0000    0.0000    0.0000         0
        NORP     0.0000    0.0000    0.0000         0
         OCC     0.0000    0.0000    0.0000         0
     ORDINAL     0.0000    0.0000    0.0000         0
         ORG     0.0000    0.0000    0.0000         0
     PERCENT     0.0000    0.0000    0.0000         0
        PERS     0.0000    0.0000    0.0000         0
     PRODUCT     0.0000    0.0000    0.0000         0
    QUANTITY     0.0000    0.0000    0.0000         0
        TIME     0.0000    0.0000    0.0000         0
     WEBSITE     0.0000    0.0000    0.0000         0

   micro avg     0.0000    0.0000    0.0000         0
   macro avg     0.0000    0.0000    0.0000         0
weighted avg     0.0000    0.0000    0.0000         0

INFO	arabiner.trainers.BertMTNTrainer	Sun, 06 Aug 2023 12:26:54	Epoch 8 | Timestep 9468 | Test Loss 11.350190 | F1 0.000000
INFO	arabiner.trainers.BaseTrainer	Sun, 06 Aug 2023 12:26:54	Saving checkpoint to flat_res/QARIB_MTN_UL_VAR_lr2e-5/checkpoints/checkpoint_8.pt
INFO	arabiner.trainers.BertMTNTrainer	Sun, 06 Aug 2023 12:30:49	Epoch 9 | Batch 1052/1052 | Timestep 10520 | LR 0.0000066667 | Loss 0.607293
INFO	arabiner.trainers.BertMTNTrainer	Sun, 06 Aug 2023 12:30:49	** Evaluating on validation dataset **
INFO	root	Sun, 06 Aug 2023 12:31:09	
              precision    recall  f1-score   support

    CARDINAL     0.8772    0.8242    0.8499       182
        CURR     0.0000    0.0000    0.0000         1
        DATE     0.9353    0.9509    0.9430      1567
       EVENT     0.7194    0.7905    0.7533       253
         FAC     0.6569    0.7882    0.7166        85
         GPE     0.8955    0.8931    0.8943      1132
    LANGUAGE     0.8333    1.0000    0.9091        15
         LAW     0.9111    0.9318    0.9213        44
         LOC     0.7049    0.6825    0.6935        63
       MONEY     0.9500    0.9500    0.9500        20
        NORP     0.6805    0.7725    0.7236       488
         OCC     0.8163    0.8824    0.8481       544
     ORDINAL     0.8986    0.9512    0.9242       410
         ORG     0.8840    0.9055    0.8946      1566
     PERCENT     0.9167    0.8462    0.8800        13
        PERS     0.9242    0.9385    0.9313       650
     PRODUCT     0.0000    0.0000    0.0000         5
    QUANTITY     0.6667    0.6667    0.6667         3
        TIME     0.7414    0.7818    0.7611        55
     WEBSITE     0.5897    0.5111    0.5476        45

   micro avg     0.8670    0.8948    0.8807      7141
   macro avg     0.7301    0.7534    0.7404      7141
weighted avg     0.8688    0.8948    0.8812      7141

INFO	arabiner.trainers.BertMTNTrainer	Sun, 06 Aug 2023 12:31:10	Epoch 9 | Timestep 10520 | Train Loss 0.597030 | Val Loss 0.863425 | F1 0.880711
INFO	arabiner.trainers.BertMTNTrainer	Sun, 06 Aug 2023 12:31:10	** Validation improved, evaluating test data **
INFO	root	Sun, 06 Aug 2023 12:31:48	Predictions written to flat_res/QARIB_MTN_UL_VAR_lr2e-5/predictions.txt
INFO	root	Sun, 06 Aug 2023 12:31:50	
              precision    recall  f1-score   support

    CARDINAL     0.0000    0.0000    0.0000         0
        DATE     0.0000    0.0000    0.0000         0
       EVENT     0.0000    0.0000    0.0000         0
         FAC     0.0000    0.0000    0.0000         0
         GPE     0.0000    0.0000    0.0000         0
    LANGUAGE     0.0000    0.0000    0.0000         0
         LAW     0.0000    0.0000    0.0000         0
         LOC     0.0000    0.0000    0.0000         0
       MONEY     0.0000    0.0000    0.0000         0
        NORP     0.0000    0.0000    0.0000         0
         OCC     0.0000    0.0000    0.0000         0
     ORDINAL     0.0000    0.0000    0.0000         0
         ORG     0.0000    0.0000    0.0000         0
     PERCENT     0.0000    0.0000    0.0000         0
        PERS     0.0000    0.0000    0.0000         0
     PRODUCT     0.0000    0.0000    0.0000         0
    QUANTITY     0.0000    0.0000    0.0000         0
        TIME     0.0000    0.0000    0.0000         0
     WEBSITE     0.0000    0.0000    0.0000         0

   micro avg     0.0000    0.0000    0.0000         0
   macro avg     0.0000    0.0000    0.0000         0
weighted avg     0.0000    0.0000    0.0000         0

INFO	arabiner.trainers.BertMTNTrainer	Sun, 06 Aug 2023 12:31:51	Epoch 9 | Timestep 10520 | Test Loss 7.584456 | F1 0.000000
INFO	arabiner.trainers.BaseTrainer	Sun, 06 Aug 2023 12:31:51	Saving checkpoint to flat_res/QARIB_MTN_UL_VAR_lr2e-5/checkpoints/checkpoint_9.pt
INFO	arabiner.trainers.BertMTNTrainer	Sun, 06 Aug 2023 12:35:46	Epoch 10 | Batch 1052/1052 | Timestep 11572 | LR 0.0000053333 | Loss 0.445551
INFO	arabiner.trainers.BertMTNTrainer	Sun, 06 Aug 2023 12:35:46	** Evaluating on validation dataset **
INFO	root	Sun, 06 Aug 2023 12:36:06	
              precision    recall  f1-score   support

    CARDINAL     0.8563    0.8187    0.8371       182
        CURR     0.0000    0.0000    0.0000         1
        DATE     0.9323    0.9496    0.9409      1567
       EVENT     0.7057    0.7866    0.7439       253
         FAC     0.7083    0.8000    0.7514        85
         GPE     0.8987    0.8931    0.8959      1132
    LANGUAGE     0.8824    1.0000    0.9375        15
         LAW     0.9318    0.9318    0.9318        44
         LOC     0.7500    0.7143    0.7317        63
       MONEY     0.9500    0.9500    0.9500        20
        NORP     0.6868    0.7684    0.7253       488
         OCC     0.8385    0.8879    0.8625       544
     ORDINAL     0.9129    0.9463    0.9293       410
         ORG     0.8885    0.9055    0.8969      1566
     PERCENT     1.0000    0.8462    0.9167        13
        PERS     0.9245    0.9415    0.9329       650
     PRODUCT     0.6000    0.6000    0.6000         5
    QUANTITY     0.5000    0.3333    0.4000         3
        TIME     0.8077    0.7636    0.7850        55
     WEBSITE     0.5682    0.5556    0.5618        45

   micro avg     0.8718    0.8953    0.8834      7141
   macro avg     0.7671    0.7696    0.7665      7141
weighted avg     0.8736    0.8953    0.8840      7141

INFO	arabiner.trainers.BertMTNTrainer	Sun, 06 Aug 2023 12:36:06	Epoch 10 | Timestep 11572 | Train Loss 0.236307 | Val Loss 0.745660 | F1 0.883377
INFO	arabiner.trainers.BertMTNTrainer	Sun, 06 Aug 2023 12:36:06	** Validation improved, evaluating test data **
INFO	root	Sun, 06 Aug 2023 12:36:46	Predictions written to flat_res/QARIB_MTN_UL_VAR_lr2e-5/predictions.txt
INFO	root	Sun, 06 Aug 2023 12:36:47	
              precision    recall  f1-score   support

    CARDINAL     0.0000    0.0000    0.0000         0
        DATE     0.0000    0.0000    0.0000         0
       EVENT     0.0000    0.0000    0.0000         0
         FAC     0.0000    0.0000    0.0000         0
         GPE     0.0000    0.0000    0.0000         0
    LANGUAGE     0.0000    0.0000    0.0000         0
         LAW     0.0000    0.0000    0.0000         0
         LOC     0.0000    0.0000    0.0000         0
       MONEY     0.0000    0.0000    0.0000         0
        NORP     0.0000    0.0000    0.0000         0
         OCC     0.0000    0.0000    0.0000         0
     ORDINAL     0.0000    0.0000    0.0000         0
         ORG     0.0000    0.0000    0.0000         0
     PERCENT     0.0000    0.0000    0.0000         0
        PERS     0.0000    0.0000    0.0000         0
     PRODUCT     0.0000    0.0000    0.0000         0
    QUANTITY     0.0000    0.0000    0.0000         0
        TIME     0.0000    0.0000    0.0000         0
     WEBSITE     0.0000    0.0000    0.0000         0

   micro avg     0.0000    0.0000    0.0000         0
   macro avg     0.0000    0.0000    0.0000         0
weighted avg     0.0000    0.0000    0.0000         0

INFO	arabiner.trainers.BertMTNTrainer	Sun, 06 Aug 2023 12:36:48	Epoch 10 | Timestep 11572 | Test Loss 12.187353 | F1 0.000000
INFO	arabiner.trainers.BaseTrainer	Sun, 06 Aug 2023 12:36:48	Saving checkpoint to flat_res/QARIB_MTN_UL_VAR_lr2e-5/checkpoints/checkpoint_10.pt
INFO	arabiner.trainers.BertMTNTrainer	Sun, 06 Aug 2023 12:40:42	Epoch 11 | Batch 1052/1052 | Timestep 12624 | LR 0.0000040000 | Loss 0.784238
INFO	arabiner.trainers.BertMTNTrainer	Sun, 06 Aug 2023 12:40:42	** Evaluating on validation dataset **
INFO	root	Sun, 06 Aug 2023 12:41:03	
              precision    recall  f1-score   support

    CARDINAL     0.8636    0.8352    0.8492       182
        CURR     0.0000    0.0000    0.0000         1
        DATE     0.9388    0.9502    0.9445      1567
       EVENT     0.7183    0.8063    0.7598       253
         FAC     0.6774    0.7412    0.7079        85
         GPE     0.8950    0.9037    0.8993      1132
    LANGUAGE     0.8333    1.0000    0.9091        15
         LAW     0.8913    0.9318    0.9111        44
         LOC     0.7500    0.7143    0.7317        63
       MONEY     0.9500    0.9500    0.9500        20
        NORP     0.6992    0.7623    0.7294       488
         OCC     0.8345    0.8897    0.8612       544
     ORDINAL     0.9065    0.9463    0.9260       410
         ORG     0.8765    0.9068    0.8914      1566
     PERCENT     0.9167    0.8462    0.8800        13
        PERS     0.9184    0.9523    0.9350       650
     PRODUCT     0.5000    0.6000    0.5455         5
    QUANTITY     1.0000    1.0000    1.0000         3
        TIME     0.7857    0.8000    0.7928        55
     WEBSITE     0.5000    0.5333    0.5161        45

   micro avg     0.8692    0.8989    0.8838      7141
   macro avg     0.7728    0.8035    0.7870      7141
weighted avg     0.8708    0.8989    0.8844      7141

INFO	arabiner.trainers.BertMTNTrainer	Sun, 06 Aug 2023 12:41:04	Epoch 11 | Timestep 12624 | Train Loss 0.197157 | Val Loss 0.746321 | F1 0.883795
INFO	arabiner.trainers.BertMTNTrainer	Sun, 06 Aug 2023 12:44:57	Epoch 12 | Batch 1052/1052 | Timestep 13676 | LR 0.0000026667 | Loss 0.309277
INFO	arabiner.trainers.BertMTNTrainer	Sun, 06 Aug 2023 12:44:57	** Evaluating on validation dataset **
INFO	root	Sun, 06 Aug 2023 12:45:17	
              precision    recall  f1-score   support

    CARDINAL     0.8636    0.8352    0.8492       182
        CURR     0.0000    0.0000    0.0000         1
        DATE     0.9312    0.9502    0.9406      1567
       EVENT     0.7454    0.7984    0.7710       253
         FAC     0.6907    0.7882    0.7363        85
         GPE     0.8947    0.9011    0.8979      1132
    LANGUAGE     0.7895    1.0000    0.8824        15
         LAW     0.9318    0.9318    0.9318        44
         LOC     0.7419    0.7302    0.7360        63
       MONEY     0.9500    0.9500    0.9500        20
        NORP     0.7015    0.7705    0.7344       488
         OCC     0.8354    0.8860    0.8599       544
     ORDINAL     0.9108    0.9463    0.9282       410
         ORG     0.8807    0.9055    0.8929      1566
     PERCENT     1.0000    0.8462    0.9167        13
        PERS     0.9318    0.9462    0.9389       650
     PRODUCT     0.6000    0.6000    0.6000         5
    QUANTITY     0.6667    0.6667    0.6667         3
        TIME     0.7818    0.7818    0.7818        55
     WEBSITE     0.6047    0.5778    0.5909        45

   micro avg     0.8723    0.8983    0.8851      7141
   macro avg     0.7726    0.7906    0.7803      7141
weighted avg     0.8736    0.8983    0.8856      7141

INFO	arabiner.trainers.BertMTNTrainer	Sun, 06 Aug 2023 12:45:18	Epoch 12 | Timestep 13676 | Train Loss 0.191008 | Val Loss 0.740758 | F1 0.885133
INFO	arabiner.trainers.BertMTNTrainer	Sun, 06 Aug 2023 12:45:18	** Validation improved, evaluating test data **
INFO	root	Sun, 06 Aug 2023 12:45:57	Predictions written to flat_res/QARIB_MTN_UL_VAR_lr2e-5/predictions.txt
INFO	root	Sun, 06 Aug 2023 12:45:58	
              precision    recall  f1-score   support

    CARDINAL     0.0000    0.0000    0.0000         0
        DATE     0.0000    0.0000    0.0000         0
       EVENT     0.0000    0.0000    0.0000         0
         FAC     0.0000    0.0000    0.0000         0
         GPE     0.0000    0.0000    0.0000         0
    LANGUAGE     0.0000    0.0000    0.0000         0
         LAW     0.0000    0.0000    0.0000         0
         LOC     0.0000    0.0000    0.0000         0
       MONEY     0.0000    0.0000    0.0000         0
        NORP     0.0000    0.0000    0.0000         0
         OCC     0.0000    0.0000    0.0000         0
     ORDINAL     0.0000    0.0000    0.0000         0
         ORG     0.0000    0.0000    0.0000         0
     PERCENT     0.0000    0.0000    0.0000         0
        PERS     0.0000    0.0000    0.0000         0
     PRODUCT     0.0000    0.0000    0.0000         0
    QUANTITY     0.0000    0.0000    0.0000         0
        TIME     0.0000    0.0000    0.0000         0
     WEBSITE     0.0000    0.0000    0.0000         0

   micro avg     0.0000    0.0000    0.0000         0
   macro avg     0.0000    0.0000    0.0000         0
weighted avg     0.0000    0.0000    0.0000         0

INFO	arabiner.trainers.BertMTNTrainer	Sun, 06 Aug 2023 12:45:59	Epoch 12 | Timestep 13676 | Test Loss 15.036131 | F1 0.000000
INFO	arabiner.trainers.BaseTrainer	Sun, 06 Aug 2023 12:45:59	Saving checkpoint to flat_res/QARIB_MTN_UL_VAR_lr2e-5/checkpoints/checkpoint_12.pt
INFO	arabiner.trainers.BertMTNTrainer	Sun, 06 Aug 2023 12:49:53	Epoch 13 | Batch 1052/1052 | Timestep 14728 | LR 0.0000013333 | Loss 0.641324
INFO	arabiner.trainers.BertMTNTrainer	Sun, 06 Aug 2023 12:49:53	** Evaluating on validation dataset **
INFO	root	Sun, 06 Aug 2023 12:50:14	
              precision    recall  f1-score   support

    CARDINAL     0.8621    0.8242    0.8427       182
        CURR     0.0000    0.0000    0.0000         1
        DATE     0.9323    0.9496    0.9409      1567
       EVENT     0.7391    0.8063    0.7713       253
         FAC     0.6535    0.7765    0.7097        85
         GPE     0.8905    0.8905    0.8905      1132
    LANGUAGE     0.8824    1.0000    0.9375        15
         LAW     0.9318    0.9318    0.9318        44
         LOC     0.7667    0.7302    0.7480        63
       MONEY     0.9500    0.9500    0.9500        20
        NORP     0.7225    0.7684    0.7448       488
         OCC     0.8380    0.8842    0.8605       544
     ORDINAL     0.9068    0.9488    0.9273       410
         ORG     0.8862    0.9100    0.8979      1566
     PERCENT     0.8462    0.8462    0.8462        13
        PERS     0.9290    0.9462    0.9375       650
     PRODUCT     0.6000    0.6000    0.6000         5
    QUANTITY     1.0000    1.0000    1.0000         3
        TIME     0.7818    0.7818    0.7818        55
     WEBSITE     0.6579    0.5556    0.6024        45

   micro avg     0.8746    0.8972    0.8857      7141
   macro avg     0.7888    0.8050    0.7960      7141
weighted avg     0.8754    0.8972    0.8860      7141

INFO	arabiner.trainers.BertMTNTrainer	Sun, 06 Aug 2023 12:50:15	Epoch 13 | Timestep 14728 | Train Loss 0.177912 | Val Loss 0.742603 | F1 0.885740
INFO	arabiner.trainers.BertMTNTrainer	Sun, 06 Aug 2023 12:54:08	Epoch 14 | Batch 1052/1052 | Timestep 15780 | LR 0.0000000000 | Loss 0.411939
INFO	arabiner.trainers.BertMTNTrainer	Sun, 06 Aug 2023 12:54:08	** Evaluating on validation dataset **
INFO	root	Sun, 06 Aug 2023 12:54:29	
              precision    recall  f1-score   support

    CARDINAL     0.8671    0.8242    0.8451       182
        CURR     0.0000    0.0000    0.0000         1
        DATE     0.9353    0.9509    0.9430      1567
       EVENT     0.7345    0.7984    0.7652       253
         FAC     0.6634    0.7882    0.7204        85
         GPE     0.8957    0.8949    0.8953      1132
    LANGUAGE     0.8824    1.0000    0.9375        15
         LAW     0.9318    0.9318    0.9318        44
         LOC     0.7667    0.7302    0.7480        63
       MONEY     0.9500    0.9500    0.9500        20
        NORP     0.7140    0.7725    0.7421       488
         OCC     0.8397    0.8860    0.8623       544
     ORDINAL     0.9068    0.9488    0.9273       410
         ORG     0.8857    0.9106    0.8980      1566
     PERCENT     0.8462    0.8462    0.8462        13
        PERS     0.9291    0.9477    0.9383       650
     PRODUCT     0.5000    0.6000    0.5455         5
    QUANTITY     1.0000    1.0000    1.0000         3
        TIME     0.7818    0.7818    0.7818        55
     WEBSITE     0.6098    0.5556    0.5814        45

   micro avg     0.8749    0.8988    0.8866      7141
   macro avg     0.7820    0.8059    0.7930      7141
weighted avg     0.8761    0.8988    0.8871      7141

INFO	arabiner.trainers.BertMTNTrainer	Sun, 06 Aug 2023 12:54:29	Epoch 14 | Timestep 15780 | Train Loss 0.178600 | Val Loss 0.738262 | F1 0.886648
INFO	arabiner.trainers.BertMTNTrainer	Sun, 06 Aug 2023 12:54:29	** Validation improved, evaluating test data **
INFO	root	Sun, 06 Aug 2023 12:55:08	Predictions written to flat_res/QARIB_MTN_UL_VAR_lr2e-5/predictions.txt
INFO	root	Sun, 06 Aug 2023 12:55:09	
              precision    recall  f1-score   support

    CARDINAL     0.0000    0.0000    0.0000         0
        DATE     0.0000    0.0000    0.0000         0
       EVENT     0.0000    0.0000    0.0000         0
         FAC     0.0000    0.0000    0.0000         0
         GPE     0.0000    0.0000    0.0000         0
    LANGUAGE     0.0000    0.0000    0.0000         0
         LAW     0.0000    0.0000    0.0000         0
         LOC     0.0000    0.0000    0.0000         0
       MONEY     0.0000    0.0000    0.0000         0
        NORP     0.0000    0.0000    0.0000         0
         OCC     0.0000    0.0000    0.0000         0
     ORDINAL     0.0000    0.0000    0.0000         0
         ORG     0.0000    0.0000    0.0000         0
     PERCENT     0.0000    0.0000    0.0000         0
        PERS     0.0000    0.0000    0.0000         0
     PRODUCT     0.0000    0.0000    0.0000         0
    QUANTITY     0.0000    0.0000    0.0000         0
        TIME     0.0000    0.0000    0.0000         0
     WEBSITE     0.0000    0.0000    0.0000         0

   micro avg     0.0000    0.0000    0.0000         0
   macro avg     0.0000    0.0000    0.0000         0
weighted avg     0.0000    0.0000    0.0000         0

INFO	arabiner.trainers.BertMTNTrainer	Sun, 06 Aug 2023 12:55:10	Epoch 14 | Timestep 15780 | Test Loss 18.000332 | F1 0.000000
INFO	arabiner.trainers.BaseTrainer	Sun, 06 Aug 2023 12:55:10	Saving checkpoint to flat_res/QARIB_MTN_UL_VAR_lr2e-5/checkpoints/checkpoint_14.pt
