INFO	__main__	Sat, 05 Aug 2023 21:11:33	Writing config to nested_res/QARIB_UL_lr2e-5/args.json
INFO	arabiner.utils.data	Sat, 05 Aug 2023 21:11:34	1052 batches found
INFO	arabiner.utils.data	Sat, 05 Aug 2023 21:11:34	196 batches found
INFO	arabiner.utils.data	Sat, 05 Aug 2023 21:11:34	375 batches found
INFO	torch.distributed.nn.jit.instantiator	Sat, 05 Aug 2023 21:11:35	Created a temporary directory at /tmp/tmp48x2zs9_
INFO	torch.distributed.nn.jit.instantiator	Sat, 05 Aug 2023 21:11:35	Writing /tmp/tmp48x2zs9_/_remote_module_non_scriptable.py
INFO	arabiner.trainers.BertNestedTrainer	Sat, 05 Aug 2023 21:14:58	Epoch 0 | Batch 1052/1052 | Timestep 1052 | LR 0.0000186667 | Loss 3.081826
INFO	arabiner.trainers.BertNestedTrainer	Sat, 05 Aug 2023 21:14:58	** Evaluating on validation dataset **
INFO	root	Sat, 05 Aug 2023 21:15:30	
              precision    recall  f1-score   support

    CARDINAL     0.6234    0.8142    0.7062       183
        CURR     0.4483    0.6190    0.5200        21
        DATE     0.9158    0.9257    0.9207      1656
       EVENT     0.5778    0.6816    0.6254       267
         FAC     0.2372    0.6667    0.3499       111
         GPE     0.9172    0.9546    0.9355      2159
    LANGUAGE     0.0000    0.0000    0.0000        15
         LAW     0.3519    0.8636    0.5000        44
         LOC     0.4554    0.6711    0.5426        76
       MONEY     0.1683    0.8500    0.2810        20
        NORP     0.5828    0.7308    0.6485       520
         OCC     0.7521    0.8208    0.7850       547
     ORDINAL     0.9098    0.9405    0.9249       504
         ORG     0.7941    0.8804    0.8350      1831
     PERCENT     0.1176    0.7692    0.2041        13
        PERS     0.8987    0.8507    0.8740       730
     PRODUCT     0.0000    0.0000    0.0000         5
    QUANTITY     0.0000    0.0000    0.0000         3
        TIME     0.0000    0.0000    0.0000        55
        UNIT     0.0000    0.0000    0.0000         3
     WEBSITE     0.0400    0.0222    0.0286        45

   micro avg     0.7869    0.8702    0.8265      8808
   macro avg     0.4186    0.5743    0.4610      8808
weighted avg     0.8107    0.8702    0.8359      8808

INFO	arabiner.trainers.BertNestedTrainer	Sat, 05 Aug 2023 21:15:40	Epoch 0 | Timestep 1052 | Train Loss 3.994931 | Val Loss 3.222357 | F1 0.826460
INFO	arabiner.trainers.BertNestedTrainer	Sat, 05 Aug 2023 21:15:40	** Validation improved, evaluating test data **
INFO	root	Sat, 05 Aug 2023 21:16:19	Predictions written to nested_res/QARIB_UL_lr2e-5/predictions.txt
INFO	root	Sat, 05 Aug 2023 21:16:42	
              precision    recall  f1-score   support

    CARDINAL     0.0000    0.0000    0.0000         0
        CURR     0.0000    0.0000    0.0000         0
        DATE     0.0000    0.0000    0.0000         0
       EVENT     0.0000    0.0000    0.0000         0
         FAC     0.0000    0.0000    0.0000         0
         GPE     0.0000    0.0000    0.0000         0
         LAW     0.0000    0.0000    0.0000         0
         LOC     0.0000    0.0000    0.0000         0
       MONEY     0.0000    0.0000    0.0000         0
        NORP     0.0000    0.0000    0.0000         0
         OCC     0.0000    0.0000    0.0000         0
     ORDINAL     0.0000    0.0000    0.0000         0
         ORG     0.0000    0.0000    0.0000         0
     PERCENT     0.0000    0.0000    0.0000         0
        PERS     0.0000    0.0000    0.0000         0
    QUANTITY     0.0000    0.0000    0.0000         0
     WEBSITE     0.0000    0.0000    0.0000         0
        pad>     0.0000    0.0000    0.0000         0

   micro avg     0.0000    0.0000    0.0000         0
   macro avg     0.0000    0.0000    0.0000         0
weighted avg     0.0000    0.0000    0.0000         0

INFO	arabiner.trainers.BertNestedTrainer	Sat, 05 Aug 2023 21:17:04	Epoch 0 | Timestep 1052 | Test Loss 7.089687 | F1 0.000000
INFO	arabiner.trainers.BaseTrainer	Sat, 05 Aug 2023 21:17:04	Saving checkpoint to nested_res/QARIB_UL_lr2e-5/checkpoints/checkpoint_0.pt
INFO	arabiner.trainers.BertNestedTrainer	Sat, 05 Aug 2023 21:20:52	Epoch 1 | Batch 1052/1052 | Timestep 2104 | LR 0.0000173333 | Loss 2.995293
INFO	arabiner.trainers.BertNestedTrainer	Sat, 05 Aug 2023 21:20:52	** Evaluating on validation dataset **
INFO	root	Sat, 05 Aug 2023 21:21:24	
              precision    recall  f1-score   support

    CARDINAL     0.8182    0.8361    0.8270       183
        CURR     0.9524    0.9524    0.9524        21
        DATE     0.9415    0.9432    0.9424      1656
       EVENT     0.7922    0.6854    0.7349       267
         FAC     0.7297    0.7297    0.7297       111
         GPE     0.9524    0.9444    0.9484      2159
    LANGUAGE     0.8000    0.8000    0.8000        15
         LAW     0.6964    0.8864    0.7800        44
         LOC     0.7260    0.6974    0.7114        76
       MONEY     0.6000    0.7500    0.6667        20
        NORP     0.6434    0.7077    0.6740       520
         OCC     0.8318    0.8410    0.8364       547
     ORDINAL     0.9349    0.9405    0.9377       504
         ORG     0.8442    0.9028    0.8725      1831
     PERCENT     0.6000    0.9231    0.7273        13
        PERS     0.9218    0.9041    0.9129       730
     PRODUCT     0.0000    0.0000    0.0000         5
    QUANTITY     0.6000    1.0000    0.7500         3
        TIME     0.4500    0.3273    0.3789        55
        UNIT     0.7500    1.0000    0.8571         3
     WEBSITE     0.3673    0.4000    0.3830        45

   micro avg     0.8751    0.8885    0.8818      8808
   macro avg     0.7120    0.7701    0.7344      8808
weighted avg     0.8765    0.8885    0.8818      8808

INFO	arabiner.trainers.BertNestedTrainer	Sat, 05 Aug 2023 21:21:35	Epoch 1 | Timestep 2104 | Train Loss 2.666669 | Val Loss 3.126963 | F1 0.881753
INFO	arabiner.trainers.BertNestedTrainer	Sat, 05 Aug 2023 21:21:35	** Validation improved, evaluating test data **
INFO	root	Sat, 05 Aug 2023 21:22:13	Predictions written to nested_res/QARIB_UL_lr2e-5/predictions.txt
INFO	root	Sat, 05 Aug 2023 21:22:35	
              precision    recall  f1-score   support

    CARDINAL     0.0000    0.0000    0.0000         0
        CURR     0.0000    0.0000    0.0000         0
        DATE     0.0000    0.0000    0.0000         0
       EVENT     0.0000    0.0000    0.0000         0
         FAC     0.0000    0.0000    0.0000         0
         GPE     0.0000    0.0000    0.0000         0
    LANGUAGE     0.0000    0.0000    0.0000         0
         LAW     0.0000    0.0000    0.0000         0
         LOC     0.0000    0.0000    0.0000         0
       MONEY     0.0000    0.0000    0.0000         0
        NORP     0.0000    0.0000    0.0000         0
         OCC     0.0000    0.0000    0.0000         0
     ORDINAL     0.0000    0.0000    0.0000         0
         ORG     0.0000    0.0000    0.0000         0
     PERCENT     0.0000    0.0000    0.0000         0
        PERS     0.0000    0.0000    0.0000         0
    QUANTITY     0.0000    0.0000    0.0000         0
        TIME     0.0000    0.0000    0.0000         0
        UNIT     0.0000    0.0000    0.0000         0
     WEBSITE     0.0000    0.0000    0.0000         0
        pad>     0.0000    0.0000    0.0000         0

   micro avg     0.0000    0.0000    0.0000         0
   macro avg     0.0000    0.0000    0.0000         0
weighted avg     0.0000    0.0000    0.0000         0

INFO	arabiner.trainers.BertNestedTrainer	Sat, 05 Aug 2023 21:22:57	Epoch 1 | Timestep 2104 | Test Loss 6.886081 | F1 0.000000
INFO	arabiner.trainers.BaseTrainer	Sat, 05 Aug 2023 21:22:57	Saving checkpoint to nested_res/QARIB_UL_lr2e-5/checkpoints/checkpoint_1.pt
INFO	arabiner.trainers.BertNestedTrainer	Sat, 05 Aug 2023 21:26:48	Epoch 2 | Batch 1052/1052 | Timestep 3156 | LR 0.0000160000 | Loss 3.403213
INFO	arabiner.trainers.BertNestedTrainer	Sat, 05 Aug 2023 21:26:48	** Evaluating on validation dataset **
INFO	root	Sat, 05 Aug 2023 21:27:19	
              precision    recall  f1-score   support

    CARDINAL     0.8142    0.8142    0.8142       183
        CURR     1.0000    1.0000    1.0000        21
        DATE     0.9462    0.9559    0.9510      1656
       EVENT     0.6796    0.7865    0.7292       267
         FAC     0.6620    0.8468    0.7431       111
         GPE     0.9493    0.9546    0.9520      2159
    LANGUAGE     0.6522    1.0000    0.7895        15
         LAW     0.8125    0.8864    0.8478        44
         LOC     0.6883    0.6974    0.6928        76
       MONEY     0.8261    0.9500    0.8837        20
        NORP     0.6483    0.7481    0.6946       520
         OCC     0.8252    0.8629    0.8436       547
     ORDINAL     0.9162    0.9544    0.9349       504
         ORG     0.8709    0.9170    0.8933      1831
     PERCENT     0.7857    0.8462    0.8148        13
        PERS     0.9173    0.9425    0.9297       730
     PRODUCT     0.2500    0.4000    0.3077         5
    QUANTITY     0.5000    1.0000    0.6667         3
        TIME     0.5057    0.8000    0.6197        55
        UNIT     0.7500    1.0000    0.8571         3
     WEBSITE     0.3171    0.5778    0.4094        45

   micro avg     0.8698    0.9130    0.8909      8808
   macro avg     0.7294    0.8543    0.7798      8808
weighted avg     0.8773    0.9130    0.8940      8808

INFO	arabiner.trainers.BertNestedTrainer	Sat, 05 Aug 2023 21:27:30	Epoch 2 | Timestep 3156 | Train Loss 2.562451 | Val Loss 3.086918 | F1 0.890883
INFO	arabiner.trainers.BertNestedTrainer	Sat, 05 Aug 2023 21:27:30	** Validation improved, evaluating test data **
INFO	root	Sat, 05 Aug 2023 21:28:08	Predictions written to nested_res/QARIB_UL_lr2e-5/predictions.txt
INFO	root	Sat, 05 Aug 2023 21:28:32	
              precision    recall  f1-score   support

    CARDINAL     0.0000    0.0000    0.0000         0
        CURR     0.0000    0.0000    0.0000         0
        DATE     0.0000    0.0000    0.0000         0
       EVENT     0.0000    0.0000    0.0000         0
         FAC     0.0000    0.0000    0.0000         0
         GPE     0.0000    0.0000    0.0000         0
    LANGUAGE     0.0000    0.0000    0.0000         0
         LAW     0.0000    0.0000    0.0000         0
         LOC     0.0000    0.0000    0.0000         0
       MONEY     0.0000    0.0000    0.0000         0
        NORP     0.0000    0.0000    0.0000         0
         OCC     0.0000    0.0000    0.0000         0
     ORDINAL     0.0000    0.0000    0.0000         0
         ORG     0.0000    0.0000    0.0000         0
     PERCENT     0.0000    0.0000    0.0000         0
        PERS     0.0000    0.0000    0.0000         0
     PRODUCT     0.0000    0.0000    0.0000         0
    QUANTITY     0.0000    0.0000    0.0000         0
        TIME     0.0000    0.0000    0.0000         0
        UNIT     0.0000    0.0000    0.0000         0
     WEBSITE     0.0000    0.0000    0.0000         0
        pad>     0.0000    0.0000    0.0000         0

   micro avg     0.0000    0.0000    0.0000         0
   macro avg     0.0000    0.0000    0.0000         0
weighted avg     0.0000    0.0000    0.0000         0

INFO	arabiner.trainers.BertNestedTrainer	Sat, 05 Aug 2023 21:28:53	Epoch 2 | Timestep 3156 | Test Loss 8.308970 | F1 0.000000
INFO	arabiner.trainers.BaseTrainer	Sat, 05 Aug 2023 21:28:53	Saving checkpoint to nested_res/QARIB_UL_lr2e-5/checkpoints/checkpoint_2.pt
INFO	arabiner.trainers.BertNestedTrainer	Sat, 05 Aug 2023 21:32:44	Epoch 3 | Batch 1052/1052 | Timestep 4208 | LR 0.0000146667 | Loss 3.103458
INFO	arabiner.trainers.BertNestedTrainer	Sat, 05 Aug 2023 21:32:44	** Evaluating on validation dataset **
INFO	root	Sat, 05 Aug 2023 21:33:14	
              precision    recall  f1-score   support

    CARDINAL     0.8315    0.8087    0.8199       183
        CURR     1.0000    1.0000    1.0000        21
        DATE     0.9355    0.9547    0.9450      1656
       EVENT     0.7554    0.7865    0.7706       267
         FAC     0.7381    0.8378    0.7848       111
         GPE     0.9459    0.9634    0.9546      2159
    LANGUAGE     0.7143    1.0000    0.8333        15
         LAW     0.8511    0.9091    0.8791        44
         LOC     0.6962    0.7237    0.7097        76
       MONEY     0.8261    0.9500    0.8837        20
        NORP     0.6410    0.7519    0.6920       520
         OCC     0.8037    0.8684    0.8348       547
     ORDINAL     0.8994    0.9583    0.9280       504
         ORG     0.8849    0.9235    0.9038      1831
     PERCENT     0.7333    0.8462    0.7857        13
        PERS     0.9282    0.9384    0.9332       730
     PRODUCT     0.2857    0.4000    0.3333         5
    QUANTITY     0.2727    1.0000    0.4286         3
        TIME     0.5789    0.8000    0.6718        55
        UNIT     0.6000    1.0000    0.7500         3
     WEBSITE     0.4444    0.6222    0.5185        45

   micro avg     0.8756    0.9171    0.8959      8808
   macro avg     0.7317    0.8592    0.7791      8808
weighted avg     0.8805    0.9171    0.8979      8808

INFO	arabiner.trainers.BertNestedTrainer	Sat, 05 Aug 2023 21:33:25	Epoch 3 | Timestep 4208 | Train Loss 2.511454 | Val Loss 3.076282 | F1 0.895863
INFO	arabiner.trainers.BertNestedTrainer	Sat, 05 Aug 2023 21:33:25	** Validation improved, evaluating test data **
INFO	root	Sat, 05 Aug 2023 21:34:04	Predictions written to nested_res/QARIB_UL_lr2e-5/predictions.txt
INFO	root	Sat, 05 Aug 2023 21:34:27	
              precision    recall  f1-score   support

    CARDINAL     0.0000    0.0000    0.0000         0
        CURR     0.0000    0.0000    0.0000         0
        DATE     0.0000    0.0000    0.0000         0
       EVENT     0.0000    0.0000    0.0000         0
         FAC     0.0000    0.0000    0.0000         0
         GPE     0.0000    0.0000    0.0000         0
    LANGUAGE     0.0000    0.0000    0.0000         0
         LAW     0.0000    0.0000    0.0000         0
         LOC     0.0000    0.0000    0.0000         0
       MONEY     0.0000    0.0000    0.0000         0
        NORP     0.0000    0.0000    0.0000         0
         OCC     0.0000    0.0000    0.0000         0
     ORDINAL     0.0000    0.0000    0.0000         0
         ORG     0.0000    0.0000    0.0000         0
     PERCENT     0.0000    0.0000    0.0000         0
        PERS     0.0000    0.0000    0.0000         0
     PRODUCT     0.0000    0.0000    0.0000         0
    QUANTITY     0.0000    0.0000    0.0000         0
        TIME     0.0000    0.0000    0.0000         0
        UNIT     0.0000    0.0000    0.0000         0
     WEBSITE     0.0000    0.0000    0.0000         0
        pad>     0.0000    0.0000    0.0000         0

   micro avg     0.0000    0.0000    0.0000         0
   macro avg     0.0000    0.0000    0.0000         0
weighted avg     0.0000    0.0000    0.0000         0

INFO	arabiner.trainers.BertNestedTrainer	Sat, 05 Aug 2023 21:34:49	Epoch 3 | Timestep 4208 | Test Loss 7.840628 | F1 0.000000
INFO	arabiner.trainers.BaseTrainer	Sat, 05 Aug 2023 21:34:49	Saving checkpoint to nested_res/QARIB_UL_lr2e-5/checkpoints/checkpoint_3.pt
INFO	arabiner.trainers.BertNestedTrainer	Sat, 05 Aug 2023 21:38:40	Epoch 4 | Batch 1052/1052 | Timestep 5260 | LR 0.0000133333 | Loss 2.652771
INFO	arabiner.trainers.BertNestedTrainer	Sat, 05 Aug 2023 21:38:40	** Evaluating on validation dataset **
INFO	root	Sat, 05 Aug 2023 21:39:11	
              precision    recall  f1-score   support

    CARDINAL     0.8235    0.8415    0.8324       183
        CURR     1.0000    1.0000    1.0000        21
        DATE     0.9490    0.9547    0.9518      1656
       EVENT     0.5954    0.7828    0.6764       267
         FAC     0.6917    0.8288    0.7541       111
         GPE     0.9501    0.9616    0.9558      2159
    LANGUAGE     0.6818    1.0000    0.8108        15
         LAW     0.7358    0.8864    0.8041        44
         LOC     0.6707    0.7237    0.6962        76
       MONEY     0.8636    0.9500    0.9048        20
        NORP     0.6553    0.7423    0.6961       520
         OCC     0.8336    0.8611    0.8471       547
     ORDINAL     0.9072    0.9504    0.9283       504
         ORG     0.8905    0.9110    0.9006      1831
     PERCENT     0.7857    0.8462    0.8148        13
        PERS     0.9330    0.9342    0.9336       730
     PRODUCT     0.2222    0.4000    0.2857         5
    QUANTITY     0.6000    1.0000    0.7500         3
        TIME     0.5942    0.7455    0.6613        55
        UNIT     0.7500    1.0000    0.8571         3
     WEBSITE     0.5185    0.6222    0.5657        45

   micro avg     0.8769    0.9122    0.8942      8808
   macro avg     0.7453    0.8544    0.7918      8808
weighted avg     0.8831    0.9122    0.8967      8808

INFO	arabiner.trainers.BertNestedTrainer	Sat, 05 Aug 2023 21:39:22	Epoch 4 | Timestep 5260 | Train Loss 2.468761 | Val Loss 3.079644 | F1 0.894218
INFO	arabiner.trainers.BertNestedTrainer	Sat, 05 Aug 2023 21:43:10	Epoch 5 | Batch 1052/1052 | Timestep 6312 | LR 0.0000120000 | Loss 2.707947
INFO	arabiner.trainers.BertNestedTrainer	Sat, 05 Aug 2023 21:43:10	** Evaluating on validation dataset **
INFO	root	Sat, 05 Aug 2023 21:43:41	
              precision    recall  f1-score   support

    CARDINAL     0.8342    0.8525    0.8432       183
        CURR     1.0000    1.0000    1.0000        21
        DATE     0.9460    0.9529    0.9495      1656
       EVENT     0.7254    0.8015    0.7616       267
         FAC     0.7280    0.8198    0.7712       111
         GPE     0.9493    0.9634    0.9563      2159
    LANGUAGE     0.7143    1.0000    0.8333        15
         LAW     0.8478    0.8864    0.8667        44
         LOC     0.7397    0.7105    0.7248        76
       MONEY     0.8636    0.9500    0.9048        20
        NORP     0.6792    0.7615    0.7180       520
         OCC     0.8368    0.8812    0.8584       547
     ORDINAL     0.9127    0.9544    0.9331       504
         ORG     0.9002    0.9159    0.9080      1831
     PERCENT     0.7500    0.9231    0.8276        13
        PERS     0.9290    0.9507    0.9397       730
     PRODUCT     0.4000    0.4000    0.4000         5
    QUANTITY     1.0000    1.0000    1.0000         3
        TIME     0.6324    0.7818    0.6992        55
        UNIT     1.0000    1.0000    1.0000         3
     WEBSITE     0.5490    0.6222    0.5833        45

   micro avg     0.8897    0.9183    0.9037      8808
   macro avg     0.8066    0.8632    0.8323      8808
weighted avg     0.8924    0.9183    0.9049      8808

INFO	arabiner.trainers.BertNestedTrainer	Sat, 05 Aug 2023 21:43:52	Epoch 5 | Timestep 6312 | Train Loss 2.373400 | Val Loss 2.891446 | F1 0.903738
INFO	arabiner.trainers.BertNestedTrainer	Sat, 05 Aug 2023 21:43:52	** Validation improved, evaluating test data **
INFO	root	Sat, 05 Aug 2023 21:44:30	Predictions written to nested_res/QARIB_UL_lr2e-5/predictions.txt
INFO	root	Sat, 05 Aug 2023 21:44:53	
              precision    recall  f1-score   support

    CARDINAL     0.0000    0.0000    0.0000         0
        CURR     0.0000    0.0000    0.0000         0
        DATE     0.0000    0.0000    0.0000         0
       EVENT     0.0000    0.0000    0.0000         0
         FAC     0.0000    0.0000    0.0000         0
         GPE     0.0000    0.0000    0.0000         0
    LANGUAGE     0.0000    0.0000    0.0000         0
         LAW     0.0000    0.0000    0.0000         0
         LOC     0.0000    0.0000    0.0000         0
       MONEY     0.0000    0.0000    0.0000         0
        NORP     0.0000    0.0000    0.0000         0
         OCC     0.0000    0.0000    0.0000         0
     ORDINAL     0.0000    0.0000    0.0000         0
         ORG     0.0000    0.0000    0.0000         0
     PERCENT     0.0000    0.0000    0.0000         0
        PERS     0.0000    0.0000    0.0000         0
     PRODUCT     0.0000    0.0000    0.0000         0
    QUANTITY     0.0000    0.0000    0.0000         0
        TIME     0.0000    0.0000    0.0000         0
        UNIT     0.0000    0.0000    0.0000         0
     WEBSITE     0.0000    0.0000    0.0000         0
        pad>     0.0000    0.0000    0.0000         0

   micro avg     0.0000    0.0000    0.0000         0
   macro avg     0.0000    0.0000    0.0000         0
weighted avg     0.0000    0.0000    0.0000         0

INFO	arabiner.trainers.BertNestedTrainer	Sat, 05 Aug 2023 21:45:14	Epoch 5 | Timestep 6312 | Test Loss 8.164945 | F1 0.000000
INFO	arabiner.trainers.BaseTrainer	Sat, 05 Aug 2023 21:45:14	Saving checkpoint to nested_res/QARIB_UL_lr2e-5/checkpoints/checkpoint_5.pt
INFO	arabiner.trainers.BertNestedTrainer	Sat, 05 Aug 2023 21:48:54	Epoch 6 | Batch 1052/1052 | Timestep 7364 | LR 0.0000106667 | Loss 1.801054
INFO	arabiner.trainers.BertNestedTrainer	Sat, 05 Aug 2023 21:48:54	** Evaluating on validation dataset **
INFO	root	Sat, 05 Aug 2023 21:49:25	
              precision    recall  f1-score   support

    CARDINAL     0.8287    0.8197    0.8242       183
        CURR     0.6190    0.6190    0.6190        21
        DATE     0.9371    0.9535    0.9452      1656
       EVENT     0.6987    0.7903    0.7417       267
         FAC     0.7323    0.8378    0.7815       111
         GPE     0.9493    0.9620    0.9556      2159
    LANGUAGE     0.7500    1.0000    0.8571        15
         LAW     0.8913    0.9318    0.9111        44
         LOC     0.7273    0.7368    0.7320        76
       MONEY     0.8636    0.9500    0.9048        20
        NORP     0.6900    0.7577    0.7223       520
         OCC     0.8304    0.8775    0.8533       547
     ORDINAL     0.9130    0.9583    0.9351       504
         ORG     0.8821    0.9274    0.9042      1831
     PERCENT     0.7857    0.8462    0.8148        13
        PERS     0.9158    0.9534    0.9342       730
     PRODUCT     0.3333    0.4000    0.3636         5
    QUANTITY     1.0000    1.0000    1.0000         3
        TIME     0.6087    0.7636    0.6774        55
        UNIT     0.0000    0.0000    0.0000         3
     WEBSITE     0.5556    0.6667    0.6061        45

   micro avg     0.8818    0.9188    0.8999      8808
   macro avg     0.7387    0.7977    0.7659      8808
weighted avg     0.8841    0.9188    0.9009      8808

INFO	arabiner.trainers.BertNestedTrainer	Sat, 05 Aug 2023 21:49:36	Epoch 6 | Timestep 7364 | Train Loss 1.887105 | Val Loss 1.956271 | F1 0.899922
INFO	arabiner.trainers.BertNestedTrainer	Sat, 05 Aug 2023 21:49:36	** Validation improved, evaluating test data **
INFO	root	Sat, 05 Aug 2023 21:50:14	Predictions written to nested_res/QARIB_UL_lr2e-5/predictions.txt
INFO	root	Sat, 05 Aug 2023 21:50:38	
              precision    recall  f1-score   support

    CARDINAL     0.0000    0.0000    0.0000         0
        CURR     0.0000    0.0000    0.0000         0
        DATE     0.0000    0.0000    0.0000         0
       EVENT     0.0000    0.0000    0.0000         0
         FAC     0.0000    0.0000    0.0000         0
         GPE     0.0000    0.0000    0.0000         0
    LANGUAGE     0.0000    0.0000    0.0000         0
         LAW     0.0000    0.0000    0.0000         0
         LOC     0.0000    0.0000    0.0000         0
       MONEY     0.0000    0.0000    0.0000         0
        NORP     0.0000    0.0000    0.0000         0
         OCC     0.0000    0.0000    0.0000         0
     ORDINAL     0.0000    0.0000    0.0000         0
         ORG     0.0000    0.0000    0.0000         0
     PERCENT     0.0000    0.0000    0.0000         0
        PERS     0.0000    0.0000    0.0000         0
     PRODUCT     0.0000    0.0000    0.0000         0
    QUANTITY     0.0000    0.0000    0.0000         0
        TIME     0.0000    0.0000    0.0000         0
     WEBSITE     0.0000    0.0000    0.0000         0
        pad>     0.0000    0.0000    0.0000         0

   micro avg     0.0000    0.0000    0.0000         0
   macro avg     0.0000    0.0000    0.0000         0
weighted avg     0.0000    0.0000    0.0000         0

INFO	arabiner.trainers.BertNestedTrainer	Sat, 05 Aug 2023 21:50:59	Epoch 6 | Timestep 7364 | Test Loss 5.359360 | F1 0.000000
INFO	arabiner.trainers.BaseTrainer	Sat, 05 Aug 2023 21:50:59	Saving checkpoint to nested_res/QARIB_UL_lr2e-5/checkpoints/checkpoint_6.pt
INFO	arabiner.trainers.BertNestedTrainer	Sat, 05 Aug 2023 21:54:36	Epoch 7 | Batch 1052/1052 | Timestep 8416 | LR 0.0000093333 | Loss 1.515169
INFO	arabiner.trainers.BertNestedTrainer	Sat, 05 Aug 2023 21:54:36	** Evaluating on validation dataset **
INFO	root	Sat, 05 Aug 2023 21:55:07	
              precision    recall  f1-score   support

    CARDINAL     0.8449    0.8634    0.8541       183
        CURR     0.6190    0.6190    0.6190        21
        DATE     0.9373    0.9565    0.9468      1656
       EVENT     0.6977    0.8127    0.7509       267
         FAC     0.7500    0.8378    0.7915       111
         GPE     0.9519    0.9620    0.9569      2159
    LANGUAGE     0.7500    1.0000    0.8571        15
         LAW     0.8913    0.9318    0.9111        44
         LOC     0.7403    0.7500    0.7451        76
       MONEY     0.9048    0.9500    0.9268        20
        NORP     0.7000    0.7673    0.7321       520
         OCC     0.8230    0.8757    0.8485       547
     ORDINAL     0.9208    0.9683    0.9439       504
         ORG     0.8813    0.9246    0.9025      1831
     PERCENT     0.8571    0.9231    0.8889        13
        PERS     0.9211    0.9438    0.9323       730
     PRODUCT     0.2857    0.4000    0.3333         5
    QUANTITY     1.0000    1.0000    1.0000         3
        TIME     0.7188    0.4182    0.5287        55
        UNIT     0.0000    0.0000    0.0000         3
     WEBSITE     0.5098    0.5778    0.5417        45

   micro avg     0.8852    0.9183    0.9014      8808
   macro avg     0.7478    0.7849    0.7624      8808
weighted avg     0.8869    0.9183    0.9018      8808

INFO	arabiner.trainers.BertNestedTrainer	Sat, 05 Aug 2023 21:55:18	Epoch 7 | Timestep 8416 | Train Loss 1.167874 | Val Loss 1.453770 | F1 0.901421
INFO	arabiner.trainers.BertNestedTrainer	Sat, 05 Aug 2023 21:55:18	** Validation improved, evaluating test data **
INFO	root	Sat, 05 Aug 2023 21:55:56	Predictions written to nested_res/QARIB_UL_lr2e-5/predictions.txt
INFO	root	Sat, 05 Aug 2023 21:56:19	
              precision    recall  f1-score   support

    CARDINAL     0.0000    0.0000    0.0000         0
        CURR     0.0000    0.0000    0.0000         0
        DATE     0.0000    0.0000    0.0000         0
       EVENT     0.0000    0.0000    0.0000         0
         FAC     0.0000    0.0000    0.0000         0
         GPE     0.0000    0.0000    0.0000         0
    LANGUAGE     0.0000    0.0000    0.0000         0
         LAW     0.0000    0.0000    0.0000         0
         LOC     0.0000    0.0000    0.0000         0
       MONEY     0.0000    0.0000    0.0000         0
        NORP     0.0000    0.0000    0.0000         0
         OCC     0.0000    0.0000    0.0000         0
     ORDINAL     0.0000    0.0000    0.0000         0
         ORG     0.0000    0.0000    0.0000         0
     PERCENT     0.0000    0.0000    0.0000         0
        PERS     0.0000    0.0000    0.0000         0
     PRODUCT     0.0000    0.0000    0.0000         0
    QUANTITY     0.0000    0.0000    0.0000         0
        TIME     0.0000    0.0000    0.0000         0
     WEBSITE     0.0000    0.0000    0.0000         0
        pad>     0.0000    0.0000    0.0000         0

   micro avg     0.0000    0.0000    0.0000         0
   macro avg     0.0000    0.0000    0.0000         0
weighted avg     0.0000    0.0000    0.0000         0

INFO	arabiner.trainers.BertNestedTrainer	Sat, 05 Aug 2023 21:56:40	Epoch 7 | Timestep 8416 | Test Loss 5.545549 | F1 0.000000
INFO	arabiner.trainers.BaseTrainer	Sat, 05 Aug 2023 21:56:40	Saving checkpoint to nested_res/QARIB_UL_lr2e-5/checkpoints/checkpoint_7.pt
INFO	arabiner.trainers.BertNestedTrainer	Sat, 05 Aug 2023 22:00:20	Epoch 8 | Batch 1052/1052 | Timestep 9468 | LR 0.0000080000 | Loss 0.971444
INFO	arabiner.trainers.BertNestedTrainer	Sat, 05 Aug 2023 22:00:20	** Evaluating on validation dataset **
INFO	root	Sat, 05 Aug 2023 22:00:50	
              precision    recall  f1-score   support

    CARDINAL     0.8462    0.8415    0.8438       183
        CURR     0.6190    0.6190    0.6190        21
        DATE     0.9434    0.9565    0.9499      1656
       EVENT     0.7000    0.8127    0.7522       267
         FAC     0.7381    0.8378    0.7848       111
         GPE     0.9503    0.9653    0.9577      2159
    LANGUAGE     0.7143    1.0000    0.8333        15
         LAW     0.8696    0.9091    0.8889        44
         LOC     0.7763    0.7763    0.7763        76
       MONEY     0.9048    0.9500    0.9268        20
        NORP     0.7166    0.7538    0.7348       520
         OCC     0.8233    0.8775    0.8496       547
     ORDINAL     0.9198    0.9563    0.9377       504
         ORG     0.8840    0.9235    0.9033      1831
     PERCENT     0.7857    0.8462    0.8148        13
        PERS     0.9332    0.9384    0.9358       730
     PRODUCT     0.3333    0.4000    0.3636         5
    QUANTITY     1.0000    1.0000    1.0000         3
        TIME     0.7586    0.8000    0.7788        55
        UNIT     0.0000    0.0000    0.0000         3
     WEBSITE     0.5957    0.6222    0.6087        45

   micro avg     0.8893    0.9192    0.9040      8808
   macro avg     0.7530    0.7993    0.7743      8808
weighted avg     0.8908    0.9192    0.9046      8808

INFO	arabiner.trainers.BertNestedTrainer	Sat, 05 Aug 2023 22:01:01	Epoch 8 | Timestep 9468 | Train Loss 0.783964 | Val Loss 1.193324 | F1 0.903975
INFO	arabiner.trainers.BertNestedTrainer	Sat, 05 Aug 2023 22:01:01	** Validation improved, evaluating test data **
INFO	root	Sat, 05 Aug 2023 22:01:40	Predictions written to nested_res/QARIB_UL_lr2e-5/predictions.txt
INFO	root	Sat, 05 Aug 2023 22:02:03	
              precision    recall  f1-score   support

    CARDINAL     0.0000    0.0000    0.0000         0
        CURR     0.0000    0.0000    0.0000         0
        DATE     0.0000    0.0000    0.0000         0
       EVENT     0.0000    0.0000    0.0000         0
         FAC     0.0000    0.0000    0.0000         0
         GPE     0.0000    0.0000    0.0000         0
    LANGUAGE     0.0000    0.0000    0.0000         0
         LAW     0.0000    0.0000    0.0000         0
         LOC     0.0000    0.0000    0.0000         0
       MONEY     0.0000    0.0000    0.0000         0
        NORP     0.0000    0.0000    0.0000         0
         OCC     0.0000    0.0000    0.0000         0
     ORDINAL     0.0000    0.0000    0.0000         0
         ORG     0.0000    0.0000    0.0000         0
     PERCENT     0.0000    0.0000    0.0000         0
        PERS     0.0000    0.0000    0.0000         0
     PRODUCT     0.0000    0.0000    0.0000         0
    QUANTITY     0.0000    0.0000    0.0000         0
        TIME     0.0000    0.0000    0.0000         0
     WEBSITE     0.0000    0.0000    0.0000         0
        pad>     0.0000    0.0000    0.0000         0

   micro avg     0.0000    0.0000    0.0000         0
   macro avg     0.0000    0.0000    0.0000         0
weighted avg     0.0000    0.0000    0.0000         0

INFO	arabiner.trainers.BertNestedTrainer	Sat, 05 Aug 2023 22:02:25	Epoch 8 | Timestep 9468 | Test Loss 5.957838 | F1 0.000000
INFO	arabiner.trainers.BaseTrainer	Sat, 05 Aug 2023 22:02:25	Saving checkpoint to nested_res/QARIB_UL_lr2e-5/checkpoints/checkpoint_8.pt
INFO	arabiner.trainers.BertNestedTrainer	Sat, 05 Aug 2023 22:06:03	Epoch 9 | Batch 1052/1052 | Timestep 10520 | LR 0.0000066667 | Loss 0.818998
INFO	arabiner.trainers.BertNestedTrainer	Sat, 05 Aug 2023 22:06:03	** Evaluating on validation dataset **
INFO	root	Sat, 05 Aug 2023 22:06:34	
              precision    recall  f1-score   support

    CARDINAL     0.8619    0.8525    0.8571       183
        CURR     0.6190    0.6190    0.6190        21
        DATE     0.9451    0.9565    0.9508      1656
       EVENT     0.7352    0.7903    0.7617       267
         FAC     0.8053    0.8198    0.8125       111
         GPE     0.9590    0.9634    0.9612      2159
    LANGUAGE     0.8824    1.0000    0.9375        15
         LAW     0.8889    0.9091    0.8989        44
         LOC     0.7733    0.7632    0.7682        76
       MONEY     0.9048    0.9500    0.9268        20
        NORP     0.7276    0.7500    0.7386       520
         OCC     0.8206    0.8867    0.8524       547
     ORDINAL     0.9450    0.9544    0.9497       504
         ORG     0.8936    0.9268    0.9099      1831
     PERCENT     0.9231    0.9231    0.9231        13
        PERS     0.9266    0.9507    0.9385       730
     PRODUCT     0.4000    0.4000    0.4000         5
    QUANTITY     1.0000    1.0000    1.0000         3
        TIME     0.7818    0.7818    0.7818        55
        UNIT     0.0000    0.0000    0.0000         3
     WEBSITE     0.5500    0.4889    0.5176        45

   micro avg     0.8991    0.9192    0.9090      8808
   macro avg     0.7782    0.7946    0.7860      8808
weighted avg     0.8994    0.9192    0.9091      8808

INFO	arabiner.trainers.BertNestedTrainer	Sat, 05 Aug 2023 22:06:45	Epoch 9 | Timestep 10520 | Train Loss 0.514087 | Val Loss 0.907449 | F1 0.908999
INFO	arabiner.trainers.BertNestedTrainer	Sat, 05 Aug 2023 22:06:45	** Validation improved, evaluating test data **
INFO	root	Sat, 05 Aug 2023 22:07:23	Predictions written to nested_res/QARIB_UL_lr2e-5/predictions.txt
INFO	root	Sat, 05 Aug 2023 22:07:46	
              precision    recall  f1-score   support

    CARDINAL     0.0000    0.0000    0.0000         0
        CURR     0.0000    0.0000    0.0000         0
        DATE     0.0000    0.0000    0.0000         0
       EVENT     0.0000    0.0000    0.0000         0
         FAC     0.0000    0.0000    0.0000         0
         GPE     0.0000    0.0000    0.0000         0
    LANGUAGE     0.0000    0.0000    0.0000         0
         LAW     0.0000    0.0000    0.0000         0
         LOC     0.0000    0.0000    0.0000         0
       MONEY     0.0000    0.0000    0.0000         0
        NORP     0.0000    0.0000    0.0000         0
         OCC     0.0000    0.0000    0.0000         0
     ORDINAL     0.0000    0.0000    0.0000         0
         ORG     0.0000    0.0000    0.0000         0
     PERCENT     0.0000    0.0000    0.0000         0
        PERS     0.0000    0.0000    0.0000         0
     PRODUCT     0.0000    0.0000    0.0000         0
    QUANTITY     0.0000    0.0000    0.0000         0
        TIME     0.0000    0.0000    0.0000         0
     WEBSITE     0.0000    0.0000    0.0000         0
        pad>     0.0000    0.0000    0.0000         0

   micro avg     0.0000    0.0000    0.0000         0
   macro avg     0.0000    0.0000    0.0000         0
weighted avg     0.0000    0.0000    0.0000         0

INFO	arabiner.trainers.BertNestedTrainer	Sat, 05 Aug 2023 22:08:07	Epoch 9 | Timestep 10520 | Test Loss 4.955484 | F1 0.000000
INFO	arabiner.trainers.BaseTrainer	Sat, 05 Aug 2023 22:08:07	Saving checkpoint to nested_res/QARIB_UL_lr2e-5/checkpoints/checkpoint_9.pt
INFO	arabiner.trainers.BertNestedTrainer	Sat, 05 Aug 2023 22:11:46	Epoch 10 | Batch 1052/1052 | Timestep 11572 | LR 0.0000053333 | Loss 0.510766
INFO	arabiner.trainers.BertNestedTrainer	Sat, 05 Aug 2023 22:11:46	** Evaluating on validation dataset **
INFO	root	Sat, 05 Aug 2023 22:12:17	
              precision    recall  f1-score   support

    CARDINAL     0.8466    0.8142    0.8301       183
        CURR     0.6190    0.6190    0.6190        21
        DATE     0.9407    0.9577    0.9491      1656
       EVENT     0.7226    0.7903    0.7549       267
         FAC     0.8224    0.7928    0.8073       111
         GPE     0.9542    0.9643    0.9592      2159
    LANGUAGE     0.8333    1.0000    0.9091        15
         LAW     0.8913    0.9318    0.9111        44
         LOC     0.7692    0.7895    0.7792        76
       MONEY     0.8636    0.9500    0.9048        20
        NORP     0.7037    0.7673    0.7341       520
         OCC     0.8470    0.8903    0.8681       547
     ORDINAL     0.9254    0.9603    0.9426       504
         ORG     0.8916    0.9208    0.9060      1831
     PERCENT     0.8571    0.9231    0.8889        13
        PERS     0.9251    0.9479    0.9364       730
     PRODUCT     0.3333    0.4000    0.3636         5
    QUANTITY     0.7500    1.0000    0.8571         3
        TIME     0.7736    0.7455    0.7593        55
        UNIT     0.0000    0.0000    0.0000         3
     WEBSITE     0.4651    0.4444    0.4545        45

   micro avg     0.8937    0.9185    0.9059      8808
   macro avg     0.7493    0.7909    0.7683      8808
weighted avg     0.8946    0.9185    0.9062      8808

INFO	arabiner.trainers.BertNestedTrainer	Sat, 05 Aug 2023 22:12:28	Epoch 10 | Timestep 11572 | Train Loss 0.308755 | Val Loss 0.687305 | F1 0.905935
INFO	arabiner.trainers.BertNestedTrainer	Sat, 05 Aug 2023 22:12:28	** Validation improved, evaluating test data **
INFO	root	Sat, 05 Aug 2023 22:13:06	Predictions written to nested_res/QARIB_UL_lr2e-5/predictions.txt
INFO	root	Sat, 05 Aug 2023 22:13:30	
              precision    recall  f1-score   support

    CARDINAL     0.0000    0.0000    0.0000         0
        CURR     0.0000    0.0000    0.0000         0
        DATE     0.0000    0.0000    0.0000         0
       EVENT     0.0000    0.0000    0.0000         0
         FAC     0.0000    0.0000    0.0000         0
         GPE     0.0000    0.0000    0.0000         0
    LANGUAGE     0.0000    0.0000    0.0000         0
         LAW     0.0000    0.0000    0.0000         0
         LOC     0.0000    0.0000    0.0000         0
       MONEY     0.0000    0.0000    0.0000         0
        NORP     0.0000    0.0000    0.0000         0
         OCC     0.0000    0.0000    0.0000         0
     ORDINAL     0.0000    0.0000    0.0000         0
         ORG     0.0000    0.0000    0.0000         0
     PERCENT     0.0000    0.0000    0.0000         0
        PERS     0.0000    0.0000    0.0000         0
     PRODUCT     0.0000    0.0000    0.0000         0
    QUANTITY     0.0000    0.0000    0.0000         0
        TIME     0.0000    0.0000    0.0000         0
     WEBSITE     0.0000    0.0000    0.0000         0
        pad>     0.0000    0.0000    0.0000         0

   micro avg     0.0000    0.0000    0.0000         0
   macro avg     0.0000    0.0000    0.0000         0
weighted avg     0.0000    0.0000    0.0000         0

INFO	arabiner.trainers.BertNestedTrainer	Sat, 05 Aug 2023 22:13:52	Epoch 10 | Timestep 11572 | Test Loss 5.078352 | F1 0.000000
INFO	arabiner.trainers.BaseTrainer	Sat, 05 Aug 2023 22:13:52	Saving checkpoint to nested_res/QARIB_UL_lr2e-5/checkpoints/checkpoint_10.pt
INFO	arabiner.trainers.BertNestedTrainer	Sat, 05 Aug 2023 22:17:30	Epoch 11 | Batch 1052/1052 | Timestep 12624 | LR 0.0000040000 | Loss 0.809401
INFO	arabiner.trainers.BertNestedTrainer	Sat, 05 Aug 2023 22:17:30	** Evaluating on validation dataset **
INFO	root	Sat, 05 Aug 2023 22:18:02	
              precision    recall  f1-score   support

    CARDINAL     0.8579    0.8579    0.8579       183
        CURR     0.6190    0.6190    0.6190        21
        DATE     0.9447    0.9589    0.9518      1656
       EVENT     0.7397    0.8090    0.7728       267
         FAC     0.7521    0.8198    0.7845       111
         GPE     0.9554    0.9620    0.9587      2159
    LANGUAGE     0.7895    1.0000    0.8824        15
         LAW     0.8889    0.9091    0.8989        44
         LOC     0.7532    0.7632    0.7582        76
       MONEY     0.9048    0.9500    0.9268        20
        NORP     0.7018    0.7558    0.7278       520
         OCC     0.8559    0.8903    0.8728       547
     ORDINAL     0.9416    0.9603    0.9509       504
         ORG     0.8825    0.9274    0.9044      1831
     PERCENT     0.8571    0.9231    0.8889        13
        PERS     0.9341    0.9521    0.9430       730
     PRODUCT     0.5000    0.6000    0.5455         5
    QUANTITY     1.0000    1.0000    1.0000         3
        TIME     0.7818    0.7818    0.7818        55
        UNIT     0.0000    0.0000    0.0000         3
     WEBSITE     0.5952    0.5556    0.5747        45

   micro avg     0.8954    0.9215    0.9083      8808
   macro avg     0.7741    0.8093    0.7905      8808
weighted avg     0.8965    0.9215    0.9087      8808

INFO	arabiner.trainers.BertNestedTrainer	Sat, 05 Aug 2023 22:18:13	Epoch 11 | Timestep 12624 | Train Loss 0.202802 | Val Loss 0.670331 | F1 0.908297
INFO	arabiner.trainers.BertNestedTrainer	Sat, 05 Aug 2023 22:18:13	** Validation improved, evaluating test data **
INFO	root	Sat, 05 Aug 2023 22:18:51	Predictions written to nested_res/QARIB_UL_lr2e-5/predictions.txt
INFO	root	Sat, 05 Aug 2023 22:19:14	
              precision    recall  f1-score   support

    CARDINAL     0.0000    0.0000    0.0000         0
        CURR     0.0000    0.0000    0.0000         0
        DATE     0.0000    0.0000    0.0000         0
       EVENT     0.0000    0.0000    0.0000         0
         FAC     0.0000    0.0000    0.0000         0
         GPE     0.0000    0.0000    0.0000         0
    LANGUAGE     0.0000    0.0000    0.0000         0
         LAW     0.0000    0.0000    0.0000         0
         LOC     0.0000    0.0000    0.0000         0
       MONEY     0.0000    0.0000    0.0000         0
        NORP     0.0000    0.0000    0.0000         0
         OCC     0.0000    0.0000    0.0000         0
     ORDINAL     0.0000    0.0000    0.0000         0
         ORG     0.0000    0.0000    0.0000         0
     PERCENT     0.0000    0.0000    0.0000         0
        PERS     0.0000    0.0000    0.0000         0
     PRODUCT     0.0000    0.0000    0.0000         0
    QUANTITY     0.0000    0.0000    0.0000         0
        TIME     0.0000    0.0000    0.0000         0
     WEBSITE     0.0000    0.0000    0.0000         0
        pad>     0.0000    0.0000    0.0000         0

   micro avg     0.0000    0.0000    0.0000         0
   macro avg     0.0000    0.0000    0.0000         0
weighted avg     0.0000    0.0000    0.0000         0

INFO	arabiner.trainers.BertNestedTrainer	Sat, 05 Aug 2023 22:19:35	Epoch 11 | Timestep 12624 | Test Loss 5.779273 | F1 0.000000
INFO	arabiner.trainers.BaseTrainer	Sat, 05 Aug 2023 22:19:35	Saving checkpoint to nested_res/QARIB_UL_lr2e-5/checkpoints/checkpoint_11.pt
INFO	arabiner.trainers.BertNestedTrainer	Sat, 05 Aug 2023 22:23:14	Epoch 12 | Batch 1052/1052 | Timestep 13676 | LR 0.0000026667 | Loss 0.403523
INFO	arabiner.trainers.BertNestedTrainer	Sat, 05 Aug 2023 22:23:14	** Evaluating on validation dataset **
INFO	root	Sat, 05 Aug 2023 22:23:45	
              precision    recall  f1-score   support

    CARDINAL     0.8827    0.8634    0.8729       183
        CURR     0.6190    0.6190    0.6190        21
        DATE     0.9441    0.9583    0.9512      1656
       EVENT     0.7363    0.8052    0.7692       267
         FAC     0.7712    0.8198    0.7948       111
         GPE     0.9555    0.9648    0.9601      2159
    LANGUAGE     0.7895    1.0000    0.8824        15
         LAW     0.8889    0.9091    0.8989        44
         LOC     0.7564    0.7763    0.7662        76
       MONEY     0.9048    0.9500    0.9268        20
        NORP     0.6859    0.7558    0.7191       520
         OCC     0.8356    0.8921    0.8630       547
     ORDINAL     0.9342    0.9583    0.9461       504
         ORG     0.8878    0.9252    0.9061      1831
     PERCENT     0.8571    0.9231    0.8889        13
        PERS     0.9315    0.9493    0.9403       730
     PRODUCT     0.6000    0.6000    0.6000         5
    QUANTITY     0.7500    1.0000    0.8571         3
        TIME     0.8039    0.7455    0.7736        55
        UNIT     0.0000    0.0000    0.0000         3
     WEBSITE     0.5349    0.5111    0.5227        45

   micro avg     0.8938    0.9211    0.9072      8808
   macro avg     0.7652    0.8060    0.7837      8808
weighted avg     0.8951    0.9211    0.9078      8808

INFO	arabiner.trainers.BertNestedTrainer	Sat, 05 Aug 2023 22:23:56	Epoch 12 | Timestep 13676 | Train Loss 0.181404 | Val Loss 0.663603 | F1 0.907241
INFO	arabiner.trainers.BertNestedTrainer	Sat, 05 Aug 2023 22:23:56	** Validation improved, evaluating test data **
INFO	root	Sat, 05 Aug 2023 22:24:34	Predictions written to nested_res/QARIB_UL_lr2e-5/predictions.txt
INFO	root	Sat, 05 Aug 2023 22:24:57	
              precision    recall  f1-score   support

    CARDINAL     0.0000    0.0000    0.0000         0
        CURR     0.0000    0.0000    0.0000         0
        DATE     0.0000    0.0000    0.0000         0
       EVENT     0.0000    0.0000    0.0000         0
         FAC     0.0000    0.0000    0.0000         0
         GPE     0.0000    0.0000    0.0000         0
    LANGUAGE     0.0000    0.0000    0.0000         0
         LAW     0.0000    0.0000    0.0000         0
         LOC     0.0000    0.0000    0.0000         0
       MONEY     0.0000    0.0000    0.0000         0
        NORP     0.0000    0.0000    0.0000         0
         OCC     0.0000    0.0000    0.0000         0
     ORDINAL     0.0000    0.0000    0.0000         0
         ORG     0.0000    0.0000    0.0000         0
     PERCENT     0.0000    0.0000    0.0000         0
        PERS     0.0000    0.0000    0.0000         0
     PRODUCT     0.0000    0.0000    0.0000         0
    QUANTITY     0.0000    0.0000    0.0000         0
        TIME     0.0000    0.0000    0.0000         0
     WEBSITE     0.0000    0.0000    0.0000         0
        pad>     0.0000    0.0000    0.0000         0

   micro avg     0.0000    0.0000    0.0000         0
   macro avg     0.0000    0.0000    0.0000         0
weighted avg     0.0000    0.0000    0.0000         0

INFO	arabiner.trainers.BertNestedTrainer	Sat, 05 Aug 2023 22:25:19	Epoch 12 | Timestep 13676 | Test Loss 6.017858 | F1 0.000000
INFO	arabiner.trainers.BaseTrainer	Sat, 05 Aug 2023 22:25:19	Saving checkpoint to nested_res/QARIB_UL_lr2e-5/checkpoints/checkpoint_12.pt
INFO	arabiner.trainers.BertNestedTrainer	Sat, 05 Aug 2023 22:28:57	Epoch 13 | Batch 1052/1052 | Timestep 14728 | LR 0.0000013333 | Loss 0.403152
INFO	arabiner.trainers.BertNestedTrainer	Sat, 05 Aug 2023 22:28:57	** Evaluating on validation dataset **
INFO	root	Sat, 05 Aug 2023 22:29:28	
              precision    recall  f1-score   support

    CARDINAL     0.8634    0.8634    0.8634       183
        CURR     0.6190    0.6190    0.6190        21
        DATE     0.9480    0.9583    0.9532      1656
       EVENT     0.7254    0.8015    0.7616       267
         FAC     0.7500    0.8108    0.7792       111
         GPE     0.9568    0.9634    0.9601      2159
    LANGUAGE     0.8333    1.0000    0.9091        15
         LAW     0.9111    0.9318    0.9213        44
         LOC     0.7632    0.7632    0.7632        76
       MONEY     0.9048    0.9500    0.9268        20
        NORP     0.6875    0.7615    0.7226       520
         OCC     0.8251    0.8885    0.8556       547
     ORDINAL     0.9379    0.9583    0.9480       504
         ORG     0.8895    0.9274    0.9080      1831
     PERCENT     0.8571    0.9231    0.8889        13
        PERS     0.9290    0.9507    0.9397       730
     PRODUCT     0.6000    0.6000    0.6000         5
    QUANTITY     0.7500    1.0000    0.8571         3
        TIME     0.7818    0.7818    0.7818        55
        UNIT     0.0000    0.0000    0.0000         3
     WEBSITE     0.5476    0.5111    0.5287        45

   micro avg     0.8935    0.9214    0.9073      8808
   macro avg     0.7657    0.8078    0.7851      8808
weighted avg     0.8952    0.9214    0.9079      8808

INFO	arabiner.trainers.BertNestedTrainer	Sat, 05 Aug 2023 22:29:39	Epoch 13 | Timestep 14728 | Train Loss 0.171928 | Val Loss 0.662997 | F1 0.907272
INFO	arabiner.trainers.BertNestedTrainer	Sat, 05 Aug 2023 22:29:39	** Validation improved, evaluating test data **
INFO	root	Sat, 05 Aug 2023 22:30:18	Predictions written to nested_res/QARIB_UL_lr2e-5/predictions.txt
INFO	root	Sat, 05 Aug 2023 22:30:41	
              precision    recall  f1-score   support

    CARDINAL     0.0000    0.0000    0.0000         0
        CURR     0.0000    0.0000    0.0000         0
        DATE     0.0000    0.0000    0.0000         0
       EVENT     0.0000    0.0000    0.0000         0
         FAC     0.0000    0.0000    0.0000         0
         GPE     0.0000    0.0000    0.0000         0
    LANGUAGE     0.0000    0.0000    0.0000         0
         LAW     0.0000    0.0000    0.0000         0
         LOC     0.0000    0.0000    0.0000         0
       MONEY     0.0000    0.0000    0.0000         0
        NORP     0.0000    0.0000    0.0000         0
         OCC     0.0000    0.0000    0.0000         0
     ORDINAL     0.0000    0.0000    0.0000         0
         ORG     0.0000    0.0000    0.0000         0
     PERCENT     0.0000    0.0000    0.0000         0
        PERS     0.0000    0.0000    0.0000         0
     PRODUCT     0.0000    0.0000    0.0000         0
    QUANTITY     0.0000    0.0000    0.0000         0
        TIME     0.0000    0.0000    0.0000         0
     WEBSITE     0.0000    0.0000    0.0000         0
        pad>     0.0000    0.0000    0.0000         0

   micro avg     0.0000    0.0000    0.0000         0
   macro avg     0.0000    0.0000    0.0000         0
weighted avg     0.0000    0.0000    0.0000         0

INFO	arabiner.trainers.BertNestedTrainer	Sat, 05 Aug 2023 22:31:02	Epoch 13 | Timestep 14728 | Test Loss 6.250007 | F1 0.000000
INFO	arabiner.trainers.BaseTrainer	Sat, 05 Aug 2023 22:31:02	Saving checkpoint to nested_res/QARIB_UL_lr2e-5/checkpoints/checkpoint_13.pt
INFO	arabiner.trainers.BertNestedTrainer	Sat, 05 Aug 2023 22:34:41	Epoch 14 | Batch 1052/1052 | Timestep 15780 | LR 0.0000000000 | Loss 0.398097
INFO	arabiner.trainers.BertNestedTrainer	Sat, 05 Aug 2023 22:34:41	** Evaluating on validation dataset **
INFO	root	Sat, 05 Aug 2023 22:35:12	
              precision    recall  f1-score   support

    CARDINAL     0.8634    0.8634    0.8634       183
        CURR     0.6190    0.6190    0.6190        21
        DATE     0.9464    0.9595    0.9529      1656
       EVENT     0.7288    0.8052    0.7651       267
         FAC     0.7627    0.8108    0.7860       111
         GPE     0.9559    0.9629    0.9594      2159
    LANGUAGE     0.8333    1.0000    0.9091        15
         LAW     0.9111    0.9318    0.9213        44
         LOC     0.7662    0.7763    0.7712        76
       MONEY     0.9048    0.9500    0.9268        20
        NORP     0.6814    0.7692    0.7227       520
         OCC     0.8313    0.8830    0.8564       547
     ORDINAL     0.9380    0.9603    0.9490       504
         ORG     0.8868    0.9285    0.9072      1831
     PERCENT     0.8571    0.9231    0.8889        13
        PERS     0.9329    0.9521    0.9424       730
     PRODUCT     0.6000    0.6000    0.6000         5
    QUANTITY     0.7500    1.0000    0.8571         3
        TIME     0.8077    0.7636    0.7850        55
        UNIT     0.0000    0.0000    0.0000         3
     WEBSITE     0.5366    0.4889    0.5116        45

   micro avg     0.8931    0.9221    0.9074      8808
   macro avg     0.7673    0.8070    0.7855      8808
weighted avg     0.8948    0.9221    0.9080      8808

INFO	arabiner.trainers.BertNestedTrainer	Sat, 05 Aug 2023 22:35:23	Epoch 14 | Timestep 15780 | Train Loss 0.170694 | Val Loss 0.661379 | F1 0.907385
INFO	arabiner.trainers.BertNestedTrainer	Sat, 05 Aug 2023 22:35:23	** Validation improved, evaluating test data **
INFO	root	Sat, 05 Aug 2023 22:36:02	Predictions written to nested_res/QARIB_UL_lr2e-5/predictions.txt
INFO	root	Sat, 05 Aug 2023 22:36:25	
              precision    recall  f1-score   support

    CARDINAL     0.0000    0.0000    0.0000         0
        CURR     0.0000    0.0000    0.0000         0
        DATE     0.0000    0.0000    0.0000         0
       EVENT     0.0000    0.0000    0.0000         0
         FAC     0.0000    0.0000    0.0000         0
         GPE     0.0000    0.0000    0.0000         0
    LANGUAGE     0.0000    0.0000    0.0000         0
         LAW     0.0000    0.0000    0.0000         0
         LOC     0.0000    0.0000    0.0000         0
       MONEY     0.0000    0.0000    0.0000         0
        NORP     0.0000    0.0000    0.0000         0
         OCC     0.0000    0.0000    0.0000         0
     ORDINAL     0.0000    0.0000    0.0000         0
         ORG     0.0000    0.0000    0.0000         0
     PERCENT     0.0000    0.0000    0.0000         0
        PERS     0.0000    0.0000    0.0000         0
     PRODUCT     0.0000    0.0000    0.0000         0
    QUANTITY     0.0000    0.0000    0.0000         0
        TIME     0.0000    0.0000    0.0000         0
     WEBSITE     0.0000    0.0000    0.0000         0
        pad>     0.0000    0.0000    0.0000         0

   micro avg     0.0000    0.0000    0.0000         0
   macro avg     0.0000    0.0000    0.0000         0
weighted avg     0.0000    0.0000    0.0000         0

INFO	arabiner.trainers.BertNestedTrainer	Sat, 05 Aug 2023 22:36:46	Epoch 14 | Timestep 15780 | Test Loss 6.376955 | F1 0.000000
INFO	arabiner.trainers.BaseTrainer	Sat, 05 Aug 2023 22:36:46	Saving checkpoint to nested_res/QARIB_UL_lr2e-5/checkpoints/checkpoint_14.pt
