INFO	__main__	Sun, 06 Aug 2023 11:42:40	Writing config to flat_res/ARBERTv2_MTN_UL_VAR_lr2e-5/args.json
INFO	arabiner.utils.data	Sun, 06 Aug 2023 11:42:41	1052 batches found
INFO	arabiner.utils.data	Sun, 06 Aug 2023 11:42:41	196 batches found
INFO	arabiner.utils.data	Sun, 06 Aug 2023 11:42:41	375 batches found
INFO	torch.distributed.nn.jit.instantiator	Sun, 06 Aug 2023 11:42:42	Created a temporary directory at /tmp/tmpu4fkmwq2
INFO	torch.distributed.nn.jit.instantiator	Sun, 06 Aug 2023 11:42:42	Writing /tmp/tmpu4fkmwq2/_remote_module_non_scriptable.py
INFO	arabiner.trainers.BertMTNTrainer	Sun, 06 Aug 2023 11:45:59	Epoch 0 | Batch 1052/1052 | Timestep 1052 | LR 0.0000186667 | Loss 3.737038
INFO	arabiner.trainers.BertMTNTrainer	Sun, 06 Aug 2023 11:45:59	** Evaluating on validation dataset **
INFO	root	Sun, 06 Aug 2023 11:46:19	
              precision    recall  f1-score   support

    CARDINAL     0.7109    0.8242    0.7634       182
        CURR     0.0000    0.0000    0.0000         1
        DATE     0.9142    0.9247    0.9194      1567
       EVENT     0.6882    0.7154    0.7016       253
         FAC     0.5842    0.6941    0.6344        85
         GPE     0.8636    0.8896    0.8764      1132
    LANGUAGE     0.0000    0.0000    0.0000        15
         LAW     0.7778    0.7955    0.7865        44
         LOC     0.5938    0.6032    0.5984        63
       MONEY     0.6429    0.9000    0.7500        20
        NORP     0.6584    0.7623    0.7066       488
         OCC     0.8106    0.8419    0.8260       544
     ORDINAL     0.9080    0.9146    0.9113       410
         ORG     0.9126    0.8870    0.8996      1566
     PERCENT     0.0000    0.0000    0.0000        13
        PERS     0.9232    0.9062    0.9146       650
     PRODUCT     0.0000    0.0000    0.0000         5
    QUANTITY     0.0000    0.0000    0.0000         3
        TIME     0.0000    0.0000    0.0000        55
     WEBSITE     0.3667    0.2444    0.2933        45

   micro avg     0.8519    0.8586    0.8552      7141
   macro avg     0.5177    0.5452    0.5291      7141
weighted avg     0.8442    0.8586    0.8507      7141

INFO	arabiner.trainers.BertMTNTrainer	Sun, 06 Aug 2023 11:46:20	Epoch 0 | Timestep 1052 | Train Loss 3.734708 | Val Loss 3.292516 | F1 0.855210
INFO	arabiner.trainers.BertMTNTrainer	Sun, 06 Aug 2023 11:46:20	** Validation improved, evaluating test data **
INFO	root	Sun, 06 Aug 2023 11:46:57	Predictions written to flat_res/ARBERTv2_MTN_UL_VAR_lr2e-5/predictions.txt
INFO	root	Sun, 06 Aug 2023 11:46:58	
              precision    recall  f1-score   support

    CARDINAL     0.0000    0.0000    0.0000         0
        DATE     0.0000    0.0000    0.0000         0
       EVENT     0.0000    0.0000    0.0000         0
         FAC     0.0000    0.0000    0.0000         0
         GPE     0.0000    0.0000    0.0000         0
         LAW     0.0000    0.0000    0.0000         0
         LOC     0.0000    0.0000    0.0000         0
       MONEY     0.0000    0.0000    0.0000         0
        NORP     0.0000    0.0000    0.0000         0
         OCC     0.0000    0.0000    0.0000         0
     ORDINAL     0.0000    0.0000    0.0000         0
         ORG     0.0000    0.0000    0.0000         0
     PERCENT     0.0000    0.0000    0.0000         0
        PERS     0.0000    0.0000    0.0000         0
        TIME     0.0000    0.0000    0.0000         0
     WEBSITE     0.0000    0.0000    0.0000         0

   micro avg     0.0000    0.0000    0.0000         0
   macro avg     0.0000    0.0000    0.0000         0
weighted avg     0.0000    0.0000    0.0000         0

INFO	arabiner.trainers.BertMTNTrainer	Sun, 06 Aug 2023 11:46:59	Epoch 0 | Timestep 1052 | Test Loss 13.196091 | F1 0.000000
INFO	arabiner.trainers.BaseTrainer	Sun, 06 Aug 2023 11:46:59	Saving checkpoint to flat_res/ARBERTv2_MTN_UL_VAR_lr2e-5/checkpoints/checkpoint_0.pt
INFO	arabiner.trainers.BertMTNTrainer	Sun, 06 Aug 2023 11:50:43	Epoch 1 | Batch 1052/1052 | Timestep 2104 | LR 0.0000173333 | Loss 3.778468
INFO	arabiner.trainers.BertMTNTrainer	Sun, 06 Aug 2023 11:50:43	** Evaluating on validation dataset **
INFO	root	Sun, 06 Aug 2023 11:51:02	
              precision    recall  f1-score   support

    CARDINAL     0.8207    0.8297    0.8251       182
        CURR     0.0000    0.0000    0.0000         1
        DATE     0.9317    0.9483    0.9399      1567
       EVENT     0.6644    0.7747    0.7153       253
         FAC     0.3778    0.6000    0.4636        85
         GPE     0.8768    0.8737    0.8752      1132
    LANGUAGE     0.8235    0.9333    0.8750        15
         LAW     0.7358    0.8864    0.8041        44
         LOC     0.5714    0.6349    0.6015        63
       MONEY     0.7083    0.8500    0.7727        20
        NORP     0.6857    0.7643    0.7229       488
         OCC     0.8508    0.8493    0.8500       544
     ORDINAL     0.8831    0.9585    0.9193       410
         ORG     0.9018    0.8857    0.8937      1566
     PERCENT     1.0000    1.0000    1.0000        13
        PERS     0.9368    0.9354    0.9361       650
     PRODUCT     0.0000    0.0000    0.0000         5
    QUANTITY     1.0000    0.6667    0.8000         3
        TIME     0.6379    0.6727    0.6549        55
     WEBSITE     0.5000    0.4667    0.4828        45

   micro avg     0.8560    0.8793    0.8675      7141
   macro avg     0.6953    0.7265    0.7066      7141
weighted avg     0.8614    0.8793    0.8695      7141

INFO	arabiner.trainers.BertMTNTrainer	Sun, 06 Aug 2023 11:51:03	Epoch 1 | Timestep 2104 | Train Loss 2.733678 | Val Loss 3.234240 | F1 0.867505
INFO	arabiner.trainers.BertMTNTrainer	Sun, 06 Aug 2023 11:51:03	** Validation improved, evaluating test data **
INFO	root	Sun, 06 Aug 2023 11:51:40	Predictions written to flat_res/ARBERTv2_MTN_UL_VAR_lr2e-5/predictions.txt
INFO	root	Sun, 06 Aug 2023 11:51:41	
              precision    recall  f1-score   support

    CARDINAL     0.0000    0.0000    0.0000         0
        DATE     0.0000    0.0000    0.0000         0
       EVENT     0.0000    0.0000    0.0000         0
         FAC     0.0000    0.0000    0.0000         0
         GPE     0.0000    0.0000    0.0000         0
    LANGUAGE     0.0000    0.0000    0.0000         0
         LAW     0.0000    0.0000    0.0000         0
         LOC     0.0000    0.0000    0.0000         0
       MONEY     0.0000    0.0000    0.0000         0
        NORP     0.0000    0.0000    0.0000         0
         OCC     0.0000    0.0000    0.0000         0
     ORDINAL     0.0000    0.0000    0.0000         0
         ORG     0.0000    0.0000    0.0000         0
     PERCENT     0.0000    0.0000    0.0000         0
        PERS     0.0000    0.0000    0.0000         0
    QUANTITY     0.0000    0.0000    0.0000         0
        TIME     0.0000    0.0000    0.0000         0
     WEBSITE     0.0000    0.0000    0.0000         0

   micro avg     0.0000    0.0000    0.0000         0
   macro avg     0.0000    0.0000    0.0000         0
weighted avg     0.0000    0.0000    0.0000         0

INFO	arabiner.trainers.BertMTNTrainer	Sun, 06 Aug 2023 11:51:42	Epoch 1 | Timestep 2104 | Test Loss 11.573043 | F1 0.000000
INFO	arabiner.trainers.BaseTrainer	Sun, 06 Aug 2023 11:51:42	Saving checkpoint to flat_res/ARBERTv2_MTN_UL_VAR_lr2e-5/checkpoints/checkpoint_1.pt
INFO	arabiner.trainers.BertMTNTrainer	Sun, 06 Aug 2023 11:55:31	Epoch 2 | Batch 1052/1052 | Timestep 3156 | LR 0.0000160000 | Loss 3.354371
INFO	arabiner.trainers.BertMTNTrainer	Sun, 06 Aug 2023 11:55:31	** Evaluating on validation dataset **
INFO	root	Sun, 06 Aug 2023 11:55:51	
              precision    recall  f1-score   support

    CARDINAL     0.7917    0.8352    0.8128       182
        CURR     0.0000    0.0000    0.0000         1
        DATE     0.9373    0.9343    0.9358      1567
       EVENT     0.7075    0.7075    0.7075       253
         FAC     0.6495    0.7412    0.6923        85
         GPE     0.8816    0.8746    0.8780      1132
    LANGUAGE     0.8235    0.9333    0.8750        15
         LAW     0.8478    0.8864    0.8667        44
         LOC     0.7077    0.7302    0.7188        63
       MONEY     0.8095    0.8500    0.8293        20
        NORP     0.6788    0.8012    0.7350       488
         OCC     0.8530    0.8750    0.8639       544
     ORDINAL     0.9089    0.9488    0.9284       410
         ORG     0.8927    0.9087    0.9006      1566
     PERCENT     0.8667    1.0000    0.9286        13
        PERS     0.9393    0.9523    0.9458       650
     PRODUCT     0.0000    0.0000    0.0000         5
    QUANTITY     0.0000    0.0000    0.0000         3
        TIME     0.5714    0.5818    0.5766        55
     WEBSITE     0.5714    0.4444    0.5000        45

   micro avg     0.8668    0.8860    0.8763      7141
   macro avg     0.6719    0.7002    0.6847      7141
weighted avg     0.8683    0.8860    0.8766      7141

INFO	arabiner.trainers.BertMTNTrainer	Sun, 06 Aug 2023 11:55:51	Epoch 2 | Timestep 3156 | Train Loss 2.644854 | Val Loss 3.213408 | F1 0.876316
INFO	arabiner.trainers.BertMTNTrainer	Sun, 06 Aug 2023 11:55:51	** Validation improved, evaluating test data **
INFO	root	Sun, 06 Aug 2023 11:56:29	Predictions written to flat_res/ARBERTv2_MTN_UL_VAR_lr2e-5/predictions.txt
INFO	root	Sun, 06 Aug 2023 11:56:31	
              precision    recall  f1-score   support

    CARDINAL     0.0000    0.0000    0.0000         0
        DATE     0.0000    0.0000    0.0000         0
       EVENT     0.0000    0.0000    0.0000         0
         FAC     0.0000    0.0000    0.0000         0
         GPE     0.0000    0.0000    0.0000         0
    LANGUAGE     0.0000    0.0000    0.0000         0
         LAW     0.0000    0.0000    0.0000         0
         LOC     0.0000    0.0000    0.0000         0
       MONEY     0.0000    0.0000    0.0000         0
        NORP     0.0000    0.0000    0.0000         0
         OCC     0.0000    0.0000    0.0000         0
     ORDINAL     0.0000    0.0000    0.0000         0
         ORG     0.0000    0.0000    0.0000         0
     PERCENT     0.0000    0.0000    0.0000         0
        PERS     0.0000    0.0000    0.0000         0
     PRODUCT     0.0000    0.0000    0.0000         0
    QUANTITY     0.0000    0.0000    0.0000         0
        TIME     0.0000    0.0000    0.0000         0
     WEBSITE     0.0000    0.0000    0.0000         0

   micro avg     0.0000    0.0000    0.0000         0
   macro avg     0.0000    0.0000    0.0000         0
weighted avg     0.0000    0.0000    0.0000         0

INFO	arabiner.trainers.BertMTNTrainer	Sun, 06 Aug 2023 11:56:32	Epoch 2 | Timestep 3156 | Test Loss 13.383882 | F1 0.000000
INFO	arabiner.trainers.BaseTrainer	Sun, 06 Aug 2023 11:56:32	Saving checkpoint to flat_res/ARBERTv2_MTN_UL_VAR_lr2e-5/checkpoints/checkpoint_2.pt
INFO	arabiner.trainers.BertMTNTrainer	Sun, 06 Aug 2023 12:00:20	Epoch 3 | Batch 1052/1052 | Timestep 4208 | LR 0.0000146667 | Loss 3.361741
INFO	arabiner.trainers.BertMTNTrainer	Sun, 06 Aug 2023 12:00:20	** Evaluating on validation dataset **
INFO	root	Sun, 06 Aug 2023 12:00:40	
              precision    recall  f1-score   support

    CARDINAL     0.8580    0.8297    0.8436       182
        CURR     0.0000    0.0000    0.0000         1
        DATE     0.9383    0.9509    0.9445      1567
       EVENT     0.7880    0.7787    0.7833       253
         FAC     0.6989    0.7647    0.7303        85
         GPE     0.8716    0.9055    0.8882      1132
    LANGUAGE     0.7143    1.0000    0.8333        15
         LAW     0.8000    0.9091    0.8511        44
         LOC     0.5625    0.7143    0.6294        63
       MONEY     0.7917    0.9500    0.8636        20
        NORP     0.7169    0.7992    0.7558       488
         OCC     0.8377    0.8824    0.8594       544
     ORDINAL     0.9030    0.9537    0.9276       410
         ORG     0.9024    0.9208    0.9115      1566
     PERCENT     1.0000    1.0000    1.0000        13
        PERS     0.9029    0.9585    0.9299       650
     PRODUCT     0.4286    0.6000    0.5000         5
    QUANTITY     0.4000    0.6667    0.5000         3
        TIME     0.6230    0.6909    0.6552        55
     WEBSITE     0.5263    0.6667    0.5882        45

   micro avg     0.8683    0.9045    0.8860      7141
   macro avg     0.7132    0.7971    0.7498      7141
weighted avg     0.8709    0.9045    0.8870      7141

INFO	arabiner.trainers.BertMTNTrainer	Sun, 06 Aug 2023 12:00:41	Epoch 3 | Timestep 4208 | Train Loss 2.595975 | Val Loss 3.201553 | F1 0.886008
INFO	arabiner.trainers.BertMTNTrainer	Sun, 06 Aug 2023 12:00:41	** Validation improved, evaluating test data **
INFO	root	Sun, 06 Aug 2023 12:01:18	Predictions written to flat_res/ARBERTv2_MTN_UL_VAR_lr2e-5/predictions.txt
INFO	root	Sun, 06 Aug 2023 12:01:20	
              precision    recall  f1-score   support

    CARDINAL     0.0000    0.0000    0.0000         0
        DATE     0.0000    0.0000    0.0000         0
       EVENT     0.0000    0.0000    0.0000         0
         FAC     0.0000    0.0000    0.0000         0
         GPE     0.0000    0.0000    0.0000         0
    LANGUAGE     0.0000    0.0000    0.0000         0
         LAW     0.0000    0.0000    0.0000         0
         LOC     0.0000    0.0000    0.0000         0
       MONEY     0.0000    0.0000    0.0000         0
        NORP     0.0000    0.0000    0.0000         0
         OCC     0.0000    0.0000    0.0000         0
     ORDINAL     0.0000    0.0000    0.0000         0
         ORG     0.0000    0.0000    0.0000         0
     PERCENT     0.0000    0.0000    0.0000         0
        PERS     0.0000    0.0000    0.0000         0
     PRODUCT     0.0000    0.0000    0.0000         0
    QUANTITY     0.0000    0.0000    0.0000         0
        TIME     0.0000    0.0000    0.0000         0
     WEBSITE     0.0000    0.0000    0.0000         0

   micro avg     0.0000    0.0000    0.0000         0
   macro avg     0.0000    0.0000    0.0000         0
weighted avg     0.0000    0.0000    0.0000         0

INFO	arabiner.trainers.BertMTNTrainer	Sun, 06 Aug 2023 12:01:21	Epoch 3 | Timestep 4208 | Test Loss 21.713060 | F1 0.000000
INFO	arabiner.trainers.BaseTrainer	Sun, 06 Aug 2023 12:01:21	Saving checkpoint to flat_res/ARBERTv2_MTN_UL_VAR_lr2e-5/checkpoints/checkpoint_3.pt
INFO	arabiner.trainers.BertMTNTrainer	Sun, 06 Aug 2023 12:05:09	Epoch 4 | Batch 1052/1052 | Timestep 5260 | LR 0.0000133333 | Loss 2.920161
INFO	arabiner.trainers.BertMTNTrainer	Sun, 06 Aug 2023 12:05:09	** Evaluating on validation dataset **
INFO	root	Sun, 06 Aug 2023 12:05:28	
              precision    recall  f1-score   support

    CARDINAL     0.8883    0.8736    0.8809       182
        CURR     0.0000    0.0000    0.0000         1
        DATE     0.9501    0.9470    0.9485      1567
       EVENT     0.7326    0.7905    0.7605       253
         FAC     0.7021    0.7765    0.7374        85
         GPE     0.8823    0.9072    0.8946      1132
    LANGUAGE     0.7143    1.0000    0.8333        15
         LAW     0.8667    0.8864    0.8764        44
         LOC     0.6812    0.7460    0.7121        63
       MONEY     0.8947    0.8500    0.8718        20
        NORP     0.7038    0.7889    0.7440       488
         OCC     0.8608    0.8640    0.8624       544
     ORDINAL     0.9080    0.9634    0.9349       410
         ORG     0.9189    0.9119    0.9154      1566
     PERCENT     1.0000    1.0000    1.0000        13
        PERS     0.9418    0.9462    0.9440       650
     PRODUCT     0.5000    0.6000    0.5455         5
    QUANTITY     0.6000    1.0000    0.7500         3
        TIME     0.6667    0.6545    0.6606        55
     WEBSITE     0.5128    0.4444    0.4762        45

   micro avg     0.8820    0.8993    0.8906      7141
   macro avg     0.7463    0.7975    0.7674      7141
weighted avg     0.8845    0.8993    0.8915      7141

INFO	arabiner.trainers.BertMTNTrainer	Sun, 06 Aug 2023 12:05:29	Epoch 4 | Timestep 5260 | Train Loss 2.562147 | Val Loss 3.091299 | F1 0.890584
INFO	arabiner.trainers.BertMTNTrainer	Sun, 06 Aug 2023 12:05:29	** Validation improved, evaluating test data **
INFO	root	Sun, 06 Aug 2023 12:06:07	Predictions written to flat_res/ARBERTv2_MTN_UL_VAR_lr2e-5/predictions.txt
INFO	root	Sun, 06 Aug 2023 12:06:08	
              precision    recall  f1-score   support

    CARDINAL     0.0000    0.0000    0.0000         0
        CURR     0.0000    0.0000    0.0000         0
        DATE     0.0000    0.0000    0.0000         0
       EVENT     0.0000    0.0000    0.0000         0
         FAC     0.0000    0.0000    0.0000         0
         GPE     0.0000    0.0000    0.0000         0
    LANGUAGE     0.0000    0.0000    0.0000         0
         LAW     0.0000    0.0000    0.0000         0
         LOC     0.0000    0.0000    0.0000         0
       MONEY     0.0000    0.0000    0.0000         0
        NORP     0.0000    0.0000    0.0000         0
         OCC     0.0000    0.0000    0.0000         0
     ORDINAL     0.0000    0.0000    0.0000         0
         ORG     0.0000    0.0000    0.0000         0
     PERCENT     0.0000    0.0000    0.0000         0
        PERS     0.0000    0.0000    0.0000         0
     PRODUCT     0.0000    0.0000    0.0000         0
    QUANTITY     0.0000    0.0000    0.0000         0
        TIME     0.0000    0.0000    0.0000         0
     WEBSITE     0.0000    0.0000    0.0000         0

   micro avg     0.0000    0.0000    0.0000         0
   macro avg     0.0000    0.0000    0.0000         0
weighted avg     0.0000    0.0000    0.0000         0

INFO	arabiner.trainers.BertMTNTrainer	Sun, 06 Aug 2023 12:06:09	Epoch 4 | Timestep 5260 | Test Loss 12.675776 | F1 0.000000
INFO	arabiner.trainers.BaseTrainer	Sun, 06 Aug 2023 12:06:09	Saving checkpoint to flat_res/ARBERTv2_MTN_UL_VAR_lr2e-5/checkpoints/checkpoint_4.pt
INFO	arabiner.trainers.BertMTNTrainer	Sun, 06 Aug 2023 12:09:59	Epoch 5 | Batch 1052/1052 | Timestep 6312 | LR 0.0000120000 | Loss 2.565404
INFO	arabiner.trainers.BertMTNTrainer	Sun, 06 Aug 2023 12:09:59	** Evaluating on validation dataset **
INFO	root	Sun, 06 Aug 2023 12:10:18	
              precision    recall  f1-score   support

    CARDINAL     0.8639    0.9066    0.8847       182
        CURR     0.0000    0.0000    0.0000         1
        DATE     0.9392    0.9560    0.9475      1567
       EVENT     0.6855    0.7668    0.7239       253
         FAC     0.5888    0.7412    0.6562        85
         GPE     0.8822    0.8931    0.8876      1132
    LANGUAGE     0.6522    1.0000    0.7895        15
         LAW     0.8163    0.9091    0.8602        44
         LOC     0.6575    0.7619    0.7059        63
       MONEY     0.7826    0.9000    0.8372        20
        NORP     0.7441    0.7746    0.7590       488
         OCC     0.8523    0.8695    0.8608       544
     ORDINAL     0.9354    0.9537    0.9444       410
         ORG     0.9083    0.9176    0.9130      1566
     PERCENT     0.9286    1.0000    0.9630        13
        PERS     0.8944    0.9508    0.9217       650
     PRODUCT     0.6000    0.6000    0.6000         5
    QUANTITY     0.4000    0.6667    0.5000         3
        TIME     0.6111    0.8000    0.6929        55
     WEBSITE     0.5490    0.6222    0.5833        45

   micro avg     0.8711    0.9017    0.8861      7141
   macro avg     0.7146    0.7995    0.7515      7141
weighted avg     0.8742    0.9017    0.8873      7141

INFO	arabiner.trainers.BertMTNTrainer	Sun, 06 Aug 2023 12:10:19	Epoch 5 | Timestep 6312 | Train Loss 2.370992 | Val Loss 2.834904 | F1 0.886121
INFO	arabiner.trainers.BertMTNTrainer	Sun, 06 Aug 2023 12:10:19	** Validation improved, evaluating test data **
INFO	root	Sun, 06 Aug 2023 12:10:57	Predictions written to flat_res/ARBERTv2_MTN_UL_VAR_lr2e-5/predictions.txt
INFO	root	Sun, 06 Aug 2023 12:10:59	
              precision    recall  f1-score   support

    CARDINAL     0.0000    0.0000    0.0000         0
        CURR     0.0000    0.0000    0.0000         0
        DATE     0.0000    0.0000    0.0000         0
       EVENT     0.0000    0.0000    0.0000         0
         FAC     0.0000    0.0000    0.0000         0
         GPE     0.0000    0.0000    0.0000         0
    LANGUAGE     0.0000    0.0000    0.0000         0
         LAW     0.0000    0.0000    0.0000         0
         LOC     0.0000    0.0000    0.0000         0
       MONEY     0.0000    0.0000    0.0000         0
        NORP     0.0000    0.0000    0.0000         0
         OCC     0.0000    0.0000    0.0000         0
     ORDINAL     0.0000    0.0000    0.0000         0
         ORG     0.0000    0.0000    0.0000         0
     PERCENT     0.0000    0.0000    0.0000         0
        PERS     0.0000    0.0000    0.0000         0
     PRODUCT     0.0000    0.0000    0.0000         0
    QUANTITY     0.0000    0.0000    0.0000         0
        TIME     0.0000    0.0000    0.0000         0
     WEBSITE     0.0000    0.0000    0.0000         0

   micro avg     0.0000    0.0000    0.0000         0
   macro avg     0.0000    0.0000    0.0000         0
weighted avg     0.0000    0.0000    0.0000         0

INFO	arabiner.trainers.BertMTNTrainer	Sun, 06 Aug 2023 12:11:00	Epoch 5 | Timestep 6312 | Test Loss 15.405790 | F1 0.000000
INFO	arabiner.trainers.BaseTrainer	Sun, 06 Aug 2023 12:11:00	Saving checkpoint to flat_res/ARBERTv2_MTN_UL_VAR_lr2e-5/checkpoints/checkpoint_5.pt
INFO	arabiner.trainers.BertMTNTrainer	Sun, 06 Aug 2023 12:14:47	Epoch 6 | Batch 1052/1052 | Timestep 7364 | LR 0.0000106667 | Loss 2.182562
INFO	arabiner.trainers.BertMTNTrainer	Sun, 06 Aug 2023 12:14:47	** Evaluating on validation dataset **
INFO	root	Sun, 06 Aug 2023 12:15:08	
              precision    recall  f1-score   support

    CARDINAL     0.9081    0.9231    0.9155       182
        CURR     0.0000    0.0000    0.0000         1
        DATE     0.9462    0.9541    0.9501      1567
       EVENT     0.7338    0.8063    0.7684       253
         FAC     0.6633    0.7647    0.7104        85
         GPE     0.8927    0.9037    0.8982      1132
    LANGUAGE     0.8125    0.8667    0.8387        15
         LAW     0.9302    0.9091    0.9195        44
         LOC     0.6364    0.7778    0.7000        63
       MONEY     0.9474    0.9000    0.9231        20
        NORP     0.7470    0.7746    0.7606       488
         OCC     0.8702    0.8750    0.8726       544
     ORDINAL     0.9447    0.9585    0.9516       410
         ORG     0.9216    0.9080    0.9148      1566
     PERCENT     1.0000    1.0000    1.0000        13
        PERS     0.9321    0.9508    0.9414       650
     PRODUCT     0.2857    0.4000    0.3333         5
    QUANTITY     0.6667    0.6667    0.6667         3
        TIME     0.7097    0.8000    0.7521        55
     WEBSITE     0.5227    0.5111    0.5169        45

   micro avg     0.8895    0.9027    0.8960      7141
   macro avg     0.7535    0.7825    0.7667      7141
weighted avg     0.8915    0.9027    0.8968      7141

INFO	arabiner.trainers.BertMTNTrainer	Sun, 06 Aug 2023 12:15:08	Epoch 6 | Timestep 7364 | Train Loss 1.799705 | Val Loss 2.158887 | F1 0.896024
INFO	arabiner.trainers.BertMTNTrainer	Sun, 06 Aug 2023 12:15:09	** Validation improved, evaluating test data **
INFO	root	Sun, 06 Aug 2023 12:15:46	Predictions written to flat_res/ARBERTv2_MTN_UL_VAR_lr2e-5/predictions.txt
INFO	root	Sun, 06 Aug 2023 12:15:47	
              precision    recall  f1-score   support

    CARDINAL     0.0000    0.0000    0.0000         0
        DATE     0.0000    0.0000    0.0000         0
       EVENT     0.0000    0.0000    0.0000         0
         FAC     0.0000    0.0000    0.0000         0
         GPE     0.0000    0.0000    0.0000         0
    LANGUAGE     0.0000    0.0000    0.0000         0
         LAW     0.0000    0.0000    0.0000         0
         LOC     0.0000    0.0000    0.0000         0
       MONEY     0.0000    0.0000    0.0000         0
        NORP     0.0000    0.0000    0.0000         0
         OCC     0.0000    0.0000    0.0000         0
     ORDINAL     0.0000    0.0000    0.0000         0
         ORG     0.0000    0.0000    0.0000         0
     PERCENT     0.0000    0.0000    0.0000         0
        PERS     0.0000    0.0000    0.0000         0
     PRODUCT     0.0000    0.0000    0.0000         0
    QUANTITY     0.0000    0.0000    0.0000         0
        TIME     0.0000    0.0000    0.0000         0
     WEBSITE     0.0000    0.0000    0.0000         0

   micro avg     0.0000    0.0000    0.0000         0
   macro avg     0.0000    0.0000    0.0000         0
weighted avg     0.0000    0.0000    0.0000         0

INFO	arabiner.trainers.BertMTNTrainer	Sun, 06 Aug 2023 12:15:49	Epoch 6 | Timestep 7364 | Test Loss 10.944314 | F1 0.000000
INFO	arabiner.trainers.BaseTrainer	Sun, 06 Aug 2023 12:15:49	Saving checkpoint to flat_res/ARBERTv2_MTN_UL_VAR_lr2e-5/checkpoints/checkpoint_6.pt
INFO	arabiner.trainers.BertMTNTrainer	Sun, 06 Aug 2023 12:19:37	Epoch 7 | Batch 1052/1052 | Timestep 8416 | LR 0.0000093333 | Loss 1.120759
INFO	arabiner.trainers.BertMTNTrainer	Sun, 06 Aug 2023 12:19:37	** Evaluating on validation dataset **
INFO	root	Sun, 06 Aug 2023 12:19:57	
              precision    recall  f1-score   support

    CARDINAL     0.8691    0.9121    0.8901       182
        CURR     0.0000    0.0000    0.0000         1
        DATE     0.9512    0.9579    0.9545      1567
       EVENT     0.7606    0.7787    0.7695       253
         FAC     0.7191    0.7529    0.7356        85
         GPE     0.8865    0.9108    0.8985      1132
    LANGUAGE     0.8125    0.8667    0.8387        15
         LAW     0.9524    0.9091    0.9302        44
         LOC     0.8000    0.7619    0.7805        63
       MONEY     0.8947    0.8500    0.8718        20
        NORP     0.7350    0.8012    0.7667       488
         OCC     0.8427    0.8860    0.8638       544
     ORDINAL     0.9420    0.9512    0.9466       410
         ORG     0.9222    0.9080    0.9151      1566
     PERCENT     1.0000    1.0000    1.0000        13
        PERS     0.9394    0.9538    0.9466       650
     PRODUCT     0.6667    0.4000    0.5000         5
    QUANTITY     1.0000    0.3333    0.5000         3
        TIME     0.7895    0.8182    0.8036        55
     WEBSITE     0.6000    0.6000    0.6000        45

   micro avg     0.8917    0.9060    0.8988      7141
   macro avg     0.8042    0.7676    0.7756      7141
weighted avg     0.8929    0.9060    0.8991      7141

INFO	arabiner.trainers.BertMTNTrainer	Sun, 06 Aug 2023 12:19:58	Epoch 7 | Timestep 8416 | Train Loss 1.145723 | Val Loss 1.344949 | F1 0.898798
INFO	arabiner.trainers.BertMTNTrainer	Sun, 06 Aug 2023 12:19:58	** Validation improved, evaluating test data **
INFO	root	Sun, 06 Aug 2023 12:20:35	Predictions written to flat_res/ARBERTv2_MTN_UL_VAR_lr2e-5/predictions.txt
INFO	root	Sun, 06 Aug 2023 12:20:36	
              precision    recall  f1-score   support

    CARDINAL     0.0000    0.0000    0.0000         0
        DATE     0.0000    0.0000    0.0000         0
       EVENT     0.0000    0.0000    0.0000         0
         FAC     0.0000    0.0000    0.0000         0
         GPE     0.0000    0.0000    0.0000         0
    LANGUAGE     0.0000    0.0000    0.0000         0
         LAW     0.0000    0.0000    0.0000         0
         LOC     0.0000    0.0000    0.0000         0
       MONEY     0.0000    0.0000    0.0000         0
        NORP     0.0000    0.0000    0.0000         0
         OCC     0.0000    0.0000    0.0000         0
     ORDINAL     0.0000    0.0000    0.0000         0
         ORG     0.0000    0.0000    0.0000         0
     PERCENT     0.0000    0.0000    0.0000         0
        PERS     0.0000    0.0000    0.0000         0
     PRODUCT     0.0000    0.0000    0.0000         0
        TIME     0.0000    0.0000    0.0000         0
     WEBSITE     0.0000    0.0000    0.0000         0

   micro avg     0.0000    0.0000    0.0000         0
   macro avg     0.0000    0.0000    0.0000         0
weighted avg     0.0000    0.0000    0.0000         0

INFO	arabiner.trainers.BertMTNTrainer	Sun, 06 Aug 2023 12:20:38	Epoch 7 | Timestep 8416 | Test Loss 7.770989 | F1 0.000000
INFO	arabiner.trainers.BaseTrainer	Sun, 06 Aug 2023 12:20:38	Saving checkpoint to flat_res/ARBERTv2_MTN_UL_VAR_lr2e-5/checkpoints/checkpoint_7.pt
INFO	arabiner.trainers.BertMTNTrainer	Sun, 06 Aug 2023 12:24:27	Epoch 8 | Batch 1052/1052 | Timestep 9468 | LR 0.0000080000 | Loss 1.039561
INFO	arabiner.trainers.BertMTNTrainer	Sun, 06 Aug 2023 12:24:27	** Evaluating on validation dataset **
INFO	root	Sun, 06 Aug 2023 12:24:46	
              precision    recall  f1-score   support

    CARDINAL     0.9205    0.8901    0.9050       182
        CURR     0.0000    0.0000    0.0000         1
        DATE     0.9462    0.9547    0.9504      1567
       EVENT     0.7367    0.8182    0.7753       253
         FAC     0.7143    0.7647    0.7386        85
         GPE     0.8943    0.8966    0.8955      1132
    LANGUAGE     0.8125    0.8667    0.8387        15
         LAW     0.9524    0.9091    0.9302        44
         LOC     0.7500    0.8095    0.7786        63
       MONEY     0.9000    0.9000    0.9000        20
        NORP     0.7534    0.7889    0.7708       488
         OCC     0.8618    0.8824    0.8719       544
     ORDINAL     0.9227    0.9610    0.9415       410
         ORG     0.9157    0.9227    0.9192      1566
     PERCENT     1.0000    1.0000    1.0000        13
        PERS     0.9434    0.9492    0.9463       650
     PRODUCT     0.4286    0.6000    0.5000         5
    QUANTITY     1.0000    1.0000    1.0000         3
        TIME     0.7458    0.8000    0.7719        55
     WEBSITE     0.5854    0.5333    0.5581        45

   micro avg     0.8919    0.9067    0.8992      7141
   macro avg     0.7892    0.8124    0.7996      7141
weighted avg     0.8929    0.9067    0.8996      7141

INFO	arabiner.trainers.BertMTNTrainer	Sun, 06 Aug 2023 12:24:47	Epoch 8 | Timestep 9468 | Train Loss 0.653062 | Val Loss 1.135581 | F1 0.899243
INFO	arabiner.trainers.BertMTNTrainer	Sun, 06 Aug 2023 12:24:47	** Validation improved, evaluating test data **
INFO	root	Sun, 06 Aug 2023 12:25:25	Predictions written to flat_res/ARBERTv2_MTN_UL_VAR_lr2e-5/predictions.txt
INFO	root	Sun, 06 Aug 2023 12:25:27	
              precision    recall  f1-score   support

    CARDINAL     0.0000    0.0000    0.0000         0
        DATE     0.0000    0.0000    0.0000         0
       EVENT     0.0000    0.0000    0.0000         0
         FAC     0.0000    0.0000    0.0000         0
         GPE     0.0000    0.0000    0.0000         0
    LANGUAGE     0.0000    0.0000    0.0000         0
         LAW     0.0000    0.0000    0.0000         0
         LOC     0.0000    0.0000    0.0000         0
       MONEY     0.0000    0.0000    0.0000         0
        NORP     0.0000    0.0000    0.0000         0
         OCC     0.0000    0.0000    0.0000         0
     ORDINAL     0.0000    0.0000    0.0000         0
         ORG     0.0000    0.0000    0.0000         0
     PERCENT     0.0000    0.0000    0.0000         0
        PERS     0.0000    0.0000    0.0000         0
     PRODUCT     0.0000    0.0000    0.0000         0
    QUANTITY     0.0000    0.0000    0.0000         0
        TIME     0.0000    0.0000    0.0000         0
     WEBSITE     0.0000    0.0000    0.0000         0

   micro avg     0.0000    0.0000    0.0000         0
   macro avg     0.0000    0.0000    0.0000         0
weighted avg     0.0000    0.0000    0.0000         0

INFO	arabiner.trainers.BertMTNTrainer	Sun, 06 Aug 2023 12:25:28	Epoch 8 | Timestep 9468 | Test Loss 15.487828 | F1 0.000000
INFO	arabiner.trainers.BaseTrainer	Sun, 06 Aug 2023 12:25:28	Saving checkpoint to flat_res/ARBERTv2_MTN_UL_VAR_lr2e-5/checkpoints/checkpoint_8.pt
INFO	arabiner.trainers.BertMTNTrainer	Sun, 06 Aug 2023 12:29:16	Epoch 9 | Batch 1052/1052 | Timestep 10520 | LR 0.0000066667 | Loss 0.732734
INFO	arabiner.trainers.BertMTNTrainer	Sun, 06 Aug 2023 12:29:16	** Evaluating on validation dataset **
INFO	root	Sun, 06 Aug 2023 12:29:36	
              precision    recall  f1-score   support

    CARDINAL     0.9231    0.9231    0.9231       182
        CURR     0.0000    0.0000    0.0000         1
        DATE     0.9500    0.9572    0.9536      1567
       EVENT     0.7632    0.8024    0.7823       253
         FAC     0.7765    0.7765    0.7765        85
         GPE     0.8942    0.9108    0.9024      1132
    LANGUAGE     0.8125    0.8667    0.8387        15
         LAW     0.9524    0.9091    0.9302        44
         LOC     0.8033    0.7778    0.7903        63
       MONEY     0.9048    0.9500    0.9268        20
        NORP     0.7471    0.7930    0.7694       488
         OCC     0.8436    0.8824    0.8625       544
     ORDINAL     0.9247    0.9585    0.9413       410
         ORG     0.9208    0.9202    0.9205      1566
     PERCENT     1.0000    1.0000    1.0000        13
        PERS     0.9378    0.9508    0.9442       650
     PRODUCT     1.0000    0.4000    0.5714         5
    QUANTITY     1.0000    1.0000    1.0000         3
        TIME     0.7586    0.8000    0.7788        55
     WEBSITE     0.5714    0.4444    0.5000        45

   micro avg     0.8949    0.9088    0.9018      7141
   macro avg     0.8242    0.8011    0.8056      7141
weighted avg     0.8953    0.9088    0.9018      7141

INFO	arabiner.trainers.BertMTNTrainer	Sun, 06 Aug 2023 12:29:36	Epoch 9 | Timestep 10520 | Train Loss 0.446683 | Val Loss 0.754392 | F1 0.901827
INFO	arabiner.trainers.BertMTNTrainer	Sun, 06 Aug 2023 12:29:36	** Validation improved, evaluating test data **
INFO	root	Sun, 06 Aug 2023 12:30:15	Predictions written to flat_res/ARBERTv2_MTN_UL_VAR_lr2e-5/predictions.txt
INFO	root	Sun, 06 Aug 2023 12:30:16	
              precision    recall  f1-score   support

    CARDINAL     0.0000    0.0000    0.0000         0
        DATE     0.0000    0.0000    0.0000         0
       EVENT     0.0000    0.0000    0.0000         0
         FAC     0.0000    0.0000    0.0000         0
         GPE     0.0000    0.0000    0.0000         0
    LANGUAGE     0.0000    0.0000    0.0000         0
         LAW     0.0000    0.0000    0.0000         0
         LOC     0.0000    0.0000    0.0000         0
       MONEY     0.0000    0.0000    0.0000         0
        NORP     0.0000    0.0000    0.0000         0
         OCC     0.0000    0.0000    0.0000         0
     ORDINAL     0.0000    0.0000    0.0000         0
         ORG     0.0000    0.0000    0.0000         0
     PERCENT     0.0000    0.0000    0.0000         0
        PERS     0.0000    0.0000    0.0000         0
     PRODUCT     0.0000    0.0000    0.0000         0
    QUANTITY     0.0000    0.0000    0.0000         0
        TIME     0.0000    0.0000    0.0000         0
     WEBSITE     0.0000    0.0000    0.0000         0

   micro avg     0.0000    0.0000    0.0000         0
   macro avg     0.0000    0.0000    0.0000         0
weighted avg     0.0000    0.0000    0.0000         0

INFO	arabiner.trainers.BertMTNTrainer	Sun, 06 Aug 2023 12:30:17	Epoch 9 | Timestep 10520 | Test Loss 14.338187 | F1 0.000000
INFO	arabiner.trainers.BaseTrainer	Sun, 06 Aug 2023 12:30:17	Saving checkpoint to flat_res/ARBERTv2_MTN_UL_VAR_lr2e-5/checkpoints/checkpoint_9.pt
INFO	arabiner.trainers.BertMTNTrainer	Sun, 06 Aug 2023 12:34:05	Epoch 10 | Batch 1052/1052 | Timestep 11572 | LR 0.0000053333 | Loss 0.426284
INFO	arabiner.trainers.BertMTNTrainer	Sun, 06 Aug 2023 12:34:05	** Evaluating on validation dataset **
INFO	root	Sun, 06 Aug 2023 12:34:26	
              precision    recall  f1-score   support

    CARDINAL     0.9000    0.8901    0.8950       182
        CURR     0.0000    0.0000    0.0000         1
        DATE     0.9547    0.9541    0.9544      1567
       EVENT     0.7306    0.7826    0.7557       253
         FAC     0.7222    0.7647    0.7429        85
         GPE     0.9095    0.9055    0.9075      1132
    LANGUAGE     0.8125    0.8667    0.8387        15
         LAW     0.9524    0.9091    0.9302        44
         LOC     0.8197    0.7937    0.8065        63
       MONEY     0.8636    0.9500    0.9048        20
        NORP     0.7476    0.7828    0.7648       488
         OCC     0.8650    0.8952    0.8799       544
     ORDINAL     0.9252    0.9659    0.9451       410
         ORG     0.9206    0.9259    0.9233      1566
     PERCENT     0.9286    1.0000    0.9630        13
        PERS     0.9337    0.9538    0.9437       650
     PRODUCT     0.5000    0.6000    0.5455         5
    QUANTITY     1.0000    1.0000    1.0000         3
        TIME     0.7500    0.7636    0.7568        55
     WEBSITE     0.6047    0.5778    0.5909        45

   micro avg     0.8965    0.9087    0.9026      7141
   macro avg     0.7920    0.8141    0.8024      7141
weighted avg     0.8973    0.9087    0.9029      7141

INFO	arabiner.trainers.BertMTNTrainer	Sun, 06 Aug 2023 12:34:26	Epoch 10 | Timestep 11572 | Train Loss 0.200896 | Val Loss 0.745442 | F1 0.902566
INFO	arabiner.trainers.BertMTNTrainer	Sun, 06 Aug 2023 12:34:27	** Validation improved, evaluating test data **
INFO	root	Sun, 06 Aug 2023 12:35:04	Predictions written to flat_res/ARBERTv2_MTN_UL_VAR_lr2e-5/predictions.txt
INFO	root	Sun, 06 Aug 2023 12:35:05	
              precision    recall  f1-score   support

    CARDINAL     0.0000    0.0000    0.0000         0
        DATE     0.0000    0.0000    0.0000         0
       EVENT     0.0000    0.0000    0.0000         0
         FAC     0.0000    0.0000    0.0000         0
         GPE     0.0000    0.0000    0.0000         0
    LANGUAGE     0.0000    0.0000    0.0000         0
         LAW     0.0000    0.0000    0.0000         0
         LOC     0.0000    0.0000    0.0000         0
       MONEY     0.0000    0.0000    0.0000         0
        NORP     0.0000    0.0000    0.0000         0
         OCC     0.0000    0.0000    0.0000         0
     ORDINAL     0.0000    0.0000    0.0000         0
         ORG     0.0000    0.0000    0.0000         0
     PERCENT     0.0000    0.0000    0.0000         0
        PERS     0.0000    0.0000    0.0000         0
     PRODUCT     0.0000    0.0000    0.0000         0
    QUANTITY     0.0000    0.0000    0.0000         0
        TIME     0.0000    0.0000    0.0000         0
     WEBSITE     0.0000    0.0000    0.0000         0

   micro avg     0.0000    0.0000    0.0000         0
   macro avg     0.0000    0.0000    0.0000         0
weighted avg     0.0000    0.0000    0.0000         0

INFO	arabiner.trainers.BertMTNTrainer	Sun, 06 Aug 2023 12:35:07	Epoch 10 | Timestep 11572 | Test Loss 17.393848 | F1 0.000000
INFO	arabiner.trainers.BaseTrainer	Sun, 06 Aug 2023 12:35:07	Saving checkpoint to flat_res/ARBERTv2_MTN_UL_VAR_lr2e-5/checkpoints/checkpoint_10.pt
INFO	arabiner.trainers.BertMTNTrainer	Sun, 06 Aug 2023 12:38:55	Epoch 11 | Batch 1052/1052 | Timestep 12624 | LR 0.0000040000 | Loss 0.607501
INFO	arabiner.trainers.BertMTNTrainer	Sun, 06 Aug 2023 12:38:55	** Evaluating on validation dataset **
INFO	root	Sun, 06 Aug 2023 12:39:14	
              precision    recall  f1-score   support

    CARDINAL     0.9016    0.9066    0.9041       182
        CURR     0.0000    0.0000    0.0000         1
        DATE     0.9422    0.9572    0.9497      1567
       EVENT     0.7481    0.7984    0.7725       253
         FAC     0.6771    0.7647    0.7182        85
         GPE     0.9057    0.9081    0.9069      1132
    LANGUAGE     0.8125    0.8667    0.8387        15
         LAW     0.9091    0.9091    0.9091        44
         LOC     0.7969    0.8095    0.8031        63
       MONEY     0.9048    0.9500    0.9268        20
        NORP     0.7510    0.7787    0.7646       488
         OCC     0.8587    0.8934    0.8757       544
     ORDINAL     0.9184    0.9610    0.9392       410
         ORG     0.9229    0.9253    0.9241      1566
     PERCENT     1.0000    1.0000    1.0000        13
        PERS     0.9367    0.9554    0.9459       650
     PRODUCT     0.5000    0.6000    0.5455         5
    QUANTITY     1.0000    1.0000    1.0000         3
        TIME     0.7500    0.8182    0.7826        55
     WEBSITE     0.6154    0.5333    0.5714        45

   micro avg     0.8935    0.9104    0.9019      7141
   macro avg     0.7926    0.8168    0.8039      7141
weighted avg     0.8941    0.9104    0.9021      7141

INFO	arabiner.trainers.BertMTNTrainer	Sun, 06 Aug 2023 12:39:15	Epoch 11 | Timestep 12624 | Train Loss 0.181795 | Val Loss 0.745129 | F1 0.901852
INFO	arabiner.trainers.BertMTNTrainer	Sun, 06 Aug 2023 12:39:15	** Validation improved, evaluating test data **
INFO	root	Sun, 06 Aug 2023 12:39:53	Predictions written to flat_res/ARBERTv2_MTN_UL_VAR_lr2e-5/predictions.txt
INFO	root	Sun, 06 Aug 2023 12:39:54	
              precision    recall  f1-score   support

    CARDINAL     0.0000    0.0000    0.0000         0
        DATE     0.0000    0.0000    0.0000         0
       EVENT     0.0000    0.0000    0.0000         0
         FAC     0.0000    0.0000    0.0000         0
         GPE     0.0000    0.0000    0.0000         0
    LANGUAGE     0.0000    0.0000    0.0000         0
         LAW     0.0000    0.0000    0.0000         0
         LOC     0.0000    0.0000    0.0000         0
       MONEY     0.0000    0.0000    0.0000         0
        NORP     0.0000    0.0000    0.0000         0
         OCC     0.0000    0.0000    0.0000         0
     ORDINAL     0.0000    0.0000    0.0000         0
         ORG     0.0000    0.0000    0.0000         0
     PERCENT     0.0000    0.0000    0.0000         0
        PERS     0.0000    0.0000    0.0000         0
     PRODUCT     0.0000    0.0000    0.0000         0
    QUANTITY     0.0000    0.0000    0.0000         0
        TIME     0.0000    0.0000    0.0000         0
     WEBSITE     0.0000    0.0000    0.0000         0

   micro avg     0.0000    0.0000    0.0000         0
   macro avg     0.0000    0.0000    0.0000         0
weighted avg     0.0000    0.0000    0.0000         0

INFO	arabiner.trainers.BertMTNTrainer	Sun, 06 Aug 2023 12:39:55	Epoch 11 | Timestep 12624 | Test Loss 23.061714 | F1 0.000000
INFO	arabiner.trainers.BaseTrainer	Sun, 06 Aug 2023 12:39:55	Saving checkpoint to flat_res/ARBERTv2_MTN_UL_VAR_lr2e-5/checkpoints/checkpoint_11.pt
INFO	arabiner.trainers.BertMTNTrainer	Sun, 06 Aug 2023 12:43:43	Epoch 12 | Batch 1052/1052 | Timestep 13676 | LR 0.0000026667 | Loss 0.540846
INFO	arabiner.trainers.BertMTNTrainer	Sun, 06 Aug 2023 12:43:43	** Evaluating on validation dataset **
INFO	root	Sun, 06 Aug 2023 12:44:03	
              precision    recall  f1-score   support

    CARDINAL     0.9086    0.9286    0.9185       182
        CURR     0.0000    0.0000    0.0000         1
        DATE     0.9518    0.9572    0.9545      1567
       EVENT     0.7547    0.7905    0.7722       253
         FAC     0.6809    0.7529    0.7151        85
         GPE     0.9000    0.9143    0.9071      1132
    LANGUAGE     0.8333    1.0000    0.9091        15
         LAW     0.9524    0.9091    0.9302        44
         LOC     0.8065    0.7937    0.8000        63
       MONEY     0.9048    0.9500    0.9268        20
        NORP     0.7565    0.7766    0.7664       488
         OCC     0.8694    0.8934    0.8812       544
     ORDINAL     0.9229    0.9634    0.9427       410
         ORG     0.9149    0.9272    0.9210      1566
     PERCENT     1.0000    1.0000    1.0000        13
        PERS     0.9352    0.9554    0.9452       650
     PRODUCT     0.6000    0.6000    0.6000         5
    QUANTITY     1.0000    1.0000    1.0000         3
        TIME     0.7368    0.7636    0.7500        55
     WEBSITE     0.5610    0.5111    0.5349        45

   micro avg     0.8951    0.9115    0.9032      7141
   macro avg     0.7995    0.8194    0.8088      7141
weighted avg     0.8954    0.9115    0.9033      7141

INFO	arabiner.trainers.BertMTNTrainer	Sun, 06 Aug 2023 12:44:04	Epoch 12 | Timestep 13676 | Train Loss 0.138801 | Val Loss 0.662540 | F1 0.903212
INFO	arabiner.trainers.BertMTNTrainer	Sun, 06 Aug 2023 12:44:04	** Validation improved, evaluating test data **
INFO	root	Sun, 06 Aug 2023 12:44:42	Predictions written to flat_res/ARBERTv2_MTN_UL_VAR_lr2e-5/predictions.txt
INFO	root	Sun, 06 Aug 2023 12:44:43	
              precision    recall  f1-score   support

    CARDINAL     0.0000    0.0000    0.0000         0
        DATE     0.0000    0.0000    0.0000         0
       EVENT     0.0000    0.0000    0.0000         0
         FAC     0.0000    0.0000    0.0000         0
         GPE     0.0000    0.0000    0.0000         0
    LANGUAGE     0.0000    0.0000    0.0000         0
         LAW     0.0000    0.0000    0.0000         0
         LOC     0.0000    0.0000    0.0000         0
       MONEY     0.0000    0.0000    0.0000         0
        NORP     0.0000    0.0000    0.0000         0
         OCC     0.0000    0.0000    0.0000         0
     ORDINAL     0.0000    0.0000    0.0000         0
         ORG     0.0000    0.0000    0.0000         0
     PERCENT     0.0000    0.0000    0.0000         0
        PERS     0.0000    0.0000    0.0000         0
     PRODUCT     0.0000    0.0000    0.0000         0
    QUANTITY     0.0000    0.0000    0.0000         0
        TIME     0.0000    0.0000    0.0000         0
     WEBSITE     0.0000    0.0000    0.0000         0

   micro avg     0.0000    0.0000    0.0000         0
   macro avg     0.0000    0.0000    0.0000         0
weighted avg     0.0000    0.0000    0.0000         0

INFO	arabiner.trainers.BertMTNTrainer	Sun, 06 Aug 2023 12:44:45	Epoch 12 | Timestep 13676 | Test Loss 21.863911 | F1 0.000000
INFO	arabiner.trainers.BaseTrainer	Sun, 06 Aug 2023 12:44:45	Saving checkpoint to flat_res/ARBERTv2_MTN_UL_VAR_lr2e-5/checkpoints/checkpoint_12.pt
INFO	arabiner.trainers.BertMTNTrainer	Sun, 06 Aug 2023 12:48:31	Epoch 13 | Batch 1052/1052 | Timestep 14728 | LR 0.0000013333 | Loss 0.514909
INFO	arabiner.trainers.BertMTNTrainer	Sun, 06 Aug 2023 12:48:31	** Evaluating on validation dataset **
INFO	root	Sun, 06 Aug 2023 12:48:52	
              precision    recall  f1-score   support

    CARDINAL     0.9032    0.9231    0.9130       182
        CURR     0.0000    0.0000    0.0000         1
        DATE     0.9463    0.9566    0.9514      1567
       EVENT     0.7930    0.8024    0.7976       253
         FAC     0.6804    0.7765    0.7253        85
         GPE     0.9025    0.9072    0.9048      1132
    LANGUAGE     0.8125    0.8667    0.8387        15
         LAW     0.9302    0.9091    0.9195        44
         LOC     0.8361    0.8095    0.8226        63
       MONEY     0.9000    0.9000    0.9000        20
        NORP     0.7578    0.7951    0.7760       488
         OCC     0.8683    0.8971    0.8825       544
     ORDINAL     0.9229    0.9634    0.9427       410
         ORG     0.9178    0.9266    0.9221      1566
     PERCENT     1.0000    1.0000    1.0000        13
        PERS     0.9351    0.9538    0.9444       650
     PRODUCT     0.6000    0.6000    0.6000         5
    QUANTITY     1.0000    1.0000    1.0000         3
        TIME     0.7895    0.8182    0.8036        55
     WEBSITE     0.5854    0.5333    0.5581        45

   micro avg     0.8966    0.9123    0.9044      7141
   macro avg     0.8040    0.8169    0.8101      7141
weighted avg     0.8970    0.9123    0.9045      7141

INFO	arabiner.trainers.BertMTNTrainer	Sun, 06 Aug 2023 12:48:52	Epoch 13 | Timestep 14728 | Train Loss 0.124262 | Val Loss 0.658507 | F1 0.904421
INFO	arabiner.trainers.BertMTNTrainer	Sun, 06 Aug 2023 12:48:53	** Validation improved, evaluating test data **
INFO	root	Sun, 06 Aug 2023 12:49:30	Predictions written to flat_res/ARBERTv2_MTN_UL_VAR_lr2e-5/predictions.txt
INFO	root	Sun, 06 Aug 2023 12:49:31	
              precision    recall  f1-score   support

    CARDINAL     0.0000    0.0000    0.0000         0
        DATE     0.0000    0.0000    0.0000         0
       EVENT     0.0000    0.0000    0.0000         0
         FAC     0.0000    0.0000    0.0000         0
         GPE     0.0000    0.0000    0.0000         0
    LANGUAGE     0.0000    0.0000    0.0000         0
         LAW     0.0000    0.0000    0.0000         0
         LOC     0.0000    0.0000    0.0000         0
       MONEY     0.0000    0.0000    0.0000         0
        NORP     0.0000    0.0000    0.0000         0
         OCC     0.0000    0.0000    0.0000         0
     ORDINAL     0.0000    0.0000    0.0000         0
         ORG     0.0000    0.0000    0.0000         0
     PERCENT     0.0000    0.0000    0.0000         0
        PERS     0.0000    0.0000    0.0000         0
     PRODUCT     0.0000    0.0000    0.0000         0
    QUANTITY     0.0000    0.0000    0.0000         0
        TIME     0.0000    0.0000    0.0000         0
     WEBSITE     0.0000    0.0000    0.0000         0

   micro avg     0.0000    0.0000    0.0000         0
   macro avg     0.0000    0.0000    0.0000         0
weighted avg     0.0000    0.0000    0.0000         0

INFO	arabiner.trainers.BertMTNTrainer	Sun, 06 Aug 2023 12:49:33	Epoch 13 | Timestep 14728 | Test Loss 21.010124 | F1 0.000000
INFO	arabiner.trainers.BaseTrainer	Sun, 06 Aug 2023 12:49:33	Saving checkpoint to flat_res/ARBERTv2_MTN_UL_VAR_lr2e-5/checkpoints/checkpoint_13.pt
INFO	arabiner.trainers.BertMTNTrainer	Sun, 06 Aug 2023 12:53:22	Epoch 14 | Batch 1052/1052 | Timestep 15780 | LR 0.0000000000 | Loss 0.229919
INFO	arabiner.trainers.BertMTNTrainer	Sun, 06 Aug 2023 12:53:22	** Evaluating on validation dataset **
INFO	root	Sun, 06 Aug 2023 12:53:41	
              precision    recall  f1-score   support

    CARDINAL     0.9176    0.9176    0.9176       182
        CURR     0.0000    0.0000    0.0000         1
        DATE     0.9476    0.9572    0.9524      1567
       EVENT     0.7891    0.7984    0.7937       253
         FAC     0.6842    0.7647    0.7222        85
         GPE     0.9035    0.9099    0.9067      1132
    LANGUAGE     0.8125    0.8667    0.8387        15
         LAW     0.9302    0.9091    0.9195        44
         LOC     0.8226    0.8095    0.8160        63
       MONEY     0.9000    0.9000    0.9000        20
        NORP     0.7594    0.7889    0.7739       488
         OCC     0.8701    0.8989    0.8843       544
     ORDINAL     0.9251    0.9634    0.9438       410
         ORG     0.9208    0.9285    0.9246      1566
     PERCENT     1.0000    1.0000    1.0000        13
        PERS     0.9336    0.9523    0.9429       650
     PRODUCT     0.6000    0.6000    0.6000         5
    QUANTITY     1.0000    1.0000    1.0000         3
        TIME     0.7895    0.8182    0.8036        55
     WEBSITE     0.6000    0.5333    0.5647        45

   micro avg     0.8984    0.9125    0.9054      7141
   macro avg     0.8053    0.8158    0.8102      7141
weighted avg     0.8986    0.9125    0.9054      7141

INFO	arabiner.trainers.BertMTNTrainer	Sun, 06 Aug 2023 12:53:42	Epoch 14 | Timestep 15780 | Train Loss 0.117084 | Val Loss 0.657528 | F1 0.905377
INFO	arabiner.trainers.BertMTNTrainer	Sun, 06 Aug 2023 12:53:42	** Validation improved, evaluating test data **
INFO	root	Sun, 06 Aug 2023 12:54:20	Predictions written to flat_res/ARBERTv2_MTN_UL_VAR_lr2e-5/predictions.txt
INFO	root	Sun, 06 Aug 2023 12:54:21	
              precision    recall  f1-score   support

    CARDINAL     0.0000    0.0000    0.0000         0
        DATE     0.0000    0.0000    0.0000         0
       EVENT     0.0000    0.0000    0.0000         0
         FAC     0.0000    0.0000    0.0000         0
         GPE     0.0000    0.0000    0.0000         0
    LANGUAGE     0.0000    0.0000    0.0000         0
         LAW     0.0000    0.0000    0.0000         0
         LOC     0.0000    0.0000    0.0000         0
       MONEY     0.0000    0.0000    0.0000         0
        NORP     0.0000    0.0000    0.0000         0
         OCC     0.0000    0.0000    0.0000         0
     ORDINAL     0.0000    0.0000    0.0000         0
         ORG     0.0000    0.0000    0.0000         0
     PERCENT     0.0000    0.0000    0.0000         0
        PERS     0.0000    0.0000    0.0000         0
     PRODUCT     0.0000    0.0000    0.0000         0
    QUANTITY     0.0000    0.0000    0.0000         0
        TIME     0.0000    0.0000    0.0000         0
     WEBSITE     0.0000    0.0000    0.0000         0

   micro avg     0.0000    0.0000    0.0000         0
   macro avg     0.0000    0.0000    0.0000         0
weighted avg     0.0000    0.0000    0.0000         0

INFO	arabiner.trainers.BertMTNTrainer	Sun, 06 Aug 2023 12:54:22	Epoch 14 | Timestep 15780 | Test Loss 23.056406 | F1 0.000000
INFO	arabiner.trainers.BaseTrainer	Sun, 06 Aug 2023 12:54:22	Saving checkpoint to flat_res/ARBERTv2_MTN_UL_VAR_lr2e-5/checkpoints/checkpoint_14.pt
