INFO	__main__	Sun, 06 Aug 2023 11:17:31	Writing config to flat_res/CamelBERT_MIX_MTN_CE_VAR_lr2e-5/args.json
INFO	arabiner.utils.data	Sun, 06 Aug 2023 11:17:31	1052 batches found
INFO	arabiner.utils.data	Sun, 06 Aug 2023 11:17:32	196 batches found
INFO	arabiner.utils.data	Sun, 06 Aug 2023 11:17:32	375 batches found
INFO	torch.distributed.nn.jit.instantiator	Sun, 06 Aug 2023 11:17:32	Created a temporary directory at /tmp/tmpjawigohx
INFO	torch.distributed.nn.jit.instantiator	Sun, 06 Aug 2023 11:17:32	Writing /tmp/tmpjawigohx/_remote_module_non_scriptable.py
INFO	arabiner.trainers.BertMTNTrainer	Sun, 06 Aug 2023 11:19:48	Epoch 0 | Batch 1052/1052 | Timestep 1052 | LR 0.0000186667 | Loss 0.029366
INFO	arabiner.trainers.BertMTNTrainer	Sun, 06 Aug 2023 11:19:48	** Evaluating on validation dataset **
INFO	root	Sun, 06 Aug 2023 11:20:02	
              precision    recall  f1-score   support

    CARDINAL     0.8128    0.8352    0.8238       182
        CURR     0.0000    0.0000    0.0000         1
        DATE     0.9158    0.9438    0.9296      1567
       EVENT     0.6704    0.7154    0.6922       253
         FAC     0.5534    0.6706    0.6064        85
         GPE     0.8235    0.9152    0.8669      1132
    LANGUAGE     1.0000    0.6000    0.7500        15
         LAW     0.6102    0.8182    0.6990        44
         LOC     0.4688    0.4762    0.4724        63
       MONEY     0.7619    0.8000    0.7805        20
        NORP     0.5980    0.7500    0.6655       488
         OCC     0.7829    0.8419    0.8113       544
     ORDINAL     0.8981    0.9024    0.9002       410
         ORG     0.8263    0.8934    0.8585      1566
     PERCENT     0.9167    0.8462    0.8800        13
        PERS     0.9073    0.9338    0.9204       650
     PRODUCT     0.0000    0.0000    0.0000         5
    QUANTITY     0.0000    0.0000    0.0000         3
        TIME     0.6579    0.4545    0.5376        55
     WEBSITE     0.1600    0.0889    0.1143        45

   micro avg     0.8171    0.8733    0.8442      7141
   macro avg     0.6182    0.6243    0.6154      7141
weighted avg     0.8183    0.8733    0.8439      7141

INFO	arabiner.trainers.BertMTNTrainer	Sun, 06 Aug 2023 11:20:02	Epoch 0 | Timestep 1052 | Train Loss 0.550664 | Val Loss 0.067398 | F1 0.844243
INFO	arabiner.trainers.BertMTNTrainer	Sun, 06 Aug 2023 11:20:02	** Validation improved, evaluating test data **
INFO	root	Sun, 06 Aug 2023 11:20:29	Predictions written to flat_res/CamelBERT_MIX_MTN_CE_VAR_lr2e-5/predictions.txt
INFO	root	Sun, 06 Aug 2023 11:20:30	
              precision    recall  f1-score   support

    CARDINAL     0.0000    0.0000    0.0000         0
        DATE     0.0000    0.0000    0.0000         0
       EVENT     0.0000    0.0000    0.0000         0
         FAC     0.0000    0.0000    0.0000         0
         GPE     0.0000    0.0000    0.0000         0
    LANGUAGE     0.0000    0.0000    0.0000         0
         LAW     0.0000    0.0000    0.0000         0
         LOC     0.0000    0.0000    0.0000         0
       MONEY     0.0000    0.0000    0.0000         0
        NORP     0.0000    0.0000    0.0000         0
         OCC     0.0000    0.0000    0.0000         0
     ORDINAL     0.0000    0.0000    0.0000         0
         ORG     0.0000    0.0000    0.0000         0
     PERCENT     0.0000    0.0000    0.0000         0
        PERS     0.0000    0.0000    0.0000         0
    QUANTITY     0.0000    0.0000    0.0000         0
        TIME     0.0000    0.0000    0.0000         0
     WEBSITE     0.0000    0.0000    0.0000         0

   micro avg     0.0000    0.0000    0.0000         0
   macro avg     0.0000    0.0000    0.0000         0
weighted avg     0.0000    0.0000    0.0000         0

INFO	arabiner.trainers.BertMTNTrainer	Sun, 06 Aug 2023 11:20:31	Epoch 0 | Timestep 1052 | Test Loss 1.215580 | F1 0.000000
INFO	arabiner.trainers.BaseTrainer	Sun, 06 Aug 2023 11:20:31	Saving checkpoint to flat_res/CamelBERT_MIX_MTN_CE_VAR_lr2e-5/checkpoints/checkpoint_0.pt
INFO	arabiner.trainers.BertMTNTrainer	Sun, 06 Aug 2023 11:22:49	Epoch 1 | Batch 1052/1052 | Timestep 2104 | LR 0.0000173333 | Loss 0.011418
INFO	arabiner.trainers.BertMTNTrainer	Sun, 06 Aug 2023 11:22:49	** Evaluating on validation dataset **
INFO	root	Sun, 06 Aug 2023 11:23:03	
              precision    recall  f1-score   support

    CARDINAL     0.8588    0.8352    0.8468       182
        CURR     0.0000    0.0000    0.0000         1
        DATE     0.9334    0.9477    0.9405      1567
       EVENT     0.7669    0.7154    0.7403       253
         FAC     0.5000    0.6824    0.5771        85
         GPE     0.8755    0.9072    0.8911      1132
    LANGUAGE     0.8750    0.9333    0.9032        15
         LAW     0.8125    0.8864    0.8478        44
         LOC     0.5286    0.5873    0.5564        63
       MONEY     0.6522    0.7500    0.6977        20
        NORP     0.6182    0.7664    0.6844       488
         OCC     0.8124    0.8438    0.8278       544
     ORDINAL     0.9131    0.9488    0.9306       410
         ORG     0.8959    0.9119    0.9038      1566
     PERCENT     0.9231    0.9231    0.9231        13
        PERS     0.9285    0.9385    0.9334       650
     PRODUCT     0.5000    0.2000    0.2857         5
    QUANTITY     0.0000    0.0000    0.0000         3
        TIME     0.7708    0.6727    0.7184        55
     WEBSITE     0.5263    0.4444    0.4819        45

   micro avg     0.8565    0.8876    0.8717      7141
   macro avg     0.6846    0.6947    0.6845      7141
weighted avg     0.8608    0.8876    0.8732      7141

INFO	arabiner.trainers.BertMTNTrainer	Sun, 06 Aug 2023 11:23:04	Epoch 1 | Timestep 2104 | Train Loss 0.039533 | Val Loss 0.049486 | F1 0.871742
INFO	arabiner.trainers.BertMTNTrainer	Sun, 06 Aug 2023 11:23:04	** Validation improved, evaluating test data **
INFO	root	Sun, 06 Aug 2023 11:23:30	Predictions written to flat_res/CamelBERT_MIX_MTN_CE_VAR_lr2e-5/predictions.txt
INFO	root	Sun, 06 Aug 2023 11:23:31	
              precision    recall  f1-score   support

    CARDINAL     0.0000    0.0000    0.0000         0
        DATE     0.0000    0.0000    0.0000         0
       EVENT     0.0000    0.0000    0.0000         0
         FAC     0.0000    0.0000    0.0000         0
         GPE     0.0000    0.0000    0.0000         0
    LANGUAGE     0.0000    0.0000    0.0000         0
         LAW     0.0000    0.0000    0.0000         0
         LOC     0.0000    0.0000    0.0000         0
       MONEY     0.0000    0.0000    0.0000         0
        NORP     0.0000    0.0000    0.0000         0
         OCC     0.0000    0.0000    0.0000         0
     ORDINAL     0.0000    0.0000    0.0000         0
         ORG     0.0000    0.0000    0.0000         0
     PERCENT     0.0000    0.0000    0.0000         0
        PERS     0.0000    0.0000    0.0000         0
     PRODUCT     0.0000    0.0000    0.0000         0
    QUANTITY     0.0000    0.0000    0.0000         0
        TIME     0.0000    0.0000    0.0000         0
     WEBSITE     0.0000    0.0000    0.0000         0

   micro avg     0.0000    0.0000    0.0000         0
   macro avg     0.0000    0.0000    0.0000         0
weighted avg     0.0000    0.0000    0.0000         0

INFO	arabiner.trainers.BertMTNTrainer	Sun, 06 Aug 2023 11:23:32	Epoch 1 | Timestep 2104 | Test Loss 1.193938 | F1 0.000000
INFO	arabiner.trainers.BaseTrainer	Sun, 06 Aug 2023 11:23:32	Saving checkpoint to flat_res/CamelBERT_MIX_MTN_CE_VAR_lr2e-5/checkpoints/checkpoint_1.pt
INFO	arabiner.trainers.BertMTNTrainer	Sun, 06 Aug 2023 11:25:51	Epoch 2 | Batch 1052/1052 | Timestep 3156 | LR 0.0000160000 | Loss 0.006593
INFO	arabiner.trainers.BertMTNTrainer	Sun, 06 Aug 2023 11:25:51	** Evaluating on validation dataset **
INFO	root	Sun, 06 Aug 2023 11:26:05	
              precision    recall  f1-score   support

    CARDINAL     0.8196    0.8736    0.8457       182
        CURR     0.0000    0.0000    0.0000         1
        DATE     0.9349    0.9534    0.9441      1567
       EVENT     0.7212    0.7668    0.7433       253
         FAC     0.6535    0.7765    0.7097        85
         GPE     0.8713    0.9090    0.8898      1132
    LANGUAGE     0.8235    0.9333    0.8750        15
         LAW     0.8085    0.8636    0.8352        44
         LOC     0.6232    0.6825    0.6515        63
       MONEY     0.7727    0.8500    0.8095        20
        NORP     0.7000    0.7316    0.7154       488
         OCC     0.8553    0.8474    0.8513       544
     ORDINAL     0.9403    0.9220    0.9310       410
         ORG     0.9107    0.9055    0.9081      1566
     PERCENT     0.9286    1.0000    0.9630        13
        PERS     0.9279    0.9508    0.9392       650
     PRODUCT     0.4000    0.4000    0.4000         5
    QUANTITY     0.5000    0.3333    0.4000         3
        TIME     0.7143    0.7273    0.7207        55
     WEBSITE     0.5472    0.6444    0.5918        45

   micro avg     0.8725    0.8922    0.8822      7141
   macro avg     0.7226    0.7536    0.7362      7141
weighted avg     0.8742    0.8922    0.8829      7141

INFO	arabiner.trainers.BertMTNTrainer	Sun, 06 Aug 2023 11:26:06	Epoch 2 | Timestep 3156 | Train Loss 0.024924 | Val Loss 0.049128 | F1 0.882227
INFO	arabiner.trainers.BertMTNTrainer	Sun, 06 Aug 2023 11:26:06	** Validation improved, evaluating test data **
INFO	root	Sun, 06 Aug 2023 11:26:32	Predictions written to flat_res/CamelBERT_MIX_MTN_CE_VAR_lr2e-5/predictions.txt
INFO	root	Sun, 06 Aug 2023 11:26:33	
              precision    recall  f1-score   support

    CARDINAL     0.0000    0.0000    0.0000         0
        DATE     0.0000    0.0000    0.0000         0
       EVENT     0.0000    0.0000    0.0000         0
         FAC     0.0000    0.0000    0.0000         0
         GPE     0.0000    0.0000    0.0000         0
    LANGUAGE     0.0000    0.0000    0.0000         0
         LAW     0.0000    0.0000    0.0000         0
         LOC     0.0000    0.0000    0.0000         0
       MONEY     0.0000    0.0000    0.0000         0
        NORP     0.0000    0.0000    0.0000         0
         OCC     0.0000    0.0000    0.0000         0
     ORDINAL     0.0000    0.0000    0.0000         0
         ORG     0.0000    0.0000    0.0000         0
     PERCENT     0.0000    0.0000    0.0000         0
        PERS     0.0000    0.0000    0.0000         0
     PRODUCT     0.0000    0.0000    0.0000         0
    QUANTITY     0.0000    0.0000    0.0000         0
        TIME     0.0000    0.0000    0.0000         0
     WEBSITE     0.0000    0.0000    0.0000         0

   micro avg     0.0000    0.0000    0.0000         0
   macro avg     0.0000    0.0000    0.0000         0
weighted avg     0.0000    0.0000    0.0000         0

INFO	arabiner.trainers.BertMTNTrainer	Sun, 06 Aug 2023 11:26:34	Epoch 2 | Timestep 3156 | Test Loss 1.389768 | F1 0.000000
INFO	arabiner.trainers.BaseTrainer	Sun, 06 Aug 2023 11:26:34	Saving checkpoint to flat_res/CamelBERT_MIX_MTN_CE_VAR_lr2e-5/checkpoints/checkpoint_2.pt
INFO	arabiner.trainers.BertMTNTrainer	Sun, 06 Aug 2023 11:28:52	Epoch 3 | Batch 1052/1052 | Timestep 4208 | LR 0.0000146667 | Loss 0.093147
INFO	arabiner.trainers.BertMTNTrainer	Sun, 06 Aug 2023 11:28:52	** Evaluating on validation dataset **
INFO	root	Sun, 06 Aug 2023 11:29:06	
              precision    recall  f1-score   support

    CARDINAL     0.8281    0.8736    0.8503       182
        CURR     0.0000    0.0000    0.0000         1
        DATE     0.9410    0.9470    0.9440      1567
       EVENT     0.7866    0.7431    0.7642       253
         FAC     0.6300    0.7412    0.6811        85
         GPE     0.8874    0.8772    0.8823      1132
    LANGUAGE     0.8235    0.9333    0.8750        15
         LAW     0.8125    0.8864    0.8478        44
         LOC     0.7213    0.6984    0.7097        63
       MONEY     0.8095    0.8500    0.8293        20
        NORP     0.6834    0.7520    0.7161       488
         OCC     0.8435    0.8621    0.8527       544
     ORDINAL     0.9308    0.9512    0.9409       410
         ORG     0.9101    0.9112    0.9107      1566
     PERCENT     0.9286    1.0000    0.9630        13
        PERS     0.9231    0.9415    0.9322       650
     PRODUCT     0.4000    0.4000    0.4000         5
    QUANTITY     1.0000    0.6667    0.8000         3
        TIME     0.8182    0.6545    0.7273        55
     WEBSITE     0.6585    0.6000    0.6279        45

   micro avg     0.8786    0.8887    0.8836      7141
   macro avg     0.7668    0.7645    0.7627      7141
weighted avg     0.8799    0.8887    0.8839      7141

INFO	arabiner.trainers.BertMTNTrainer	Sun, 06 Aug 2023 11:29:07	Epoch 3 | Timestep 4208 | Train Loss 0.017320 | Val Loss 0.049939 | F1 0.883598
INFO	arabiner.trainers.BertMTNTrainer	Sun, 06 Aug 2023 11:31:20	Epoch 4 | Batch 1052/1052 | Timestep 5260 | LR 0.0000133333 | Loss 0.006585
INFO	arabiner.trainers.BertMTNTrainer	Sun, 06 Aug 2023 11:31:20	** Evaluating on validation dataset **
INFO	root	Sun, 06 Aug 2023 11:31:34	
              precision    recall  f1-score   support

    CARDINAL     0.8289    0.8516    0.8401       182
        CURR     0.0000    0.0000    0.0000         1
        DATE     0.9361    0.9541    0.9450      1567
       EVENT     0.7113    0.7984    0.7523       253
         FAC     0.7561    0.7294    0.7425        85
         GPE     0.8983    0.8975    0.8979      1132
    LANGUAGE     0.8750    0.9333    0.9032        15
         LAW     0.8125    0.8864    0.8478        44
         LOC     0.7586    0.6984    0.7273        63
       MONEY     0.8571    0.9000    0.8780        20
        NORP     0.6379    0.7725    0.6988       488
         OCC     0.8108    0.8824    0.8451       544
     ORDINAL     0.8975    0.9610    0.9282       410
         ORG     0.8843    0.9272    0.9052      1566
     PERCENT     1.0000    1.0000    1.0000        13
        PERS     0.9175    0.9415    0.9294       650
     PRODUCT     0.6000    0.6000    0.6000         5
    QUANTITY     1.0000    1.0000    1.0000         3
        TIME     0.6842    0.7091    0.6964        55
     WEBSITE     0.6000    0.5333    0.5647        45

   micro avg     0.8619    0.9021    0.8816      7141
   macro avg     0.7733    0.7988    0.7851      7141
weighted avg     0.8651    0.9021    0.8827      7141

INFO	arabiner.trainers.BertMTNTrainer	Sun, 06 Aug 2023 11:31:34	Epoch 4 | Timestep 5260 | Train Loss 0.011564 | Val Loss 0.055562 | F1 0.881560
INFO	arabiner.trainers.BertMTNTrainer	Sun, 06 Aug 2023 11:33:47	Epoch 5 | Batch 1052/1052 | Timestep 6312 | LR 0.0000120000 | Loss 0.001593
INFO	arabiner.trainers.BertMTNTrainer	Sun, 06 Aug 2023 11:33:47	** Evaluating on validation dataset **
INFO	root	Sun, 06 Aug 2023 11:34:01	
              precision    recall  f1-score   support

    CARDINAL     0.8449    0.8681    0.8564       182
        CURR     0.0000    0.0000    0.0000         1
        DATE     0.9421    0.9547    0.9483      1567
       EVENT     0.7353    0.7905    0.7619       253
         FAC     0.7273    0.7529    0.7399        85
         GPE     0.8838    0.9002    0.8919      1132
    LANGUAGE     0.8235    0.9333    0.8750        15
         LAW     0.8163    0.9091    0.8602        44
         LOC     0.6216    0.7302    0.6715        63
       MONEY     0.7826    0.9000    0.8372        20
        NORP     0.7252    0.7787    0.7510       488
         OCC     0.8392    0.8732    0.8559       544
     ORDINAL     0.9461    0.9415    0.9438       410
         ORG     0.8959    0.9234    0.9094      1566
     PERCENT     1.0000    1.0000    1.0000        13
        PERS     0.9300    0.9400    0.9350       650
     PRODUCT     0.6000    0.6000    0.6000         5
    QUANTITY     1.0000    1.0000    1.0000         3
        TIME     0.7925    0.7636    0.7778        55
     WEBSITE     0.6667    0.5333    0.5926        45

   micro avg     0.8782    0.9016    0.8897      7141
   macro avg     0.7786    0.8046    0.7904      7141
weighted avg     0.8794    0.9016    0.8902      7141

INFO	arabiner.trainers.BertMTNTrainer	Sun, 06 Aug 2023 11:34:02	Epoch 5 | Timestep 6312 | Train Loss 0.008780 | Val Loss 0.058245 | F1 0.889718
INFO	arabiner.trainers.BertMTNTrainer	Sun, 06 Aug 2023 11:36:16	Epoch 6 | Batch 1052/1052 | Timestep 7364 | LR 0.0000106667 | Loss 0.004813
INFO	arabiner.trainers.BertMTNTrainer	Sun, 06 Aug 2023 11:36:16	** Evaluating on validation dataset **
INFO	root	Sun, 06 Aug 2023 11:36:29	
              precision    recall  f1-score   support

    CARDINAL     0.8495    0.8681    0.8587       182
        CURR     0.0000    0.0000    0.0000         1
        DATE     0.9433    0.9560    0.9496      1567
       EVENT     0.7376    0.7668    0.7519       253
         FAC     0.6465    0.7529    0.6957        85
         GPE     0.9120    0.8878    0.8997      1132
    LANGUAGE     0.8667    0.8667    0.8667        15
         LAW     0.8333    0.9091    0.8696        44
         LOC     0.7121    0.7460    0.7287        63
       MONEY     0.7391    0.8500    0.7907        20
        NORP     0.7087    0.7828    0.7439       488
         OCC     0.8287    0.8713    0.8495       544
     ORDINAL     0.9327    0.9463    0.9395       410
         ORG     0.9046    0.9144    0.9095      1566
     PERCENT     1.0000    1.0000    1.0000        13
        PERS     0.9329    0.9415    0.9372       650
     PRODUCT     0.5000    0.6000    0.5455         5
    QUANTITY     0.7500    1.0000    0.8571         3
        TIME     0.7347    0.6545    0.6923        55
     WEBSITE     0.6579    0.5556    0.6024        45

   micro avg     0.8812    0.8968    0.8890      7141
   macro avg     0.7595    0.7935    0.7744      7141
weighted avg     0.8831    0.8968    0.8896      7141

INFO	arabiner.trainers.BertMTNTrainer	Sun, 06 Aug 2023 11:36:30	Epoch 6 | Timestep 7364 | Train Loss 0.006578 | Val Loss 0.060360 | F1 0.888951
INFO	arabiner.trainers.BertMTNTrainer	Sun, 06 Aug 2023 11:38:43	Epoch 7 | Batch 1052/1052 | Timestep 8416 | LR 0.0000093333 | Loss 0.003243
INFO	arabiner.trainers.BertMTNTrainer	Sun, 06 Aug 2023 11:38:43	** Evaluating on validation dataset **
INFO	root	Sun, 06 Aug 2023 11:38:57	
              precision    recall  f1-score   support

    CARDINAL     0.8503    0.8736    0.8618       182
        CURR     0.0000    0.0000    0.0000         1
        DATE     0.9401    0.9521    0.9461      1567
       EVENT     0.7269    0.7787    0.7519       253
         FAC     0.7191    0.7529    0.7356        85
         GPE     0.8933    0.9019    0.8976      1132
    LANGUAGE     0.8750    0.9333    0.9032        15
         LAW     0.8913    0.9318    0.9111        44
         LOC     0.7500    0.7619    0.7559        63
       MONEY     0.8182    0.9000    0.8571        20
        NORP     0.6575    0.7869    0.7164       488
         OCC     0.8386    0.8787    0.8582       544
     ORDINAL     0.9372    0.9463    0.9417       410
         ORG     0.9067    0.9189    0.9128      1566
     PERCENT     1.0000    1.0000    1.0000        13
        PERS     0.9204    0.9431    0.9316       650
     PRODUCT     0.6000    0.6000    0.6000         5
    QUANTITY     1.0000    1.0000    1.0000         3
        TIME     0.6607    0.6727    0.6667        55
     WEBSITE     0.6471    0.4889    0.5570        45

   micro avg     0.8744    0.9010    0.8875      7141
   macro avg     0.7816    0.8011    0.7902      7141
weighted avg     0.8772    0.9010    0.8885      7141

INFO	arabiner.trainers.BertMTNTrainer	Sun, 06 Aug 2023 11:38:58	Epoch 7 | Timestep 8416 | Train Loss 0.004916 | Val Loss 0.063230 | F1 0.887509
INFO	arabiner.trainers.BertMTNTrainer	Sun, 06 Aug 2023 11:38:58	Early termination triggered
