INFO	__main__	Sat, 05 Aug 2023 19:44:54	Writing config to nested_res/QARIB_UL_var_lr2e-5/args.json
INFO	arabiner.utils.data	Sat, 05 Aug 2023 19:44:55	1052 batches found
INFO	arabiner.utils.data	Sat, 05 Aug 2023 19:44:55	196 batches found
INFO	arabiner.utils.data	Sat, 05 Aug 2023 19:44:55	375 batches found
INFO	torch.distributed.nn.jit.instantiator	Sat, 05 Aug 2023 19:44:55	Created a temporary directory at /tmp/tmpaiw08t65
INFO	torch.distributed.nn.jit.instantiator	Sat, 05 Aug 2023 19:44:55	Writing /tmp/tmpaiw08t65/_remote_module_non_scriptable.py
INFO	arabiner.trainers.BertNestedTrainer	Sat, 05 Aug 2023 19:48:21	Epoch 0 | Batch 1052/1052 | Timestep 1052 | LR 0.0000186667 | Loss 3.165190
INFO	arabiner.trainers.BertNestedTrainer	Sat, 05 Aug 2023 19:48:21	** Evaluating on validation dataset **
INFO	root	Sat, 05 Aug 2023 19:48:53	
              precision    recall  f1-score   support

    CARDINAL     0.6339    0.7760    0.6978       183
        CURR     0.4828    0.6667    0.5600        21
        DATE     0.9130    0.9257    0.9193      1656
       EVENT     0.5502    0.6779    0.6074       267
         FAC     0.3710    0.7387    0.4940       111
         GPE     0.9257    0.9574    0.9413      2159
    LANGUAGE     0.0000    0.0000    0.0000        15
         LAW     0.2759    0.5455    0.3664        44
         LOC     0.5625    0.5921    0.5769        76
       MONEY     0.2045    0.9000    0.3333        20
        NORP     0.5932    0.7096    0.6462       520
         OCC     0.7186    0.8172    0.7648       547
     ORDINAL     0.8802    0.9187    0.8990       504
         ORG     0.7886    0.8760    0.8300      1831
     PERCENT     0.2157    0.8462    0.3438        13
        PERS     0.9250    0.8616    0.8922       730
     PRODUCT     0.0000    0.0000    0.0000         5
    QUANTITY     0.0000    0.0000    0.0000         3
        TIME     0.0000    0.0000    0.0000        55
        UNIT     0.0000    0.0000    0.0000         3
     WEBSITE     0.0400    0.0222    0.0286        45

   micro avg     0.8004    0.8663    0.8320      8808
   macro avg     0.4324    0.5634    0.4715      8808
weighted avg     0.8121    0.8663    0.8358      8808

INFO	arabiner.trainers.BertNestedTrainer	Sat, 05 Aug 2023 19:49:04	Epoch 0 | Timestep 1052 | Train Loss 4.243593 | Val Loss 3.331012 | F1 0.832016
INFO	arabiner.trainers.BertNestedTrainer	Sat, 05 Aug 2023 19:49:04	** Validation improved, evaluating test data **
INFO	root	Sat, 05 Aug 2023 19:49:42	Predictions written to nested_res/QARIB_UL_var_lr2e-5/predictions.txt
INFO	root	Sat, 05 Aug 2023 19:50:06	
              precision    recall  f1-score   support

    CARDINAL     0.0000    0.0000    0.0000         0
        CURR     0.0000    0.0000    0.0000         0
        DATE     0.0000    0.0000    0.0000         0
       EVENT     0.0000    0.0000    0.0000         0
         FAC     0.0000    0.0000    0.0000         0
         GPE     0.0000    0.0000    0.0000         0
         LAW     0.0000    0.0000    0.0000         0
         LOC     0.0000    0.0000    0.0000         0
       MONEY     0.0000    0.0000    0.0000         0
        NORP     0.0000    0.0000    0.0000         0
         OCC     0.0000    0.0000    0.0000         0
     ORDINAL     0.0000    0.0000    0.0000         0
         ORG     0.0000    0.0000    0.0000         0
     PERCENT     0.0000    0.0000    0.0000         0
        PERS     0.0000    0.0000    0.0000         0
    QUANTITY     0.0000    0.0000    0.0000         0
     WEBSITE     0.0000    0.0000    0.0000         0
        pad>     0.0000    0.0000    0.0000         0

   micro avg     0.0000    0.0000    0.0000         0
   macro avg     0.0000    0.0000    0.0000         0
weighted avg     0.0000    0.0000    0.0000         0

INFO	arabiner.trainers.BertNestedTrainer	Sat, 05 Aug 2023 19:50:28	Epoch 0 | Timestep 1052 | Test Loss 9.908709 | F1 0.000000
INFO	arabiner.trainers.BaseTrainer	Sat, 05 Aug 2023 19:50:28	Saving checkpoint to nested_res/QARIB_UL_var_lr2e-5/checkpoints/checkpoint_0.pt
INFO	arabiner.trainers.BertNestedTrainer	Sat, 05 Aug 2023 19:54:14	Epoch 1 | Batch 1052/1052 | Timestep 2104 | LR 0.0000173333 | Loss 3.083042
INFO	arabiner.trainers.BertNestedTrainer	Sat, 05 Aug 2023 19:54:14	** Evaluating on validation dataset **
INFO	root	Sat, 05 Aug 2023 19:54:46	
              precision    recall  f1-score   support

    CARDINAL     0.8242    0.8197    0.8219       183
        CURR     0.9524    0.9524    0.9524        21
        DATE     0.9331    0.9426    0.9378      1656
       EVENT     0.7742    0.7191    0.7456       267
         FAC     0.7642    0.8468    0.8034       111
         GPE     0.9458    0.9532    0.9495      2159
    LANGUAGE     0.5769    1.0000    0.7317        15
         LAW     0.6842    0.8864    0.7723        44
         LOC     0.7013    0.7105    0.7059        76
       MONEY     0.7600    0.9500    0.8444        20
        NORP     0.5868    0.7538    0.6599       520
         OCC     0.8124    0.8154    0.8139       547
     ORDINAL     0.9364    0.9345    0.9355       504
         ORG     0.8583    0.9001    0.8787      1831
     PERCENT     0.6667    0.9231    0.7742        13
        PERS     0.9174    0.8671    0.8915       730
     PRODUCT     0.0000    0.0000    0.0000         5
    QUANTITY     0.2500    1.0000    0.4000         3
        TIME     0.4444    0.2909    0.3516        55
        UNIT     0.6000    1.0000    0.7500         3
     WEBSITE     0.3607    0.4889    0.4151        45

   micro avg     0.8653    0.8910    0.8780      8808
   macro avg     0.6833    0.7978    0.7207      8808
weighted avg     0.8710    0.8910    0.8797      8808

INFO	arabiner.trainers.BertNestedTrainer	Sat, 05 Aug 2023 19:54:57	Epoch 1 | Timestep 2104 | Train Loss 2.894989 | Val Loss 3.230720 | F1 0.877951
INFO	arabiner.trainers.BertNestedTrainer	Sat, 05 Aug 2023 19:54:57	** Validation improved, evaluating test data **
INFO	root	Sat, 05 Aug 2023 19:55:34	Predictions written to nested_res/QARIB_UL_var_lr2e-5/predictions.txt
INFO	root	Sat, 05 Aug 2023 19:55:58	
              precision    recall  f1-score   support

    CARDINAL     0.0000    0.0000    0.0000         0
        CURR     0.0000    0.0000    0.0000         0
        DATE     0.0000    0.0000    0.0000         0
       EVENT     0.0000    0.0000    0.0000         0
         FAC     0.0000    0.0000    0.0000         0
         GPE     0.0000    0.0000    0.0000         0
    LANGUAGE     0.0000    0.0000    0.0000         0
         LAW     0.0000    0.0000    0.0000         0
         LOC     0.0000    0.0000    0.0000         0
       MONEY     0.0000    0.0000    0.0000         0
        NORP     0.0000    0.0000    0.0000         0
         OCC     0.0000    0.0000    0.0000         0
     ORDINAL     0.0000    0.0000    0.0000         0
         ORG     0.0000    0.0000    0.0000         0
     PERCENT     0.0000    0.0000    0.0000         0
        PERS     0.0000    0.0000    0.0000         0
    QUANTITY     0.0000    0.0000    0.0000         0
        TIME     0.0000    0.0000    0.0000         0
        UNIT     0.0000    0.0000    0.0000         0
     WEBSITE     0.0000    0.0000    0.0000         0
        pad>     0.0000    0.0000    0.0000         0

   micro avg     0.0000    0.0000    0.0000         0
   macro avg     0.0000    0.0000    0.0000         0
weighted avg     0.0000    0.0000    0.0000         0

INFO	arabiner.trainers.BertNestedTrainer	Sat, 05 Aug 2023 19:56:20	Epoch 1 | Timestep 2104 | Test Loss 10.474187 | F1 0.000000
INFO	arabiner.trainers.BaseTrainer	Sat, 05 Aug 2023 19:56:20	Saving checkpoint to nested_res/QARIB_UL_var_lr2e-5/checkpoints/checkpoint_1.pt
INFO	arabiner.trainers.BertNestedTrainer	Sat, 05 Aug 2023 20:00:06	Epoch 2 | Batch 1052/1052 | Timestep 3156 | LR 0.0000160000 | Loss 3.432217
INFO	arabiner.trainers.BertNestedTrainer	Sat, 05 Aug 2023 20:00:06	** Evaluating on validation dataset **
INFO	root	Sat, 05 Aug 2023 20:00:37	
              precision    recall  f1-score   support

    CARDINAL     0.8352    0.8306    0.8329       183
        CURR     1.0000    1.0000    1.0000        21
        DATE     0.9447    0.9487    0.9467      1656
       EVENT     0.6983    0.7715    0.7331       267
         FAC     0.6866    0.8288    0.7510       111
         GPE     0.9471    0.9541    0.9506      2159
    LANGUAGE     0.6522    1.0000    0.7895        15
         LAW     0.5821    0.8864    0.7027        44
         LOC     0.6790    0.7237    0.7006        76
       MONEY     0.8261    0.9500    0.8837        20
        NORP     0.6514    0.7404    0.6931       520
         OCC     0.8177    0.8611    0.8388       547
     ORDINAL     0.8957    0.9544    0.9241       504
         ORG     0.8691    0.9104    0.8893      1831
     PERCENT     0.9231    0.9231    0.9231        13
        PERS     0.9251    0.9301    0.9276       730
     PRODUCT     0.3333    0.2000    0.2500         5
    QUANTITY     0.3750    1.0000    0.5455         3
        TIME     0.5833    0.7636    0.6614        55
        UNIT     0.7500    1.0000    0.8571         3
     WEBSITE     0.3614    0.6667    0.4688        45

   micro avg     0.8697    0.9087    0.8888      8808
   macro avg     0.7303    0.8497    0.7747      8808
weighted avg     0.8763    0.9087    0.8914      8808

INFO	arabiner.trainers.BertNestedTrainer	Sat, 05 Aug 2023 20:00:49	Epoch 2 | Timestep 3156 | Train Loss 2.785955 | Val Loss 3.191592 | F1 0.888790
INFO	arabiner.trainers.BertNestedTrainer	Sat, 05 Aug 2023 20:00:49	** Validation improved, evaluating test data **
INFO	root	Sat, 05 Aug 2023 20:01:27	Predictions written to nested_res/QARIB_UL_var_lr2e-5/predictions.txt
INFO	root	Sat, 05 Aug 2023 20:01:50	
              precision    recall  f1-score   support

    CARDINAL     0.0000    0.0000    0.0000         0
        CURR     0.0000    0.0000    0.0000         0
        DATE     0.0000    0.0000    0.0000         0
       EVENT     0.0000    0.0000    0.0000         0
         FAC     0.0000    0.0000    0.0000         0
         GPE     0.0000    0.0000    0.0000         0
    LANGUAGE     0.0000    0.0000    0.0000         0
         LAW     0.0000    0.0000    0.0000         0
         LOC     0.0000    0.0000    0.0000         0
       MONEY     0.0000    0.0000    0.0000         0
        NORP     0.0000    0.0000    0.0000         0
         OCC     0.0000    0.0000    0.0000         0
     ORDINAL     0.0000    0.0000    0.0000         0
         ORG     0.0000    0.0000    0.0000         0
     PERCENT     0.0000    0.0000    0.0000         0
        PERS     0.0000    0.0000    0.0000         0
     PRODUCT     0.0000    0.0000    0.0000         0
    QUANTITY     0.0000    0.0000    0.0000         0
        TIME     0.0000    0.0000    0.0000         0
        UNIT     0.0000    0.0000    0.0000         0
     WEBSITE     0.0000    0.0000    0.0000         0
        pad>     0.0000    0.0000    0.0000         0

   micro avg     0.0000    0.0000    0.0000         0
   macro avg     0.0000    0.0000    0.0000         0
weighted avg     0.0000    0.0000    0.0000         0

INFO	arabiner.trainers.BertNestedTrainer	Sat, 05 Aug 2023 20:02:13	Epoch 2 | Timestep 3156 | Test Loss 14.532658 | F1 0.000000
INFO	arabiner.trainers.BaseTrainer	Sat, 05 Aug 2023 20:02:13	Saving checkpoint to nested_res/QARIB_UL_var_lr2e-5/checkpoints/checkpoint_2.pt
INFO	arabiner.trainers.BertNestedTrainer	Sat, 05 Aug 2023 20:05:58	Epoch 3 | Batch 1052/1052 | Timestep 4208 | LR 0.0000146667 | Loss 3.413240
INFO	arabiner.trainers.BertNestedTrainer	Sat, 05 Aug 2023 20:05:58	** Evaluating on validation dataset **
INFO	root	Sat, 05 Aug 2023 20:06:29	
              precision    recall  f1-score   support

    CARDINAL     0.8211    0.8525    0.8365       183
        CURR     1.0000    1.0000    1.0000        21
        DATE     0.9333    0.9547    0.9439      1656
       EVENT     0.7961    0.7603    0.7778       267
         FAC     0.7500    0.8378    0.7915       111
         GPE     0.9491    0.9579    0.9534      2159
    LANGUAGE     0.6250    1.0000    0.7692        15
         LAW     0.6500    0.8864    0.7500        44
         LOC     0.6136    0.7105    0.6585        76
       MONEY     0.8636    0.9500    0.9048        20
        NORP     0.6444    0.7596    0.6973       520
         OCC     0.8048    0.8519    0.8277       547
     ORDINAL     0.9195    0.9524    0.9357       504
         ORG     0.8885    0.9093    0.8988      1831
     PERCENT     0.8571    0.9231    0.8889        13
        PERS     0.9250    0.9466    0.9357       730
     PRODUCT     0.2222    0.4000    0.2857         5
    QUANTITY     0.5000    1.0000    0.6667         3
        TIME     0.5915    0.7636    0.6667        55
        UNIT     0.7500    1.0000    0.8571         3
     WEBSITE     0.4444    0.6222    0.5185        45

   micro avg     0.8774    0.9124    0.8945      8808
   macro avg     0.7404    0.8590    0.7888      8808
weighted avg     0.8825    0.9124    0.8966      8808

INFO	arabiner.trainers.BertNestedTrainer	Sat, 05 Aug 2023 20:06:40	Epoch 3 | Timestep 4208 | Train Loss 2.733794 | Val Loss 3.185136 | F1 0.894529
INFO	arabiner.trainers.BertNestedTrainer	Sat, 05 Aug 2023 20:06:40	** Validation improved, evaluating test data **
INFO	root	Sat, 05 Aug 2023 20:07:19	Predictions written to nested_res/QARIB_UL_var_lr2e-5/predictions.txt
INFO	root	Sat, 05 Aug 2023 20:07:42	
              precision    recall  f1-score   support

    CARDINAL     0.0000    0.0000    0.0000         0
        CURR     0.0000    0.0000    0.0000         0
        DATE     0.0000    0.0000    0.0000         0
       EVENT     0.0000    0.0000    0.0000         0
         FAC     0.0000    0.0000    0.0000         0
         GPE     0.0000    0.0000    0.0000         0
    LANGUAGE     0.0000    0.0000    0.0000         0
         LAW     0.0000    0.0000    0.0000         0
         LOC     0.0000    0.0000    0.0000         0
       MONEY     0.0000    0.0000    0.0000         0
        NORP     0.0000    0.0000    0.0000         0
         OCC     0.0000    0.0000    0.0000         0
     ORDINAL     0.0000    0.0000    0.0000         0
         ORG     0.0000    0.0000    0.0000         0
     PERCENT     0.0000    0.0000    0.0000         0
        PERS     0.0000    0.0000    0.0000         0
     PRODUCT     0.0000    0.0000    0.0000         0
    QUANTITY     0.0000    0.0000    0.0000         0
        TIME     0.0000    0.0000    0.0000         0
        UNIT     0.0000    0.0000    0.0000         0
     WEBSITE     0.0000    0.0000    0.0000         0
        pad>     0.0000    0.0000    0.0000         0

   micro avg     0.0000    0.0000    0.0000         0
   macro avg     0.0000    0.0000    0.0000         0
weighted avg     0.0000    0.0000    0.0000         0

INFO	arabiner.trainers.BertNestedTrainer	Sat, 05 Aug 2023 20:08:05	Epoch 3 | Timestep 4208 | Test Loss 12.624621 | F1 0.000000
INFO	arabiner.trainers.BaseTrainer	Sat, 05 Aug 2023 20:08:05	Saving checkpoint to nested_res/QARIB_UL_var_lr2e-5/checkpoints/checkpoint_3.pt
INFO	arabiner.trainers.BertNestedTrainer	Sat, 05 Aug 2023 20:11:51	Epoch 4 | Batch 1052/1052 | Timestep 5260 | LR 0.0000133333 | Loss 2.684356
INFO	arabiner.trainers.BertNestedTrainer	Sat, 05 Aug 2023 20:11:51	** Evaluating on validation dataset **
INFO	root	Sat, 05 Aug 2023 20:12:21	
              precision    recall  f1-score   support

    CARDINAL     0.8492    0.8306    0.8398       183
        CURR     1.0000    1.0000    1.0000        21
        DATE     0.9438    0.9541    0.9489      1656
       EVENT     0.6731    0.7865    0.7254       267
         FAC     0.6549    0.8378    0.7352       111
         GPE     0.9479    0.9611    0.9545      2159
    LANGUAGE     0.7143    1.0000    0.8333        15
         LAW     0.6724    0.8864    0.7647        44
         LOC     0.6627    0.7237    0.6918        76
       MONEY     0.9048    0.9500    0.9268        20
        NORP     0.6860    0.7519    0.7174       520
         OCC     0.8384    0.8537    0.8460       547
     ORDINAL     0.9105    0.9484    0.9291       504
         ORG     0.8844    0.9148    0.8993      1831
     PERCENT     0.9231    0.9231    0.9231        13
        PERS     0.9319    0.9370    0.9344       730
     PRODUCT     0.2222    0.4000    0.2857         5
    QUANTITY     0.5000    1.0000    0.6667         3
        TIME     0.5395    0.7455    0.6260        55
        UNIT     0.7500    1.0000    0.8571         3
     WEBSITE     0.5000    0.6222    0.5545        45

   micro avg     0.8796    0.9131    0.8961      8808
   macro avg     0.7480    0.8584    0.7933      8808
weighted avg     0.8844    0.9131    0.8980      8808

INFO	arabiner.trainers.BertNestedTrainer	Sat, 05 Aug 2023 20:12:32	Epoch 4 | Timestep 5260 | Train Loss 2.700237 | Val Loss 3.180203 | F1 0.896056
INFO	arabiner.trainers.BertNestedTrainer	Sat, 05 Aug 2023 20:12:33	** Validation improved, evaluating test data **
INFO	root	Sat, 05 Aug 2023 20:13:10	Predictions written to nested_res/QARIB_UL_var_lr2e-5/predictions.txt
INFO	root	Sat, 05 Aug 2023 20:13:35	
              precision    recall  f1-score   support

    CARDINAL     0.0000    0.0000    0.0000         0
        CURR     0.0000    0.0000    0.0000         0
        DATE     0.0000    0.0000    0.0000         0
       EVENT     0.0000    0.0000    0.0000         0
         FAC     0.0000    0.0000    0.0000         0
         GPE     0.0000    0.0000    0.0000         0
    LANGUAGE     0.0000    0.0000    0.0000         0
         LAW     0.0000    0.0000    0.0000         0
         LOC     0.0000    0.0000    0.0000         0
       MONEY     0.0000    0.0000    0.0000         0
        NORP     0.0000    0.0000    0.0000         0
         OCC     0.0000    0.0000    0.0000         0
     ORDINAL     0.0000    0.0000    0.0000         0
         ORG     0.0000    0.0000    0.0000         0
     PERCENT     0.0000    0.0000    0.0000         0
        PERS     0.0000    0.0000    0.0000         0
     PRODUCT     0.0000    0.0000    0.0000         0
    QUANTITY     0.0000    0.0000    0.0000         0
        TIME     0.0000    0.0000    0.0000         0
        UNIT     0.0000    0.0000    0.0000         0
     WEBSITE     0.0000    0.0000    0.0000         0
        pad>     0.0000    0.0000    0.0000         0

   micro avg     0.0000    0.0000    0.0000         0
   macro avg     0.0000    0.0000    0.0000         0
weighted avg     0.0000    0.0000    0.0000         0

INFO	arabiner.trainers.BertNestedTrainer	Sat, 05 Aug 2023 20:13:57	Epoch 4 | Timestep 5260 | Test Loss 21.235357 | F1 0.000000
INFO	arabiner.trainers.BaseTrainer	Sat, 05 Aug 2023 20:13:57	Saving checkpoint to nested_res/QARIB_UL_var_lr2e-5/checkpoints/checkpoint_4.pt
INFO	arabiner.trainers.BertNestedTrainer	Sat, 05 Aug 2023 20:17:42	Epoch 5 | Batch 1052/1052 | Timestep 6312 | LR 0.0000120000 | Loss 3.261642
INFO	arabiner.trainers.BertNestedTrainer	Sat, 05 Aug 2023 20:17:42	** Evaluating on validation dataset **
INFO	root	Sat, 05 Aug 2023 20:18:13	
              precision    recall  f1-score   support

    CARDINAL     0.8941    0.8306    0.8612       183
        CURR     0.9545    1.0000    0.9767        21
        DATE     0.9400    0.9559    0.9479      1656
       EVENT     0.7340    0.8165    0.7730       267
         FAC     0.7218    0.8649    0.7869       111
         GPE     0.9494    0.9643    0.9568      2159
    LANGUAGE     0.5769    1.0000    0.7317        15
         LAW     0.8889    0.9091    0.8989        44
         LOC     0.6744    0.7632    0.7160        76
       MONEY     0.9048    0.9500    0.9268        20
        NORP     0.6690    0.7423    0.7037       520
         OCC     0.8149    0.8775    0.8451       547
     ORDINAL     0.9127    0.9544    0.9331       504
         ORG     0.8941    0.9219    0.9078      1831
     PERCENT     0.8571    0.9231    0.8889        13
        PERS     0.9358    0.9384    0.9371       730
     PRODUCT     0.2222    0.4000    0.2857         5
    QUANTITY     0.4286    1.0000    0.6000         3
        TIME     0.6562    0.7636    0.7059        55
        UNIT     0.5000    1.0000    0.6667         3
     WEBSITE     0.5088    0.6444    0.5686        45

   micro avg     0.8850    0.9191    0.9017      8808
   macro avg     0.7447    0.8676    0.7914      8808
weighted avg     0.8891    0.9191    0.9033      8808

INFO	arabiner.trainers.BertNestedTrainer	Sat, 05 Aug 2023 20:18:25	Epoch 5 | Timestep 6312 | Train Loss 2.668617 | Val Loss 3.177649 | F1 0.901699
INFO	arabiner.trainers.BertNestedTrainer	Sat, 05 Aug 2023 20:18:25	** Validation improved, evaluating test data **
INFO	root	Sat, 05 Aug 2023 20:19:02	Predictions written to nested_res/QARIB_UL_var_lr2e-5/predictions.txt
INFO	root	Sat, 05 Aug 2023 20:19:27	
              precision    recall  f1-score   support

    CARDINAL     0.0000    0.0000    0.0000         0
        CURR     0.0000    0.0000    0.0000         0
        DATE     0.0000    0.0000    0.0000         0
       EVENT     0.0000    0.0000    0.0000         0
         FAC     0.0000    0.0000    0.0000         0
         GPE     0.0000    0.0000    0.0000         0
    LANGUAGE     0.0000    0.0000    0.0000         0
         LAW     0.0000    0.0000    0.0000         0
         LOC     0.0000    0.0000    0.0000         0
       MONEY     0.0000    0.0000    0.0000         0
        NORP     0.0000    0.0000    0.0000         0
         OCC     0.0000    0.0000    0.0000         0
     ORDINAL     0.0000    0.0000    0.0000         0
         ORG     0.0000    0.0000    0.0000         0
     PERCENT     0.0000    0.0000    0.0000         0
        PERS     0.0000    0.0000    0.0000         0
     PRODUCT     0.0000    0.0000    0.0000         0
    QUANTITY     0.0000    0.0000    0.0000         0
        TIME     0.0000    0.0000    0.0000         0
        UNIT     0.0000    0.0000    0.0000         0
     WEBSITE     0.0000    0.0000    0.0000         0
        pad>     0.0000    0.0000    0.0000         0

   micro avg     0.0000    0.0000    0.0000         0
   macro avg     0.0000    0.0000    0.0000         0
weighted avg     0.0000    0.0000    0.0000         0

INFO	arabiner.trainers.BertNestedTrainer	Sat, 05 Aug 2023 20:19:50	Epoch 5 | Timestep 6312 | Test Loss 16.143372 | F1 0.000000
INFO	arabiner.trainers.BaseTrainer	Sat, 05 Aug 2023 20:19:50	Saving checkpoint to nested_res/QARIB_UL_var_lr2e-5/checkpoints/checkpoint_5.pt
INFO	arabiner.trainers.BertNestedTrainer	Sat, 05 Aug 2023 20:23:24	Epoch 6 | Batch 1052/1052 | Timestep 7364 | LR 0.0000106667 | Loss 2.389521
INFO	arabiner.trainers.BertNestedTrainer	Sat, 05 Aug 2023 20:23:24	** Evaluating on validation dataset **
INFO	root	Sat, 05 Aug 2023 20:23:55	
              precision    recall  f1-score   support

    CARDINAL     0.8415    0.8415    0.8415       183
        CURR     0.9048    0.9048    0.9048        21
        DATE     0.9448    0.9505    0.9476      1656
       EVENT     0.7261    0.8240    0.7719       267
         FAC     0.7068    0.8468    0.7705       111
         GPE     0.9528    0.9639    0.9583      2159
    LANGUAGE     0.7368    0.9333    0.8235        15
         LAW     0.8667    0.8864    0.8764        44
         LOC     0.7333    0.7237    0.7285        76
       MONEY     0.8636    0.9500    0.9048        20
        NORP     0.6920    0.7519    0.7207       520
         OCC     0.8241    0.8739    0.8483       547
     ORDINAL     0.9266    0.9524    0.9393       504
         ORG     0.8968    0.9203    0.9084      1831
     PERCENT     1.0000    0.9231    0.9600        13
        PERS     0.9408    0.9356    0.9382       730
     PRODUCT     0.6667    0.4000    0.5000         5
    QUANTITY     0.6667    0.6667    0.6667         3
        TIME     0.6842    0.7091    0.6964        55
        UNIT     1.0000    0.6667    0.8000         3
     WEBSITE     0.4255    0.4444    0.4348        45

   micro avg     0.8916    0.9154    0.9034      8808
   macro avg     0.8096    0.8128    0.8067      8808
weighted avg     0.8939    0.9154    0.9043      8808

INFO	arabiner.trainers.BertNestedTrainer	Sat, 05 Aug 2023 20:24:07	Epoch 6 | Timestep 7364 | Train Loss 2.486142 | Val Loss 2.647479 | F1 0.903367
INFO	arabiner.trainers.BertNestedTrainer	Sat, 05 Aug 2023 20:24:07	** Validation improved, evaluating test data **
INFO	root	Sat, 05 Aug 2023 20:24:44	Predictions written to nested_res/QARIB_UL_var_lr2e-5/predictions.txt
INFO	root	Sat, 05 Aug 2023 20:25:08	
              precision    recall  f1-score   support

    CARDINAL     0.0000    0.0000    0.0000         0
        CURR     0.0000    0.0000    0.0000         0
        DATE     0.0000    0.0000    0.0000         0
       EVENT     0.0000    0.0000    0.0000         0
         FAC     0.0000    0.0000    0.0000         0
         GPE     0.0000    0.0000    0.0000         0
    LANGUAGE     0.0000    0.0000    0.0000         0
         LAW     0.0000    0.0000    0.0000         0
         LOC     0.0000    0.0000    0.0000         0
       MONEY     0.0000    0.0000    0.0000         0
        NORP     0.0000    0.0000    0.0000         0
         OCC     0.0000    0.0000    0.0000         0
     ORDINAL     0.0000    0.0000    0.0000         0
         ORG     0.0000    0.0000    0.0000         0
     PERCENT     0.0000    0.0000    0.0000         0
        PERS     0.0000    0.0000    0.0000         0
     PRODUCT     0.0000    0.0000    0.0000         0
    QUANTITY     0.0000    0.0000    0.0000         0
        TIME     0.0000    0.0000    0.0000         0
        UNIT     0.0000    0.0000    0.0000         0
     WEBSITE     0.0000    0.0000    0.0000         0
        pad>     0.0000    0.0000    0.0000         0

   micro avg     0.0000    0.0000    0.0000         0
   macro avg     0.0000    0.0000    0.0000         0
weighted avg     0.0000    0.0000    0.0000         0

INFO	arabiner.trainers.BertNestedTrainer	Sat, 05 Aug 2023 20:25:30	Epoch 6 | Timestep 7364 | Test Loss 11.109353 | F1 0.000000
INFO	arabiner.trainers.BaseTrainer	Sat, 05 Aug 2023 20:25:30	Saving checkpoint to nested_res/QARIB_UL_var_lr2e-5/checkpoints/checkpoint_6.pt
INFO	arabiner.trainers.BertNestedTrainer	Sat, 05 Aug 2023 20:29:04	Epoch 7 | Batch 1052/1052 | Timestep 8416 | LR 0.0000093333 | Loss 2.425130
INFO	arabiner.trainers.BertNestedTrainer	Sat, 05 Aug 2023 20:29:04	** Evaluating on validation dataset **
INFO	root	Sat, 05 Aug 2023 20:29:35	
              precision    recall  f1-score   support

    CARDINAL     0.8629    0.8251    0.8436       183
        CURR     0.9524    0.9524    0.9524        21
        DATE     0.9404    0.9529    0.9466      1656
       EVENT     0.7143    0.8240    0.7652       267
         FAC     0.7045    0.8378    0.7654       111
         GPE     0.9446    0.9634    0.9539      2159
    LANGUAGE     0.9167    0.7333    0.8148        15
         LAW     0.8864    0.8864    0.8864        44
         LOC     0.7229    0.7895    0.7547        76
       MONEY     0.6667    0.7000    0.6829        20
        NORP     0.6446    0.7673    0.7006       520
         OCC     0.8251    0.8885    0.8556       547
     ORDINAL     0.9096    0.9583    0.9333       504
         ORG     0.8935    0.9121    0.9027      1831
     PERCENT     1.0000    0.9231    0.9600        13
        PERS     0.9349    0.9438    0.9393       730
     PRODUCT     0.4000    0.4000    0.4000         5
    QUANTITY     0.5000    0.6667    0.5714         3
        TIME     0.5500    0.8000    0.6519        55
        UNIT     1.0000    0.6667    0.8000         3
     WEBSITE     0.5778    0.5778    0.5778        45

   micro avg     0.8813    0.9175    0.8990      8808
   macro avg     0.7880    0.8080    0.7933      8808
weighted avg     0.8860    0.9175    0.9009      8808

INFO	arabiner.trainers.BertNestedTrainer	Sat, 05 Aug 2023 20:29:46	Epoch 7 | Timestep 8416 | Train Loss 1.918504 | Val Loss 2.075849 | F1 0.899038
INFO	arabiner.trainers.BertNestedTrainer	Sat, 05 Aug 2023 20:29:46	** Validation improved, evaluating test data **
INFO	root	Sat, 05 Aug 2023 20:30:24	Predictions written to nested_res/QARIB_UL_var_lr2e-5/predictions.txt
INFO	root	Sat, 05 Aug 2023 20:30:48	
              precision    recall  f1-score   support

    CARDINAL     0.0000    0.0000    0.0000         0
        CURR     0.0000    0.0000    0.0000         0
        DATE     0.0000    0.0000    0.0000         0
       EVENT     0.0000    0.0000    0.0000         0
         FAC     0.0000    0.0000    0.0000         0
         GPE     0.0000    0.0000    0.0000         0
    LANGUAGE     0.0000    0.0000    0.0000         0
         LAW     0.0000    0.0000    0.0000         0
         LOC     0.0000    0.0000    0.0000         0
       MONEY     0.0000    0.0000    0.0000         0
        NORP     0.0000    0.0000    0.0000         0
         OCC     0.0000    0.0000    0.0000         0
     ORDINAL     0.0000    0.0000    0.0000         0
         ORG     0.0000    0.0000    0.0000         0
     PERCENT     0.0000    0.0000    0.0000         0
        PERS     0.0000    0.0000    0.0000         0
     PRODUCT     0.0000    0.0000    0.0000         0
    QUANTITY     0.0000    0.0000    0.0000         0
        TIME     0.0000    0.0000    0.0000         0
        UNIT     0.0000    0.0000    0.0000         0
     WEBSITE     0.0000    0.0000    0.0000         0
        pad>     0.0000    0.0000    0.0000         0

   micro avg     0.0000    0.0000    0.0000         0
   macro avg     0.0000    0.0000    0.0000         0
weighted avg     0.0000    0.0000    0.0000         0

INFO	arabiner.trainers.BertNestedTrainer	Sat, 05 Aug 2023 20:31:10	Epoch 7 | Timestep 8416 | Test Loss 8.420544 | F1 0.000000
INFO	arabiner.trainers.BaseTrainer	Sat, 05 Aug 2023 20:31:10	Saving checkpoint to nested_res/QARIB_UL_var_lr2e-5/checkpoints/checkpoint_7.pt
INFO	arabiner.trainers.BertNestedTrainer	Sat, 05 Aug 2023 20:34:47	Epoch 8 | Batch 1052/1052 | Timestep 9468 | LR 0.0000080000 | Loss 1.564825
INFO	arabiner.trainers.BertNestedTrainer	Sat, 05 Aug 2023 20:34:47	** Evaluating on validation dataset **
INFO	root	Sat, 05 Aug 2023 20:35:18	
              precision    recall  f1-score   support

    CARDINAL     0.8772    0.8197    0.8475       183
        CURR     1.0000    1.0000    1.0000        21
        DATE     0.9382    0.9535    0.9458      1656
       EVENT     0.7205    0.8015    0.7589       267
         FAC     0.7323    0.8378    0.7815       111
         GPE     0.9526    0.9592    0.9559      2159
    LANGUAGE     0.7500    1.0000    0.8571        15
         LAW     0.9048    0.8636    0.8837        44
         LOC     0.7342    0.7632    0.7484        76
       MONEY     0.8095    0.8500    0.8293        20
        NORP     0.6831    0.7712    0.7245       520
         OCC     0.8410    0.8702    0.8553       547
     ORDINAL     0.9179    0.9544    0.9358       504
         ORG     0.8956    0.9230    0.9091      1831
     PERCENT     1.0000    0.9231    0.9600        13
        PERS     0.9386    0.9425    0.9405       730
     PRODUCT     0.4000    0.4000    0.4000         5
    QUANTITY     0.3333    0.3333    0.3333         3
        TIME     0.6613    0.7455    0.7009        55
        UNIT     1.0000    0.6667    0.8000         3
     WEBSITE     0.5111    0.5111    0.5111        45

   micro avg     0.8910    0.9166    0.9036      8808
   macro avg     0.7905    0.8043    0.7942      8808
weighted avg     0.8935    0.9166    0.9046      8808

INFO	arabiner.trainers.BertNestedTrainer	Sat, 05 Aug 2023 20:35:29	Epoch 8 | Timestep 9468 | Train Loss 1.401805 | Val Loss 1.714183 | F1 0.903576
INFO	arabiner.trainers.BertNestedTrainer	Sat, 05 Aug 2023 20:35:29	** Validation improved, evaluating test data **
INFO	root	Sat, 05 Aug 2023 20:36:07	Predictions written to nested_res/QARIB_UL_var_lr2e-5/predictions.txt
INFO	root	Sat, 05 Aug 2023 20:36:31	
              precision    recall  f1-score   support

    CARDINAL     0.0000    0.0000    0.0000         0
        CURR     0.0000    0.0000    0.0000         0
        DATE     0.0000    0.0000    0.0000         0
       EVENT     0.0000    0.0000    0.0000         0
         FAC     0.0000    0.0000    0.0000         0
         GPE     0.0000    0.0000    0.0000         0
    LANGUAGE     0.0000    0.0000    0.0000         0
         LAW     0.0000    0.0000    0.0000         0
         LOC     0.0000    0.0000    0.0000         0
       MONEY     0.0000    0.0000    0.0000         0
        NORP     0.0000    0.0000    0.0000         0
         OCC     0.0000    0.0000    0.0000         0
     ORDINAL     0.0000    0.0000    0.0000         0
         ORG     0.0000    0.0000    0.0000         0
     PERCENT     0.0000    0.0000    0.0000         0
        PERS     0.0000    0.0000    0.0000         0
     PRODUCT     0.0000    0.0000    0.0000         0
    QUANTITY     0.0000    0.0000    0.0000         0
        TIME     0.0000    0.0000    0.0000         0
        UNIT     0.0000    0.0000    0.0000         0
     WEBSITE     0.0000    0.0000    0.0000         0
        pad>     0.0000    0.0000    0.0000         0

   micro avg     0.0000    0.0000    0.0000         0
   macro avg     0.0000    0.0000    0.0000         0
weighted avg     0.0000    0.0000    0.0000         0

INFO	arabiner.trainers.BertNestedTrainer	Sat, 05 Aug 2023 20:36:53	Epoch 8 | Timestep 9468 | Test Loss 10.682101 | F1 0.000000
INFO	arabiner.trainers.BaseTrainer	Sat, 05 Aug 2023 20:36:53	Saving checkpoint to nested_res/QARIB_UL_var_lr2e-5/checkpoints/checkpoint_8.pt
INFO	arabiner.trainers.BertNestedTrainer	Sat, 05 Aug 2023 20:40:29	Epoch 9 | Batch 1052/1052 | Timestep 10520 | LR 0.0000066667 | Loss 1.026908
INFO	arabiner.trainers.BertNestedTrainer	Sat, 05 Aug 2023 20:40:29	** Evaluating on validation dataset **
INFO	root	Sat, 05 Aug 2023 20:40:59	
              precision    recall  f1-score   support

    CARDINAL     0.8713    0.8142    0.8418       183
        CURR     1.0000    1.0000    1.0000        21
        DATE     0.9492    0.9595    0.9544      1656
       EVENT     0.7679    0.8052    0.7861       267
         FAC     0.7143    0.8108    0.7595       111
         GPE     0.9485    0.9634    0.9559      2159
    LANGUAGE     0.7368    0.9333    0.8235        15
         LAW     0.8125    0.8864    0.8478        44
         LOC     0.7500    0.7500    0.7500        76
       MONEY     0.9048    0.9500    0.9268        20
        NORP     0.6932    0.7692    0.7293       520
         OCC     0.8248    0.8867    0.8546       547
     ORDINAL     0.9235    0.9583    0.9406       504
         ORG     0.8948    0.9246    0.9095      1831
     PERCENT     1.0000    0.9231    0.9600        13
        PERS     0.9352    0.9493    0.9422       730
     PRODUCT     0.6000    0.6000    0.6000         5
    QUANTITY     1.0000    0.6667    0.8000         3
        TIME     0.7069    0.7455    0.7257        55
        UNIT     0.0000    0.0000    0.0000         3
     WEBSITE     0.5455    0.5333    0.5393        45

   micro avg     0.8939    0.9206    0.9071      8808
   macro avg     0.7895    0.8014    0.7927      8808
weighted avg     0.8954    0.9206    0.9076      8808

INFO	arabiner.trainers.BertNestedTrainer	Sat, 05 Aug 2023 20:41:10	Epoch 9 | Timestep 10520 | Train Loss 1.001629 | Val Loss 1.314424 | F1 0.907098
INFO	arabiner.trainers.BertNestedTrainer	Sat, 05 Aug 2023 20:41:10	** Validation improved, evaluating test data **
INFO	root	Sat, 05 Aug 2023 20:41:47	Predictions written to nested_res/QARIB_UL_var_lr2e-5/predictions.txt
INFO	root	Sat, 05 Aug 2023 20:42:12	
              precision    recall  f1-score   support

    CARDINAL     0.0000    0.0000    0.0000         0
        CURR     0.0000    0.0000    0.0000         0
        DATE     0.0000    0.0000    0.0000         0
       EVENT     0.0000    0.0000    0.0000         0
         FAC     0.0000    0.0000    0.0000         0
         GPE     0.0000    0.0000    0.0000         0
    LANGUAGE     0.0000    0.0000    0.0000         0
         LAW     0.0000    0.0000    0.0000         0
         LOC     0.0000    0.0000    0.0000         0
       MONEY     0.0000    0.0000    0.0000         0
        NORP     0.0000    0.0000    0.0000         0
         OCC     0.0000    0.0000    0.0000         0
     ORDINAL     0.0000    0.0000    0.0000         0
         ORG     0.0000    0.0000    0.0000         0
     PERCENT     0.0000    0.0000    0.0000         0
        PERS     0.0000    0.0000    0.0000         0
     PRODUCT     0.0000    0.0000    0.0000         0
    QUANTITY     0.0000    0.0000    0.0000         0
        TIME     0.0000    0.0000    0.0000         0
     WEBSITE     0.0000    0.0000    0.0000         0
        pad>     0.0000    0.0000    0.0000         0

   micro avg     0.0000    0.0000    0.0000         0
   macro avg     0.0000    0.0000    0.0000         0
weighted avg     0.0000    0.0000    0.0000         0

INFO	arabiner.trainers.BertNestedTrainer	Sat, 05 Aug 2023 20:42:35	Epoch 9 | Timestep 10520 | Test Loss 12.313499 | F1 0.000000
INFO	arabiner.trainers.BaseTrainer	Sat, 05 Aug 2023 20:42:35	Saving checkpoint to nested_res/QARIB_UL_var_lr2e-5/checkpoints/checkpoint_9.pt
INFO	arabiner.trainers.BertNestedTrainer	Sat, 05 Aug 2023 20:46:13	Epoch 10 | Batch 1052/1052 | Timestep 11572 | LR 0.0000053333 | Loss 1.043254
INFO	arabiner.trainers.BertNestedTrainer	Sat, 05 Aug 2023 20:46:13	** Evaluating on validation dataset **
INFO	root	Sat, 05 Aug 2023 20:46:45	
              precision    recall  f1-score   support

    CARDINAL     0.8701    0.8415    0.8556       183
        CURR     1.0000    1.0000    1.0000        21
        DATE     0.9357    0.9577    0.9466      1656
       EVENT     0.7243    0.8165    0.7676       267
         FAC     0.7154    0.8378    0.7718       111
         GPE     0.9530    0.9667    0.9598      2159
    LANGUAGE     0.7500    1.0000    0.8571        15
         LAW     0.8667    0.8864    0.8764        44
         LOC     0.7867    0.7763    0.7815        76
       MONEY     0.9048    0.9500    0.9268        20
        NORP     0.6710    0.7885    0.7250       520
         OCC     0.8248    0.8867    0.8546       547
     ORDINAL     0.9254    0.9603    0.9426       504
         ORG     0.8890    0.9230    0.9057      1831
     PERCENT     1.0000    0.9231    0.9600        13
        PERS     0.9404    0.9507    0.9455       730
     PRODUCT     0.6000    0.6000    0.6000         5
    QUANTITY     0.6667    0.6667    0.6667         3
        TIME     0.7119    0.7636    0.7368        55
        UNIT     1.0000    0.6667    0.8000         3
     WEBSITE     0.4783    0.4889    0.4835        45

   micro avg     0.8880    0.9238    0.9056      8808
   macro avg     0.8197    0.8405    0.8268      8808
weighted avg     0.8912    0.9238    0.9068      8808

INFO	arabiner.trainers.BertNestedTrainer	Sat, 05 Aug 2023 20:46:56	Epoch 10 | Timestep 11572 | Train Loss 0.824010 | Val Loss 1.135204 | F1 0.905570
INFO	arabiner.trainers.BertNestedTrainer	Sat, 05 Aug 2023 20:46:56	** Validation improved, evaluating test data **
INFO	root	Sat, 05 Aug 2023 20:47:34	Predictions written to nested_res/QARIB_UL_var_lr2e-5/predictions.txt
INFO	root	Sat, 05 Aug 2023 20:47:58	
              precision    recall  f1-score   support

    CARDINAL     0.0000    0.0000    0.0000         0
        CURR     0.0000    0.0000    0.0000         0
        DATE     0.0000    0.0000    0.0000         0
       EVENT     0.0000    0.0000    0.0000         0
         FAC     0.0000    0.0000    0.0000         0
         GPE     0.0000    0.0000    0.0000         0
    LANGUAGE     0.0000    0.0000    0.0000         0
         LAW     0.0000    0.0000    0.0000         0
         LOC     0.0000    0.0000    0.0000         0
       MONEY     0.0000    0.0000    0.0000         0
        NORP     0.0000    0.0000    0.0000         0
         OCC     0.0000    0.0000    0.0000         0
     ORDINAL     0.0000    0.0000    0.0000         0
         ORG     0.0000    0.0000    0.0000         0
     PERCENT     0.0000    0.0000    0.0000         0
        PERS     0.0000    0.0000    0.0000         0
     PRODUCT     0.0000    0.0000    0.0000         0
    QUANTITY     0.0000    0.0000    0.0000         0
        TIME     0.0000    0.0000    0.0000         0
        UNIT     0.0000    0.0000    0.0000         0
     WEBSITE     0.0000    0.0000    0.0000         0
        pad>     0.0000    0.0000    0.0000         0

   micro avg     0.0000    0.0000    0.0000         0
   macro avg     0.0000    0.0000    0.0000         0
weighted avg     0.0000    0.0000    0.0000         0

INFO	arabiner.trainers.BertNestedTrainer	Sat, 05 Aug 2023 20:48:20	Epoch 10 | Timestep 11572 | Test Loss 11.083021 | F1 0.000000
INFO	arabiner.trainers.BaseTrainer	Sat, 05 Aug 2023 20:48:20	Saving checkpoint to nested_res/QARIB_UL_var_lr2e-5/checkpoints/checkpoint_10.pt
INFO	arabiner.trainers.BertNestedTrainer	Sat, 05 Aug 2023 20:51:54	Epoch 11 | Batch 1052/1052 | Timestep 12624 | LR 0.0000040000 | Loss 0.433919
INFO	arabiner.trainers.BertNestedTrainer	Sat, 05 Aug 2023 20:51:55	** Evaluating on validation dataset **
INFO	root	Sat, 05 Aug 2023 20:52:26	
              precision    recall  f1-score   support

    CARDINAL     0.8889    0.8306    0.8588       183
        CURR     1.0000    1.0000    1.0000        21
        DATE     0.9395    0.9565    0.9479      1656
       EVENT     0.7483    0.8015    0.7740       267
         FAC     0.7627    0.8108    0.7860       111
         GPE     0.9525    0.9662    0.9593      2159
    LANGUAGE     0.7500    1.0000    0.8571        15
         LAW     0.9070    0.8864    0.8966        44
         LOC     0.7733    0.7632    0.7682        76
       MONEY     0.8636    0.9500    0.9048        20
        NORP     0.6889    0.7750    0.7294       520
         OCC     0.8330    0.8848    0.8582       547
     ORDINAL     0.9235    0.9583    0.9406       504
         ORG     0.8953    0.9203    0.9076      1831
     PERCENT     1.0000    0.9231    0.9600        13
        PERS     0.9378    0.9507    0.9442       730
     PRODUCT     0.4000    0.4000    0.4000         5
    QUANTITY     0.6667    0.6667    0.6667         3
        TIME     0.8235    0.7636    0.7925        55
        UNIT     1.0000    0.6667    0.8000         3
     WEBSITE     0.5000    0.4889    0.4944        45

   micro avg     0.8950    0.9206    0.9077      8808
   macro avg     0.8216    0.8268    0.8212      8808
weighted avg     0.8968    0.9206    0.9083      8808

INFO	arabiner.trainers.BertNestedTrainer	Sat, 05 Aug 2023 20:52:37	Epoch 11 | Timestep 12624 | Train Loss 0.582377 | Val Loss 0.810427 | F1 0.907656
INFO	arabiner.trainers.BertNestedTrainer	Sat, 05 Aug 2023 20:52:37	** Validation improved, evaluating test data **
INFO	root	Sat, 05 Aug 2023 20:53:15	Predictions written to nested_res/QARIB_UL_var_lr2e-5/predictions.txt
INFO	root	Sat, 05 Aug 2023 20:53:38	
              precision    recall  f1-score   support

    CARDINAL     0.0000    0.0000    0.0000         0
        CURR     0.0000    0.0000    0.0000         0
        DATE     0.0000    0.0000    0.0000         0
       EVENT     0.0000    0.0000    0.0000         0
         FAC     0.0000    0.0000    0.0000         0
         GPE     0.0000    0.0000    0.0000         0
    LANGUAGE     0.0000    0.0000    0.0000         0
         LAW     0.0000    0.0000    0.0000         0
         LOC     0.0000    0.0000    0.0000         0
       MONEY     0.0000    0.0000    0.0000         0
        NORP     0.0000    0.0000    0.0000         0
         OCC     0.0000    0.0000    0.0000         0
     ORDINAL     0.0000    0.0000    0.0000         0
         ORG     0.0000    0.0000    0.0000         0
     PERCENT     0.0000    0.0000    0.0000         0
        PERS     0.0000    0.0000    0.0000         0
     PRODUCT     0.0000    0.0000    0.0000         0
    QUANTITY     0.0000    0.0000    0.0000         0
        TIME     0.0000    0.0000    0.0000         0
        UNIT     0.0000    0.0000    0.0000         0
     WEBSITE     0.0000    0.0000    0.0000         0
        pad>     0.0000    0.0000    0.0000         0

   micro avg     0.0000    0.0000    0.0000         0
   macro avg     0.0000    0.0000    0.0000         0
weighted avg     0.0000    0.0000    0.0000         0

INFO	arabiner.trainers.BertNestedTrainer	Sat, 05 Aug 2023 20:54:01	Epoch 11 | Timestep 12624 | Test Loss 9.031466 | F1 0.000000
INFO	arabiner.trainers.BaseTrainer	Sat, 05 Aug 2023 20:54:01	Saving checkpoint to nested_res/QARIB_UL_var_lr2e-5/checkpoints/checkpoint_11.pt
INFO	arabiner.trainers.BertNestedTrainer	Sat, 05 Aug 2023 20:57:35	Epoch 12 | Batch 1052/1052 | Timestep 13676 | LR 0.0000026667 | Loss 0.616924
INFO	arabiner.trainers.BertNestedTrainer	Sat, 05 Aug 2023 20:57:35	** Evaluating on validation dataset **
INFO	root	Sat, 05 Aug 2023 20:58:06	
              precision    recall  f1-score   support

    CARDINAL     0.8830    0.8251    0.8531       183
        CURR     1.0000    1.0000    1.0000        21
        DATE     0.9429    0.9577    0.9503      1656
       EVENT     0.7331    0.8127    0.7709       267
         FAC     0.7581    0.8468    0.8000       111
         GPE     0.9528    0.9625    0.9576      2159
    LANGUAGE     0.7895    1.0000    0.8824        15
         LAW     0.9070    0.8864    0.8966        44
         LOC     0.8056    0.7632    0.7838        76
       MONEY     0.8636    0.9500    0.9048        20
        NORP     0.6808    0.7712    0.7232       520
         OCC     0.8265    0.8885    0.8564       547
     ORDINAL     0.9216    0.9563    0.9387       504
         ORG     0.8871    0.9274    0.9068      1831
     PERCENT     0.9231    0.9231    0.9231        13
        PERS     0.9339    0.9479    0.9409       730
     PRODUCT     0.5000    0.4000    0.4444         5
    QUANTITY     0.6667    0.6667    0.6667         3
        TIME     0.7586    0.8000    0.7788        55
        UNIT     1.0000    0.6667    0.8000         3
     WEBSITE     0.5652    0.5778    0.5714        45

   micro avg     0.8917    0.9225    0.9068      8808
   macro avg     0.8238    0.8348    0.8262      8808
weighted avg     0.8940    0.9225    0.9077      8808

INFO	arabiner.trainers.BertNestedTrainer	Sat, 05 Aug 2023 20:58:18	Epoch 12 | Timestep 13676 | Train Loss 0.400921 | Val Loss 0.800656 | F1 0.906808
INFO	arabiner.trainers.BertNestedTrainer	Sat, 05 Aug 2023 20:58:18	** Validation improved, evaluating test data **
INFO	root	Sat, 05 Aug 2023 20:58:56	Predictions written to nested_res/QARIB_UL_var_lr2e-5/predictions.txt
INFO	root	Sat, 05 Aug 2023 20:59:20	
              precision    recall  f1-score   support

    CARDINAL     0.0000    0.0000    0.0000         0
        CURR     0.0000    0.0000    0.0000         0
        DATE     0.0000    0.0000    0.0000         0
       EVENT     0.0000    0.0000    0.0000         0
         FAC     0.0000    0.0000    0.0000         0
         GPE     0.0000    0.0000    0.0000         0
    LANGUAGE     0.0000    0.0000    0.0000         0
         LAW     0.0000    0.0000    0.0000         0
         LOC     0.0000    0.0000    0.0000         0
       MONEY     0.0000    0.0000    0.0000         0
        NORP     0.0000    0.0000    0.0000         0
         OCC     0.0000    0.0000    0.0000         0
     ORDINAL     0.0000    0.0000    0.0000         0
         ORG     0.0000    0.0000    0.0000         0
     PERCENT     0.0000    0.0000    0.0000         0
        PERS     0.0000    0.0000    0.0000         0
     PRODUCT     0.0000    0.0000    0.0000         0
    QUANTITY     0.0000    0.0000    0.0000         0
        TIME     0.0000    0.0000    0.0000         0
        UNIT     0.0000    0.0000    0.0000         0
     WEBSITE     0.0000    0.0000    0.0000         0
        pad>     0.0000    0.0000    0.0000         0

   micro avg     0.0000    0.0000    0.0000         0
   macro avg     0.0000    0.0000    0.0000         0
weighted avg     0.0000    0.0000    0.0000         0

INFO	arabiner.trainers.BertNestedTrainer	Sat, 05 Aug 2023 20:59:41	Epoch 12 | Timestep 13676 | Test Loss 12.629028 | F1 0.000000
INFO	arabiner.trainers.BaseTrainer	Sat, 05 Aug 2023 20:59:41	Saving checkpoint to nested_res/QARIB_UL_var_lr2e-5/checkpoints/checkpoint_12.pt
INFO	arabiner.trainers.BertNestedTrainer	Sat, 05 Aug 2023 21:03:16	Epoch 13 | Batch 1052/1052 | Timestep 14728 | LR 0.0000013333 | Loss 0.619195
INFO	arabiner.trainers.BertNestedTrainer	Sat, 05 Aug 2023 21:03:16	** Evaluating on validation dataset **
INFO	root	Sat, 05 Aug 2023 21:03:47	
              precision    recall  f1-score   support

    CARDINAL     0.8889    0.8306    0.8588       183
        CURR     1.0000    1.0000    1.0000        21
        DATE     0.9485    0.9571    0.9528      1656
       EVENT     0.7252    0.8202    0.7698       267
         FAC     0.7603    0.8288    0.7931       111
         GPE     0.9524    0.9634    0.9579      2159
    LANGUAGE     0.7895    1.0000    0.8824        15
         LAW     0.9091    0.9091    0.9091        44
         LOC     0.7632    0.7632    0.7632        76
       MONEY     0.8636    0.9500    0.9048        20
        NORP     0.6860    0.7731    0.7269       520
         OCC     0.8316    0.8848    0.8574       547
     ORDINAL     0.9251    0.9563    0.9405       504
         ORG     0.8941    0.9224    0.9081      1831
     PERCENT     0.9231    0.9231    0.9231        13
        PERS     0.9363    0.9466    0.9414       730
     PRODUCT     0.5000    0.4000    0.4444         5
    QUANTITY     0.6667    0.6667    0.6667         3
        TIME     0.8269    0.7818    0.8037        55
        UNIT     1.0000    0.6667    0.8000         3
     WEBSITE     0.5652    0.5778    0.5714        45

   micro avg     0.8951    0.9214    0.9081      8808
   macro avg     0.8265    0.8344    0.8274      8808
weighted avg     0.8974    0.9214    0.9090      8808

INFO	arabiner.trainers.BertNestedTrainer	Sat, 05 Aug 2023 21:03:58	Epoch 13 | Timestep 14728 | Train Loss 0.386159 | Val Loss 0.794304 | F1 0.908084
INFO	arabiner.trainers.BertNestedTrainer	Sat, 05 Aug 2023 21:03:58	** Validation improved, evaluating test data **
INFO	root	Sat, 05 Aug 2023 21:04:37	Predictions written to nested_res/QARIB_UL_var_lr2e-5/predictions.txt
INFO	root	Sat, 05 Aug 2023 21:05:01	
              precision    recall  f1-score   support

    CARDINAL     0.0000    0.0000    0.0000         0
        CURR     0.0000    0.0000    0.0000         0
        DATE     0.0000    0.0000    0.0000         0
       EVENT     0.0000    0.0000    0.0000         0
         FAC     0.0000    0.0000    0.0000         0
         GPE     0.0000    0.0000    0.0000         0
    LANGUAGE     0.0000    0.0000    0.0000         0
         LAW     0.0000    0.0000    0.0000         0
         LOC     0.0000    0.0000    0.0000         0
       MONEY     0.0000    0.0000    0.0000         0
        NORP     0.0000    0.0000    0.0000         0
         OCC     0.0000    0.0000    0.0000         0
     ORDINAL     0.0000    0.0000    0.0000         0
         ORG     0.0000    0.0000    0.0000         0
     PERCENT     0.0000    0.0000    0.0000         0
        PERS     0.0000    0.0000    0.0000         0
     PRODUCT     0.0000    0.0000    0.0000         0
    QUANTITY     0.0000    0.0000    0.0000         0
        TIME     0.0000    0.0000    0.0000         0
        UNIT     0.0000    0.0000    0.0000         0
     WEBSITE     0.0000    0.0000    0.0000         0
        pad>     0.0000    0.0000    0.0000         0

   micro avg     0.0000    0.0000    0.0000         0
   macro avg     0.0000    0.0000    0.0000         0
weighted avg     0.0000    0.0000    0.0000         0

INFO	arabiner.trainers.BertNestedTrainer	Sat, 05 Aug 2023 21:05:23	Epoch 13 | Timestep 14728 | Test Loss 13.551847 | F1 0.000000
INFO	arabiner.trainers.BaseTrainer	Sat, 05 Aug 2023 21:05:23	Saving checkpoint to nested_res/QARIB_UL_var_lr2e-5/checkpoints/checkpoint_13.pt
INFO	arabiner.trainers.BertNestedTrainer	Sat, 05 Aug 2023 21:09:02	Epoch 14 | Batch 1052/1052 | Timestep 15780 | LR 0.0000000000 | Loss 0.889476
INFO	arabiner.trainers.BertNestedTrainer	Sat, 05 Aug 2023 21:09:02	** Evaluating on validation dataset **
INFO	root	Sat, 05 Aug 2023 21:09:33	
              precision    recall  f1-score   support

    CARDINAL     0.8994    0.8306    0.8636       183
        CURR     1.0000    1.0000    1.0000        21
        DATE     0.9491    0.9565    0.9528      1656
       EVENT     0.7356    0.8127    0.7722       267
         FAC     0.7623    0.8378    0.7983       111
         GPE     0.9528    0.9639    0.9583      2159
    LANGUAGE     0.7895    1.0000    0.8824        15
         LAW     0.9070    0.8864    0.8966        44
         LOC     0.7733    0.7632    0.7682        76
       MONEY     0.8636    0.9500    0.9048        20
        NORP     0.6877    0.7750    0.7288       520
         OCC     0.8333    0.8867    0.8592       547
     ORDINAL     0.9232    0.9544    0.9385       504
         ORG     0.8910    0.9241    0.9072      1831
     PERCENT     0.9231    0.9231    0.9231        13
        PERS     0.9350    0.9466    0.9408       730
     PRODUCT     0.7500    0.6000    0.6667         5
    QUANTITY     0.6667    0.6667    0.6667         3
        TIME     0.7963    0.7818    0.7890        55
        UNIT     1.0000    0.6667    0.8000         3
     WEBSITE     0.5778    0.5778    0.5778        45

   micro avg     0.8954    0.9218    0.9084      8808
   macro avg     0.8389    0.8430    0.8378      8808
weighted avg     0.8977    0.9218    0.9093      8808

INFO	arabiner.trainers.BertNestedTrainer	Sat, 05 Aug 2023 21:09:44	Epoch 14 | Timestep 15780 | Train Loss 0.364705 | Val Loss 0.794579 | F1 0.908420
