INFO	__main__	Sun, 06 Aug 2023 11:17:43	Writing config to flat_res/QARIB_MTN_CE_VAR_lr2e-5/args.json
INFO	arabiner.utils.data	Sun, 06 Aug 2023 11:17:44	1052 batches found
INFO	arabiner.utils.data	Sun, 06 Aug 2023 11:17:44	196 batches found
INFO	arabiner.utils.data	Sun, 06 Aug 2023 11:17:44	375 batches found
INFO	torch.distributed.nn.jit.instantiator	Sun, 06 Aug 2023 11:17:44	Created a temporary directory at /tmp/tmpzg51mcrl
INFO	torch.distributed.nn.jit.instantiator	Sun, 06 Aug 2023 11:17:44	Writing /tmp/tmpzg51mcrl/_remote_module_non_scriptable.py
INFO	arabiner.trainers.BertMTNTrainer	Sun, 06 Aug 2023 11:20:09	Epoch 0 | Batch 1052/1052 | Timestep 1052 | LR 0.0000186667 | Loss 0.081938
INFO	arabiner.trainers.BertMTNTrainer	Sun, 06 Aug 2023 11:20:09	** Evaluating on validation dataset **
INFO	root	Sun, 06 Aug 2023 11:20:24	
              precision    recall  f1-score   support

    CARDINAL     0.7778    0.7308    0.7535       182
        CURR     0.0000    0.0000    0.0000         1
        DATE     0.9271    0.9413    0.9341      1567
       EVENT     0.4973    0.7312    0.5920       253
         FAC     0.3684    0.5765    0.4495        85
         GPE     0.8665    0.8083    0.8364      1132
    LANGUAGE     0.8571    0.8000    0.8276        15
         LAW     0.7115    0.8409    0.7708        44
         LOC     0.5686    0.4603    0.5088        63
       MONEY     0.8571    0.9000    0.8780        20
        NORP     0.6260    0.6209    0.6235       488
         OCC     0.8067    0.8364    0.8213       544
     ORDINAL     0.8964    0.9073    0.9018       410
         ORG     0.7910    0.9087    0.8458      1566
     PERCENT     0.4000    0.3077    0.3478        13
        PERS     0.9112    0.9154    0.9133       650
     PRODUCT     0.0000    0.0000    0.0000         5
    QUANTITY     0.0000    0.0000    0.0000         3
        TIME     0.7308    0.3455    0.4691        55
     WEBSITE     0.3125    0.2222    0.2597        45

   micro avg     0.8106    0.8450    0.8274      7141
   macro avg     0.5953    0.5927    0.5867      7141
weighted avg     0.8167    0.8450    0.8280      7141

INFO	arabiner.trainers.BertMTNTrainer	Sun, 06 Aug 2023 11:20:24	Epoch 0 | Timestep 1052 | Train Loss 0.770770 | Val Loss 0.062935 | F1 0.827425
INFO	arabiner.trainers.BertMTNTrainer	Sun, 06 Aug 2023 11:20:24	** Validation improved, evaluating test data **
INFO	root	Sun, 06 Aug 2023 11:20:53	Predictions written to flat_res/QARIB_MTN_CE_VAR_lr2e-5/predictions.txt
INFO	root	Sun, 06 Aug 2023 11:20:54	
              precision    recall  f1-score   support

    CARDINAL     0.0000    0.0000    0.0000         0
        DATE     0.0000    0.0000    0.0000         0
       EVENT     0.0000    0.0000    0.0000         0
         FAC     0.0000    0.0000    0.0000         0
         GPE     0.0000    0.0000    0.0000         0
    LANGUAGE     0.0000    0.0000    0.0000         0
         LAW     0.0000    0.0000    0.0000         0
         LOC     0.0000    0.0000    0.0000         0
       MONEY     0.0000    0.0000    0.0000         0
        NORP     0.0000    0.0000    0.0000         0
         OCC     0.0000    0.0000    0.0000         0
     ORDINAL     0.0000    0.0000    0.0000         0
         ORG     0.0000    0.0000    0.0000         0
     PERCENT     0.0000    0.0000    0.0000         0
        PERS     0.0000    0.0000    0.0000         0
        TIME     0.0000    0.0000    0.0000         0
     WEBSITE     0.0000    0.0000    0.0000         0

   micro avg     0.0000    0.0000    0.0000         0
   macro avg     0.0000    0.0000    0.0000         0
weighted avg     0.0000    0.0000    0.0000         0

INFO	arabiner.trainers.BertMTNTrainer	Sun, 06 Aug 2023 11:20:55	Epoch 0 | Timestep 1052 | Test Loss 1.061230 | F1 0.000000
INFO	arabiner.trainers.BaseTrainer	Sun, 06 Aug 2023 11:20:55	Saving checkpoint to flat_res/QARIB_MTN_CE_VAR_lr2e-5/checkpoints/checkpoint_0.pt
INFO	arabiner.trainers.BertMTNTrainer	Sun, 06 Aug 2023 11:23:23	Epoch 1 | Batch 1052/1052 | Timestep 2104 | LR 0.0000173333 | Loss 0.036007
INFO	arabiner.trainers.BertMTNTrainer	Sun, 06 Aug 2023 11:23:23	** Evaluating on validation dataset **
INFO	root	Sun, 06 Aug 2023 11:23:38	
              precision    recall  f1-score   support

    CARDINAL     0.8571    0.8242    0.8403       182
        CURR     0.0000    0.0000    0.0000         1
        DATE     0.9183    0.9534    0.9355      1567
       EVENT     0.7098    0.7154    0.7126       253
         FAC     0.7143    0.7059    0.7101        85
         GPE     0.8816    0.8684    0.8749      1132
    LANGUAGE     0.7368    0.9333    0.8235        15
         LAW     0.7917    0.8636    0.8261        44
         LOC     0.5600    0.6667    0.6087        63
       MONEY     0.5385    0.7000    0.6087        20
        NORP     0.5528    0.7828    0.6480       488
         OCC     0.8048    0.8566    0.8299       544
     ORDINAL     0.8920    0.9463    0.9183       410
         ORG     0.8642    0.9023    0.8828      1566
     PERCENT     1.0000    0.7692    0.8696        13
        PERS     0.9291    0.9477    0.9383       650
     PRODUCT     0.6667    0.4000    0.5000         5
    QUANTITY     0.5000    0.3333    0.4000         3
        TIME     0.5909    0.7091    0.6446        55
     WEBSITE     0.4286    0.3333    0.3750        45

   micro avg     0.8363    0.8833    0.8592      7141
   macro avg     0.6969    0.7106    0.6974      7141
weighted avg     0.8438    0.8833    0.8617      7141

INFO	arabiner.trainers.BertMTNTrainer	Sun, 06 Aug 2023 11:23:38	Epoch 1 | Timestep 2104 | Train Loss 0.044797 | Val Loss 0.050806 | F1 0.859166
INFO	arabiner.trainers.BertMTNTrainer	Sun, 06 Aug 2023 11:23:38	** Validation improved, evaluating test data **
INFO	root	Sun, 06 Aug 2023 11:24:06	Predictions written to flat_res/QARIB_MTN_CE_VAR_lr2e-5/predictions.txt
INFO	root	Sun, 06 Aug 2023 11:24:08	
              precision    recall  f1-score   support

    CARDINAL     0.0000    0.0000    0.0000         0
        DATE     0.0000    0.0000    0.0000         0
       EVENT     0.0000    0.0000    0.0000         0
         FAC     0.0000    0.0000    0.0000         0
         GPE     0.0000    0.0000    0.0000         0
    LANGUAGE     0.0000    0.0000    0.0000         0
         LAW     0.0000    0.0000    0.0000         0
         LOC     0.0000    0.0000    0.0000         0
       MONEY     0.0000    0.0000    0.0000         0
        NORP     0.0000    0.0000    0.0000         0
         OCC     0.0000    0.0000    0.0000         0
     ORDINAL     0.0000    0.0000    0.0000         0
         ORG     0.0000    0.0000    0.0000         0
     PERCENT     0.0000    0.0000    0.0000         0
        PERS     0.0000    0.0000    0.0000         0
     PRODUCT     0.0000    0.0000    0.0000         0
    QUANTITY     0.0000    0.0000    0.0000         0
        TIME     0.0000    0.0000    0.0000         0
     WEBSITE     0.0000    0.0000    0.0000         0

   micro avg     0.0000    0.0000    0.0000         0
   macro avg     0.0000    0.0000    0.0000         0
weighted avg     0.0000    0.0000    0.0000         0

INFO	arabiner.trainers.BertMTNTrainer	Sun, 06 Aug 2023 11:24:09	Epoch 1 | Timestep 2104 | Test Loss 1.323211 | F1 0.000000
INFO	arabiner.trainers.BaseTrainer	Sun, 06 Aug 2023 11:24:09	Saving checkpoint to flat_res/QARIB_MTN_CE_VAR_lr2e-5/checkpoints/checkpoint_1.pt
INFO	arabiner.trainers.BertMTNTrainer	Sun, 06 Aug 2023 11:26:37	Epoch 2 | Batch 1052/1052 | Timestep 3156 | LR 0.0000160000 | Loss 0.014822
INFO	arabiner.trainers.BertMTNTrainer	Sun, 06 Aug 2023 11:26:37	** Evaluating on validation dataset **
INFO	root	Sun, 06 Aug 2023 11:26:51	
              precision    recall  f1-score   support

    CARDINAL     0.8378    0.8516    0.8447       182
        CURR     0.0000    0.0000    0.0000         1
        DATE     0.9413    0.9521    0.9467      1567
       EVENT     0.6545    0.7787    0.7112       253
         FAC     0.6400    0.7529    0.6919        85
         GPE     0.8938    0.8922    0.8930      1132
    LANGUAGE     0.7368    0.9333    0.8235        15
         LAW     0.6613    0.9318    0.7736        44
         LOC     0.6769    0.6984    0.6875        63
       MONEY     0.2903    0.4500    0.3529        20
        NORP     0.7117    0.7234    0.7175       488
         OCC     0.8425    0.8750    0.8584       544
     ORDINAL     0.9021    0.9439    0.9225       410
         ORG     0.8807    0.9100    0.8951      1566
     PERCENT     0.7692    0.7692    0.7692        13
        PERS     0.9214    0.9554    0.9381       650
     PRODUCT     0.3333    0.4000    0.3636         5
    QUANTITY     1.0000    1.0000    1.0000         3
        TIME     0.7736    0.7455    0.7593        55
     WEBSITE     0.4419    0.4222    0.4318        45

   micro avg     0.8624    0.8911    0.8765      7141
   macro avg     0.6955    0.7493    0.7190      7141
weighted avg     0.8652    0.8911    0.8775      7141

INFO	arabiner.trainers.BertMTNTrainer	Sun, 06 Aug 2023 11:26:52	Epoch 2 | Timestep 3156 | Train Loss 0.030881 | Val Loss 0.047879 | F1 0.876507
INFO	arabiner.trainers.BertMTNTrainer	Sun, 06 Aug 2023 11:26:52	** Validation improved, evaluating test data **
INFO	root	Sun, 06 Aug 2023 11:27:20	Predictions written to flat_res/QARIB_MTN_CE_VAR_lr2e-5/predictions.txt
INFO	root	Sun, 06 Aug 2023 11:27:21	
              precision    recall  f1-score   support

    CARDINAL     0.0000    0.0000    0.0000         0
        DATE     0.0000    0.0000    0.0000         0
       EVENT     0.0000    0.0000    0.0000         0
         FAC     0.0000    0.0000    0.0000         0
         GPE     0.0000    0.0000    0.0000         0
    LANGUAGE     0.0000    0.0000    0.0000         0
         LAW     0.0000    0.0000    0.0000         0
         LOC     0.0000    0.0000    0.0000         0
       MONEY     0.0000    0.0000    0.0000         0
        NORP     0.0000    0.0000    0.0000         0
         OCC     0.0000    0.0000    0.0000         0
     ORDINAL     0.0000    0.0000    0.0000         0
         ORG     0.0000    0.0000    0.0000         0
     PERCENT     0.0000    0.0000    0.0000         0
        PERS     0.0000    0.0000    0.0000         0
     PRODUCT     0.0000    0.0000    0.0000         0
    QUANTITY     0.0000    0.0000    0.0000         0
        TIME     0.0000    0.0000    0.0000         0
     WEBSITE     0.0000    0.0000    0.0000         0

   micro avg     0.0000    0.0000    0.0000         0
   macro avg     0.0000    0.0000    0.0000         0
weighted avg     0.0000    0.0000    0.0000         0

INFO	arabiner.trainers.BertMTNTrainer	Sun, 06 Aug 2023 11:27:22	Epoch 2 | Timestep 3156 | Test Loss 1.520566 | F1 0.000000
INFO	arabiner.trainers.BaseTrainer	Sun, 06 Aug 2023 11:27:22	Saving checkpoint to flat_res/QARIB_MTN_CE_VAR_lr2e-5/checkpoints/checkpoint_2.pt
INFO	arabiner.trainers.BertMTNTrainer	Sun, 06 Aug 2023 11:29:50	Epoch 3 | Batch 1052/1052 | Timestep 4208 | LR 0.0000146667 | Loss 0.004589
INFO	arabiner.trainers.BertMTNTrainer	Sun, 06 Aug 2023 11:29:50	** Evaluating on validation dataset **
INFO	root	Sun, 06 Aug 2023 11:30:05	
              precision    recall  f1-score   support

    CARDINAL     0.8800    0.8462    0.8627       182
        CURR     0.0000    0.0000    0.0000         1
        DATE     0.9312    0.9585    0.9447      1567
       EVENT     0.6814    0.7945    0.7336       253
         FAC     0.6190    0.7647    0.6842        85
         GPE     0.8843    0.8984    0.8913      1132
    LANGUAGE     0.8235    0.9333    0.8750        15
         LAW     0.7407    0.9091    0.8163        44
         LOC     0.7258    0.7143    0.7200        63
       MONEY     0.8095    0.8500    0.8293        20
        NORP     0.7069    0.7316    0.7190       488
         OCC     0.8125    0.8603    0.8357       544
     ORDINAL     0.9106    0.9439    0.9269       410
         ORG     0.8952    0.9106    0.9028      1566
     PERCENT     0.9167    0.8462    0.8800        13
        PERS     0.9435    0.9508    0.9471       650
     PRODUCT     0.3333    0.4000    0.3636         5
    QUANTITY     1.0000    1.0000    1.0000         3
        TIME     0.7241    0.7636    0.7434        55
     WEBSITE     0.5227    0.5111    0.5169        45

   micro avg     0.8674    0.8951    0.8810      7141
   macro avg     0.7431    0.7793    0.7596      7141
weighted avg     0.8693    0.8951    0.8817      7141

INFO	arabiner.trainers.BertMTNTrainer	Sun, 06 Aug 2023 11:30:06	Epoch 3 | Timestep 4208 | Train Loss 0.018881 | Val Loss 0.048292 | F1 0.881048
INFO	arabiner.trainers.BertMTNTrainer	Sun, 06 Aug 2023 11:32:27	Epoch 4 | Batch 1052/1052 | Timestep 5260 | LR 0.0000133333 | Loss 0.003173
INFO	arabiner.trainers.BertMTNTrainer	Sun, 06 Aug 2023 11:32:27	** Evaluating on validation dataset **
INFO	root	Sun, 06 Aug 2023 11:32:42	
              precision    recall  f1-score   support

    CARDINAL     0.8361    0.8407    0.8384       182
        CURR     1.0000    1.0000    1.0000         1
        DATE     0.9280    0.9547    0.9412      1567
       EVENT     0.7713    0.7866    0.7789       253
         FAC     0.6250    0.7647    0.6878        85
         GPE     0.8831    0.9011    0.8920      1132
    LANGUAGE     0.8333    1.0000    0.9091        15
         LAW     0.8367    0.9318    0.8817        44
         LOC     0.7344    0.7460    0.7402        63
       MONEY     0.8095    0.8500    0.8293        20
        NORP     0.6873    0.7520    0.7182       488
         OCC     0.8064    0.8805    0.8418       544
     ORDINAL     0.8922    0.9488    0.9196       410
         ORG     0.8639    0.9157    0.8890      1566
     PERCENT     0.8182    0.6923    0.7500        13
        PERS     0.9162    0.9585    0.9368       650
     PRODUCT     0.5000    0.6000    0.5455         5
    QUANTITY     0.7500    1.0000    0.8571         3
        TIME     0.7258    0.8182    0.7692        55
     WEBSITE     0.5000    0.4222    0.4578        45

   micro avg     0.8578    0.8997    0.8783      7141
   macro avg     0.7859    0.8382    0.8092      7141
weighted avg     0.8589    0.8997    0.8786      7141

INFO	arabiner.trainers.BertMTNTrainer	Sun, 06 Aug 2023 11:32:43	Epoch 4 | Timestep 5260 | Train Loss 0.013613 | Val Loss 0.057455 | F1 0.878272
INFO	arabiner.trainers.BertMTNTrainer	Sun, 06 Aug 2023 11:35:05	Epoch 5 | Batch 1052/1052 | Timestep 6312 | LR 0.0000120000 | Loss 0.001538
INFO	arabiner.trainers.BertMTNTrainer	Sun, 06 Aug 2023 11:35:05	** Evaluating on validation dataset **
INFO	root	Sun, 06 Aug 2023 11:35:19	
              precision    recall  f1-score   support

    CARDINAL     0.8475    0.8242    0.8357       182
        CURR     1.0000    1.0000    1.0000         1
        DATE     0.9455    0.9521    0.9488      1567
       EVENT     0.7708    0.7708    0.7708       253
         FAC     0.6596    0.7294    0.6927        85
         GPE     0.8974    0.8966    0.8970      1132
    LANGUAGE     0.8333    1.0000    0.9091        15
         LAW     0.8163    0.9091    0.8602        44
         LOC     0.7538    0.7778    0.7656        63
       MONEY     0.7826    0.9000    0.8372        20
        NORP     0.7245    0.7275    0.7260       488
         OCC     0.8387    0.8695    0.8538       544
     ORDINAL     0.9153    0.9488    0.9317       410
         ORG     0.8843    0.9074    0.8957      1566
     PERCENT     0.8333    0.7692    0.8000        13
        PERS     0.9319    0.9477    0.9397       650
     PRODUCT     0.3333    0.4000    0.3636         5
    QUANTITY     0.6667    0.6667    0.6667         3
        TIME     0.8077    0.7636    0.7850        55
     WEBSITE     0.4706    0.5333    0.5000        45

   micro avg     0.8775    0.8922    0.8848      7141
   macro avg     0.7857    0.8147    0.7990      7141
weighted avg     0.8782    0.8922    0.8850      7141

INFO	arabiner.trainers.BertMTNTrainer	Sun, 06 Aug 2023 11:35:20	Epoch 5 | Timestep 6312 | Train Loss 0.011111 | Val Loss 0.058323 | F1 0.884800
INFO	arabiner.trainers.BertMTNTrainer	Sun, 06 Aug 2023 11:37:42	Epoch 6 | Batch 1052/1052 | Timestep 7364 | LR 0.0000106667 | Loss 0.068709
INFO	arabiner.trainers.BertMTNTrainer	Sun, 06 Aug 2023 11:37:42	** Evaluating on validation dataset **
INFO	root	Sun, 06 Aug 2023 11:37:57	
              precision    recall  f1-score   support

    CARDINAL     0.8387    0.8571    0.8478       182
        CURR     0.0000    0.0000    0.0000         1
        DATE     0.9263    0.9623    0.9440      1567
       EVENT     0.7283    0.7945    0.7599       253
         FAC     0.6389    0.8118    0.7150        85
         GPE     0.9007    0.9055    0.9031      1132
    LANGUAGE     0.8333    1.0000    0.9091        15
         LAW     0.8367    0.9318    0.8817        44
         LOC     0.6806    0.7778    0.7259        63
       MONEY     0.8182    0.9000    0.8571        20
        NORP     0.6388    0.7828    0.7035       488
         OCC     0.8354    0.8768    0.8556       544
     ORDINAL     0.9178    0.9537    0.9354       410
         ORG     0.8767    0.9170    0.8964      1566
     PERCENT     0.9167    0.8462    0.8800        13
        PERS     0.9214    0.9554    0.9381       650
     PRODUCT     0.2857    0.4000    0.3333         5
    QUANTITY     1.0000    1.0000    1.0000         3
        TIME     0.7333    0.8000    0.7652        55
     WEBSITE     0.5306    0.5778    0.5532        45

   micro avg     0.8592    0.9067    0.8823      7141
   macro avg     0.7429    0.8025    0.7702      7141
weighted avg     0.8634    0.9067    0.8840      7141

INFO	arabiner.trainers.BertMTNTrainer	Sun, 06 Aug 2023 11:37:57	Epoch 6 | Timestep 7364 | Train Loss 0.008268 | Val Loss 0.061950 | F1 0.882333
INFO	arabiner.trainers.BertMTNTrainer	Sun, 06 Aug 2023 11:40:17	Epoch 7 | Batch 1052/1052 | Timestep 8416 | LR 0.0000093333 | Loss 0.006576
INFO	arabiner.trainers.BertMTNTrainer	Sun, 06 Aug 2023 11:40:17	** Evaluating on validation dataset **
INFO	root	Sun, 06 Aug 2023 11:40:33	
              precision    recall  f1-score   support

    CARDINAL     0.8580    0.8297    0.8436       182
        CURR     1.0000    1.0000    1.0000         1
        DATE     0.9402    0.9534    0.9468      1567
       EVENT     0.7713    0.7866    0.7789       253
         FAC     0.6667    0.8000    0.7273        85
         GPE     0.8953    0.9064    0.9008      1132
    LANGUAGE     0.8333    1.0000    0.9091        15
         LAW     0.8125    0.8864    0.8478        44
         LOC     0.7302    0.7302    0.7302        63
       MONEY     0.8571    0.9000    0.8780        20
        NORP     0.6880    0.7500    0.7176       488
         OCC     0.8336    0.8842    0.8582       544
     ORDINAL     0.9176    0.9512    0.9341       410
         ORG     0.8921    0.9132    0.9025      1566
     PERCENT     0.8333    0.7692    0.8000        13
        PERS     0.9279    0.9508    0.9392       650
     PRODUCT     0.2857    0.4000    0.3333         5
    QUANTITY     0.5000    0.6667    0.5714         3
        TIME     0.7778    0.7636    0.7706        55
     WEBSITE     0.5556    0.5556    0.5556        45

   micro avg     0.8742    0.8995    0.8867      7141
   macro avg     0.7788    0.8198    0.7972      7141
weighted avg     0.8758    0.8995    0.8873      7141

INFO	arabiner.trainers.BertMTNTrainer	Sun, 06 Aug 2023 11:40:33	Epoch 7 | Timestep 8416 | Train Loss 0.006392 | Val Loss 0.066996 | F1 0.886665
INFO	arabiner.trainers.BertMTNTrainer	Sun, 06 Aug 2023 11:40:33	Early termination triggered
