INFO	__main__	Sat, 05 Aug 2023 19:07:25	Writing config to nested_res/ARBERTv2_CE_var_lr2e-5/args.json
INFO	arabiner.utils.data	Sat, 05 Aug 2023 19:07:25	1052 batches found
INFO	arabiner.utils.data	Sat, 05 Aug 2023 19:07:25	196 batches found
INFO	arabiner.utils.data	Sat, 05 Aug 2023 19:07:26	375 batches found
INFO	torch.distributed.nn.jit.instantiator	Sat, 05 Aug 2023 19:07:26	Created a temporary directory at /tmp/tmpt0wdcvt4
INFO	torch.distributed.nn.jit.instantiator	Sat, 05 Aug 2023 19:07:26	Writing /tmp/tmpt0wdcvt4/_remote_module_non_scriptable.py
INFO	arabiner.trainers.BertNestedTrainer	Sat, 05 Aug 2023 19:09:45	Epoch 0 | Batch 1052/1052 | Timestep 1052 | LR 0.0000186667 | Loss 0.067102
INFO	arabiner.trainers.BertNestedTrainer	Sat, 05 Aug 2023 19:09:45	** Evaluating on validation dataset **
INFO	root	Sat, 05 Aug 2023 19:10:11	
              precision    recall  f1-score   support

    CARDINAL     0.8407    0.8361    0.8384       183
        CURR     0.3611    0.6190    0.4561        21
        DATE     0.9456    0.9444    0.9450      1656
       EVENT     0.7364    0.7116    0.7238       267
         FAC     0.6748    0.7477    0.7094       111
         GPE     0.9470    0.9602    0.9535      2159
    LANGUAGE     0.8125    0.8667    0.8387        15
         LAW     0.7500    0.8864    0.8125        44
         LOC     0.6286    0.5789    0.6027        76
       MONEY     0.9048    0.9500    0.9268        20
        NORP     0.5819    0.7308    0.6479       520
         OCC     0.7891    0.8483    0.8176       547
     ORDINAL     0.9400    0.9325    0.9363       504
         ORG     0.9100    0.9061    0.9080      1831
     PERCENT     1.0000    1.0000    1.0000        13
        PERS     0.9077    0.9425    0.9247       730
     PRODUCT     0.0000    0.0000    0.0000         5
    QUANTITY     0.0000    0.0000    0.0000         3
        TIME     0.4615    0.5455    0.5000        55
        UNIT     1.0000    0.3333    0.5000         3
     WEBSITE     0.3818    0.4667    0.4200        45

   micro avg     0.8740    0.8988    0.8863      8808
   macro avg     0.6940    0.7051    0.6886      8808
weighted avg     0.8799    0.8988    0.8885      8808

INFO	arabiner.trainers.BertNestedTrainer	Sat, 05 Aug 2023 19:10:22	Epoch 0 | Timestep 1052 | Train Loss 0.394226 | Val Loss 0.062377 | F1 0.886264
INFO	arabiner.trainers.BertNestedTrainer	Sat, 05 Aug 2023 19:10:22	** Validation improved, evaluating test data **
INFO	root	Sat, 05 Aug 2023 19:10:50	Predictions written to nested_res/ARBERTv2_CE_var_lr2e-5/predictions.txt
INFO	root	Sat, 05 Aug 2023 19:11:12	
              precision    recall  f1-score   support

    CARDINAL     0.0000    0.0000    0.0000         0
        CURR     0.0000    0.0000    0.0000         0
        DATE     0.0000    0.0000    0.0000         0
       EVENT     0.0000    0.0000    0.0000         0
         FAC     0.0000    0.0000    0.0000         0
         GPE     0.0000    0.0000    0.0000         0
    LANGUAGE     0.0000    0.0000    0.0000         0
         LAW     0.0000    0.0000    0.0000         0
         LOC     0.0000    0.0000    0.0000         0
       MONEY     0.0000    0.0000    0.0000         0
        NORP     0.0000    0.0000    0.0000         0
         OCC     0.0000    0.0000    0.0000         0
     ORDINAL     0.0000    0.0000    0.0000         0
         ORG     0.0000    0.0000    0.0000         0
     PERCENT     0.0000    0.0000    0.0000         0
        PERS     0.0000    0.0000    0.0000         0
     PRODUCT     0.0000    0.0000    0.0000         0
    QUANTITY     0.0000    0.0000    0.0000         0
        TIME     0.0000    0.0000    0.0000         0
        UNIT     0.0000    0.0000    0.0000         0
     WEBSITE     0.0000    0.0000    0.0000         0
        pad>     0.0000    0.0000    0.0000         0

   micro avg     0.0000    0.0000    0.0000         0
   macro avg     0.0000    0.0000    0.0000         0
weighted avg     0.0000    0.0000    0.0000         0

INFO	arabiner.trainers.BertNestedTrainer	Sat, 05 Aug 2023 19:11:32	Epoch 0 | Timestep 1052 | Test Loss 1.412529 | F1 0.000000
INFO	arabiner.trainers.BaseTrainer	Sat, 05 Aug 2023 19:11:32	Saving checkpoint to nested_res/ARBERTv2_CE_var_lr2e-5/checkpoints/checkpoint_0.pt
INFO	arabiner.trainers.BertNestedTrainer	Sat, 05 Aug 2023 19:13:55	Epoch 1 | Batch 1052/1052 | Timestep 2104 | LR 0.0000173333 | Loss 0.052382
INFO	arabiner.trainers.BertNestedTrainer	Sat, 05 Aug 2023 19:13:55	** Evaluating on validation dataset **
INFO	root	Sat, 05 Aug 2023 19:14:21	
              precision    recall  f1-score   support

    CARDINAL     0.8506    0.8087    0.8291       183
        CURR     0.4483    0.6190    0.5200        21
        DATE     0.9240    0.9614    0.9423      1656
       EVENT     0.7043    0.7940    0.7465       267
         FAC     0.6174    0.8288    0.7077       111
         GPE     0.9415    0.9616    0.9514      2159
    LANGUAGE     0.7143    1.0000    0.8333        15
         LAW     0.8864    0.8864    0.8864        44
         LOC     0.5761    0.6974    0.6310        76
       MONEY     0.3333    0.5000    0.4000        20
        NORP     0.6376    0.8019    0.7104       520
         OCC     0.8145    0.8830    0.8474       547
     ORDINAL     0.8781    0.9722    0.9228       504
         ORG     0.9112    0.9246    0.9179      1831
     PERCENT     0.9286    1.0000    0.9630        13
        PERS     0.9251    0.9644    0.9443       730
     PRODUCT     0.5000    0.4000    0.4444         5
    QUANTITY     0.5000    0.6667    0.5714         3
        TIME     0.5570    0.8000    0.6567        55
        UNIT     1.0000    0.6667    0.8000         3
     WEBSITE     0.6176    0.4667    0.5316        45

   micro avg     0.8705    0.9220    0.8955      8808
   macro avg     0.7269    0.7906    0.7504      8808
weighted avg     0.8771    0.9220    0.8980      8808

INFO	arabiner.trainers.BertNestedTrainer	Sat, 05 Aug 2023 19:14:32	Epoch 1 | Timestep 2104 | Train Loss 0.041760 | Val Loss 0.057134 | F1 0.895517
INFO	arabiner.trainers.BertNestedTrainer	Sat, 05 Aug 2023 19:14:32	** Validation improved, evaluating test data **
INFO	root	Sat, 05 Aug 2023 19:14:59	Predictions written to nested_res/ARBERTv2_CE_var_lr2e-5/predictions.txt
INFO	root	Sat, 05 Aug 2023 19:15:22	
              precision    recall  f1-score   support

    CARDINAL     0.0000    0.0000    0.0000         0
        CURR     0.0000    0.0000    0.0000         0
        DATE     0.0000    0.0000    0.0000         0
       EVENT     0.0000    0.0000    0.0000         0
         FAC     0.0000    0.0000    0.0000         0
         GPE     0.0000    0.0000    0.0000         0
    LANGUAGE     0.0000    0.0000    0.0000         0
         LAW     0.0000    0.0000    0.0000         0
         LOC     0.0000    0.0000    0.0000         0
       MONEY     0.0000    0.0000    0.0000         0
        NORP     0.0000    0.0000    0.0000         0
         OCC     0.0000    0.0000    0.0000         0
     ORDINAL     0.0000    0.0000    0.0000         0
         ORG     0.0000    0.0000    0.0000         0
     PERCENT     0.0000    0.0000    0.0000         0
        PERS     0.0000    0.0000    0.0000         0
     PRODUCT     0.0000    0.0000    0.0000         0
    QUANTITY     0.0000    0.0000    0.0000         0
        TIME     0.0000    0.0000    0.0000         0
        UNIT     0.0000    0.0000    0.0000         0
     WEBSITE     0.0000    0.0000    0.0000         0
        pad>     0.0000    0.0000    0.0000         0

   micro avg     0.0000    0.0000    0.0000         0
   macro avg     0.0000    0.0000    0.0000         0
weighted avg     0.0000    0.0000    0.0000         0

INFO	arabiner.trainers.BertNestedTrainer	Sat, 05 Aug 2023 19:15:43	Epoch 1 | Timestep 2104 | Test Loss 1.846041 | F1 0.000000
INFO	arabiner.trainers.BaseTrainer	Sat, 05 Aug 2023 19:15:43	Saving checkpoint to nested_res/ARBERTv2_CE_var_lr2e-5/checkpoints/checkpoint_1.pt
INFO	arabiner.trainers.BertNestedTrainer	Sat, 05 Aug 2023 19:18:04	Epoch 2 | Batch 1052/1052 | Timestep 3156 | LR 0.0000160000 | Loss 0.020498
INFO	arabiner.trainers.BertNestedTrainer	Sat, 05 Aug 2023 19:18:04	** Evaluating on validation dataset **
INFO	root	Sat, 05 Aug 2023 19:18:30	
              precision    recall  f1-score   support

    CARDINAL     0.8557    0.9071    0.8806       183
        CURR     1.0000    0.9524    0.9756        21
        DATE     0.9505    0.9517    0.9511      1656
       EVENT     0.7491    0.8165    0.7814       267
         FAC     0.6923    0.8108    0.7469       111
         GPE     0.9579    0.9588    0.9583      2159
    LANGUAGE     0.8125    0.8667    0.8387        15
         LAW     0.7959    0.8864    0.8387        44
         LOC     0.6747    0.7368    0.7044        76
       MONEY     0.8500    0.8500    0.8500        20
        NORP     0.7123    0.7712    0.7405       520
         OCC     0.8499    0.8903    0.8696       547
     ORDINAL     0.9304    0.9544    0.9422       504
         ORG     0.8990    0.9427    0.9203      1831
     PERCENT     1.0000    1.0000    1.0000        13
        PERS     0.9254    0.9521    0.9386       730
     PRODUCT     0.3333    0.4000    0.3636         5
    QUANTITY     1.0000    1.0000    1.0000         3
        TIME     0.8649    0.5818    0.6957        55
        UNIT     1.0000    1.0000    1.0000         3
     WEBSITE     0.6154    0.3556    0.4507        45

   micro avg     0.8993    0.9223    0.9107      8808
   macro avg     0.8319    0.8374    0.8308      8808
weighted avg     0.9007    0.9223    0.9108      8808

INFO	arabiner.trainers.BertNestedTrainer	Sat, 05 Aug 2023 19:18:41	Epoch 2 | Timestep 3156 | Train Loss 0.027334 | Val Loss 0.054107 | F1 0.910660
INFO	arabiner.trainers.BertNestedTrainer	Sat, 05 Aug 2023 19:18:41	** Validation improved, evaluating test data **
INFO	root	Sat, 05 Aug 2023 19:19:10	Predictions written to nested_res/ARBERTv2_CE_var_lr2e-5/predictions.txt
INFO	root	Sat, 05 Aug 2023 19:19:33	
              precision    recall  f1-score   support

    CARDINAL     0.0000    0.0000    0.0000         0
        CURR     0.0000    0.0000    0.0000         0
        DATE     0.0000    0.0000    0.0000         0
       EVENT     0.0000    0.0000    0.0000         0
         FAC     0.0000    0.0000    0.0000         0
         GPE     0.0000    0.0000    0.0000         0
    LANGUAGE     0.0000    0.0000    0.0000         0
         LAW     0.0000    0.0000    0.0000         0
         LOC     0.0000    0.0000    0.0000         0
       MONEY     0.0000    0.0000    0.0000         0
        NORP     0.0000    0.0000    0.0000         0
         OCC     0.0000    0.0000    0.0000         0
     ORDINAL     0.0000    0.0000    0.0000         0
         ORG     0.0000    0.0000    0.0000         0
     PERCENT     0.0000    0.0000    0.0000         0
        PERS     0.0000    0.0000    0.0000         0
     PRODUCT     0.0000    0.0000    0.0000         0
    QUANTITY     0.0000    0.0000    0.0000         0
        TIME     0.0000    0.0000    0.0000         0
        UNIT     0.0000    0.0000    0.0000         0
     WEBSITE     0.0000    0.0000    0.0000         0
        pad>     0.0000    0.0000    0.0000         0

   micro avg     0.0000    0.0000    0.0000         0
   macro avg     0.0000    0.0000    0.0000         0
weighted avg     0.0000    0.0000    0.0000         0

INFO	arabiner.trainers.BertNestedTrainer	Sat, 05 Aug 2023 19:19:55	Epoch 2 | Timestep 3156 | Test Loss 1.692474 | F1 0.000000
INFO	arabiner.trainers.BaseTrainer	Sat, 05 Aug 2023 19:19:55	Saving checkpoint to nested_res/ARBERTv2_CE_var_lr2e-5/checkpoints/checkpoint_2.pt
INFO	arabiner.trainers.BertNestedTrainer	Sat, 05 Aug 2023 19:22:17	Epoch 3 | Batch 1052/1052 | Timestep 4208 | LR 0.0000146667 | Loss 0.002699
INFO	arabiner.trainers.BertNestedTrainer	Sat, 05 Aug 2023 19:22:17	** Evaluating on validation dataset **
INFO	root	Sat, 05 Aug 2023 19:22:43	
              precision    recall  f1-score   support

    CARDINAL     0.8902    0.8415    0.8652       183
        CURR     1.0000    1.0000    1.0000        21
        DATE     0.9554    0.9565    0.9559      1656
       EVENT     0.7312    0.7640    0.7473       267
         FAC     0.7209    0.8378    0.7750       111
         GPE     0.9577    0.9643    0.9610      2159
    LANGUAGE     0.8125    0.8667    0.8387        15
         LAW     0.9302    0.9091    0.9195        44
         LOC     0.7561    0.8158    0.7848        76
       MONEY     0.8571    0.9000    0.8780        20
        NORP     0.7204    0.7827    0.7502       520
         OCC     0.8481    0.8775    0.8625       547
     ORDINAL     0.9084    0.9643    0.9355       504
         ORG     0.9146    0.9301    0.9223      1831
     PERCENT     1.0000    1.0000    1.0000        13
        PERS     0.9206    0.9685    0.9439       730
     PRODUCT     0.5000    0.6000    0.5455         5
    QUANTITY     0.7500    1.0000    0.8571         3
        TIME     0.7143    0.7273    0.7207        55
        UNIT     1.0000    1.0000    1.0000         3
     WEBSITE     0.6136    0.6000    0.6067        45

   micro avg     0.9030    0.9245    0.9136      8808
   macro avg     0.8334    0.8717    0.8510      8808
weighted avg     0.9045    0.9245    0.9142      8808

INFO	arabiner.trainers.BertNestedTrainer	Sat, 05 Aug 2023 19:22:54	Epoch 3 | Timestep 4208 | Train Loss 0.020172 | Val Loss 0.054071 | F1 0.913609
INFO	arabiner.trainers.BertNestedTrainer	Sat, 05 Aug 2023 19:22:54	** Validation improved, evaluating test data **
INFO	root	Sat, 05 Aug 2023 19:23:22	Predictions written to nested_res/ARBERTv2_CE_var_lr2e-5/predictions.txt
INFO	root	Sat, 05 Aug 2023 19:23:46	
              precision    recall  f1-score   support

    CARDINAL     0.0000    0.0000    0.0000         0
        CURR     0.0000    0.0000    0.0000         0
        DATE     0.0000    0.0000    0.0000         0
       EVENT     0.0000    0.0000    0.0000         0
         FAC     0.0000    0.0000    0.0000         0
         GPE     0.0000    0.0000    0.0000         0
    LANGUAGE     0.0000    0.0000    0.0000         0
         LAW     0.0000    0.0000    0.0000         0
         LOC     0.0000    0.0000    0.0000         0
       MONEY     0.0000    0.0000    0.0000         0
        NORP     0.0000    0.0000    0.0000         0
         OCC     0.0000    0.0000    0.0000         0
     ORDINAL     0.0000    0.0000    0.0000         0
         ORG     0.0000    0.0000    0.0000         0
     PERCENT     0.0000    0.0000    0.0000         0
        PERS     0.0000    0.0000    0.0000         0
     PRODUCT     0.0000    0.0000    0.0000         0
    QUANTITY     0.0000    0.0000    0.0000         0
        TIME     0.0000    0.0000    0.0000         0
        UNIT     0.0000    0.0000    0.0000         0
     WEBSITE     0.0000    0.0000    0.0000         0
        pad>     0.0000    0.0000    0.0000         0

   micro avg     0.0000    0.0000    0.0000         0
   macro avg     0.0000    0.0000    0.0000         0
weighted avg     0.0000    0.0000    0.0000         0

INFO	arabiner.trainers.BertNestedTrainer	Sat, 05 Aug 2023 19:24:07	Epoch 3 | Timestep 4208 | Test Loss 1.935042 | F1 0.000000
INFO	arabiner.trainers.BaseTrainer	Sat, 05 Aug 2023 19:24:07	Saving checkpoint to nested_res/ARBERTv2_CE_var_lr2e-5/checkpoints/checkpoint_3.pt
INFO	arabiner.trainers.BertNestedTrainer	Sat, 05 Aug 2023 19:26:29	Epoch 4 | Batch 1052/1052 | Timestep 5260 | LR 0.0000133333 | Loss 0.003676
INFO	arabiner.trainers.BertNestedTrainer	Sat, 05 Aug 2023 19:26:29	** Evaluating on validation dataset **
INFO	root	Sat, 05 Aug 2023 19:26:55	
              precision    recall  f1-score   support

    CARDINAL     0.8643    0.9399    0.9005       183
        CURR     1.0000    1.0000    1.0000        21
        DATE     0.9493    0.9499    0.9496      1656
       EVENT     0.7199    0.8277    0.7700       267
         FAC     0.6593    0.8018    0.7236       111
         GPE     0.9550    0.9643    0.9597      2159
    LANGUAGE     0.7895    1.0000    0.8824        15
         LAW     0.8864    0.8864    0.8864        44
         LOC     0.6977    0.7895    0.7407        76
       MONEY     0.8636    0.9500    0.9048        20
        NORP     0.7258    0.7942    0.7585       520
         OCC     0.8223    0.9049    0.8616       547
     ORDINAL     0.9639    0.9544    0.9591       504
         ORG     0.9325    0.9285    0.9305      1831
     PERCENT     1.0000    1.0000    1.0000        13
        PERS     0.9285    0.9603    0.9441       730
     PRODUCT     0.3333    0.4000    0.3636         5
    QUANTITY     1.0000    1.0000    1.0000         3
        TIME     0.7000    0.7636    0.7304        55
        UNIT     1.0000    1.0000    1.0000         3
     WEBSITE     0.5789    0.4889    0.5301        45

   micro avg     0.9032    0.9271    0.9150      8808
   macro avg     0.8272    0.8716    0.8474      8808
weighted avg     0.9064    0.9271    0.9162      8808

INFO	arabiner.trainers.BertNestedTrainer	Sat, 05 Aug 2023 19:27:06	Epoch 4 | Timestep 5260 | Train Loss 0.013846 | Val Loss 0.057560 | F1 0.915009
INFO	arabiner.trainers.BertNestedTrainer	Sat, 05 Aug 2023 19:29:20	Epoch 5 | Batch 1052/1052 | Timestep 6312 | LR 0.0000120000 | Loss 0.012600
INFO	arabiner.trainers.BertNestedTrainer	Sat, 05 Aug 2023 19:29:20	** Evaluating on validation dataset **
INFO	root	Sat, 05 Aug 2023 19:29:46	
              precision    recall  f1-score   support

    CARDINAL     0.8711    0.9235    0.8966       183
        CURR     1.0000    1.0000    1.0000        21
        DATE     0.9543    0.9583    0.9563      1656
       EVENT     0.6585    0.8090    0.7261       267
         FAC     0.7459    0.8198    0.7811       111
         GPE     0.9614    0.9680    0.9647      2159
    LANGUAGE     0.8333    1.0000    0.9091        15
         LAW     0.8696    0.9091    0.8889        44
         LOC     0.7000    0.8289    0.7590        76
       MONEY     0.9500    0.9500    0.9500        20
        NORP     0.7388    0.7942    0.7655       520
         OCC     0.8646    0.8757    0.8701       547
     ORDINAL     0.9346    0.9643    0.9492       504
         ORG     0.9120    0.9399    0.9258      1831
     PERCENT     1.0000    1.0000    1.0000        13
        PERS     0.9391    0.9507    0.9449       730
     PRODUCT     0.4286    0.6000    0.5000         5
    QUANTITY     1.0000    1.0000    1.0000         3
        TIME     0.7288    0.7818    0.7544        55
        UNIT     1.0000    1.0000    1.0000         3
     WEBSITE     0.5814    0.5556    0.5682        45

   micro avg     0.9041    0.9303    0.9170      8808
   macro avg     0.8415    0.8871    0.8624      8808
weighted avg     0.9070    0.9303    0.9182      8808

INFO	arabiner.trainers.BertNestedTrainer	Sat, 05 Aug 2023 19:29:57	Epoch 5 | Timestep 6312 | Train Loss 0.010130 | Val Loss 0.064518 | F1 0.917016
INFO	arabiner.trainers.BertNestedTrainer	Sat, 05 Aug 2023 19:32:12	Epoch 6 | Batch 1052/1052 | Timestep 7364 | LR 0.0000106667 | Loss 0.001455
INFO	arabiner.trainers.BertNestedTrainer	Sat, 05 Aug 2023 19:32:12	** Evaluating on validation dataset **
INFO	root	Sat, 05 Aug 2023 19:32:38	
              precision    recall  f1-score   support

    CARDINAL     0.8737    0.9071    0.8901       183
        CURR     1.0000    1.0000    1.0000        21
        DATE     0.9452    0.9583    0.9517      1656
       EVENT     0.7706    0.8052    0.7875       267
         FAC     0.7266    0.8378    0.7782       111
         GPE     0.9559    0.9731    0.9644      2159
    LANGUAGE     0.8333    1.0000    0.9091        15
         LAW     0.7455    0.9318    0.8283        44
         LOC     0.6596    0.8158    0.7294        76
       MONEY     0.9048    0.9500    0.9268        20
        NORP     0.7028    0.8096    0.7525       520
         OCC     0.8283    0.8995    0.8624       547
     ORDINAL     0.9308    0.9603    0.9453       504
         ORG     0.9051    0.9481    0.9261      1831
     PERCENT     0.9286    1.0000    0.9630        13
        PERS     0.9230    0.9685    0.9452       730
     PRODUCT     0.3333    0.6000    0.4286         5
    QUANTITY     1.0000    1.0000    1.0000         3
        TIME     0.7069    0.7455    0.7257        55
        UNIT     1.0000    1.0000    1.0000         3
     WEBSITE     0.5854    0.5333    0.5581        45

   micro avg     0.8956    0.9363    0.9155      8808
   macro avg     0.8219    0.8878    0.8511      8808
weighted avg     0.8984    0.9363    0.9166      8808

INFO	arabiner.trainers.BertNestedTrainer	Sat, 05 Aug 2023 19:32:49	Epoch 6 | Timestep 7364 | Train Loss 0.007598 | Val Loss 0.069263 | F1 0.915520
INFO	arabiner.trainers.BertNestedTrainer	Sat, 05 Aug 2023 19:35:04	Epoch 7 | Batch 1052/1052 | Timestep 8416 | LR 0.0000093333 | Loss 0.002717
INFO	arabiner.trainers.BertNestedTrainer	Sat, 05 Aug 2023 19:35:04	** Evaluating on validation dataset **
INFO	root	Sat, 05 Aug 2023 19:35:30	
              precision    recall  f1-score   support

    CARDINAL     0.8691    0.9071    0.8877       183
        CURR     1.0000    1.0000    1.0000        21
        DATE     0.9537    0.9583    0.9560      1656
       EVENT     0.7162    0.8127    0.7614       267
         FAC     0.7647    0.8198    0.7913       111
         GPE     0.9516    0.9750    0.9632      2159
    LANGUAGE     0.8333    1.0000    0.9091        15
         LAW     0.8723    0.9318    0.9011        44
         LOC     0.7750    0.8158    0.7949        76
       MONEY     0.9048    0.9500    0.9268        20
        NORP     0.7583    0.7904    0.7740       520
         OCC     0.8507    0.8958    0.8727       547
     ORDINAL     0.9257    0.9643    0.9446       504
         ORG     0.9215    0.9421    0.9317      1831
     PERCENT     0.9286    1.0000    0.9630        13
        PERS     0.9137    0.9712    0.9416       730
     PRODUCT     0.4286    0.6000    0.5000         5
    QUANTITY     1.0000    1.0000    1.0000         3
        TIME     0.7018    0.7273    0.7143        55
        UNIT     1.0000    1.0000    1.0000         3
     WEBSITE     0.6765    0.5111    0.5823        45

   micro avg     0.9059    0.9344    0.9199      8808
   macro avg     0.8450    0.8844    0.8626      8808
weighted avg     0.9069    0.9344    0.9202      8808

INFO	arabiner.trainers.BertNestedTrainer	Sat, 05 Aug 2023 19:35:41	Epoch 7 | Timestep 8416 | Train Loss 0.006172 | Val Loss 0.067252 | F1 0.919913
INFO	arabiner.trainers.BertNestedTrainer	Sat, 05 Aug 2023 19:37:54	Epoch 8 | Batch 1052/1052 | Timestep 9468 | LR 0.0000080000 | Loss 0.001214
INFO	arabiner.trainers.BertNestedTrainer	Sat, 05 Aug 2023 19:37:54	** Evaluating on validation dataset **
INFO	root	Sat, 05 Aug 2023 19:38:21	
              precision    recall  f1-score   support

    CARDINAL     0.8895    0.9235    0.9062       183
        CURR     1.0000    1.0000    1.0000        21
        DATE     0.9530    0.9541    0.9535      1656
       EVENT     0.7559    0.8352    0.7936       267
         FAC     0.7258    0.8108    0.7660       111
         GPE     0.9627    0.9694    0.9661      2159
    LANGUAGE     0.8125    0.8667    0.8387        15
         LAW     0.7843    0.9091    0.8421        44
         LOC     0.8026    0.8026    0.8026        76
       MONEY     0.9048    0.9500    0.9268        20
        NORP     0.7685    0.7404    0.7542       520
         OCC     0.8612    0.8958    0.8781       547
     ORDINAL     0.9485    0.9504    0.9495       504
         ORG     0.9291    0.9448    0.9369      1831
     PERCENT     1.0000    1.0000    1.0000        13
        PERS     0.9288    0.9644    0.9462       730
     PRODUCT     0.5000    0.6000    0.5455         5
    QUANTITY     1.0000    1.0000    1.0000         3
        TIME     0.7143    0.7273    0.7207        55
        UNIT     1.0000    1.0000    1.0000         3
     WEBSITE     0.5870    0.6000    0.5934        45

   micro avg     0.9148    0.9294    0.9221      8808
   macro avg     0.8490    0.8783    0.8629      8808
weighted avg     0.9155    0.9294    0.9222      8808

INFO	arabiner.trainers.BertNestedTrainer	Sat, 05 Aug 2023 19:38:32	Epoch 8 | Timestep 9468 | Train Loss 0.005191 | Val Loss 0.069801 | F1 0.922055
INFO	arabiner.trainers.BertNestedTrainer	Sat, 05 Aug 2023 19:38:32	Early termination triggered
