INFO	__main__	Sun, 06 Aug 2023 12:57:01	Writing config to flat_res/ARBERTv2_MTN_UL_lr2e-5/args.json
INFO	arabiner.utils.data	Sun, 06 Aug 2023 12:57:01	1052 batches found
INFO	arabiner.utils.data	Sun, 06 Aug 2023 12:57:02	196 batches found
INFO	arabiner.utils.data	Sun, 06 Aug 2023 12:57:02	375 batches found
INFO	torch.distributed.nn.jit.instantiator	Sun, 06 Aug 2023 12:57:02	Created a temporary directory at /tmp/tmprv9b2gp9
INFO	torch.distributed.nn.jit.instantiator	Sun, 06 Aug 2023 12:57:02	Writing /tmp/tmprv9b2gp9/_remote_module_non_scriptable.py
INFO	arabiner.trainers.BertMTNTrainer	Sun, 06 Aug 2023 13:00:21	Epoch 0 | Batch 1052/1052 | Timestep 1052 | LR 0.0000186667 | Loss 3.704699
INFO	arabiner.trainers.BertMTNTrainer	Sun, 06 Aug 2023 13:00:21	** Evaluating on validation dataset **
INFO	root	Sun, 06 Aug 2023 13:00:41	
              precision    recall  f1-score   support

    CARDINAL     0.6078    0.8516    0.7094       182
        CURR     0.0000    0.0000    0.0000         1
        DATE     0.9215    0.9145    0.9180      1567
       EVENT     0.7240    0.7154    0.7197       253
         FAC     0.4583    0.7765    0.5764        85
         GPE     0.8520    0.8799    0.8657      1132
    LANGUAGE     0.0000    0.0000    0.0000        15
         LAW     0.5735    0.8864    0.6964        44
         LOC     0.3837    0.5238    0.4430        63
       MONEY     0.0455    0.0500    0.0476        20
        NORP     0.6102    0.6865    0.6461       488
         OCC     0.7895    0.8272    0.8079       544
     ORDINAL     0.8764    0.9341    0.9044       410
         ORG     0.8953    0.9010    0.8982      1566
     PERCENT     0.0000    0.0000    0.0000        13
        PERS     0.9173    0.8708    0.8934       650
     PRODUCT     0.0000    0.0000    0.0000         5
    QUANTITY     0.0000    0.0000    0.0000         3
        TIME     0.0000    0.0000    0.0000        55
     WEBSITE     0.2353    0.5333    0.3265        45

   micro avg     0.8196    0.8504    0.8347      7141
   macro avg     0.4445    0.5176    0.4726      7141
weighted avg     0.8244    0.8504    0.8354      7141

INFO	arabiner.trainers.BertMTNTrainer	Sun, 06 Aug 2023 13:00:41	Epoch 0 | Timestep 1052 | Train Loss 3.707566 | Val Loss 3.275205 | F1 0.834719
INFO	arabiner.trainers.BertMTNTrainer	Sun, 06 Aug 2023 13:00:41	** Validation improved, evaluating test data **
INFO	root	Sun, 06 Aug 2023 13:01:19	Predictions written to flat_res/ARBERTv2_MTN_UL_lr2e-5/predictions.txt
INFO	root	Sun, 06 Aug 2023 13:01:20	
              precision    recall  f1-score   support

    CARDINAL     0.0000    0.0000    0.0000         0
        DATE     0.0000    0.0000    0.0000         0
       EVENT     0.0000    0.0000    0.0000         0
         FAC     0.0000    0.0000    0.0000         0
         GPE     0.0000    0.0000    0.0000         0
         LAW     0.0000    0.0000    0.0000         0
         LOC     0.0000    0.0000    0.0000         0
       MONEY     0.0000    0.0000    0.0000         0
        NORP     0.0000    0.0000    0.0000         0
         OCC     0.0000    0.0000    0.0000         0
     ORDINAL     0.0000    0.0000    0.0000         0
         ORG     0.0000    0.0000    0.0000         0
        PERS     0.0000    0.0000    0.0000         0
        TIME     0.0000    0.0000    0.0000         0
     WEBSITE     0.0000    0.0000    0.0000         0

   micro avg     0.0000    0.0000    0.0000         0
   macro avg     0.0000    0.0000    0.0000         0
weighted avg     0.0000    0.0000    0.0000         0

INFO	arabiner.trainers.BertMTNTrainer	Sun, 06 Aug 2023 13:01:21	Epoch 0 | Timestep 1052 | Test Loss 7.149179 | F1 0.000000
INFO	arabiner.trainers.BaseTrainer	Sun, 06 Aug 2023 13:01:21	Saving checkpoint to flat_res/ARBERTv2_MTN_UL_lr2e-5/checkpoints/checkpoint_0.pt
INFO	arabiner.trainers.BertMTNTrainer	Sun, 06 Aug 2023 13:05:04	Epoch 1 | Batch 1052/1052 | Timestep 2104 | LR 0.0000173333 | Loss 3.677615
INFO	arabiner.trainers.BertMTNTrainer	Sun, 06 Aug 2023 13:05:04	** Evaluating on validation dataset **
INFO	root	Sun, 06 Aug 2023 13:05:23	
              precision    recall  f1-score   support

    CARDINAL     0.8430    0.7967    0.8192       182
        CURR     0.0000    0.0000    0.0000         1
        DATE     0.9143    0.9458    0.9297      1567
       EVENT     0.7014    0.7708    0.7345       253
         FAC     0.6316    0.7059    0.6667        85
         GPE     0.8664    0.8763    0.8713      1132
    LANGUAGE     0.6667    0.9333    0.7778        15
         LAW     0.7273    0.9091    0.8081        44
         LOC     0.5303    0.5556    0.5426        63
       MONEY     0.8636    0.9500    0.9048        20
        NORP     0.6414    0.7623    0.6966       488
         OCC     0.8382    0.8382    0.8382       544
     ORDINAL     0.8702    0.9488    0.9078       410
         ORG     0.9039    0.9010    0.9025      1566
     PERCENT     0.8125    1.0000    0.8966        13
        PERS     0.9386    0.9169    0.9276       650
     PRODUCT     0.0000    0.0000    0.0000         5
    QUANTITY     0.6667    0.6667    0.6667         3
        TIME     0.5758    0.6909    0.6281        55
     WEBSITE     0.4783    0.4889    0.4835        45

   micro avg     0.8519    0.8796    0.8655      7141
   macro avg     0.6735    0.7329    0.7001      7141
weighted avg     0.8553    0.8796    0.8666      7141

INFO	arabiner.trainers.BertMTNTrainer	Sun, 06 Aug 2023 13:05:24	Epoch 1 | Timestep 2104 | Train Loss 2.700053 | Val Loss 3.206035 | F1 0.865509
INFO	arabiner.trainers.BertMTNTrainer	Sun, 06 Aug 2023 13:05:24	** Validation improved, evaluating test data **
INFO	root	Sun, 06 Aug 2023 13:06:01	Predictions written to flat_res/ARBERTv2_MTN_UL_lr2e-5/predictions.txt
INFO	root	Sun, 06 Aug 2023 13:06:02	
              precision    recall  f1-score   support

    CARDINAL     0.0000    0.0000    0.0000         0
        DATE     0.0000    0.0000    0.0000         0
       EVENT     0.0000    0.0000    0.0000         0
         FAC     0.0000    0.0000    0.0000         0
         GPE     0.0000    0.0000    0.0000         0
    LANGUAGE     0.0000    0.0000    0.0000         0
         LAW     0.0000    0.0000    0.0000         0
         LOC     0.0000    0.0000    0.0000         0
       MONEY     0.0000    0.0000    0.0000         0
        NORP     0.0000    0.0000    0.0000         0
         OCC     0.0000    0.0000    0.0000         0
     ORDINAL     0.0000    0.0000    0.0000         0
         ORG     0.0000    0.0000    0.0000         0
     PERCENT     0.0000    0.0000    0.0000         0
        PERS     0.0000    0.0000    0.0000         0
    QUANTITY     0.0000    0.0000    0.0000         0
        TIME     0.0000    0.0000    0.0000         0
     WEBSITE     0.0000    0.0000    0.0000         0

   micro avg     0.0000    0.0000    0.0000         0
   macro avg     0.0000    0.0000    0.0000         0
weighted avg     0.0000    0.0000    0.0000         0

INFO	arabiner.trainers.BertMTNTrainer	Sun, 06 Aug 2023 13:06:03	Epoch 1 | Timestep 2104 | Test Loss 7.411165 | F1 0.000000
INFO	arabiner.trainers.BaseTrainer	Sun, 06 Aug 2023 13:06:03	Saving checkpoint to flat_res/ARBERTv2_MTN_UL_lr2e-5/checkpoints/checkpoint_1.pt
INFO	arabiner.trainers.BertMTNTrainer	Sun, 06 Aug 2023 13:09:49	Epoch 2 | Batch 1052/1052 | Timestep 3156 | LR 0.0000160000 | Loss 3.136444
INFO	arabiner.trainers.BertMTNTrainer	Sun, 06 Aug 2023 13:09:49	** Evaluating on validation dataset **
INFO	root	Sun, 06 Aug 2023 13:10:08	
              precision    recall  f1-score   support

    CARDINAL     0.8649    0.8791    0.8719       182
        CURR     0.0000    0.0000    0.0000         1
        DATE     0.9373    0.9343    0.9358      1567
       EVENT     0.7917    0.7510    0.7708       253
         FAC     0.6634    0.7882    0.7204        85
         GPE     0.8701    0.8878    0.8789      1132
    LANGUAGE     0.6500    0.8667    0.7429        15
         LAW     0.8200    0.9318    0.8723        44
         LOC     0.6164    0.7143    0.6618        63
       MONEY     0.8000    0.8000    0.8000        20
        NORP     0.6978    0.7951    0.7433       488
         OCC     0.8404    0.8713    0.8556       544
     ORDINAL     0.8917    0.9439    0.9171       410
         ORG     0.9244    0.9132    0.9187      1566
     PERCENT     0.9286    1.0000    0.9630        13
        PERS     0.9358    0.9415    0.9387       650
     PRODUCT     1.0000    0.2000    0.3333         5
    QUANTITY     0.2500    0.3333    0.2857         3
        TIME     0.7333    0.6000    0.6600        55
     WEBSITE     0.6000    0.6000    0.6000        45

   micro avg     0.8754    0.8916    0.8834      7141
   macro avg     0.7408    0.7376    0.7235      7141
weighted avg     0.8784    0.8916    0.8843      7141

INFO	arabiner.trainers.BertMTNTrainer	Sun, 06 Aug 2023 13:10:09	Epoch 2 | Timestep 3156 | Train Loss 2.608231 | Val Loss 3.178184 | F1 0.883447
INFO	arabiner.trainers.BertMTNTrainer	Sun, 06 Aug 2023 13:10:09	** Validation improved, evaluating test data **
INFO	root	Sun, 06 Aug 2023 13:10:47	Predictions written to flat_res/ARBERTv2_MTN_UL_lr2e-5/predictions.txt
INFO	root	Sun, 06 Aug 2023 13:10:48	
              precision    recall  f1-score   support

    CARDINAL     0.0000    0.0000    0.0000         0
        CURR     0.0000    0.0000    0.0000         0
        DATE     0.0000    0.0000    0.0000         0
       EVENT     0.0000    0.0000    0.0000         0
         FAC     0.0000    0.0000    0.0000         0
         GPE     0.0000    0.0000    0.0000         0
    LANGUAGE     0.0000    0.0000    0.0000         0
         LAW     0.0000    0.0000    0.0000         0
         LOC     0.0000    0.0000    0.0000         0
       MONEY     0.0000    0.0000    0.0000         0
        NORP     0.0000    0.0000    0.0000         0
         OCC     0.0000    0.0000    0.0000         0
     ORDINAL     0.0000    0.0000    0.0000         0
         ORG     0.0000    0.0000    0.0000         0
     PERCENT     0.0000    0.0000    0.0000         0
        PERS     0.0000    0.0000    0.0000         0
     PRODUCT     0.0000    0.0000    0.0000         0
    QUANTITY     0.0000    0.0000    0.0000         0
        TIME     0.0000    0.0000    0.0000         0
     WEBSITE     0.0000    0.0000    0.0000         0

   micro avg     0.0000    0.0000    0.0000         0
   macro avg     0.0000    0.0000    0.0000         0
weighted avg     0.0000    0.0000    0.0000         0

INFO	arabiner.trainers.BertMTNTrainer	Sun, 06 Aug 2023 13:10:49	Epoch 2 | Timestep 3156 | Test Loss 7.362232 | F1 0.000000
INFO	arabiner.trainers.BaseTrainer	Sun, 06 Aug 2023 13:10:49	Saving checkpoint to flat_res/ARBERTv2_MTN_UL_lr2e-5/checkpoints/checkpoint_2.pt
INFO	arabiner.trainers.BertMTNTrainer	Sun, 06 Aug 2023 13:14:35	Epoch 3 | Batch 1052/1052 | Timestep 4208 | LR 0.0000146667 | Loss 3.366254
INFO	arabiner.trainers.BertMTNTrainer	Sun, 06 Aug 2023 13:14:35	** Evaluating on validation dataset **
INFO	root	Sun, 06 Aug 2023 13:14:55	
              precision    recall  f1-score   support

    CARDINAL     0.8989    0.8791    0.8889       182
        CURR     0.0000    0.0000    0.0000         1
        DATE     0.9441    0.9489    0.9465      1567
       EVENT     0.8233    0.7549    0.7876       253
         FAC     0.6327    0.7294    0.6776        85
         GPE     0.8848    0.8887    0.8867      1132
    LANGUAGE     0.7500    1.0000    0.8571        15
         LAW     0.8200    0.9318    0.8723        44
         LOC     0.5222    0.7460    0.6144        63
       MONEY     0.8636    0.9500    0.9048        20
        NORP     0.6755    0.7848    0.7261       488
         OCC     0.8505    0.8787    0.8644       544
     ORDINAL     0.9114    0.9537    0.9321       410
         ORG     0.9184    0.9061    0.9122      1566
     PERCENT     0.9286    1.0000    0.9630        13
        PERS     0.9022    0.9508    0.9258       650
     PRODUCT     0.2500    0.2000    0.2222         5
    QUANTITY     0.6667    0.6667    0.6667         3
        TIME     0.5692    0.6727    0.6167        55
     WEBSITE     0.5600    0.6222    0.5895        45

   micro avg     0.8733    0.8960    0.8845      7141
   macro avg     0.7186    0.7732    0.7427      7141
weighted avg     0.8776    0.8960    0.8860      7141

INFO	arabiner.trainers.BertMTNTrainer	Sun, 06 Aug 2023 13:14:55	Epoch 3 | Timestep 4208 | Train Loss 2.559284 | Val Loss 3.180773 | F1 0.884496
INFO	arabiner.trainers.BertMTNTrainer	Sun, 06 Aug 2023 13:18:40	Epoch 4 | Batch 1052/1052 | Timestep 5260 | LR 0.0000133333 | Loss 2.936090
INFO	arabiner.trainers.BertMTNTrainer	Sun, 06 Aug 2023 13:18:40	** Evaluating on validation dataset **
INFO	root	Sun, 06 Aug 2023 13:18:59	
              precision    recall  f1-score   support

    CARDINAL     0.8907    0.8956    0.8932       182
        CURR     0.0000    0.0000    0.0000         1
        DATE     0.9424    0.9496    0.9460      1567
       EVENT     0.7711    0.7589    0.7649       253
         FAC     0.7241    0.7412    0.7326        85
         GPE     0.8919    0.9037    0.8978      1132
    LANGUAGE     0.6522    1.0000    0.7895        15
         LAW     0.8478    0.8864    0.8667        44
         LOC     0.6912    0.7460    0.7176        63
       MONEY     0.9000    0.9000    0.9000        20
        NORP     0.7529    0.7930    0.7725       488
         OCC     0.8439    0.8842    0.8636       544
     ORDINAL     0.8673    0.9561    0.9095       410
         ORG     0.9254    0.9189    0.9221      1566
     PERCENT     0.9286    1.0000    0.9630        13
        PERS     0.9274    0.9431    0.9352       650
     PRODUCT     0.5000    0.2000    0.2857         5
    QUANTITY     1.0000    1.0000    1.0000         3
        TIME     0.6538    0.6182    0.6355        55
     WEBSITE     0.5897    0.5111    0.5476        45

   micro avg     0.8855    0.9010    0.8932      7141
   macro avg     0.7650    0.7803    0.7671      7141
weighted avg     0.8861    0.9010    0.8932      7141

INFO	arabiner.trainers.BertMTNTrainer	Sun, 06 Aug 2023 13:19:00	Epoch 4 | Timestep 5260 | Train Loss 2.500845 | Val Loss 3.005532 | F1 0.893177
INFO	arabiner.trainers.BertMTNTrainer	Sun, 06 Aug 2023 13:19:00	** Validation improved, evaluating test data **
INFO	root	Sun, 06 Aug 2023 13:19:38	Predictions written to flat_res/ARBERTv2_MTN_UL_lr2e-5/predictions.txt
INFO	root	Sun, 06 Aug 2023 13:19:39	
              precision    recall  f1-score   support

    CARDINAL     0.0000    0.0000    0.0000         0
        CURR     0.0000    0.0000    0.0000         0
        DATE     0.0000    0.0000    0.0000         0
       EVENT     0.0000    0.0000    0.0000         0
         FAC     0.0000    0.0000    0.0000         0
         GPE     0.0000    0.0000    0.0000         0
    LANGUAGE     0.0000    0.0000    0.0000         0
         LAW     0.0000    0.0000    0.0000         0
         LOC     0.0000    0.0000    0.0000         0
       MONEY     0.0000    0.0000    0.0000         0
        NORP     0.0000    0.0000    0.0000         0
         OCC     0.0000    0.0000    0.0000         0
     ORDINAL     0.0000    0.0000    0.0000         0
         ORG     0.0000    0.0000    0.0000         0
     PERCENT     0.0000    0.0000    0.0000         0
        PERS     0.0000    0.0000    0.0000         0
     PRODUCT     0.0000    0.0000    0.0000         0
    QUANTITY     0.0000    0.0000    0.0000         0
        TIME     0.0000    0.0000    0.0000         0
     WEBSITE     0.0000    0.0000    0.0000         0

   micro avg     0.0000    0.0000    0.0000         0
   macro avg     0.0000    0.0000    0.0000         0
weighted avg     0.0000    0.0000    0.0000         0

INFO	arabiner.trainers.BertMTNTrainer	Sun, 06 Aug 2023 13:19:40	Epoch 4 | Timestep 5260 | Test Loss 7.895048 | F1 0.000000
INFO	arabiner.trainers.BaseTrainer	Sun, 06 Aug 2023 13:19:40	Saving checkpoint to flat_res/ARBERTv2_MTN_UL_lr2e-5/checkpoints/checkpoint_4.pt
INFO	arabiner.trainers.BertMTNTrainer	Sun, 06 Aug 2023 13:23:28	Epoch 5 | Batch 1052/1052 | Timestep 6312 | LR 0.0000120000 | Loss 2.450504
INFO	arabiner.trainers.BertMTNTrainer	Sun, 06 Aug 2023 13:23:28	** Evaluating on validation dataset **
INFO	root	Sun, 06 Aug 2023 13:23:47	
              precision    recall  f1-score   support

    CARDINAL     0.8186    0.9176    0.8653       182
        CURR     0.0000    0.0000    0.0000         1
        DATE     0.9430    0.9496    0.9463      1567
       EVENT     0.6384    0.8024    0.7110       253
         FAC     0.7083    0.8000    0.7514        85
         GPE     0.9000    0.9143    0.9071      1132
    LANGUAGE     0.7143    1.0000    0.8333        15
         LAW     0.9091    0.9091    0.9091        44
         LOC     0.6800    0.8095    0.7391        63
       MONEY     0.8500    0.8500    0.8500        20
        NORP     0.6690    0.7992    0.7283       488
         OCC     0.8316    0.9081    0.8682       544
     ORDINAL     0.9366    0.9366    0.9366       410
         ORG     0.9089    0.9240    0.9164      1566
     PERCENT     1.0000    1.0000    1.0000        13
        PERS     0.9173    0.9385    0.9278       650
     PRODUCT     0.3333    0.4000    0.3636         5
    QUANTITY     0.3333    0.3333    0.3333         3
        TIME     0.7213    0.8000    0.7586        55
     WEBSITE     0.5510    0.6000    0.5745        45

   micro avg     0.8680    0.9097    0.8883      7141
   macro avg     0.7182    0.7796    0.7460      7141
weighted avg     0.8739    0.9097    0.8907      7141

INFO	arabiner.trainers.BertMTNTrainer	Sun, 06 Aug 2023 13:23:48	Epoch 5 | Timestep 6312 | Train Loss 2.305207 | Val Loss 2.783317 | F1 0.888342
INFO	arabiner.trainers.BertMTNTrainer	Sun, 06 Aug 2023 13:23:48	** Validation improved, evaluating test data **
INFO	root	Sun, 06 Aug 2023 13:24:26	Predictions written to flat_res/ARBERTv2_MTN_UL_lr2e-5/predictions.txt
INFO	root	Sun, 06 Aug 2023 13:24:27	
              precision    recall  f1-score   support

    CARDINAL     0.0000    0.0000    0.0000         0
        CURR     0.0000    0.0000    0.0000         0
        DATE     0.0000    0.0000    0.0000         0
       EVENT     0.0000    0.0000    0.0000         0
         FAC     0.0000    0.0000    0.0000         0
         GPE     0.0000    0.0000    0.0000         0
    LANGUAGE     0.0000    0.0000    0.0000         0
         LAW     0.0000    0.0000    0.0000         0
         LOC     0.0000    0.0000    0.0000         0
       MONEY     0.0000    0.0000    0.0000         0
        NORP     0.0000    0.0000    0.0000         0
         OCC     0.0000    0.0000    0.0000         0
     ORDINAL     0.0000    0.0000    0.0000         0
         ORG     0.0000    0.0000    0.0000         0
     PERCENT     0.0000    0.0000    0.0000         0
        PERS     0.0000    0.0000    0.0000         0
     PRODUCT     0.0000    0.0000    0.0000         0
    QUANTITY     0.0000    0.0000    0.0000         0
        TIME     0.0000    0.0000    0.0000         0
     WEBSITE     0.0000    0.0000    0.0000         0

   micro avg     0.0000    0.0000    0.0000         0
   macro avg     0.0000    0.0000    0.0000         0
weighted avg     0.0000    0.0000    0.0000         0

INFO	arabiner.trainers.BertMTNTrainer	Sun, 06 Aug 2023 13:24:28	Epoch 5 | Timestep 6312 | Test Loss 7.654382 | F1 0.000000
INFO	arabiner.trainers.BaseTrainer	Sun, 06 Aug 2023 13:24:28	Saving checkpoint to flat_res/ARBERTv2_MTN_UL_lr2e-5/checkpoints/checkpoint_5.pt
INFO	arabiner.trainers.BertMTNTrainer	Sun, 06 Aug 2023 13:28:14	Epoch 6 | Batch 1052/1052 | Timestep 7364 | LR 0.0000106667 | Loss 2.375813
INFO	arabiner.trainers.BertMTNTrainer	Sun, 06 Aug 2023 13:28:14	** Evaluating on validation dataset **
INFO	root	Sun, 06 Aug 2023 13:28:33	
              precision    recall  f1-score   support

    CARDINAL     0.8882    0.8297    0.8580       182
        CURR     0.0000    0.0000    0.0000         1
        DATE     0.9486    0.9547    0.9517      1567
       EVENT     0.7269    0.7787    0.7519       253
         FAC     0.7283    0.7882    0.7571        85
         GPE     0.9088    0.8887    0.8986      1132
    LANGUAGE     0.7647    0.8667    0.8125        15
         LAW     0.8163    0.9091    0.8602        44
         LOC     0.6901    0.7778    0.7313        63
       MONEY     0.8571    0.9000    0.8780        20
        NORP     0.7239    0.7951    0.7578       488
         OCC     0.8561    0.8971    0.8761       544
     ORDINAL     0.9057    0.9610    0.9325       410
         ORG     0.9037    0.9285    0.9159      1566
     PERCENT     1.0000    1.0000    1.0000        13
        PERS     0.8924    0.9569    0.9235       650
     PRODUCT     0.3333    0.4000    0.3636         5
    QUANTITY     0.0000    0.0000    0.0000         3
        TIME     0.7143    0.8182    0.7627        55
     WEBSITE     0.5510    0.6000    0.5745        45

   micro avg     0.8796    0.9060    0.8926      7141
   macro avg     0.7105    0.7525    0.7303      7141
weighted avg     0.8815    0.9060    0.8933      7141

INFO	arabiner.trainers.BertMTNTrainer	Sun, 06 Aug 2023 13:28:34	Epoch 6 | Timestep 7364 | Train Loss 1.866311 | Val Loss 2.217737 | F1 0.892598
INFO	arabiner.trainers.BertMTNTrainer	Sun, 06 Aug 2023 13:28:34	** Validation improved, evaluating test data **
INFO	root	Sun, 06 Aug 2023 13:29:12	Predictions written to flat_res/ARBERTv2_MTN_UL_lr2e-5/predictions.txt
INFO	root	Sun, 06 Aug 2023 13:29:13	
              precision    recall  f1-score   support

    CARDINAL     0.0000    0.0000    0.0000         0
        CURR     0.0000    0.0000    0.0000         0
        DATE     0.0000    0.0000    0.0000         0
       EVENT     0.0000    0.0000    0.0000         0
         FAC     0.0000    0.0000    0.0000         0
         GPE     0.0000    0.0000    0.0000         0
    LANGUAGE     0.0000    0.0000    0.0000         0
         LAW     0.0000    0.0000    0.0000         0
         LOC     0.0000    0.0000    0.0000         0
       MONEY     0.0000    0.0000    0.0000         0
        NORP     0.0000    0.0000    0.0000         0
         OCC     0.0000    0.0000    0.0000         0
     ORDINAL     0.0000    0.0000    0.0000         0
         ORG     0.0000    0.0000    0.0000         0
     PERCENT     0.0000    0.0000    0.0000         0
        PERS     0.0000    0.0000    0.0000         0
     PRODUCT     0.0000    0.0000    0.0000         0
    QUANTITY     0.0000    0.0000    0.0000         0
        TIME     0.0000    0.0000    0.0000         0
     WEBSITE     0.0000    0.0000    0.0000         0

   micro avg     0.0000    0.0000    0.0000         0
   macro avg     0.0000    0.0000    0.0000         0
weighted avg     0.0000    0.0000    0.0000         0

INFO	arabiner.trainers.BertMTNTrainer	Sun, 06 Aug 2023 13:29:15	Epoch 6 | Timestep 7364 | Test Loss 6.933093 | F1 0.000000
INFO	arabiner.trainers.BaseTrainer	Sun, 06 Aug 2023 13:29:15	Saving checkpoint to flat_res/ARBERTv2_MTN_UL_lr2e-5/checkpoints/checkpoint_6.pt
INFO	arabiner.trainers.BertMTNTrainer	Sun, 06 Aug 2023 13:33:01	Epoch 7 | Batch 1052/1052 | Timestep 8416 | LR 0.0000093333 | Loss 1.120891
INFO	arabiner.trainers.BertMTNTrainer	Sun, 06 Aug 2023 13:33:01	** Evaluating on validation dataset **
INFO	root	Sun, 06 Aug 2023 13:33:21	
              precision    recall  f1-score   support

    CARDINAL     0.8660    0.9231    0.8936       182
        CURR     0.0000    0.0000    0.0000         1
        DATE     0.9437    0.9528    0.9482      1567
       EVENT     0.7452    0.7747    0.7597       253
         FAC     0.7471    0.7647    0.7558        85
         GPE     0.8941    0.9099    0.9019      1132
    LANGUAGE     0.8125    0.8667    0.8387        15
         LAW     0.9111    0.9318    0.9213        44
         LOC     0.8095    0.8095    0.8095        63
       MONEY     0.8571    0.9000    0.8780        20
        NORP     0.7153    0.8033    0.7568       488
         OCC     0.8599    0.8915    0.8755       544
     ORDINAL     0.9037    0.9610    0.9314       410
         ORG     0.9161    0.9202    0.9181      1566
     PERCENT     0.9286    1.0000    0.9630        13
        PERS     0.9060    0.9492    0.9271       650
     PRODUCT     0.5000    0.6000    0.5455         5
    QUANTITY     0.0000    0.0000    0.0000         3
        TIME     0.7458    0.8000    0.7719        55
     WEBSITE     0.6250    0.5556    0.5882        45

   micro avg     0.8836    0.9087    0.8960      7141
   macro avg     0.7343    0.7657    0.7492      7141
weighted avg     0.8844    0.9087    0.8962      7141

INFO	arabiner.trainers.BertMTNTrainer	Sun, 06 Aug 2023 13:33:22	Epoch 7 | Timestep 8416 | Train Loss 1.124387 | Val Loss 1.502216 | F1 0.895961
INFO	arabiner.trainers.BertMTNTrainer	Sun, 06 Aug 2023 13:33:22	** Validation improved, evaluating test data **
INFO	root	Sun, 06 Aug 2023 13:34:00	Predictions written to flat_res/ARBERTv2_MTN_UL_lr2e-5/predictions.txt
INFO	root	Sun, 06 Aug 2023 13:34:01	
              precision    recall  f1-score   support

    CARDINAL     0.0000    0.0000    0.0000         0
        DATE     0.0000    0.0000    0.0000         0
       EVENT     0.0000    0.0000    0.0000         0
         FAC     0.0000    0.0000    0.0000         0
         GPE     0.0000    0.0000    0.0000         0
    LANGUAGE     0.0000    0.0000    0.0000         0
         LAW     0.0000    0.0000    0.0000         0
         LOC     0.0000    0.0000    0.0000         0
       MONEY     0.0000    0.0000    0.0000         0
        NORP     0.0000    0.0000    0.0000         0
         OCC     0.0000    0.0000    0.0000         0
     ORDINAL     0.0000    0.0000    0.0000         0
         ORG     0.0000    0.0000    0.0000         0
     PERCENT     0.0000    0.0000    0.0000         0
        PERS     0.0000    0.0000    0.0000         0
     PRODUCT     0.0000    0.0000    0.0000         0
        TIME     0.0000    0.0000    0.0000         0
     WEBSITE     0.0000    0.0000    0.0000         0

   micro avg     0.0000    0.0000    0.0000         0
   macro avg     0.0000    0.0000    0.0000         0
weighted avg     0.0000    0.0000    0.0000         0

INFO	arabiner.trainers.BertMTNTrainer	Sun, 06 Aug 2023 13:34:02	Epoch 7 | Timestep 8416 | Test Loss 6.325374 | F1 0.000000
INFO	arabiner.trainers.BaseTrainer	Sun, 06 Aug 2023 13:34:02	Saving checkpoint to flat_res/ARBERTv2_MTN_UL_lr2e-5/checkpoints/checkpoint_7.pt
INFO	arabiner.trainers.BertMTNTrainer	Sun, 06 Aug 2023 13:37:48	Epoch 8 | Batch 1052/1052 | Timestep 9468 | LR 0.0000080000 | Loss 0.770527
INFO	arabiner.trainers.BertMTNTrainer	Sun, 06 Aug 2023 13:37:48	** Evaluating on validation dataset **
INFO	root	Sun, 06 Aug 2023 13:38:09	
              precision    recall  f1-score   support

    CARDINAL     0.9016    0.9066    0.9041       182
        CURR     0.0000    0.0000    0.0000         1
        DATE     0.9415    0.9451    0.9433      1567
       EVENT     0.7353    0.7905    0.7619       253
         FAC     0.8077    0.7412    0.7730        85
         GPE     0.9041    0.8993    0.9017      1132
    LANGUAGE     0.8125    0.8667    0.8387        15
         LAW     0.9091    0.9091    0.9091        44
         LOC     0.7656    0.7778    0.7717        63
       MONEY     0.9500    0.9500    0.9500        20
        NORP     0.6978    0.7951    0.7433       488
         OCC     0.8648    0.8934    0.8788       544
     ORDINAL     0.9243    0.9537    0.9388       410
         ORG     0.9256    0.9298    0.9277      1566
     PERCENT     1.0000    1.0000    1.0000        13
        PERS     0.9143    0.9523    0.9329       650
     PRODUCT     0.4286    0.6000    0.5000         5
    QUANTITY     0.0000    0.0000    0.0000         3
        TIME     0.7167    0.7818    0.7478        55
     WEBSITE     0.6757    0.5556    0.6098        45

   micro avg     0.8884    0.9063    0.8973      7141
   macro avg     0.7438    0.7624    0.7516      7141
weighted avg     0.8900    0.9063    0.8978      7141

INFO	arabiner.trainers.BertMTNTrainer	Sun, 06 Aug 2023 13:38:09	Epoch 8 | Timestep 9468 | Train Loss 0.733717 | Val Loss 1.243160 | F1 0.897269
INFO	arabiner.trainers.BertMTNTrainer	Sun, 06 Aug 2023 13:38:09	** Validation improved, evaluating test data **
INFO	root	Sun, 06 Aug 2023 13:38:47	Predictions written to flat_res/ARBERTv2_MTN_UL_lr2e-5/predictions.txt
INFO	root	Sun, 06 Aug 2023 13:38:48	
              precision    recall  f1-score   support

    CARDINAL     0.0000    0.0000    0.0000         0
        DATE     0.0000    0.0000    0.0000         0
       EVENT     0.0000    0.0000    0.0000         0
         FAC     0.0000    0.0000    0.0000         0
         GPE     0.0000    0.0000    0.0000         0
    LANGUAGE     0.0000    0.0000    0.0000         0
         LAW     0.0000    0.0000    0.0000         0
         LOC     0.0000    0.0000    0.0000         0
       MONEY     0.0000    0.0000    0.0000         0
        NORP     0.0000    0.0000    0.0000         0
         OCC     0.0000    0.0000    0.0000         0
     ORDINAL     0.0000    0.0000    0.0000         0
         ORG     0.0000    0.0000    0.0000         0
     PERCENT     0.0000    0.0000    0.0000         0
        PERS     0.0000    0.0000    0.0000         0
     PRODUCT     0.0000    0.0000    0.0000         0
        TIME     0.0000    0.0000    0.0000         0
     WEBSITE     0.0000    0.0000    0.0000         0

   micro avg     0.0000    0.0000    0.0000         0
   macro avg     0.0000    0.0000    0.0000         0
weighted avg     0.0000    0.0000    0.0000         0

INFO	arabiner.trainers.BertMTNTrainer	Sun, 06 Aug 2023 13:38:49	Epoch 8 | Timestep 9468 | Test Loss 6.296760 | F1 0.000000
INFO	arabiner.trainers.BaseTrainer	Sun, 06 Aug 2023 13:38:49	Saving checkpoint to flat_res/ARBERTv2_MTN_UL_lr2e-5/checkpoints/checkpoint_8.pt
INFO	arabiner.trainers.BertMTNTrainer	Sun, 06 Aug 2023 13:42:37	Epoch 9 | Batch 1052/1052 | Timestep 10520 | LR 0.0000066667 | Loss 0.769293
INFO	arabiner.trainers.BertMTNTrainer	Sun, 06 Aug 2023 13:42:37	** Evaluating on validation dataset **
INFO	root	Sun, 06 Aug 2023 13:42:56	
              precision    recall  f1-score   support

    CARDINAL     0.8930    0.9176    0.9051       182
        CURR     0.0000    0.0000    0.0000         1
        DATE     0.9431    0.9515    0.9473      1567
       EVENT     0.7546    0.8024    0.7778       253
         FAC     0.7674    0.7765    0.7719        85
         GPE     0.9030    0.9125    0.9077      1132
    LANGUAGE     0.8125    0.8667    0.8387        15
         LAW     0.8723    0.9318    0.9011        44
         LOC     0.8000    0.7619    0.7805        63
       MONEY     0.9500    0.9500    0.9500        20
        NORP     0.7073    0.7971    0.7495       488
         OCC     0.8714    0.8971    0.8841       544
     ORDINAL     0.9291    0.9585    0.9436       410
         ORG     0.9273    0.9285    0.9279      1566
     PERCENT     1.0000    1.0000    1.0000        13
        PERS     0.9200    0.9554    0.9374       650
     PRODUCT     0.7500    0.6000    0.6667         5
    QUANTITY     0.0000    0.0000    0.0000         3
        TIME     0.7455    0.7455    0.7455        55
     WEBSITE     0.6757    0.5556    0.6098        45

   micro avg     0.8918    0.9114    0.9014      7141
   macro avg     0.7611    0.7654    0.7622      7141
weighted avg     0.8930    0.9114    0.9019      7141

INFO	arabiner.trainers.BertMTNTrainer	Sun, 06 Aug 2023 13:42:57	Epoch 9 | Timestep 10520 | Train Loss 0.523670 | Val Loss 0.898382 | F1 0.901447
INFO	arabiner.trainers.BertMTNTrainer	Sun, 06 Aug 2023 13:42:57	** Validation improved, evaluating test data **
INFO	root	Sun, 06 Aug 2023 13:43:35	Predictions written to flat_res/ARBERTv2_MTN_UL_lr2e-5/predictions.txt
INFO	root	Sun, 06 Aug 2023 13:43:36	
              precision    recall  f1-score   support

    CARDINAL     0.0000    0.0000    0.0000         0
        DATE     0.0000    0.0000    0.0000         0
       EVENT     0.0000    0.0000    0.0000         0
         FAC     0.0000    0.0000    0.0000         0
         GPE     0.0000    0.0000    0.0000         0
    LANGUAGE     0.0000    0.0000    0.0000         0
         LAW     0.0000    0.0000    0.0000         0
         LOC     0.0000    0.0000    0.0000         0
       MONEY     0.0000    0.0000    0.0000         0
        NORP     0.0000    0.0000    0.0000         0
         OCC     0.0000    0.0000    0.0000         0
     ORDINAL     0.0000    0.0000    0.0000         0
         ORG     0.0000    0.0000    0.0000         0
     PERCENT     0.0000    0.0000    0.0000         0
        PERS     0.0000    0.0000    0.0000         0
     PRODUCT     0.0000    0.0000    0.0000         0
    QUANTITY     0.0000    0.0000    0.0000         0
        TIME     0.0000    0.0000    0.0000         0
     WEBSITE     0.0000    0.0000    0.0000         0

   micro avg     0.0000    0.0000    0.0000         0
   macro avg     0.0000    0.0000    0.0000         0
weighted avg     0.0000    0.0000    0.0000         0

INFO	arabiner.trainers.BertMTNTrainer	Sun, 06 Aug 2023 13:43:37	Epoch 9 | Timestep 10520 | Test Loss 5.618196 | F1 0.000000
INFO	arabiner.trainers.BaseTrainer	Sun, 06 Aug 2023 13:43:37	Saving checkpoint to flat_res/ARBERTv2_MTN_UL_lr2e-5/checkpoints/checkpoint_9.pt
INFO	arabiner.trainers.BertMTNTrainer	Sun, 06 Aug 2023 13:47:24	Epoch 10 | Batch 1052/1052 | Timestep 11572 | LR 0.0000053333 | Loss 0.204232
INFO	arabiner.trainers.BertMTNTrainer	Sun, 06 Aug 2023 13:47:24	** Evaluating on validation dataset **
INFO	root	Sun, 06 Aug 2023 13:47:43	
              precision    recall  f1-score   support

    CARDINAL     0.8789    0.9176    0.8978       182
        CURR     0.0000    0.0000    0.0000         1
        DATE     0.9404    0.9566    0.9484      1567
       EVENT     0.7365    0.8063    0.7698       253
         FAC     0.7471    0.7647    0.7558        85
         GPE     0.8935    0.9117    0.9025      1132
    LANGUAGE     0.8235    0.9333    0.8750        15
         LAW     0.8696    0.9091    0.8889        44
         LOC     0.7612    0.8095    0.7846        63
       MONEY     0.9500    0.9500    0.9500        20
        NORP     0.7196    0.7992    0.7573       488
         OCC     0.8632    0.8934    0.8780       544
     ORDINAL     0.9163    0.9610    0.9381       410
         ORG     0.9189    0.9259    0.9224      1566
     PERCENT     0.9286    1.0000    0.9630        13
        PERS     0.9270    0.9569    0.9417       650
     PRODUCT     0.7500    0.6000    0.6667         5
    QUANTITY     0.0000    0.0000    0.0000         3
        TIME     0.7097    0.8000    0.7521        55
     WEBSITE     0.7188    0.5111    0.5974        45

   micro avg     0.8863    0.9125    0.8992      7141
   macro avg     0.7526    0.7703    0.7595      7141
weighted avg     0.8875    0.9125    0.8995      7141

INFO	arabiner.trainers.BertMTNTrainer	Sun, 06 Aug 2023 13:47:44	Epoch 10 | Timestep 11572 | Train Loss 0.219553 | Val Loss 0.723759 | F1 0.899193
INFO	arabiner.trainers.BertMTNTrainer	Sun, 06 Aug 2023 13:47:44	** Validation improved, evaluating test data **
INFO	root	Sun, 06 Aug 2023 13:48:23	Predictions written to flat_res/ARBERTv2_MTN_UL_lr2e-5/predictions.txt
INFO	root	Sun, 06 Aug 2023 13:48:24	
              precision    recall  f1-score   support

    CARDINAL     0.0000    0.0000    0.0000         0
        DATE     0.0000    0.0000    0.0000         0
       EVENT     0.0000    0.0000    0.0000         0
         FAC     0.0000    0.0000    0.0000         0
         GPE     0.0000    0.0000    0.0000         0
    LANGUAGE     0.0000    0.0000    0.0000         0
         LAW     0.0000    0.0000    0.0000         0
         LOC     0.0000    0.0000    0.0000         0
       MONEY     0.0000    0.0000    0.0000         0
        NORP     0.0000    0.0000    0.0000         0
         OCC     0.0000    0.0000    0.0000         0
     ORDINAL     0.0000    0.0000    0.0000         0
         ORG     0.0000    0.0000    0.0000         0
     PERCENT     0.0000    0.0000    0.0000         0
        PERS     0.0000    0.0000    0.0000         0
     PRODUCT     0.0000    0.0000    0.0000         0
    QUANTITY     0.0000    0.0000    0.0000         0
        TIME     0.0000    0.0000    0.0000         0
     WEBSITE     0.0000    0.0000    0.0000         0

   micro avg     0.0000    0.0000    0.0000         0
   macro avg     0.0000    0.0000    0.0000         0
weighted avg     0.0000    0.0000    0.0000         0

INFO	arabiner.trainers.BertMTNTrainer	Sun, 06 Aug 2023 13:48:25	Epoch 10 | Timestep 11572 | Test Loss 5.737565 | F1 0.000000
INFO	arabiner.trainers.BaseTrainer	Sun, 06 Aug 2023 13:48:25	Saving checkpoint to flat_res/ARBERTv2_MTN_UL_lr2e-5/checkpoints/checkpoint_10.pt
INFO	arabiner.trainers.BertMTNTrainer	Sun, 06 Aug 2023 13:52:11	Epoch 11 | Batch 1052/1052 | Timestep 12624 | LR 0.0000040000 | Loss 0.812605
INFO	arabiner.trainers.BertMTNTrainer	Sun, 06 Aug 2023 13:52:11	** Evaluating on validation dataset **
INFO	root	Sun, 06 Aug 2023 13:52:31	
              precision    recall  f1-score   support

    CARDINAL     0.9037    0.9286    0.9160       182
        CURR     0.0000    0.0000    0.0000         1
        DATE     0.9397    0.9553    0.9475      1567
       EVENT     0.7382    0.8024    0.7689       253
         FAC     0.7126    0.7294    0.7209        85
         GPE     0.9005    0.9117    0.9061      1132
    LANGUAGE     0.8235    0.9333    0.8750        15
         LAW     0.8889    0.9091    0.8989        44
         LOC     0.7286    0.8095    0.7669        63
       MONEY     0.9500    0.9500    0.9500        20
        NORP     0.7263    0.7992    0.7610       488
         OCC     0.8717    0.8989    0.8851       544
     ORDINAL     0.9267    0.9561    0.9412       410
         ORG     0.9345    0.9208    0.9276      1566
     PERCENT     0.9286    1.0000    0.9630        13
        PERS     0.9294    0.9523    0.9407       650
     PRODUCT     0.6000    0.6000    0.6000         5
    QUANTITY     0.0000    0.0000    0.0000         3
        TIME     0.7627    0.8182    0.7895        55
     WEBSITE     0.7000    0.6222    0.6588        45

   micro avg     0.8926    0.9114    0.9019      7141
   macro avg     0.7483    0.7748    0.7609      7141
weighted avg     0.8941    0.9114    0.9024      7141

INFO	arabiner.trainers.BertMTNTrainer	Sun, 06 Aug 2023 13:52:32	Epoch 11 | Timestep 12624 | Train Loss 0.181134 | Val Loss 0.715809 | F1 0.901885
INFO	arabiner.trainers.BertMTNTrainer	Sun, 06 Aug 2023 13:52:32	** Validation improved, evaluating test data **
INFO	root	Sun, 06 Aug 2023 13:53:10	Predictions written to flat_res/ARBERTv2_MTN_UL_lr2e-5/predictions.txt
INFO	root	Sun, 06 Aug 2023 13:53:11	
              precision    recall  f1-score   support

    CARDINAL     0.0000    0.0000    0.0000         0
        DATE     0.0000    0.0000    0.0000         0
       EVENT     0.0000    0.0000    0.0000         0
         FAC     0.0000    0.0000    0.0000         0
         GPE     0.0000    0.0000    0.0000         0
    LANGUAGE     0.0000    0.0000    0.0000         0
         LAW     0.0000    0.0000    0.0000         0
         LOC     0.0000    0.0000    0.0000         0
       MONEY     0.0000    0.0000    0.0000         0
        NORP     0.0000    0.0000    0.0000         0
         OCC     0.0000    0.0000    0.0000         0
     ORDINAL     0.0000    0.0000    0.0000         0
         ORG     0.0000    0.0000    0.0000         0
     PERCENT     0.0000    0.0000    0.0000         0
        PERS     0.0000    0.0000    0.0000         0
     PRODUCT     0.0000    0.0000    0.0000         0
    QUANTITY     0.0000    0.0000    0.0000         0
        TIME     0.0000    0.0000    0.0000         0
     WEBSITE     0.0000    0.0000    0.0000         0

   micro avg     0.0000    0.0000    0.0000         0
   macro avg     0.0000    0.0000    0.0000         0
weighted avg     0.0000    0.0000    0.0000         0

INFO	arabiner.trainers.BertMTNTrainer	Sun, 06 Aug 2023 13:53:12	Epoch 11 | Timestep 12624 | Test Loss 6.747833 | F1 0.000000
INFO	arabiner.trainers.BaseTrainer	Sun, 06 Aug 2023 13:53:12	Saving checkpoint to flat_res/ARBERTv2_MTN_UL_lr2e-5/checkpoints/checkpoint_11.pt
INFO	arabiner.trainers.BertMTNTrainer	Sun, 06 Aug 2023 13:56:58	Epoch 12 | Batch 1052/1052 | Timestep 13676 | LR 0.0000026667 | Loss 0.402741
INFO	arabiner.trainers.BertMTNTrainer	Sun, 06 Aug 2023 13:56:58	** Evaluating on validation dataset **
INFO	root	Sun, 06 Aug 2023 13:57:18	
              precision    recall  f1-score   support

    CARDINAL     0.8908    0.8516    0.8708       182
        CURR     0.0000    0.0000    0.0000         1
        DATE     0.9419    0.9515    0.9467      1567
       EVENT     0.7791    0.7945    0.7867       253
         FAC     0.7625    0.7176    0.7394        85
         GPE     0.9041    0.9081    0.9061      1132
    LANGUAGE     0.8125    0.8667    0.8387        15
         LAW     0.8163    0.9091    0.8602        44
         LOC     0.7846    0.8095    0.7969        63
       MONEY     0.9500    0.9500    0.9500        20
        NORP     0.7529    0.7869    0.7695       488
         OCC     0.8714    0.8971    0.8841       544
     ORDINAL     0.9294    0.9634    0.9461       410
         ORG     0.9262    0.9291    0.9276      1566
     PERCENT     0.9286    1.0000    0.9630        13
        PERS     0.9311    0.9569    0.9439       650
     PRODUCT     0.6000    0.6000    0.6000         5
    QUANTITY     1.0000    1.0000    1.0000         3
        TIME     0.7636    0.7636    0.7636        55
     WEBSITE     0.6000    0.4667    0.5250        45

   micro avg     0.8972    0.9081    0.9026      7141
   macro avg     0.7973    0.8061    0.8009      7141
weighted avg     0.8970    0.9081    0.9024      7141

INFO	arabiner.trainers.BertMTNTrainer	Sun, 06 Aug 2023 13:57:18	Epoch 12 | Timestep 13676 | Train Loss 0.158139 | Val Loss 0.640432 | F1 0.902638
INFO	arabiner.trainers.BertMTNTrainer	Sun, 06 Aug 2023 13:57:18	** Validation improved, evaluating test data **
INFO	root	Sun, 06 Aug 2023 13:57:56	Predictions written to flat_res/ARBERTv2_MTN_UL_lr2e-5/predictions.txt
INFO	root	Sun, 06 Aug 2023 13:57:57	
              precision    recall  f1-score   support

    CARDINAL     0.0000    0.0000    0.0000         0
        DATE     0.0000    0.0000    0.0000         0
       EVENT     0.0000    0.0000    0.0000         0
         FAC     0.0000    0.0000    0.0000         0
         GPE     0.0000    0.0000    0.0000         0
    LANGUAGE     0.0000    0.0000    0.0000         0
         LAW     0.0000    0.0000    0.0000         0
         LOC     0.0000    0.0000    0.0000         0
       MONEY     0.0000    0.0000    0.0000         0
        NORP     0.0000    0.0000    0.0000         0
         OCC     0.0000    0.0000    0.0000         0
     ORDINAL     0.0000    0.0000    0.0000         0
         ORG     0.0000    0.0000    0.0000         0
     PERCENT     0.0000    0.0000    0.0000         0
        PERS     0.0000    0.0000    0.0000         0
     PRODUCT     0.0000    0.0000    0.0000         0
    QUANTITY     0.0000    0.0000    0.0000         0
        TIME     0.0000    0.0000    0.0000         0
     WEBSITE     0.0000    0.0000    0.0000         0

   micro avg     0.0000    0.0000    0.0000         0
   macro avg     0.0000    0.0000    0.0000         0
weighted avg     0.0000    0.0000    0.0000         0

INFO	arabiner.trainers.BertMTNTrainer	Sun, 06 Aug 2023 13:57:58	Epoch 12 | Timestep 13676 | Test Loss 5.943124 | F1 0.000000
INFO	arabiner.trainers.BaseTrainer	Sun, 06 Aug 2023 13:57:58	Saving checkpoint to flat_res/ARBERTv2_MTN_UL_lr2e-5/checkpoints/checkpoint_12.pt
INFO	arabiner.trainers.BertMTNTrainer	Sun, 06 Aug 2023 14:01:44	Epoch 13 | Batch 1052/1052 | Timestep 14728 | LR 0.0000013333 | Loss 0.305060
INFO	arabiner.trainers.BertMTNTrainer	Sun, 06 Aug 2023 14:01:44	** Evaluating on validation dataset **
INFO	root	Sun, 06 Aug 2023 14:02:04	
              precision    recall  f1-score   support

    CARDINAL     0.9081    0.9231    0.9155       182
        CURR     0.0000    0.0000    0.0000         1
        DATE     0.9407    0.9515    0.9461      1567
       EVENT     0.7765    0.8103    0.7930       253
         FAC     0.7381    0.7294    0.7337        85
         GPE     0.9031    0.9055    0.9043      1132
    LANGUAGE     0.8125    0.8667    0.8387        15
         LAW     0.9111    0.9318    0.9213        44
         LOC     0.7969    0.8095    0.8031        63
       MONEY     0.9500    0.9500    0.9500        20
        NORP     0.7505    0.7889    0.7692       488
         OCC     0.8581    0.9007    0.8789       544
     ORDINAL     0.9356    0.9561    0.9457       410
         ORG     0.9243    0.9278    0.9261      1566
     PERCENT     1.0000    1.0000    1.0000        13
        PERS     0.9321    0.9508    0.9414       650
     PRODUCT     0.6000    0.6000    0.6000         5
    QUANTITY     1.0000    1.0000    1.0000         3
        TIME     0.7636    0.7636    0.7636        55
     WEBSITE     0.6316    0.5333    0.5783        45

   micro avg     0.8963    0.9100    0.9031      7141
   macro avg     0.8066    0.8150    0.8105      7141
weighted avg     0.8965    0.9100    0.9031      7141

INFO	arabiner.trainers.BertMTNTrainer	Sun, 06 Aug 2023 14:02:04	Epoch 13 | Timestep 14728 | Train Loss 0.119723 | Val Loss 0.634751 | F1 0.903064
INFO	arabiner.trainers.BertMTNTrainer	Sun, 06 Aug 2023 14:02:05	** Validation improved, evaluating test data **
INFO	root	Sun, 06 Aug 2023 14:02:43	Predictions written to flat_res/ARBERTv2_MTN_UL_lr2e-5/predictions.txt
INFO	root	Sun, 06 Aug 2023 14:02:44	
              precision    recall  f1-score   support

    CARDINAL     0.0000    0.0000    0.0000         0
        DATE     0.0000    0.0000    0.0000         0
       EVENT     0.0000    0.0000    0.0000         0
         FAC     0.0000    0.0000    0.0000         0
         GPE     0.0000    0.0000    0.0000         0
    LANGUAGE     0.0000    0.0000    0.0000         0
         LAW     0.0000    0.0000    0.0000         0
         LOC     0.0000    0.0000    0.0000         0
       MONEY     0.0000    0.0000    0.0000         0
        NORP     0.0000    0.0000    0.0000         0
         OCC     0.0000    0.0000    0.0000         0
     ORDINAL     0.0000    0.0000    0.0000         0
         ORG     0.0000    0.0000    0.0000         0
     PERCENT     0.0000    0.0000    0.0000         0
        PERS     0.0000    0.0000    0.0000         0
     PRODUCT     0.0000    0.0000    0.0000         0
    QUANTITY     0.0000    0.0000    0.0000         0
        TIME     0.0000    0.0000    0.0000         0
     WEBSITE     0.0000    0.0000    0.0000         0

   micro avg     0.0000    0.0000    0.0000         0
   macro avg     0.0000    0.0000    0.0000         0
weighted avg     0.0000    0.0000    0.0000         0

INFO	arabiner.trainers.BertMTNTrainer	Sun, 06 Aug 2023 14:02:45	Epoch 13 | Timestep 14728 | Test Loss 6.320922 | F1 0.000000
INFO	arabiner.trainers.BaseTrainer	Sun, 06 Aug 2023 14:02:45	Saving checkpoint to flat_res/ARBERTv2_MTN_UL_lr2e-5/checkpoints/checkpoint_13.pt
INFO	arabiner.trainers.BertMTNTrainer	Sun, 06 Aug 2023 14:06:31	Epoch 14 | Batch 1052/1052 | Timestep 15780 | LR 0.0000000000 | Loss 0.242131
INFO	arabiner.trainers.BertMTNTrainer	Sun, 06 Aug 2023 14:06:31	** Evaluating on validation dataset **
INFO	root	Sun, 06 Aug 2023 14:06:50	
              precision    recall  f1-score   support

    CARDINAL     0.9056    0.8956    0.9006       182
        CURR     0.0000    0.0000    0.0000         1
        DATE     0.9455    0.9521    0.9488      1567
       EVENT     0.7556    0.8063    0.7801       253
         FAC     0.7262    0.7176    0.7219        85
         GPE     0.9065    0.9081    0.9073      1132
    LANGUAGE     0.8125    0.8667    0.8387        15
         LAW     0.8889    0.9091    0.8989        44
         LOC     0.7969    0.8095    0.8031        63
       MONEY     0.9048    0.9500    0.9268        20
        NORP     0.7529    0.7930    0.7725       488
         OCC     0.8624    0.8989    0.8803       544
     ORDINAL     0.9314    0.9610    0.9460       410
         ORG     0.9185    0.9278    0.9231      1566
     PERCENT     1.0000    1.0000    1.0000        13
        PERS     0.9336    0.9523    0.9429       650
     PRODUCT     0.6000    0.6000    0.6000         5
    QUANTITY     1.0000    1.0000    1.0000         3
        TIME     0.7500    0.7636    0.7568        55
     WEBSITE     0.6316    0.5333    0.5783        45

   micro avg     0.8955    0.9100    0.9027      7141
   macro avg     0.8011    0.8123    0.8063      7141
weighted avg     0.8959    0.9100    0.9028      7141

INFO	arabiner.trainers.BertMTNTrainer	Sun, 06 Aug 2023 14:06:51	Epoch 14 | Timestep 15780 | Train Loss 0.119893 | Val Loss 0.635176 | F1 0.902688
